
CommandNotFoundError: Your shell has not been properly configured to use 'conda deactivate'.
To initialize your shell, run

    $ conda init <SHELL_NAME>

Currently supported shells are:
  - bash
  - fish
  - tcsh
  - xonsh
  - zsh
  - powershell

See 'conda init --help' for more information and options.

IMPORTANT: You may need to close and restart your shell after running 'conda init'.



CommandNotFoundError: Your shell has not been properly configured to use 'conda deactivate'.
To initialize your shell, run

    $ conda init <SHELL_NAME>

Currently supported shells are:
  - bash
  - fish
  - tcsh
  - xonsh
  - zsh
  - powershell

See 'conda init --help' for more information and options.

IMPORTANT: You may need to close and restart your shell after running 'conda init'.


['xgb_flood.py', '../data/Qmin7_final_dataset_seasonal4_multi_MSWX_meteo_MSWEP_GLEAM.csv', 'cv']
(8679,)
(1180813, 175) 8451
 BDTICM elevation slope aridity sedimentary plutonic
 volcanic metamorphic clay sand silt Porosity_x
 logK_Ice_x ohdb_latitude ohdb_longitude year climate season_id
 basin_id p_30 tmax_30 tmin_30 swd_30 snowmelt_30
 snowfall_30 evap_30 smrz_30 ImperviousSurface forest crop
 grass water wetland res_darea_normalize Year_ave Main_Purpose_id
 form_factor LAI FAPAR
Fitting 3 folds for each of 100 candidates, totalling 300 fits
[CV 3/3] END colsample_bytree=1.0, learning_rate=0.05, max_depth=5, n_estimators=100, subsample=0.7;, score=0.595 total time=  10.6s
[CV 3/3] END colsample_bytree=0.8, learning_rate=0.05, max_depth=3, n_estimators=1000, subsample=1.0;, score=0.474 total time=  41.0s
[CV 2/3] END colsample_bytree=0.9, learning_rate=0.05, max_depth=7, n_estimators=300, subsample=0.7;, score=0.425 total time=  48.8s
[CV 1/3] END colsample_bytree=0.8, learning_rate=0.05, max_depth=3, n_estimators=1000, subsample=1.0;, score=0.653 total time=  52.7s
[CV 1/3] END colsample_bytree=0.6, learning_rate=0.01, max_depth=7, n_estimators=300, subsample=0.6;, score=0.636 total time=  50.6s
[CV 3/3] END colsample_bytree=1.0, learning_rate=0.05, max_depth=9, n_estimators=200, subsample=1.0;, score=0.638 total time=  40.8s
[CV 2/3] END colsample_bytree=0.8, learning_rate=0.05, max_depth=3, n_estimators=1000, subsample=1.0;, score=0.480 total time=  51.8s
[CV 3/3] END colsample_bytree=0.9, learning_rate=0.05, max_depth=7, n_estimators=300, subsample=0.7;, score=0.620 total time=  35.9s
[CV 3/3] END colsample_bytree=0.6, learning_rate=0.1, max_depth=3, n_estimators=200, subsample=0.8;, score=0.591 total time=  10.3s
[CV 1/3] END colsample_bytree=1.0, learning_rate=0.05, max_depth=9, n_estimators=200, subsample=1.0;, score=0.662 total time=  56.8s
[CV 2/3] END colsample_bytree=1.0, learning_rate=0.05, max_depth=5, n_estimators=100, subsample=0.7;, score=0.392 total time=  14.6s
[CV 2/3] END colsample_bytree=0.6, learning_rate=0.05, max_depth=5, n_estimators=300, subsample=0.8;, score=0.434 total time=  32.5s
[CV 1/3] END colsample_bytree=0.9, learning_rate=0.05, max_depth=7, n_estimators=300, subsample=0.7;, score=0.670 total time=  47.9s
[CV 3/3] END colsample_bytree=0.6, learning_rate=0.1, max_depth=7, n_estimators=800, subsample=0.8;, score=0.567 total time= 1.4min
[CV 1/3] END colsample_bytree=1.0, learning_rate=0.05, max_depth=5, n_estimators=100, subsample=0.7;, score=0.630 total time=  13.9s
[CV 1/3] END colsample_bytree=0.6, learning_rate=0.05, max_depth=5, n_estimators=300, subsample=0.8;, score=0.665 total time=  31.4s
[CV 3/3] END colsample_bytree=0.6, learning_rate=0.05, max_depth=5, n_estimators=300, subsample=0.8;, score=0.606 total time=  21.8s
[CV 3/3] END colsample_bytree=0.6, learning_rate=0.01, max_depth=7, n_estimators=300, subsample=0.6;, score=0.615 total time=  36.6s
[CV 1/3] END colsample_bytree=0.8, learning_rate=0.1, max_depth=5, n_estimators=300, subsample=1.0;, score=0.661 total time=  27.2s
[CV 3/3] END colsample_bytree=0.8, learning_rate=0.1, max_depth=5, n_estimators=300, subsample=1.0;, score=0.541 total time=  21.4s
[CV 3/3] END colsample_bytree=1.0, learning_rate=0.05, max_depth=9, n_estimators=300, subsample=0.8;, score=0.639 total time=  57.5s
[CV 1/3] END colsample_bytree=0.8, learning_rate=0.05, max_depth=7, n_estimators=200, subsample=1.0;, score=0.663 total time=  38.6s
[CV 2/3] END colsample_bytree=0.9, learning_rate=0.05, max_depth=3, n_estimators=1000, subsample=0.6;, score=0.468 total time=  53.7s
[CV 1/3] END colsample_bytree=0.7, learning_rate=0.05, max_depth=7, n_estimators=300, subsample=1.0;, score=0.669 total time=  45.1s
[CV 3/3] END colsample_bytree=0.8, learning_rate=0.1, max_depth=9, n_estimators=300, subsample=0.7;, score=0.608 total time=  56.9s
[CV 2/3] END colsample_bytree=0.8, learning_rate=0.05, max_depth=9, n_estimators=300, subsample=0.9;, score=0.428 total time= 1.3min
[CV 2/3] END colsample_bytree=0.6, learning_rate=0.1, max_depth=3, n_estimators=200, subsample=0.8;, score=0.451 total time=  13.8s
[CV 2/3] END colsample_bytree=0.6, learning_rate=0.1, max_depth=7, n_estimators=800, subsample=0.8;, score=0.525 total time= 1.9min
[CV 1/3] END colsample_bytree=0.8, learning_rate=0.05, max_depth=7, n_estimators=100, subsample=0.7;, score=0.652 total time=  21.1s
[CV 3/3] END colsample_bytree=0.7, learning_rate=0.05, max_depth=9, n_estimators=800, subsample=0.7;, score=0.641 total time= 2.5min
[CV 3/3] END colsample_bytree=0.8, learning_rate=0.05, max_depth=9, n_estimators=300, subsample=0.9;, score=0.645 total time=  56.0s
[CV 2/3] END colsample_bytree=0.6, learning_rate=0.01, max_depth=7, n_estimators=300, subsample=0.6;, score=0.383 total time=  50.4s
[CV 2/3] END colsample_bytree=0.8, learning_rate=0.1, max_depth=5, n_estimators=300, subsample=1.0;, score=0.488 total time=  28.0s
[CV 1/3] END colsample_bytree=1.0, learning_rate=0.05, max_depth=9, n_estimators=300, subsample=0.8;, score=0.658 total time= 1.3min
[CV 1/3] END colsample_bytree=0.7, learning_rate=0.05, max_depth=9, n_estimators=800, subsample=0.7;, score=0.678 total time= 3.4min
[CV 2/3] END colsample_bytree=1.0, learning_rate=0.05, max_depth=9, n_estimators=300, subsample=0.8;, score=0.420 total time= 1.4min
[CV 2/3] END colsample_bytree=0.7, learning_rate=0.05, max_depth=9, n_estimators=800, subsample=0.7;, score=0.427 total time= 3.4min
[CV 3/3] END colsample_bytree=0.8, learning_rate=0.05, max_depth=7, n_estimators=100, subsample=0.7;, score=0.625 total time=  16.7s
[CV 1/3] END colsample_bytree=0.9, learning_rate=0.05, max_depth=7, n_estimators=300, subsample=0.9;, score=0.653 total time=  47.2s
[CV 3/3] END colsample_bytree=0.7, learning_rate=0.05, max_depth=7, n_estimators=300, subsample=1.0;, score=0.614 total time=  33.1s
[CV 2/3] END colsample_bytree=0.7, learning_rate=0.05, max_depth=5, n_estimators=500, subsample=1.0;, score=0.464 total time=  43.9s
[CV 2/3] END colsample_bytree=1.0, learning_rate=0.1, max_depth=5, n_estimators=200, subsample=1.0;, score=0.434 total time=  20.4s
[CV 3/3] END colsample_bytree=0.7, learning_rate=0.05, max_depth=7, n_estimators=800, subsample=0.7;, score=0.593 total time= 1.5min
[CV 2/3] END colsample_bytree=0.7, learning_rate=0.05, max_depth=5, n_estimators=1000, subsample=0.9;, score=0.465 total time= 1.4min
[CV 1/3] END colsample_bytree=0.7, learning_rate=0.05, max_depth=3, n_estimators=500, subsample=0.6;, score=0.658 total time=  33.1s
[CV 3/3] END colsample_bytree=0.7, learning_rate=0.1, max_depth=9, n_estimators=1000, subsample=0.6;, score=0.584 total time= 3.2min
[CV 2/3] END colsample_bytree=1.0, learning_rate=0.05, max_depth=9, n_estimators=200, subsample=1.0;, score=0.427 total time=  56.9s
[CV 2/3] END colsample_bytree=0.8, learning_rate=0.05, max_depth=7, n_estimators=200, subsample=1.0;, score=0.436 total time=  34.8s
[CV 1/3] END colsample_bytree=0.9, learning_rate=0.05, max_depth=3, n_estimators=1000, subsample=0.6;, score=0.662 total time=  55.2s
[CV 2/3] END colsample_bytree=0.7, learning_rate=0.05, max_depth=7, n_estimators=300, subsample=1.0;, score=0.424 total time=  45.8s
[CV 1/3] END colsample_bytree=0.7, learning_rate=0.05, max_depth=5, n_estimators=500, subsample=1.0;, score=0.673 total time=  44.3s
[CV 3/3] END colsample_bytree=0.7, learning_rate=0.05, max_depth=5, n_estimators=500, subsample=1.0;, score=0.552 total time=  32.7s
[CV 1/3] END colsample_bytree=0.7, learning_rate=0.05, max_depth=7, n_estimators=800, subsample=0.7;, score=0.680 total time= 2.0min
[CV 2/3] END colsample_bytree=0.7, learning_rate=0.1, max_depth=9, n_estimators=1000, subsample=0.6;, score=0.330 total time= 4.4min
[CV 3/3] END colsample_bytree=0.8, learning_rate=0.05, max_depth=7, n_estimators=200, subsample=1.0;, score=0.622 total time=  24.5s
[CV 3/3] END colsample_bytree=0.9, learning_rate=0.05, max_depth=3, n_estimators=1000, subsample=0.6;, score=0.483 total time=  44.1s
[CV 3/3] END colsample_bytree=0.9, learning_rate=0.05, max_depth=7, n_estimators=300, subsample=0.9;, score=0.624 total time=  35.3s
[CV 2/3] END colsample_bytree=0.8, learning_rate=0.1, max_depth=9, n_estimators=300, subsample=0.7;, score=0.350 total time= 1.3min
[CV 1/3] END colsample_bytree=0.8, learning_rate=0.01, max_depth=3, n_estimators=100, subsample=0.7;, score=0.427 total time=   7.7s
[CV 2/3] END colsample_bytree=0.8, learning_rate=0.01, max_depth=3, n_estimators=100, subsample=0.7;, score=-0.005 total time=   8.1s
[CV 1/3] END colsample_bytree=0.7, learning_rate=0.05, max_depth=5, n_estimators=1000, subsample=0.9;, score=0.663 total time= 1.4min
[CV 2/3] END colsample_bytree=0.7, learning_rate=0.05, max_depth=3, n_estimators=500, subsample=0.6;, score=0.477 total time=  28.7s
[CV 1/3] END colsample_bytree=0.7, learning_rate=0.1, max_depth=9, n_estimators=1000, subsample=0.6;, score=0.678 total time= 4.4min
[CV 1/3] END colsample_bytree=1.0, learning_rate=0.1, max_depth=5, n_estimators=200, subsample=1.0;, score=0.664 total time=  19.9s
[CV 2/3] END colsample_bytree=0.7, learning_rate=0.05, max_depth=7, n_estimators=800, subsample=0.7;, score=0.441 total time= 1.9min
[CV 1/3] END colsample_bytree=0.7, learning_rate=0.1, max_depth=5, n_estimators=800, subsample=0.6;, score=0.674 total time= 1.2min
[CV 1/3] END colsample_bytree=1.0, learning_rate=0.05, max_depth=3, n_estimators=300, subsample=0.9;, score=0.644 total time=  19.5s
[CV 2/3] END colsample_bytree=1.0, learning_rate=0.05, max_depth=3, n_estimators=800, subsample=0.8;, score=0.456 total time=  45.2s
[CV 3/3] END colsample_bytree=0.9, learning_rate=0.05, max_depth=9, n_estimators=200, subsample=0.9;, score=0.648 total time=  40.5s
[CV 3/3] END colsample_bytree=0.7, learning_rate=0.01, max_depth=9, n_estimators=800, subsample=0.7;, score=0.661 total time= 2.6min
[CV 3/3] END colsample_bytree=0.7, learning_rate=0.05, max_depth=3, n_estimators=500, subsample=0.6;, score=0.566 total time=  26.4s
[CV 3/3] END colsample_bytree=0.7, learning_rate=0.1, max_depth=5, n_estimators=800, subsample=0.6;, score=0.445 total time=  57.2s
[CV 3/3] END colsample_bytree=0.7, learning_rate=0.05, max_depth=5, n_estimators=800, subsample=0.6;, score=0.527 total time=  54.7s
[CV 2/3] END colsample_bytree=1.0, learning_rate=0.1, max_depth=5, n_estimators=300, subsample=0.9;, score=0.463 total time=  29.8s
[CV 1/3] END colsample_bytree=0.7, learning_rate=0.01, max_depth=9, n_estimators=800, subsample=0.7;, score=0.676 total time= 3.6min
[CV 1/3] END colsample_bytree=0.9, learning_rate=0.05, max_depth=5, n_estimators=800, subsample=0.9;, score=0.664 total time= 1.2min
[CV 2/3] END colsample_bytree=0.7, learning_rate=0.1, max_depth=5, n_estimators=800, subsample=0.6;, score=0.474 total time= 1.3min
[CV 2/3] END colsample_bytree=1.0, learning_rate=0.05, max_depth=3, n_estimators=300, subsample=0.9;, score=0.410 total time=  21.1s
[CV 1/3] END colsample_bytree=1.0, learning_rate=0.1, max_depth=5, n_estimators=300, subsample=0.9;, score=0.662 total time=  30.9s
[CV 3/3] END colsample_bytree=1.0, learning_rate=0.1, max_depth=5, n_estimators=300, subsample=0.9;, score=0.507 total time=  22.2s
[CV 2/3] END colsample_bytree=0.7, learning_rate=0.01, max_depth=9, n_estimators=800, subsample=0.7;, score=0.451 total time= 3.7min
[CV 2/3] END colsample_bytree=0.9, learning_rate=0.05, max_depth=5, n_estimators=800, subsample=0.9;, score=0.480 total time= 1.2min
[CV 2/3] END colsample_bytree=0.7, learning_rate=0.05, max_depth=5, n_estimators=800, subsample=0.6;, score=0.465 total time= 1.2min
[CV 1/3] END colsample_bytree=1.0, learning_rate=0.05, max_depth=3, n_estimators=800, subsample=0.8;, score=0.659 total time=  45.9s
[CV 1/3] END colsample_bytree=0.9, learning_rate=0.05, max_depth=9, n_estimators=200, subsample=0.9;, score=0.663 total time=  55.2s
[CV 1/3] END colsample_bytree=0.9, learning_rate=0.1, max_depth=3, n_estimators=800, subsample=1.0;, score=0.657 total time=  41.1s
[CV 1/3] END colsample_bytree=0.6, learning_rate=0.1, max_depth=5, n_estimators=500, subsample=1.0;, score=0.672 total time=  40.4s
[CV 1/3] END colsample_bytree=1.0, learning_rate=0.05, max_depth=7, n_estimators=300, subsample=0.9;, score=0.659 total time=  48.9s
[CV 3/3] END colsample_bytree=0.9, learning_rate=0.1, max_depth=9, n_estimators=500, subsample=0.8;, score=0.604 total time= 1.6min
[CV 2/3] END colsample_bytree=1.0, learning_rate=0.05, max_depth=3, n_estimators=100, subsample=0.7;, score=0.382 total time=   9.6s
[CV 2/3] END colsample_bytree=0.7, learning_rate=0.1, max_depth=3, n_estimators=500, subsample=1.0;, score=0.473 total time=  27.5s
[CV 1/3] END colsample_bytree=0.9, learning_rate=0.1, max_depth=9, n_estimators=500, subsample=0.8;, score=0.661 total time= 2.2min
[CV 3/3] END colsample_bytree=0.9, learning_rate=0.1, max_depth=3, n_estimators=800, subsample=1.0;, score=0.389 total time=  34.0s
[CV 3/3] END colsample_bytree=0.6, learning_rate=0.1, max_depth=5, n_estimators=500, subsample=1.0;, score=0.511 total time=  30.7s
[CV 1/3] END colsample_bytree=1.0, learning_rate=0.05, max_depth=3, n_estimators=100, subsample=0.7;, score=0.611 total time=   8.2s
[CV 3/3] END colsample_bytree=1.0, learning_rate=0.05, max_depth=7, n_estimators=300, subsample=0.9;, score=0.622 total time=  38.8s
[CV 2/3] END colsample_bytree=0.9, learning_rate=0.1, max_depth=9, n_estimators=500, subsample=0.8;, score=0.429 total time= 2.1min
[CV 2/3] END colsample_bytree=0.9, learning_rate=0.1, max_depth=5, n_estimators=200, subsample=0.6;, score=0.446 total time=  21.3s
[CV 2/3] END colsample_bytree=1.0, learning_rate=0.1, max_depth=7, n_estimators=100, subsample=0.6;, score=0.365 total time=  18.9s
[CV 2/3] END colsample_bytree=0.7, learning_rate=0.05, max_depth=7, n_estimators=300, subsample=0.7;, score=0.426 total time=  46.8s
[CV 1/3] END colsample_bytree=0.8, learning_rate=0.05, max_depth=9, n_estimators=300, subsample=0.9;, score=0.660 total time= 1.3min
[CV 1/3] END colsample_bytree=0.6, learning_rate=0.1, max_depth=3, n_estimators=200, subsample=0.8;, score=0.644 total time=  13.7s
[CV 1/3] END colsample_bytree=0.6, learning_rate=0.1, max_depth=7, n_estimators=800, subsample=0.8;, score=0.671 total time= 1.9min
[CV 2/3] END colsample_bytree=0.8, learning_rate=0.05, max_depth=7, n_estimators=100, subsample=0.7;, score=0.370 total time=  22.1s
[CV 2/3] END colsample_bytree=0.9, learning_rate=0.05, max_depth=7, n_estimators=300, subsample=0.9;, score=0.459 total time=  49.1s
[CV 1/3] END colsample_bytree=0.8, learning_rate=0.1, max_depth=9, n_estimators=300, subsample=0.7;, score=0.667 total time= 1.3min
[CV 3/3] END colsample_bytree=1.0, learning_rate=0.1, max_depth=5, n_estimators=200, subsample=1.0;, score=0.513 total time=  15.7s
[CV 3/3] END colsample_bytree=0.8, learning_rate=0.01, max_depth=3, n_estimators=100, subsample=0.7;, score=0.399 total time=   6.1s
[CV 3/3] END colsample_bytree=0.7, learning_rate=0.05, max_depth=5, n_estimators=1000, subsample=0.9;, score=0.511 total time= 1.1min
[CV 3/3] END colsample_bytree=0.9, learning_rate=0.05, max_depth=5, n_estimators=800, subsample=0.9;, score=0.546 total time=  52.1s
[CV 1/3] END colsample_bytree=0.7, learning_rate=0.05, max_depth=5, n_estimators=800, subsample=0.6;, score=0.666 total time= 1.2min
[CV 3/3] END colsample_bytree=1.0, learning_rate=0.05, max_depth=3, n_estimators=300, subsample=0.9;, score=0.580 total time=  15.9s
[CV 3/3] END colsample_bytree=1.0, learning_rate=0.05, max_depth=3, n_estimators=800, subsample=0.8;, score=0.493 total time=  37.0s
[CV 2/3] END colsample_bytree=0.9, learning_rate=0.05, max_depth=9, n_estimators=200, subsample=0.9;, score=0.447 total time=  57.1s
[CV 2/3] END colsample_bytree=0.9, learning_rate=0.1, max_depth=3, n_estimators=800, subsample=1.0;, score=0.480 total time=  41.6s
[CV 2/3] END colsample_bytree=0.6, learning_rate=0.1, max_depth=5, n_estimators=500, subsample=1.0;, score=0.500 total time=  38.6s
[CV 2/3] END colsample_bytree=1.0, learning_rate=0.05, max_depth=7, n_estimators=300, subsample=0.9;, score=0.445 total time=  49.3s
[CV 1/3] END colsample_bytree=0.7, learning_rate=0.1, max_depth=7, n_estimators=100, subsample=0.6;, score=0.665 total time=  17.2s
[CV 1/3] END colsample_bytree=1.0, learning_rate=0.01, max_depth=5, n_estimators=500, subsample=0.7;, score=0.630 total time=  59.4s
[CV 3/3] END colsample_bytree=1.0, learning_rate=0.1, max_depth=7, n_estimators=100, subsample=0.6;, score=0.617 total time=  13.8s
[CV 3/3] END colsample_bytree=0.6, learning_rate=0.1, max_depth=9, n_estimators=800, subsample=0.8;, score=0.607 total time= 2.4min
[CV 3/3] END colsample_bytree=0.7, learning_rate=0.1, max_depth=7, n_estimators=100, subsample=0.6;, score=0.584 total time=  13.1s
[CV 3/3] END colsample_bytree=1.0, learning_rate=0.01, max_depth=5, n_estimators=500, subsample=0.7;, score=0.592 total time=  44.6s
[CV 1/3] END colsample_bytree=1.0, learning_rate=0.1, max_depth=7, n_estimators=100, subsample=0.6;, score=0.647 total time=  18.7s
[CV 1/3] END colsample_bytree=0.7, learning_rate=0.05, max_depth=7, n_estimators=300, subsample=0.7;, score=0.671 total time=  46.0s
[CV 1/3] END colsample_bytree=0.9, learning_rate=0.1, max_depth=3, n_estimators=1000, subsample=0.9;, score=0.658 total time=  51.0s
[CV 3/3] END colsample_bytree=0.6, learning_rate=0.1, max_depth=7, n_estimators=800, subsample=1.0;, score=0.547 total time= 1.3min
[CV 1/3] END colsample_bytree=0.9, learning_rate=0.1, max_depth=5, n_estimators=200, subsample=0.6;, score=0.656 total time=  22.1s
[CV 3/3] END colsample_bytree=0.9, learning_rate=0.1, max_depth=5, n_estimators=200, subsample=0.6;, score=0.579 total time=  15.9s
[CV 1/3] END colsample_bytree=0.6, learning_rate=0.1, max_depth=9, n_estimators=800, subsample=0.8;, score=0.672 total time= 3.2min
[CV 3/3] END colsample_bytree=1.0, learning_rate=0.05, max_depth=3, n_estimators=100, subsample=0.7;, score=0.567 total time=   6.8s
[CV 1/3] END colsample_bytree=0.7, learning_rate=0.1, max_depth=3, n_estimators=500, subsample=1.0;, score=0.655 total time=  26.9s
[CV 3/3] END colsample_bytree=0.7, learning_rate=0.1, max_depth=3, n_estimators=500, subsample=1.0;, score=0.459 total time=  20.6s
[CV 2/3] END colsample_bytree=0.7, learning_rate=0.1, max_depth=7, n_estimators=100, subsample=0.6;, score=0.374 total time=  18.5s
[CV 2/3] END colsample_bytree=1.0, learning_rate=0.01, max_depth=5, n_estimators=500, subsample=0.7;, score=0.389 total time= 1.0min
[CV 2/3] END colsample_bytree=0.6, learning_rate=0.1, max_depth=9, n_estimators=800, subsample=0.8;, score=0.389 total time= 3.2min
[CV 2/3] END colsample_bytree=0.6, learning_rate=0.01, max_depth=7, n_estimators=200, subsample=0.6;, score=0.296 total time=  34.5s
[CV 2/3] END colsample_bytree=0.6, learning_rate=0.1, max_depth=7, n_estimators=800, subsample=1.0;, score=0.478 total time= 1.9min
[CV 1/3] END colsample_bytree=1.0, learning_rate=0.05, max_depth=7, n_estimators=800, subsample=0.9;, score=0.664 total time= 1.9min
[CV 1/3] END colsample_bytree=0.6, learning_rate=0.01, max_depth=7, n_estimators=200, subsample=0.6;, score=0.600 total time=  34.4s
[CV 3/3] END colsample_bytree=0.9, learning_rate=0.1, max_depth=3, n_estimators=1000, subsample=0.9;, score=0.402 total time=  41.5s
[CV 1/3] END colsample_bytree=0.9, learning_rate=0.01, max_depth=5, n_estimators=800, subsample=1.0;, score=0.647 total time= 1.4min
[CV 3/3] END colsample_bytree=0.6, learning_rate=0.1, max_depth=3, n_estimators=300, subsample=0.7;, score=0.544 total time=  14.8s
[CV 3/3] END colsample_bytree=0.9, learning_rate=0.1, max_depth=5, n_estimators=100, subsample=0.9;, score=0.582 total time=   9.7s
[CV 3/3] END colsample_bytree=0.7, learning_rate=0.1, max_depth=3, n_estimators=300, subsample=0.6;, score=0.541 total time=  14.8s
[CV 2/3] END colsample_bytree=0.7, learning_rate=0.1, max_depth=7, n_estimators=500, subsample=0.9;, score=0.345 total time= 1.1min
[CV 2/3] END colsample_bytree=0.6, learning_rate=0.1, max_depth=3, n_estimators=300, subsample=0.7;, score=0.478 total time=  18.0s
[CV 1/3] END colsample_bytree=0.7, learning_rate=0.1, max_depth=3, n_estimators=300, subsample=0.6;, score=0.648 total time=  18.2s
[CV 3/3] END colsample_bytree=0.9, learning_rate=0.1, max_depth=5, n_estimators=800, subsample=0.6;, score=0.496 total time=  57.9s
[CV 1/3] END colsample_bytree=0.9, learning_rate=0.1, max_depth=3, n_estimators=500, subsample=0.7;, score=0.651 total time=  26.9s
[CV 2/3] END colsample_bytree=0.6, learning_rate=0.01, max_depth=3, n_estimators=1000, subsample=1.0;, score=0.444 total time= 1.0min
[CV 2/3] END colsample_bytree=0.7, learning_rate=0.1, max_depth=5, n_estimators=800, subsample=0.7;, score=0.443 total time= 1.2min
[CV 1/3] END colsample_bytree=0.6, learning_rate=0.1, max_depth=3, n_estimators=300, subsample=0.7;, score=0.651 total time=  19.5s
[CV 2/3] END colsample_bytree=0.9, learning_rate=0.1, max_depth=5, n_estimators=100, subsample=0.9;, score=0.442 total time=  13.2s
[CV 2/3] END colsample_bytree=0.9, learning_rate=0.1, max_depth=5, n_estimators=800, subsample=0.6;, score=0.479 total time= 1.2min
[CV 2/3] END colsample_bytree=0.9, learning_rate=0.1, max_depth=3, n_estimators=500, subsample=0.7;, score=0.469 total time=  28.1s
[CV 1/3] END colsample_bytree=0.9, learning_rate=0.01, max_depth=5, n_estimators=300, subsample=0.7;, score=0.612 total time=  36.6s
[CV 1/3] END colsample_bytree=0.6, learning_rate=0.05, max_depth=3, n_estimators=500, subsample=0.6;, score=0.658 total time=  30.3s
[CV 3/3] END colsample_bytree=1.0, learning_rate=0.05, max_depth=7, n_estimators=1000, subsample=1.0;, score=0.582 total time= 1.8min
[CV 3/3] END colsample_bytree=0.9, learning_rate=0.1, max_depth=3, n_estimators=500, subsample=1.0;, score=0.462 total time=  21.5s
[CV 2/3] END colsample_bytree=0.9, learning_rate=0.01, max_depth=5, n_estimators=300, subsample=0.7;, score=0.372 total time=  37.6s
[CV 2/3] END colsample_bytree=0.6, learning_rate=0.05, max_depth=3, n_estimators=500, subsample=0.6;, score=0.460 total time=  30.4s
[CV 1/3] END colsample_bytree=0.7, learning_rate=0.1, max_depth=7, n_estimators=800, subsample=0.6;, score=0.680 total time= 2.1min
[CV 3/3] END colsample_bytree=0.9, learning_rate=0.01, max_depth=5, n_estimators=800, subsample=1.0;, score=0.591 total time= 1.1min
[CV 1/3] END colsample_bytree=0.9, learning_rate=0.1, max_depth=5, n_estimators=800, subsample=0.6;, score=0.674 total time= 1.3min
[CV 1/3] END colsample_bytree=0.9, learning_rate=0.1, max_depth=3, n_estimators=500, subsample=1.0;, score=0.656 total time=  27.3s
[CV 3/3] END colsample_bytree=0.9, learning_rate=0.01, max_depth=5, n_estimators=300, subsample=0.7;, score=0.570 total time=  28.2s
[CV 3/3] END colsample_bytree=1.0, learning_rate=0.1, max_depth=3, n_estimators=1000, subsample=1.0;, score=0.364 total time=  41.2s
[CV 2/3] END colsample_bytree=0.7, learning_rate=0.1, max_depth=7, n_estimators=800, subsample=0.6;, score=0.422 total time= 2.1min
[CV 2/3] END colsample_bytree=0.9, learning_rate=0.1, max_depth=3, n_estimators=500, subsample=1.0;, score=0.480 total time=  27.8s
[CV 1/3] END colsample_bytree=1.0, learning_rate=0.1, max_depth=3, n_estimators=1000, subsample=1.0;, score=0.662 total time=  50.8s
[CV 3/3] END colsample_bytree=0.7, learning_rate=0.1, max_depth=5, n_estimators=800, subsample=0.7;, score=0.413 total time=  55.1s
[CV 3/3] END colsample_bytree=0.7, learning_rate=0.1, max_depth=7, n_estimators=800, subsample=0.6;, score=0.524 total time= 1.5min
[CV 2/3] END colsample_bytree=0.9, learning_rate=0.1, max_depth=3, n_estimators=1000, subsample=0.9;, score=0.472 total time=  50.7s
[CV 2/3] END colsample_bytree=0.9, learning_rate=0.01, max_depth=5, n_estimators=800, subsample=1.0;, score=0.441 total time= 1.5min
[CV 1/3] END colsample_bytree=0.9, learning_rate=0.1, max_depth=5, n_estimators=100, subsample=0.9;, score=0.644 total time=  13.4s
[CV 2/3] END colsample_bytree=0.7, learning_rate=0.1, max_depth=3, n_estimators=300, subsample=0.6;, score=0.443 total time=  21.0s
[CV 1/3] END colsample_bytree=0.7, learning_rate=0.1, max_depth=7, n_estimators=500, subsample=0.9;, score=0.659 total time= 1.2min
[CV 1/3] END colsample_bytree=0.6, learning_rate=0.01, max_depth=3, n_estimators=1000, subsample=1.0;, score=0.635 total time= 1.0min
[CV 3/3] END colsample_bytree=0.6, learning_rate=0.05, max_depth=3, n_estimators=500, subsample=0.6;, score=0.579 total time=  24.1s
[CV 2/3] END colsample_bytree=1.0, learning_rate=0.05, max_depth=7, n_estimators=1000, subsample=1.0;, score=0.475 total time= 2.4min
[CV 2/3] END colsample_bytree=1.0, learning_rate=0.05, max_depth=7, n_estimators=800, subsample=0.9;, score=0.471 total time= 1.9min
[CV 3/3] END colsample_bytree=0.9, learning_rate=0.1, max_depth=3, n_estimators=500, subsample=0.7;, score=0.491 total time=  22.6s
[CV 3/3] END colsample_bytree=0.6, learning_rate=0.01, max_depth=3, n_estimators=1000, subsample=1.0;, score=0.594 total time=  46.2s
[CV 1/3] END colsample_bytree=0.7, learning_rate=0.1, max_depth=5, n_estimators=800, subsample=0.7;, score=0.669 total time= 1.2min
[CV 1/3] END colsample_bytree=1.0, learning_rate=0.05, max_depth=9, n_estimators=800, subsample=0.8;, score=0.664 total time= 3.6min
[CV 2/3] END colsample_bytree=1.0, learning_rate=0.01, max_depth=3, n_estimators=300, subsample=1.0;, score=0.324 total time=  21.1s
[CV 2/3] END colsample_bytree=0.9, learning_rate=0.05, max_depth=9, n_estimators=800, subsample=0.6;, score=0.441 total time= 3.6min
[CV 3/3] END colsample_bytree=1.0, learning_rate=0.01, max_depth=3, n_estimators=300, subsample=1.0;, score=0.549 total time=  16.6s
[CV 1/3] END colsample_bytree=0.9, learning_rate=0.05, max_depth=9, n_estimators=800, subsample=0.6;, score=0.677 total time= 3.7min
[CV 1/3] END colsample_bytree=1.0, learning_rate=0.01, max_depth=3, n_estimators=300, subsample=1.0;, score=0.590 total time=  21.1s
[CV 3/3] END colsample_bytree=1.0, learning_rate=0.01, max_depth=5, n_estimators=800, subsample=0.9;, score=0.598 total time= 1.1min
[CV 3/3] END colsample_bytree=0.9, learning_rate=0.05, max_depth=9, n_estimators=800, subsample=0.6;, score=0.621 total time= 2.7min
[CV 1/3] END colsample_bytree=1.0, learning_rate=0.01, max_depth=5, n_estimators=800, subsample=0.9;, score=0.645 total time= 1.5min
[CV 1/3] END colsample_bytree=0.7, learning_rate=0.05, max_depth=7, n_estimators=500, subsample=0.6;, score=0.674 total time= 1.2min
[CV 2/3] END colsample_bytree=0.7, learning_rate=0.01, max_depth=3, n_estimators=800, subsample=0.8;, score=0.426 total time=  51.5s
[CV 2/3] END colsample_bytree=0.6, learning_rate=0.01, max_depth=9, n_estimators=500, subsample=1.0;, score=0.447 total time= 2.2min
[CV 3/3] END colsample_bytree=0.7, learning_rate=0.05, max_depth=9, n_estimators=100, subsample=0.6;, score=0.647 total time=  21.1s
[CV 3/3] END colsample_bytree=0.7, learning_rate=0.05, max_depth=5, n_estimators=1000, subsample=0.6;, score=0.513 total time= 1.1min
[CV 1/3] END colsample_bytree=0.8, learning_rate=0.05, max_depth=3, n_estimators=800, subsample=1.0;, score=0.652 total time=  43.8s
[CV 1/3] END colsample_bytree=1.0, learning_rate=0.05, max_depth=9, n_estimators=300, subsample=0.6;, score=0.661 total time= 1.3min
[CV 3/3] END colsample_bytree=0.7, learning_rate=0.05, max_depth=7, n_estimators=500, subsample=0.6;, score=0.609 total time=  54.6s
[CV 2/3] END colsample_bytree=0.6, learning_rate=0.05, max_depth=5, n_estimators=800, subsample=0.9;, score=0.473 total time= 1.1min
[CV 1/3] END colsample_bytree=0.7, learning_rate=0.05, max_depth=5, n_estimators=1000, subsample=0.6;, score=0.667 total time= 1.5min
[CV 2/3] END colsample_bytree=0.8, learning_rate=0.05, max_depth=3, n_estimators=800, subsample=1.0;, score=0.474 total time=  44.1s
[CV 2/3] END colsample_bytree=1.0, learning_rate=0.05, max_depth=9, n_estimators=300, subsample=0.6;, score=0.352 total time= 1.3min
[CV 1/3] END colsample_bytree=0.7, learning_rate=0.05, max_depth=9, n_estimators=100, subsample=0.6;, score=0.657 total time=  37.1s
[CV 2/3] END colsample_bytree=1.0, learning_rate=0.05, max_depth=5, n_estimators=300, subsample=1.0;, score=0.440 total time=  33.4s
[CV 1/3] END colsample_bytree=0.8, learning_rate=0.1, max_depth=7, n_estimators=200, subsample=0.8;, score=0.665 total time=  33.7s
[CV 3/3] END colsample_bytree=0.8, learning_rate=0.05, max_depth=3, n_estimators=800, subsample=1.0;, score=0.495 total time=  33.5s
[CV 3/3] END colsample_bytree=0.6, learning_rate=0.01, max_depth=9, n_estimators=800, subsample=0.7;, score=0.669 total time= 2.6min
[CV 3/3] END colsample_bytree=0.6, learning_rate=0.01, max_depth=9, n_estimators=500, subsample=1.0;, score=0.662 total time= 1.6min
[CV 3/3] END colsample_bytree=0.8, learning_rate=0.1, max_depth=7, n_estimators=200, subsample=0.8;, score=0.601 total time=  22.5s
[CV 3/3] END colsample_bytree=0.6, learning_rate=0.05, max_depth=9, n_estimators=1000, subsample=1.0;, score=0.632 total time= 3.0min
[CV 3/3] END colsample_bytree=0.7, learning_rate=0.05, max_depth=7, n_estimators=300, subsample=0.7;, score=0.616 total time=  33.0s
[CV 3/3] END colsample_bytree=0.6, learning_rate=0.01, max_depth=7, n_estimators=200, subsample=0.6;, score=0.583 total time=  24.8s
[CV 1/3] END colsample_bytree=0.6, learning_rate=0.1, max_depth=7, n_estimators=800, subsample=1.0;, score=0.677 total time= 1.9min
[CV 3/3] END colsample_bytree=1.0, learning_rate=0.05, max_depth=7, n_estimators=800, subsample=0.9;, score=0.587 total time= 1.6min
[CV 3/3] END colsample_bytree=0.7, learning_rate=0.1, max_depth=7, n_estimators=500, subsample=0.9;, score=0.590 total time=  53.3s
[CV 2/3] END colsample_bytree=1.0, learning_rate=0.1, max_depth=3, n_estimators=1000, subsample=1.0;, score=0.433 total time=  50.7s
[CV 1/3] END colsample_bytree=1.0, learning_rate=0.05, max_depth=7, n_estimators=1000, subsample=1.0;, score=0.668 total time= 2.5min
[CV 2/3] END colsample_bytree=1.0, learning_rate=0.01, max_depth=5, n_estimators=800, subsample=0.9;, score=0.432 total time= 1.6min
[CV 2/3] END colsample_bytree=0.7, learning_rate=0.05, max_depth=7, n_estimators=500, subsample=0.6;, score=0.439 total time= 1.2min
[CV 3/3] END colsample_bytree=0.7, learning_rate=0.01, max_depth=3, n_estimators=800, subsample=0.8;, score=0.587 total time=  39.3s
[CV 3/3] END colsample_bytree=0.6, learning_rate=0.05, max_depth=5, n_estimators=800, subsample=0.9;, score=0.584 total time=  49.8s
[CV 2/3] END colsample_bytree=0.7, learning_rate=0.05, max_depth=5, n_estimators=1000, subsample=0.6;, score=0.471 total time= 1.4min
[CV 1/3] END colsample_bytree=0.6, learning_rate=0.05, max_depth=9, n_estimators=1000, subsample=1.0;, score=0.685 total time= 4.2min
[CV 1/3] END colsample_bytree=0.7, learning_rate=0.05, max_depth=9, n_estimators=500, subsample=1.0;, score=0.675 total time= 2.0min
[CV 2/3] END colsample_bytree=1.0, learning_rate=0.1, max_depth=9, n_estimators=500, subsample=1.0;, score=0.460 total time= 2.1min
[CV 1/3] END colsample_bytree=0.6, learning_rate=0.05, max_depth=7, n_estimators=200, subsample=0.9;, score=0.664 total time=  32.3s
[CV 1/3] END colsample_bytree=0.8, learning_rate=0.05, max_depth=9, n_estimators=500, subsample=0.9;, score=0.661 total time= 2.1min
[CV 2/3] END colsample_bytree=0.8, learning_rate=0.01, max_depth=9, n_estimators=200, subsample=0.8;, score=0.292 total time=  50.2s
[CV 1/3] END colsample_bytree=1.0, learning_rate=0.05, max_depth=3, n_estimators=200, subsample=0.8;, score=0.640 total time=  14.4s
[CV 3/3] END colsample_bytree=1.0, learning_rate=0.05, max_depth=3, n_estimators=200, subsample=0.8;, score=0.584 total time=  11.5s
[CV 3/3] END colsample_bytree=1.0, learning_rate=0.1, max_depth=9, n_estimators=500, subsample=1.0;, score=0.592 total time= 1.6min
[CV 2/3] END colsample_bytree=0.6, learning_rate=0.1, max_depth=9, n_estimators=100, subsample=0.7;, score=0.401 total time=  26.4s
[CV 2/3] END colsample_bytree=1.0, learning_rate=0.1, max_depth=5, n_estimators=500, subsample=0.6;, score=0.440 total time=  47.4s
[CV 1/3] END colsample_bytree=1.0, learning_rate=0.1, max_depth=9, n_estimators=200, subsample=0.6;, score=0.656 total time=  54.5s
[CV 3/3] END colsample_bytree=0.7, learning_rate=0.05, max_depth=9, n_estimators=800, subsample=0.6;, score=0.640 total time= 2.2min
[CV 3/3] END colsample_bytree=0.8, learning_rate=0.01, max_depth=9, n_estimators=200, subsample=0.8;, score=0.610 total time=  39.5s
[CV 3/3] END colsample_bytree=0.6, learning_rate=0.01, max_depth=3, n_estimators=800, subsample=0.9;, score=0.590 total time=  38.1s
[CV 3/3] END colsample_bytree=0.9, learning_rate=0.05, max_depth=5, n_estimators=1000, subsample=0.6;, score=0.507 total time= 1.2min
[CV 1/3] END colsample_bytree=0.7, learning_rate=0.1, max_depth=5, n_estimators=800, subsample=1.0;, score=0.664 total time= 1.1min
[CV 2/3] END colsample_bytree=0.7, learning_rate=0.01, max_depth=3, n_estimators=800, subsample=0.9;, score=0.419 total time=  50.8s
[CV 2/3] END colsample_bytree=0.7, learning_rate=0.05, max_depth=9, n_estimators=800, subsample=0.6;, score=0.460 total time= 2.9min
[CV 3/3] END colsample_bytree=1.0, learning_rate=0.05, max_depth=9, n_estimators=300, subsample=0.6;, score=0.635 total time=  59.5s
[CV 2/3] END colsample_bytree=0.8, learning_rate=0.05, max_depth=9, n_estimators=500, subsample=0.9;, score=0.438 total time= 2.0min
[CV 2/3] END colsample_bytree=0.6, learning_rate=0.01, max_depth=3, n_estimators=800, subsample=0.9;, score=0.430 total time=  49.7s
[CV 2/3] END colsample_bytree=0.7, learning_rate=0.05, max_depth=5, n_estimators=200, subsample=0.9;, score=0.435 total time=  23.7s
[CV 1/3] END colsample_bytree=0.7, learning_rate=0.01, max_depth=7, n_estimators=200, subsample=1.0;, score=0.602 total time=  32.5s
[CV 3/3] END colsample_bytree=0.7, learning_rate=0.01, max_depth=7, n_estimators=200, subsample=1.0;, score=0.578 total time=  24.7s
[CV 3/3] END colsample_bytree=0.6, learning_rate=0.1, max_depth=9, n_estimators=100, subsample=0.7;, score=0.642 total time=  18.7s
[CV 1/3] END colsample_bytree=1.0, learning_rate=0.1, max_depth=5, n_estimators=500, subsample=0.6;, score=0.660 total time=  45.7s
[CV 3/3] END colsample_bytree=0.7, learning_rate=0.01, max_depth=7, n_estimators=500, subsample=0.9;, score=0.625 total time= 1.0min
[CV 1/3] END colsample_bytree=0.6, learning_rate=0.05, max_depth=9, n_estimators=100, subsample=0.6;, score=0.666 total time=  27.8s
[CV 3/3] END colsample_bytree=0.7, learning_rate=0.01, max_depth=3, n_estimators=800, subsample=0.9;, score=0.590 total time=  41.3s
[CV 3/3] END colsample_bytree=1.0, learning_rate=0.1, max_depth=9, n_estimators=200, subsample=0.6;, score=0.634 total time=  39.9s
[CV 2/3] END colsample_bytree=0.6, learning_rate=0.05, max_depth=9, n_estimators=100, subsample=0.6;, score=0.446 total time=  31.7s
[CV 1/3] END colsample_bytree=0.6, learning_rate=0.01, max_depth=9, n_estimators=800, subsample=0.7;, score=0.674 total time= 3.5min
[CV 2/3] END colsample_bytree=0.7, learning_rate=0.05, max_depth=9, n_estimators=500, subsample=1.0;, score=0.411 total time= 1.9min
[CV 1/3] END colsample_bytree=0.7, learning_rate=0.05, max_depth=5, n_estimators=200, subsample=0.9;, score=0.642 total time=  23.1s
[CV 3/3] END colsample_bytree=0.7, learning_rate=0.05, max_depth=5, n_estimators=200, subsample=0.9;, score=0.570 total time=  16.8s
[CV 2/3] END colsample_bytree=0.7, learning_rate=0.01, max_depth=7, n_estimators=200, subsample=1.0;, score=0.273 total time=  33.2s
[CV 3/3] END colsample_bytree=0.7, learning_rate=0.1, max_depth=5, n_estimators=800, subsample=1.0;, score=0.465 total time=  48.3s
[CV 3/3] END colsample_bytree=1.0, learning_rate=0.1, max_depth=5, n_estimators=500, subsample=0.6;, score=0.499 total time=  37.6s
[CV 2/3] END colsample_bytree=1.0, learning_rate=0.1, max_depth=9, n_estimators=200, subsample=0.6;, score=0.362 total time=  53.7s
[CV 3/3] END colsample_bytree=0.6, learning_rate=0.05, max_depth=9, n_estimators=100, subsample=0.6;, score=0.654 total time=  20.0s
[CV 3/3] END colsample_bytree=0.6, learning_rate=0.05, max_depth=9, n_estimators=300, subsample=0.6;, score=0.659 total time=  48.0s
[CV 3/3] END colsample_bytree=1.0, learning_rate=0.05, max_depth=9, n_estimators=800, subsample=0.8;, score=0.622 total time= 2.7min
[CV 1/3] END colsample_bytree=1.0, learning_rate=0.05, max_depth=5, n_estimators=200, subsample=0.6;, score=0.649 total time=  23.8s
[CV 3/3] END colsample_bytree=1.0, learning_rate=0.05, max_depth=5, n_estimators=200, subsample=0.6;, score=0.578 total time=  18.1s
[CV 1/3] END colsample_bytree=0.6, learning_rate=0.05, max_depth=5, n_estimators=800, subsample=0.9;, score=0.675 total time= 1.1min
[CV 2/3] END colsample_bytree=0.7, learning_rate=0.05, max_depth=9, n_estimators=100, subsample=0.6;, score=0.401 total time=  31.4s
[CV 1/3] END colsample_bytree=1.0, learning_rate=0.05, max_depth=5, n_estimators=300, subsample=1.0;, score=0.657 total time=  29.7s
[CV 3/3] END colsample_bytree=1.0, learning_rate=0.05, max_depth=5, n_estimators=300, subsample=1.0;, score=0.556 total time=  23.9s
[CV 2/3] END colsample_bytree=0.8, learning_rate=0.1, max_depth=7, n_estimators=200, subsample=0.8;, score=0.431 total time=  30.7s
[CV 2/3] END colsample_bytree=0.6, learning_rate=0.01, max_depth=9, n_estimators=800, subsample=0.7;, score=0.458 total time= 3.6min
[CV 3/3] END colsample_bytree=0.7, learning_rate=0.05, max_depth=9, n_estimators=500, subsample=1.0;, score=0.649 total time= 1.5min
[CV 1/3] END colsample_bytree=0.9, learning_rate=0.05, max_depth=5, n_estimators=1000, subsample=0.6;, score=0.670 total time= 1.5min
[CV 2/3] END colsample_bytree=0.7, learning_rate=0.1, max_depth=5, n_estimators=800, subsample=1.0;, score=0.446 total time= 1.0min
[CV 1/3] END colsample_bytree=0.7, learning_rate=0.01, max_depth=7, n_estimators=500, subsample=0.9;, score=0.657 total time= 1.5min
[CV 1/3] END colsample_bytree=0.6, learning_rate=0.05, max_depth=9, n_estimators=300, subsample=0.6;, score=0.682 total time= 1.1min
[CV 2/3] END colsample_bytree=1.0, learning_rate=0.05, max_depth=9, n_estimators=800, subsample=0.8;, score=0.442 total time= 3.6min
[CV 2/3] END colsample_bytree=1.0, learning_rate=0.05, max_depth=5, n_estimators=200, subsample=0.6;, score=0.409 total time=  24.8s
[CV 1/3] END colsample_bytree=0.7, learning_rate=0.01, max_depth=3, n_estimators=800, subsample=0.8;, score=0.627 total time=  49.5s
[CV 1/3] END colsample_bytree=0.6, learning_rate=0.01, max_depth=9, n_estimators=500, subsample=1.0;, score=0.668 total time= 2.2min
[CV 2/3] END colsample_bytree=0.6, learning_rate=0.05, max_depth=9, n_estimators=1000, subsample=1.0;, score=0.486 total time= 3.9min
[CV 1/3] END colsample_bytree=0.8, learning_rate=0.01, max_depth=9, n_estimators=200, subsample=0.8;, score=0.616 total time=  54.2s
[CV 2/3] END colsample_bytree=1.0, learning_rate=0.05, max_depth=3, n_estimators=200, subsample=0.8;, score=0.388 total time=  15.9s
[CV 1/3] END colsample_bytree=1.0, learning_rate=0.1, max_depth=9, n_estimators=500, subsample=1.0;, score=0.662 total time= 2.1min
[CV 2/3] END colsample_bytree=0.6, learning_rate=0.05, max_depth=7, n_estimators=200, subsample=0.9;, score=0.435 total time=  33.5s
[CV 2/3] END colsample_bytree=0.7, learning_rate=0.01, max_depth=7, n_estimators=500, subsample=0.9;, score=0.428 total time= 1.6min
[CV 2/3] END colsample_bytree=0.6, learning_rate=0.05, max_depth=9, n_estimators=300, subsample=0.6;, score=0.480 total time= 1.1min
[CV 3/3] END colsample_bytree=0.8, learning_rate=0.05, max_depth=9, n_estimators=500, subsample=0.9;, score=0.641 total time= 1.5min
[CV 1/3] END colsample_bytree=0.6, learning_rate=0.01, max_depth=3, n_estimators=800, subsample=0.9;, score=0.629 total time=  48.4s
[CV 2/3] END colsample_bytree=0.9, learning_rate=0.05, max_depth=5, n_estimators=1000, subsample=0.6;, score=0.460 total time= 1.5min
[CV 1/3] END colsample_bytree=0.6, learning_rate=0.1, max_depth=9, n_estimators=100, subsample=0.7;, score=0.664 total time=  24.7s
[CV 3/3] END colsample_bytree=0.6, learning_rate=0.05, max_depth=7, n_estimators=200, subsample=0.9;, score=0.622 total time=  23.1s
[CV 1/3] END colsample_bytree=0.7, learning_rate=0.01, max_depth=3, n_estimators=800, subsample=0.9;, score=0.630 total time=  50.9s
[CV 1/3] END colsample_bytree=0.7, learning_rate=0.05, max_depth=9, n_estimators=800, subsample=0.6;, score=0.676 total time= 3.1min
           max_depth:         9
       learning_rate:      0.05
        n_estimators:       300
           subsample:       0.6
    colsample_bytree:       0.6
xgb 96.0% stations have KGE > 0
xgb 82.0% stations have KGE > 0.3
xgb 89.0% stations have R2 >= 0.3
xgb Median KGE   is 0.53   Ave KGE   is 0.46
xgb Median r     is 0.8   Ave r     is 0.75
xgb Median nRMSE is 14.2   Ave nRMSE is 23.54

real	48m46.152s
user	644m33.945s
sys	2m49.488s
