
CommandNotFoundError: Your shell has not been properly configured to use 'conda deactivate'.
To initialize your shell, run

    $ conda init <SHELL_NAME>

Currently supported shells are:
  - bash
  - fish
  - tcsh
  - xonsh
  - zsh
  - powershell

See 'conda init --help' for more information and options.

IMPORTANT: You may need to close and restart your shell after running 'conda init'.



CommandNotFoundError: Your shell has not been properly configured to use 'conda deactivate'.
To initialize your shell, run

    $ conda init <SHELL_NAME>

Currently supported shells are:
  - bash
  - fish
  - tcsh
  - xonsh
  - zsh
  - powershell

See 'conda init --help' for more information and options.

IMPORTANT: You may need to close and restart your shell after running 'conda init'.


['xgb_flood.py', '../data/Qmax7_final_dataset_seasonal4_multi_MSWX_meteo.csv', 'shap']
(1512594, 131)
 BDTICM elevation slope aridity sedimentary plutonic
 volcanic metamorphic clay sand silt Porosity_x
 logK_Ice_x ohdb_latitude ohdb_longitude year season_id freeze
 climate basin_id lwd_3 p_3 pres_3 relhum_3
 swd_3 spechum_3 tmax_3 tmin_3 wind_3 lwd_7
 p_7 pres_7 relhum_7 swd_7 spechum_7 tmax_7
 tmin_7 wind_7 lwd_15 p_15 pres_15 relhum_15
 swd_15 spechum_15 tmax_15 tmin_15 wind_15 lwd_30
 p_30 pres_30 relhum_30 swd_30 spechum_30 tmax_30
 tmin_30 wind_30 p_365 runoff_ratio slope_fdc Q10_50
 high_q_freq low_q_freq zero_q_freq cv high_q_dur low_q_dur
 BFI lagT noResRatio FI p_mean stream_elas
 hfd_mean tmax_ave tmax_std ImperviousSurface crop forest
 grass water wetland res_darea_normalize Year_ave Main_Purpose_id

<class 'shap._explanation.Explanation'>
  0%|          | 0/10 [00:00<?, ?it/s] 10%|█         | 1/10 [04:03<36:33, 243.73s/it] 20%|██        | 2/10 [08:04<32:14, 241.80s/it] 30%|███       | 3/10 [12:04<28:08, 241.18s/it] 40%|████      | 4/10 [16:05<24:05, 240.88s/it] 50%|█████     | 5/10 [20:07<20:06, 241.29s/it] 60%|██████    | 6/10 [24:07<16:03, 240.97s/it] 70%|███████   | 7/10 [28:07<12:02, 240.80s/it] 80%|████████  | 8/10 [32:08<08:01, 240.66s/it] 90%|█████████ | 9/10 [36:08<04:00, 240.56s/it]100%|██████████| 10/10 [40:08<00:00, 240.49s/it]100%|██████████| 10/10 [40:08<00:00, 240.89s/it]

real	44m4.408s
user	26m51.777s
sys	10m49.344s
