
CommandNotFoundError: Your shell has not been properly configured to use 'conda deactivate'.
To initialize your shell, run

    $ conda init <SHELL_NAME>

Currently supported shells are:
  - bash
  - fish
  - tcsh
  - xonsh
  - zsh
  - powershell

See 'conda init --help' for more information and options.

IMPORTANT: You may need to close and restart your shell after running 'conda init'.



CommandNotFoundError: Your shell has not been properly configured to use 'conda deactivate'.
To initialize your shell, run

    $ conda init <SHELL_NAME>

Currently supported shells are:
  - bash
  - fish
  - tcsh
  - xonsh
  - zsh
  - powershell

See 'conda init --help' for more information and options.

IMPORTANT: You may need to close and restart your shell after running 'conda init'.


['xgb_flood.py', '../data/Qmax7_final_dataset_seasonal4_multi_MSWX_meteo_MSWEP_GLEAM.csv', 'cv']
(8679,)
(1179311, 175) 8449
 BDTICM elevation slope aridity sedimentary plutonic
 volcanic metamorphic clay sand silt Porosity_x
 logK_Ice_x ohdb_latitude ohdb_longitude year climate season_id
 basin_id p_7 tmax_7 tmin_7 swd_7 snowmelt_7
 snowfall_7 evap_7 smrz_7 ImperviousSurface forest crop
 grass water wetland res_darea_normalize Year_ave Main_Purpose_id
 form_factor LAI FAPAR
Fitting 3 folds for each of 100 candidates, totalling 300 fits
[CV 1/3] END colsample_bytree=0.8, learning_rate=0.05, max_depth=5, n_estimators=500, subsample=1.0;, score=0.656 total time=  53.5s
[CV 2/3] END colsample_bytree=0.9, learning_rate=0.01, max_depth=7, n_estimators=100, subsample=0.6;, score=0.254 total time=  24.1s
[CV 3/3] END colsample_bytree=0.7, learning_rate=0.05, max_depth=7, n_estimators=800, subsample=0.6;, score=0.731 total time= 1.7min
[CV 3/3] END colsample_bytree=0.9, learning_rate=0.05, max_depth=3, n_estimators=1000, subsample=0.8;, score=0.645 total time=  40.7s
[CV 1/3] END colsample_bytree=0.6, learning_rate=0.01, max_depth=5, n_estimators=1200, subsample=0.8;, score=0.656 total time= 2.1min
[CV 3/3] END colsample_bytree=0.8, learning_rate=0.05, max_depth=3, n_estimators=200, subsample=0.7;, score=0.687 total time=  11.5s
[CV 3/3] END colsample_bytree=0.7, learning_rate=0.01, max_depth=9, n_estimators=1000, subsample=0.8;, score=0.755 total time= 3.4min
[CV 3/3] END colsample_bytree=0.8, learning_rate=0.1, max_depth=5, n_estimators=800, subsample=0.7;, score=0.667 total time= 1.0min
[CV 3/3] END colsample_bytree=0.9, learning_rate=0.01, max_depth=7, n_estimators=100, subsample=0.6;, score=0.581 total time=  14.7s
[CV 2/3] END colsample_bytree=0.7, learning_rate=0.05, max_depth=7, n_estimators=800, subsample=0.6;, score=0.558 total time= 2.4min
[CV 3/3] END colsample_bytree=0.9, learning_rate=0.1, max_depth=9, n_estimators=800, subsample=0.9;, score=0.693 total time= 2.9min
[CV 1/3] END colsample_bytree=0.8, learning_rate=0.1, max_depth=5, n_estimators=800, subsample=0.7;, score=0.669 total time= 1.5min
[CV 2/3] END colsample_bytree=1.0, learning_rate=0.05, max_depth=5, n_estimators=300, subsample=0.9;, score=0.534 total time=  34.6s
[CV 1/3] END colsample_bytree=0.8, learning_rate=0.05, max_depth=3, n_estimators=200, subsample=0.7;, score=0.644 total time=  15.4s
[CV 2/3] END colsample_bytree=0.7, learning_rate=0.01, max_depth=9, n_estimators=1000, subsample=0.8;, score=0.558 total time= 4.7min
[CV 2/3] END colsample_bytree=0.6, learning_rate=0.01, max_depth=5, n_estimators=1200, subsample=0.8;, score=0.569 total time= 2.1min
[CV 1/3] END colsample_bytree=0.7, learning_rate=0.01, max_depth=9, n_estimators=1000, subsample=0.8;, score=0.687 total time= 4.9min
[CV 3/3] END colsample_bytree=0.8, learning_rate=0.05, max_depth=5, n_estimators=500, subsample=1.0;, score=0.719 total time=  37.8s
[CV 3/3] END colsample_bytree=0.6, learning_rate=0.01, max_depth=5, n_estimators=1200, subsample=0.8;, score=0.726 total time= 1.4min
[CV 2/3] END colsample_bytree=0.8, learning_rate=0.05, max_depth=3, n_estimators=200, subsample=0.7;, score=0.494 total time=  14.2s
[CV 1/3] END colsample_bytree=0.9, learning_rate=0.05, max_depth=3, n_estimators=1000, subsample=0.8;, score=0.652 total time=  54.5s
[CV 1/3] END colsample_bytree=0.9, learning_rate=0.1, max_depth=9, n_estimators=800, subsample=0.9;, score=0.687 total time= 4.0min
[CV 2/3] END colsample_bytree=0.8, learning_rate=0.1, max_depth=5, n_estimators=800, subsample=0.7;, score=0.560 total time= 1.4min
[CV 1/3] END colsample_bytree=1.0, learning_rate=0.05, max_depth=5, n_estimators=300, subsample=0.9;, score=0.648 total time=  36.4s
[CV 3/3] END colsample_bytree=1.0, learning_rate=0.05, max_depth=5, n_estimators=300, subsample=0.9;, score=0.719 total time=  24.5s
[CV 2/3] END colsample_bytree=0.9, learning_rate=0.05, max_depth=3, n_estimators=1000, subsample=0.8;, score=0.557 total time=  53.4s
[CV 2/3] END colsample_bytree=0.9, learning_rate=0.1, max_depth=9, n_estimators=800, subsample=0.9;, score=0.528 total time= 4.0min
[CV 1/3] END colsample_bytree=0.9, learning_rate=0.1, max_depth=3, n_estimators=1200, subsample=1.0;, score=0.659 total time= 1.0min
[CV 1/3] END colsample_bytree=0.9, learning_rate=0.01, max_depth=5, n_estimators=800, subsample=0.8;, score=0.648 total time= 1.5min
[CV 1/3] END colsample_bytree=0.7, learning_rate=0.01, max_depth=7, n_estimators=100, subsample=1.0;, score=0.504 total time=  20.9s
[CV 2/3] END colsample_bytree=0.7, learning_rate=0.01, max_depth=7, n_estimators=100, subsample=1.0;, score=0.263 total time=  21.4s
[CV 2/3] END colsample_bytree=1.0, learning_rate=0.1, max_depth=3, n_estimators=500, subsample=0.9;, score=0.535 total time=  28.7s
[CV 1/3] END colsample_bytree=0.7, learning_rate=0.01, max_depth=9, n_estimators=100, subsample=1.0;, score=0.523 total time=  33.6s
[CV 3/3] END colsample_bytree=0.7, learning_rate=0.01, max_depth=9, n_estimators=100, subsample=1.0;, score=0.589 total time=  21.2s
[CV 1/3] END colsample_bytree=0.6, learning_rate=0.01, max_depth=7, n_estimators=100, subsample=0.6;, score=0.494 total time=  20.7s
[CV 2/3] END colsample_bytree=1.0, learning_rate=0.05, max_depth=3, n_estimators=1000, subsample=0.9;, score=0.545 total time=  53.3s
[CV 3/3] END colsample_bytree=0.7, learning_rate=0.01, max_depth=7, n_estimators=100, subsample=1.0;, score=0.570 total time=  13.6s
[CV 1/3] END colsample_bytree=1.0, learning_rate=0.1, max_depth=3, n_estimators=500, subsample=0.9;, score=0.654 total time=  29.4s
[CV 2/3] END colsample_bytree=0.8, learning_rate=0.01, max_depth=3, n_estimators=1000, subsample=0.6;, score=0.517 total time= 1.0min
[CV 2/3] END colsample_bytree=0.6, learning_rate=0.01, max_depth=7, n_estimators=100, subsample=0.6;, score=0.250 total time=  21.1s
[CV 3/3] END colsample_bytree=1.0, learning_rate=0.05, max_depth=3, n_estimators=1000, subsample=0.9;, score=0.638 total time=  41.6s
[CV 3/3] END colsample_bytree=0.9, learning_rate=0.05, max_depth=5, n_estimators=300, subsample=0.9;, score=0.718 total time=  22.9s
[CV 1/3] END colsample_bytree=0.7, learning_rate=0.01, max_depth=3, n_estimators=100, subsample=0.6;, score=0.431 total time=   8.0s
[CV 1/3] END colsample_bytree=0.8, learning_rate=0.01, max_depth=9, n_estimators=100, subsample=0.9;, score=0.531 total time=  34.4s
[CV 3/3] END colsample_bytree=0.8, learning_rate=0.01, max_depth=3, n_estimators=1000, subsample=0.6;, score=0.693 total time=  49.3s
[CV 2/3] END colsample_bytree=0.9, learning_rate=0.05, max_depth=7, n_estimators=1200, subsample=0.7;, score=0.585 total time= 3.8min
[CV 1/3] END colsample_bytree=1.0, learning_rate=0.01, max_depth=7, n_estimators=300, subsample=0.6;, score=0.645 total time= 1.1min
[CV 3/3] END colsample_bytree=0.9, learning_rate=0.05, max_depth=7, n_estimators=1200, subsample=0.7;, score=0.694 total time= 2.7min
[CV 3/3] END colsample_bytree=1.0, learning_rate=0.1, max_depth=5, n_estimators=300, subsample=0.8;, score=0.710 total time=  23.0s
[CV 2/3] END colsample_bytree=0.9, learning_rate=0.1, max_depth=3, n_estimators=1200, subsample=0.7;, score=0.570 total time= 1.1min
[CV 2/3] END colsample_bytree=0.9, learning_rate=0.05, max_depth=5, n_estimators=200, subsample=1.0;, score=0.526 total time=  23.3s
[CV 1/3] END colsample_bytree=0.8, learning_rate=0.1, max_depth=3, n_estimators=100, subsample=1.0;, score=0.640 total time=   8.3s
[CV 3/3] END colsample_bytree=0.8, learning_rate=0.1, max_depth=3, n_estimators=100, subsample=1.0;, score=0.686 total time=   5.9s
[CV 2/3] END colsample_bytree=0.6, learning_rate=0.01, max_depth=3, n_estimators=1000, subsample=1.0;, score=0.533 total time=  58.1s
[CV 1/3] END colsample_bytree=0.9, learning_rate=0.01, max_depth=9, n_estimators=200, subsample=1.0;, score=0.635 total time= 1.1min
[CV 1/3] END colsample_bytree=1.0, learning_rate=0.1, max_depth=5, n_estimators=300, subsample=0.8;, score=0.650 total time=  54.7s
[CV 3/3] END colsample_bytree=0.8, learning_rate=0.1, max_depth=7, n_estimators=100, subsample=0.8;, score=0.733 total time=  24.0s
[CV 2/3] END colsample_bytree=0.7, learning_rate=0.05, max_depth=3, n_estimators=800, subsample=0.9;, score=0.562 total time= 1.1min
[CV 1/3] END colsample_bytree=0.6, learning_rate=0.01, max_depth=3, n_estimators=1000, subsample=1.0;, score=0.645 total time= 1.9min
[CV 3/3] END colsample_bytree=0.9, learning_rate=0.01, max_depth=9, n_estimators=200, subsample=1.0;, score=0.704 total time= 1.1min
[CV 1/3] END colsample_bytree=0.7, learning_rate=0.05, max_depth=3, n_estimators=300, subsample=0.7;, score=0.646 total time=  19.0s
[CV 3/3] END colsample_bytree=0.7, learning_rate=0.01, max_depth=3, n_estimators=100, subsample=0.6;, score=0.489 total time=   6.0s
[CV 3/3] END colsample_bytree=0.8, learning_rate=0.01, max_depth=9, n_estimators=100, subsample=0.9;, score=0.595 total time=  21.7s
[CV 3/3] END colsample_bytree=0.9, learning_rate=0.05, max_depth=3, n_estimators=800, subsample=0.6;, score=0.670 total time=  34.7s
[CV 2/3] END colsample_bytree=0.8, learning_rate=0.1, max_depth=7, n_estimators=100, subsample=0.9;, score=0.488 total time=  20.9s
[CV 3/3] END colsample_bytree=0.9, learning_rate=0.1, max_depth=3, n_estimators=1200, subsample=0.7;, score=0.555 total time=  52.7s
[CV 3/3] END colsample_bytree=0.6, learning_rate=0.01, max_depth=5, n_estimators=500, subsample=0.7;, score=0.713 total time=  43.4s
[CV 2/3] END colsample_bytree=0.8, learning_rate=0.1, max_depth=3, n_estimators=100, subsample=1.0;, score=0.495 total time=   8.3s
[CV 3/3] END colsample_bytree=0.6, learning_rate=0.01, max_depth=3, n_estimators=1000, subsample=1.0;, score=0.698 total time=  43.5s
[CV 3/3] END colsample_bytree=0.7, learning_rate=0.01, max_depth=5, n_estimators=800, subsample=1.0;, score=0.720 total time= 1.0min
[CV 2/3] END colsample_bytree=0.9, learning_rate=0.01, max_depth=9, n_estimators=200, subsample=1.0;, score=0.435 total time= 1.2min
[CV 3/3] END colsample_bytree=0.9, learning_rate=0.01, max_depth=5, n_estimators=800, subsample=0.8;, score=0.719 total time= 2.1min
[CV 2/3] END colsample_bytree=0.7, learning_rate=0.01, max_depth=9, n_estimators=100, subsample=1.0;, score=0.274 total time= 1.0min
[CV 1/3] END colsample_bytree=0.9, learning_rate=0.05, max_depth=5, n_estimators=300, subsample=0.9;, score=0.653 total time=  51.4s
[CV 3/3] END colsample_bytree=0.7, learning_rate=0.05, max_depth=3, n_estimators=300, subsample=0.7;, score=0.695 total time=  22.7s
[CV 2/3] END colsample_bytree=0.9, learning_rate=0.05, max_depth=3, n_estimators=800, subsample=0.6;, score=0.545 total time=  49.7s
[CV 1/3] END colsample_bytree=0.8, learning_rate=0.1, max_depth=7, n_estimators=100, subsample=0.9;, score=0.655 total time=  19.8s
[CV 1/3] END colsample_bytree=0.9, learning_rate=0.1, max_depth=3, n_estimators=1200, subsample=0.7;, score=0.659 total time= 1.1min
[CV 1/3] END colsample_bytree=0.9, learning_rate=0.05, max_depth=5, n_estimators=200, subsample=1.0;, score=0.652 total time=  23.4s
[CV 3/3] END colsample_bytree=0.9, learning_rate=0.01, max_depth=3, n_estimators=1000, subsample=0.8;, score=0.685 total time=  47.0s
[CV 3/3] END colsample_bytree=0.8, learning_rate=0.1, max_depth=7, n_estimators=1200, subsample=0.6;, score=0.653 total time= 2.6min
[CV 2/3] END colsample_bytree=0.6, learning_rate=0.01, max_depth=5, n_estimators=500, subsample=0.7;, score=0.527 total time= 1.1min
[CV 1/3] END colsample_bytree=0.8, learning_rate=0.1, max_depth=7, n_estimators=1200, subsample=0.6;, score=0.674 total time= 3.8min
[CV 2/3] END colsample_bytree=0.8, learning_rate=0.05, max_depth=5, n_estimators=500, subsample=1.0;, score=0.539 total time=  51.1s
[CV 1/3] END colsample_bytree=0.9, learning_rate=0.01, max_depth=7, n_estimators=100, subsample=0.6;, score=0.515 total time=  22.8s
[CV 1/3] END colsample_bytree=0.7, learning_rate=0.05, max_depth=7, n_estimators=800, subsample=0.6;, score=0.678 total time= 2.5min
[CV 2/3] END colsample_bytree=0.9, learning_rate=0.1, max_depth=3, n_estimators=1200, subsample=1.0;, score=0.542 total time=  58.4s
[CV 3/3] END colsample_bytree=0.9, learning_rate=0.1, max_depth=3, n_estimators=1200, subsample=1.0;, score=0.544 total time=  45.4s
[CV 2/3] END colsample_bytree=0.9, learning_rate=0.01, max_depth=5, n_estimators=800, subsample=0.8;, score=0.528 total time= 1.5min
[CV 3/3] END colsample_bytree=1.0, learning_rate=0.1, max_depth=3, n_estimators=500, subsample=0.9;, score=0.624 total time=  21.3s
[CV 1/3] END colsample_bytree=0.8, learning_rate=0.01, max_depth=3, n_estimators=1000, subsample=0.6;, score=0.645 total time= 1.1min
[CV 3/3] END colsample_bytree=0.6, learning_rate=0.01, max_depth=7, n_estimators=100, subsample=0.6;, score=0.564 total time=  13.5s
[CV 1/3] END colsample_bytree=1.0, learning_rate=0.05, max_depth=3, n_estimators=1000, subsample=0.9;, score=0.654 total time=  57.4s
[CV 2/3] END colsample_bytree=0.7, learning_rate=0.05, max_depth=3, n_estimators=300, subsample=0.7;, score=0.535 total time=  19.4s
[CV 2/3] END colsample_bytree=0.7, learning_rate=0.01, max_depth=3, n_estimators=100, subsample=0.6;, score=0.171 total time=   8.6s
[CV 1/3] END colsample_bytree=0.9, learning_rate=0.05, max_depth=3, n_estimators=800, subsample=0.6;, score=0.652 total time=  45.3s
[CV 2/3] END colsample_bytree=1.0, learning_rate=0.1, max_depth=5, n_estimators=300, subsample=0.8;, score=0.562 total time=  32.2s
[CV 1/3] END colsample_bytree=0.8, learning_rate=0.1, max_depth=7, n_estimators=100, subsample=0.8;, score=0.656 total time=  22.1s
[CV 1/3] END colsample_bytree=0.7, learning_rate=0.05, max_depth=3, n_estimators=800, subsample=0.9;, score=0.654 total time=  45.5s
[CV 1/3] END colsample_bytree=0.9, learning_rate=0.01, max_depth=3, n_estimators=1000, subsample=0.8;, score=0.645 total time= 1.0min
[CV 2/3] END colsample_bytree=0.8, learning_rate=0.1, max_depth=7, n_estimators=1200, subsample=0.6;, score=0.555 total time= 3.7min
[CV 1/3] END colsample_bytree=0.8, learning_rate=0.05, max_depth=9, n_estimators=100, subsample=0.8;, score=0.670 total time=  35.3s
[CV 3/3] END colsample_bytree=0.8, learning_rate=0.05, max_depth=9, n_estimators=100, subsample=0.8;, score=0.744 total time=  22.8s
[CV 1/3] END colsample_bytree=0.8, learning_rate=0.1, max_depth=9, n_estimators=1200, subsample=1.0;, score=0.686 total time= 5.7min
[CV 1/3] END colsample_bytree=0.6, learning_rate=0.05, max_depth=7, n_estimators=100, subsample=0.8;, score=0.656 total time=  21.5s
[CV 3/3] END colsample_bytree=0.6, learning_rate=0.05, max_depth=7, n_estimators=100, subsample=0.8;, score=0.734 total time=  14.2s
[CV 2/3] END colsample_bytree=0.6, learning_rate=0.1, max_depth=3, n_estimators=1000, subsample=0.8;, score=0.558 total time=  52.1s
[CV 1/3] END colsample_bytree=0.9, learning_rate=0.01, max_depth=7, n_estimators=1200, subsample=0.8;, score=0.666 total time= 3.5min
[CV 3/3] END colsample_bytree=0.6, learning_rate=0.05, max_depth=7, n_estimators=800, subsample=0.7;, score=0.734 total time= 1.5min
[CV 1/3] END colsample_bytree=0.6, learning_rate=0.1, max_depth=3, n_estimators=1000, subsample=0.8;, score=0.667 total time=  53.7s
[CV 2/3] END colsample_bytree=0.9, learning_rate=0.01, max_depth=7, n_estimators=1200, subsample=0.8;, score=0.548 total time= 3.5min
[CV 3/3] END colsample_bytree=0.9, learning_rate=0.01, max_depth=7, n_estimators=200, subsample=0.9;, score=0.682 total time=  26.9s
[CV 2/3] END colsample_bytree=1.0, learning_rate=0.01, max_depth=7, n_estimators=300, subsample=0.6;, score=0.473 total time= 1.9min
[CV 2/3] END colsample_bytree=0.9, learning_rate=0.05, max_depth=5, n_estimators=300, subsample=0.9;, score=0.530 total time=  55.5s
[CV 2/3] END colsample_bytree=0.8, learning_rate=0.01, max_depth=9, n_estimators=100, subsample=0.9;, score=0.268 total time= 1.0min
[CV 3/3] END colsample_bytree=0.8, learning_rate=0.1, max_depth=7, n_estimators=100, subsample=0.9;, score=0.727 total time=  23.6s
[CV 2/3] END colsample_bytree=0.8, learning_rate=0.1, max_depth=7, n_estimators=100, subsample=0.8;, score=0.486 total time=  34.0s
[CV 1/3] END colsample_bytree=0.6, learning_rate=0.01, max_depth=5, n_estimators=500, subsample=0.7;, score=0.649 total time= 1.8min
[CV 1/3] END colsample_bytree=0.7, learning_rate=0.01, max_depth=5, n_estimators=800, subsample=1.0;, score=0.653 total time= 3.0min
[CV 3/3] END colsample_bytree=0.8, learning_rate=0.1, max_depth=9, n_estimators=1200, subsample=1.0;, score=0.696 total time= 7.3min
[CV 2/3] END colsample_bytree=0.6, learning_rate=0.05, max_depth=7, n_estimators=100, subsample=0.8;, score=0.526 total time=  21.7s
[CV 3/3] END colsample_bytree=0.6, learning_rate=0.1, max_depth=3, n_estimators=1000, subsample=0.8;, score=0.656 total time=  41.3s
[CV 3/3] END colsample_bytree=0.7, learning_rate=0.1, max_depth=3, n_estimators=1000, subsample=0.8;, score=0.621 total time=  40.1s
[CV 1/3] END colsample_bytree=0.7, learning_rate=0.01, max_depth=3, n_estimators=1000, subsample=0.8;, score=0.645 total time=  59.2s
[CV 3/3] END colsample_bytree=0.7, learning_rate=0.01, max_depth=3, n_estimators=1000, subsample=0.8;, score=0.694 total time=  44.3s
[CV 2/3] END colsample_bytree=0.6, learning_rate=0.1, max_depth=7, n_estimators=1200, subsample=0.7;, score=0.563 total time= 3.3min
[CV 1/3] END colsample_bytree=0.9, learning_rate=0.1, max_depth=3, n_estimators=1200, subsample=0.8;, score=0.659 total time= 1.1min
[CV 3/3] END colsample_bytree=1.0, learning_rate=0.05, max_depth=9, n_estimators=800, subsample=0.7;, score=0.734 total time= 2.8min
[CV 2/3] END colsample_bytree=0.6, learning_rate=0.05, max_depth=7, n_estimators=800, subsample=0.7;, score=0.570 total time= 2.3min
[CV 2/3] END colsample_bytree=0.7, learning_rate=0.1, max_depth=3, n_estimators=1000, subsample=0.8;, score=0.577 total time=  52.0s
[CV 2/3] END colsample_bytree=0.7, learning_rate=0.01, max_depth=3, n_estimators=1000, subsample=0.8;, score=0.525 total time=  59.4s
[CV 1/3] END colsample_bytree=0.6, learning_rate=0.1, max_depth=7, n_estimators=1200, subsample=0.7;, score=0.665 total time= 3.4min
[CV 2/3] END colsample_bytree=0.7, learning_rate=0.05, max_depth=3, n_estimators=200, subsample=0.8;, score=0.504 total time=  14.4s
[CV 2/3] END colsample_bytree=0.7, learning_rate=0.05, max_depth=3, n_estimators=1000, subsample=0.9;, score=0.568 total time=  51.8s
[CV 1/3] END colsample_bytree=1.0, learning_rate=0.05, max_depth=9, n_estimators=800, subsample=0.7;, score=0.690 total time= 3.8min
[CV 2/3] END colsample_bytree=0.9, learning_rate=0.01, max_depth=7, n_estimators=200, subsample=0.9;, score=0.418 total time= 1.3min
[CV 1/3] END colsample_bytree=0.7, learning_rate=0.05, max_depth=3, n_estimators=200, subsample=0.8;, score=0.644 total time=  33.2s
[CV 1/3] END colsample_bytree=0.7, learning_rate=0.05, max_depth=3, n_estimators=1000, subsample=0.9;, score=0.657 total time= 2.0min
[CV 1/3] END colsample_bytree=0.9, learning_rate=0.05, max_depth=3, n_estimators=500, subsample=1.0;, score=0.650 total time=  56.0s
[CV 1/3] END colsample_bytree=0.6, learning_rate=0.01, max_depth=9, n_estimators=500, subsample=0.6;, score=0.679 total time= 2.0min
[CV 2/3] END colsample_bytree=0.9, learning_rate=0.1, max_depth=3, n_estimators=1200, subsample=0.8;, score=0.547 total time= 1.1min
[CV 2/3] END colsample_bytree=1.0, learning_rate=0.05, max_depth=9, n_estimators=800, subsample=0.7;, score=0.537 total time= 3.6min
[CV 1/3] END colsample_bytree=0.7, learning_rate=0.05, max_depth=9, n_estimators=1000, subsample=1.0;, score=0.697 total time= 4.6min
[CV 3/3] END colsample_bytree=0.9, learning_rate=0.01, max_depth=9, n_estimators=1000, subsample=0.7;, score=0.750 total time= 3.0min
[CV 3/3] END colsample_bytree=1.0, learning_rate=0.01, max_depth=7, n_estimators=300, subsample=0.6;, score=0.712 total time=  43.2s
[CV 1/3] END colsample_bytree=0.9, learning_rate=0.05, max_depth=7, n_estimators=1200, subsample=0.7;, score=0.681 total time= 3.8min
[CV 3/3] END colsample_bytree=0.7, learning_rate=0.05, max_depth=3, n_estimators=800, subsample=0.9;, score=0.690 total time=  31.9s
[CV 3/3] END colsample_bytree=0.9, learning_rate=0.05, max_depth=5, n_estimators=200, subsample=1.0;, score=0.723 total time=  17.0s
[CV 2/3] END colsample_bytree=0.9, learning_rate=0.01, max_depth=3, n_estimators=1000, subsample=0.8;, score=0.512 total time= 1.0min
[CV 2/3] END colsample_bytree=0.7, learning_rate=0.01, max_depth=5, n_estimators=800, subsample=1.0;, score=0.533 total time= 1.5min
[CV 2/3] END colsample_bytree=0.8, learning_rate=0.05, max_depth=9, n_estimators=100, subsample=0.8;, score=0.499 total time=  35.7s
[CV 1/3] END colsample_bytree=0.6, learning_rate=0.05, max_depth=7, n_estimators=800, subsample=0.7;, score=0.679 total time= 2.2min
[CV 1/3] END colsample_bytree=0.7, learning_rate=0.1, max_depth=3, n_estimators=1000, subsample=0.8;, score=0.657 total time=  52.7s
[CV 3/3] END colsample_bytree=0.9, learning_rate=0.01, max_depth=7, n_estimators=1200, subsample=0.8;, score=0.730 total time= 2.4min
[CV 3/3] END colsample_bytree=0.6, learning_rate=0.1, max_depth=7, n_estimators=1200, subsample=0.7;, score=0.686 total time= 2.3min
[CV 3/3] END colsample_bytree=0.7, learning_rate=0.05, max_depth=3, n_estimators=200, subsample=0.8;, score=0.690 total time=  10.4s
[CV 3/3] END colsample_bytree=0.7, learning_rate=0.05, max_depth=3, n_estimators=1000, subsample=0.9;, score=0.681 total time=  38.8s
[CV 3/3] END colsample_bytree=0.9, learning_rate=0.1, max_depth=3, n_estimators=1200, subsample=0.8;, score=0.618 total time=  49.1s
[CV 1/3] END colsample_bytree=1.0, learning_rate=0.01, max_depth=3, n_estimators=200, subsample=0.8;, score=0.568 total time=  13.5s
[CV 2/3] END colsample_bytree=1.0, learning_rate=0.01, max_depth=3, n_estimators=200, subsample=0.8;, score=0.342 total time=  14.5s
[CV 2/3] END colsample_bytree=0.9, learning_rate=0.05, max_depth=3, n_estimators=500, subsample=1.0;, score=0.541 total time=  26.6s
[CV 2/3] END colsample_bytree=0.9, learning_rate=0.01, max_depth=9, n_estimators=1000, subsample=0.7;, score=0.543 total time= 3.9min
[CV 1/3] END colsample_bytree=0.7, learning_rate=0.1, max_depth=5, n_estimators=200, subsample=1.0;, score=0.652 total time=  16.5s
[CV 1/3] END colsample_bytree=1.0, learning_rate=0.01, max_depth=7, n_estimators=1000, subsample=0.6;, score=0.662 total time= 2.4min
[CV 1/3] END colsample_bytree=1.0, learning_rate=0.01, max_depth=3, n_estimators=500, subsample=1.0;, score=0.630 total time=  29.3s
[CV 3/3] END colsample_bytree=0.6, learning_rate=0.01, max_depth=9, n_estimators=500, subsample=0.6;, score=0.754 total time= 1.4min
[CV 2/3] END colsample_bytree=1.0, learning_rate=0.05, max_depth=9, n_estimators=200, subsample=0.7;, score=0.512 total time=  48.3s
[CV 3/3] END colsample_bytree=1.0, learning_rate=0.01, max_depth=9, n_estimators=500, subsample=1.0;, score=0.742 total time= 1.7min
[CV 3/3] END colsample_bytree=0.7, learning_rate=0.1, max_depth=5, n_estimators=200, subsample=1.0;, score=0.714 total time=  12.2s
[CV 1/3] END colsample_bytree=1.0, learning_rate=0.05, max_depth=9, n_estimators=200, subsample=0.7;, score=0.675 total time=  50.1s
[CV 1/3] END colsample_bytree=1.0, learning_rate=0.01, max_depth=9, n_estimators=500, subsample=1.0;, score=0.666 total time= 2.3min
[CV 2/3] END colsample_bytree=0.7, learning_rate=0.1, max_depth=5, n_estimators=200, subsample=1.0;, score=0.537 total time=  16.7s
[CV 3/3] END colsample_bytree=1.0, learning_rate=0.01, max_depth=7, n_estimators=1000, subsample=0.6;, score=0.730 total time= 1.7min
[CV 3/3] END colsample_bytree=0.8, learning_rate=0.05, max_depth=9, n_estimators=500, subsample=0.9;, score=0.746 total time= 1.4min
[CV 3/3] END colsample_bytree=1.0, learning_rate=0.05, max_depth=9, n_estimators=200, subsample=0.7;, score=0.747 total time=  39.5s
[CV 2/3] END colsample_bytree=0.8, learning_rate=0.05, max_depth=9, n_estimators=500, subsample=0.9;, score=0.549 total time= 2.0min
[CV 1/3] END colsample_bytree=0.7, learning_rate=0.05, max_depth=3, n_estimators=100, subsample=1.0;, score=0.632 total time=   7.6s
[CV 3/3] END colsample_bytree=1.0, learning_rate=0.01, max_depth=3, n_estimators=500, subsample=1.0;, score=0.681 total time=  21.3s
[CV 1/3] END colsample_bytree=1.0, learning_rate=0.1, max_depth=9, n_estimators=200, subsample=0.8;, score=0.671 total time=  51.5s
[CV 1/3] END colsample_bytree=1.0, learning_rate=0.1, max_depth=7, n_estimators=200, subsample=0.6;, score=0.668 total time=  32.4s
[CV 2/3] END colsample_bytree=0.6, learning_rate=0.05, max_depth=9, n_estimators=200, subsample=0.7;, score=0.513 total time=  49.4s
[CV 3/3] END colsample_bytree=0.6, learning_rate=0.1, max_depth=3, n_estimators=500, subsample=0.8;, score=0.689 total time=  19.0s
[CV 3/3] END colsample_bytree=0.7, learning_rate=0.1, max_depth=7, n_estimators=500, subsample=0.6;, score=0.716 total time=  51.4s
[CV 3/3] END colsample_bytree=0.8, learning_rate=0.01, max_depth=9, n_estimators=1000, subsample=1.0;, score=0.750 total time= 3.0min
[CV 2/3] END colsample_bytree=0.7, learning_rate=0.05, max_depth=3, n_estimators=100, subsample=1.0;, score=0.486 total time=   7.6s
[CV 2/3] END colsample_bytree=0.8, learning_rate=0.01, max_depth=9, n_estimators=1000, subsample=1.0;, score=0.547 total time= 4.1min
[CV 2/3] END colsample_bytree=1.0, learning_rate=0.01, max_depth=9, n_estimators=500, subsample=1.0;, score=0.507 total time= 2.3min
[CV 3/3] END colsample_bytree=0.7, learning_rate=0.05, max_depth=3, n_estimators=100, subsample=1.0;, score=0.678 total time=   5.6s
[CV 1/3] END colsample_bytree=0.8, learning_rate=0.01, max_depth=9, n_estimators=1000, subsample=1.0;, score=0.685 total time= 4.3min
[CV 2/3] END colsample_bytree=0.7, learning_rate=0.1, max_depth=7, n_estimators=500, subsample=0.6;, score=0.545 total time= 1.1min
[CV 2/3] END colsample_bytree=0.7, learning_rate=0.05, max_depth=5, n_estimators=800, subsample=0.9;, score=0.587 total time= 1.0min
[CV 2/3] END colsample_bytree=0.6, learning_rate=0.1, max_depth=3, n_estimators=500, subsample=0.8;, score=0.561 total time=  22.8s
[CV 3/3] END colsample_bytree=0.6, learning_rate=0.1, max_depth=7, n_estimators=500, subsample=0.7;, score=0.721 total time=  48.1s
[CV 3/3] END colsample_bytree=0.6, learning_rate=0.1, max_depth=9, n_estimators=1000, subsample=0.7;, score=0.729 total time= 2.6min
[CV 2/3] END colsample_bytree=0.6, learning_rate=0.05, max_depth=7, n_estimators=800, subsample=0.9;, score=0.569 total time= 1.7min
[CV 1/3] END colsample_bytree=1.0, learning_rate=0.05, max_depth=9, n_estimators=500, subsample=0.8;, score=0.685 total time= 2.1min
[CV 1/3] END colsample_bytree=0.6, learning_rate=0.05, max_depth=7, n_estimators=800, subsample=0.9;, score=0.680 total time= 1.9min
[CV 2/3] END colsample_bytree=1.0, learning_rate=0.05, max_depth=9, n_estimators=500, subsample=0.8;, score=0.548 total time= 2.2min
[CV 1/3] END colsample_bytree=0.8, learning_rate=0.01, max_depth=5, n_estimators=300, subsample=0.7;, score=0.631 total time=  35.9s
[CV 3/3] END colsample_bytree=0.9, learning_rate=0.1, max_depth=9, n_estimators=500, subsample=1.0;, score=0.715 total time= 1.5min
[CV 3/3] END colsample_bytree=0.6, learning_rate=0.01, max_depth=7, n_estimators=1200, subsample=0.6;, score=0.745 total time= 2.0min
[CV 3/3] END colsample_bytree=0.6, learning_rate=0.01, max_depth=9, n_estimators=200, subsample=0.7;, score=0.703 total time=  36.3s
[CV 3/3] END colsample_bytree=0.6, learning_rate=0.05, max_depth=9, n_estimators=200, subsample=1.0;, score=0.761 total time=  34.0s
[CV 2/3] END colsample_bytree=0.9, learning_rate=0.1, max_depth=9, n_estimators=500, subsample=1.0;, score=0.532 total time= 2.0min
[CV 3/3] END colsample_bytree=0.7, learning_rate=0.01, max_depth=9, n_estimators=300, subsample=0.9;, score=0.733 total time=  57.1s
[CV 3/3] END colsample_bytree=0.6, learning_rate=0.05, max_depth=7, n_estimators=800, subsample=0.9;, score=0.732 total time= 1.3min
[CV 1/3] END colsample_bytree=0.6, learning_rate=0.1, max_depth=7, n_estimators=500, subsample=0.8;, score=0.665 total time= 1.2min
[CV 1/3] END colsample_bytree=0.9, learning_rate=0.05, max_depth=5, n_estimators=100, subsample=0.7;, score=0.641 total time=  13.3s
[CV 2/3] END colsample_bytree=0.9, learning_rate=0.05, max_depth=5, n_estimators=100, subsample=0.7;, score=0.493 total time=  13.5s
[CV 2/3] END colsample_bytree=0.6, learning_rate=0.01, max_depth=9, n_estimators=200, subsample=0.7;, score=0.449 total time=  55.0s
[CV 3/3] END colsample_bytree=0.8, learning_rate=0.01, max_depth=5, n_estimators=300, subsample=0.7;, score=0.693 total time=  24.3s
[CV 1/3] END colsample_bytree=0.9, learning_rate=0.1, max_depth=9, n_estimators=500, subsample=1.0;, score=0.679 total time= 2.1min
[CV 2/3] END colsample_bytree=0.8, learning_rate=0.1, max_depth=9, n_estimators=1200, subsample=1.0;, score=0.505 total time= 5.5min
[CV 1/3] END colsample_bytree=0.9, learning_rate=0.01, max_depth=7, n_estimators=200, subsample=0.9;, score=0.621 total time=  42.9s
[CV 3/3] END colsample_bytree=0.7, learning_rate=0.05, max_depth=9, n_estimators=1000, subsample=1.0;, score=0.739 total time= 3.2min
[CV 3/3] END colsample_bytree=1.0, learning_rate=0.01, max_depth=3, n_estimators=200, subsample=0.8;, score=0.618 total time=  10.2s
[CV 3/3] END colsample_bytree=0.9, learning_rate=0.05, max_depth=3, n_estimators=500, subsample=1.0;, score=0.677 total time=  20.5s
[CV 1/3] END colsample_bytree=0.9, learning_rate=0.01, max_depth=9, n_estimators=1000, subsample=0.7;, score=0.681 total time= 4.1min
[CV 1/3] END colsample_bytree=0.8, learning_rate=0.05, max_depth=9, n_estimators=500, subsample=0.9;, score=0.687 total time= 2.0min
[CV 3/3] END colsample_bytree=1.0, learning_rate=0.1, max_depth=9, n_estimators=200, subsample=0.8;, score=0.731 total time=  37.5s
[CV 3/3] END colsample_bytree=1.0, learning_rate=0.1, max_depth=7, n_estimators=200, subsample=0.6;, score=0.711 total time=  22.7s
[CV 3/3] END colsample_bytree=0.7, learning_rate=0.05, max_depth=5, n_estimators=800, subsample=0.9;, score=0.708 total time=  48.4s
[CV 1/3] END colsample_bytree=0.6, learning_rate=0.1, max_depth=3, n_estimators=500, subsample=0.8;, score=0.659 total time=  24.5s
[CV 2/3] END colsample_bytree=0.6, learning_rate=0.1, max_depth=7, n_estimators=500, subsample=0.7;, score=0.561 total time= 1.2min
[CV 2/3] END colsample_bytree=0.7, learning_rate=0.01, max_depth=9, n_estimators=300, subsample=0.9;, score=0.496 total time= 1.4min
[CV 2/3] END colsample_bytree=0.9, learning_rate=0.1, max_depth=5, n_estimators=200, subsample=0.8;, score=0.534 total time=  19.3s
[CV 2/3] END colsample_bytree=0.6, learning_rate=0.01, max_depth=7, n_estimators=1200, subsample=0.6;, score=0.576 total time= 2.9min
[CV 1/3] END colsample_bytree=0.6, learning_rate=0.05, max_depth=9, n_estimators=200, subsample=1.0;, score=0.676 total time=  51.9s
[CV 1/3] END colsample_bytree=0.9, learning_rate=0.1, max_depth=3, n_estimators=200, subsample=1.0;, score=0.648 total time=  11.6s
[CV 1/3] END colsample_bytree=0.9, learning_rate=0.05, max_depth=7, n_estimators=100, subsample=1.0;, score=0.658 total time=  19.4s
[CV 1/3] END colsample_bytree=0.9, learning_rate=0.05, max_depth=3, n_estimators=1000, subsample=0.9;, score=0.654 total time=  48.7s
[CV 1/3] END colsample_bytree=0.6, learning_rate=0.05, max_depth=5, n_estimators=200, subsample=1.0;, score=0.650 total time=  20.4s
[CV 1/3] END colsample_bytree=0.6, learning_rate=0.05, max_depth=7, n_estimators=100, subsample=0.6;, score=0.653 total time=  19.3s
[CV 2/3] END colsample_bytree=0.7, learning_rate=0.01, max_depth=5, n_estimators=800, subsample=0.9;, score=0.539 total time= 1.3min
[CV 1/3] END colsample_bytree=1.0, learning_rate=0.1, max_depth=3, n_estimators=100, subsample=1.0;, score=0.641 total time=   7.2s
[CV 3/3] END colsample_bytree=0.8, learning_rate=0.05, max_depth=7, n_estimators=500, subsample=0.8;, score=0.721 total time=  51.7s
[CV 1/3] END colsample_bytree=0.8, learning_rate=0.05, max_depth=7, n_estimators=100, subsample=0.6;, score=0.656 total time=  18.9s
[CV 3/3] END colsample_bytree=0.8, learning_rate=0.05, max_depth=7, n_estimators=100, subsample=0.6;, score=0.731 total time=  12.7s
[CV 2/3] END colsample_bytree=1.0, learning_rate=0.01, max_depth=3, n_estimators=200, subsample=0.7;, score=0.343 total time=  12.9s
[CV 1/3] END colsample_bytree=0.6, learning_rate=0.1, max_depth=7, n_estimators=300, subsample=0.7;, score=0.659 total time=  42.6s
[CV 3/3] END colsample_bytree=0.9, learning_rate=0.05, max_depth=3, n_estimators=1000, subsample=0.9;, score=0.663 total time=  35.4s
[CV 3/3] END colsample_bytree=0.6, learning_rate=0.05, max_depth=5, n_estimators=200, subsample=1.0;, score=0.717 total time=  13.6s
[CV 2/3] END colsample_bytree=0.6, learning_rate=0.05, max_depth=7, n_estimators=100, subsample=0.6;, score=0.518 total time=  18.1s
[CV 1/3] END colsample_bytree=0.9, learning_rate=0.01, max_depth=7, n_estimators=300, subsample=0.7;, score=0.643 total time=  53.2s
[CV 1/3] END colsample_bytree=0.8, learning_rate=0.01, max_depth=3, n_estimators=200, subsample=1.0;, score=0.563 total time=  12.1s
[CV 3/3] END colsample_bytree=0.8, learning_rate=0.01, max_depth=3, n_estimators=200, subsample=1.0;, score=0.615 total time=   9.1s
[CV 1/3] END colsample_bytree=0.8, learning_rate=0.05, max_depth=7, n_estimators=500, subsample=0.8;, score=0.674 total time= 1.2min
[CV 2/3] END colsample_bytree=1.0, learning_rate=0.1, max_depth=9, n_estimators=200, subsample=0.8;, score=0.525 total time=  50.3s
[CV 2/3] END colsample_bytree=1.0, learning_rate=0.1, max_depth=7, n_estimators=200, subsample=0.6;, score=0.539 total time=  31.4s
[CV 1/3] END colsample_bytree=0.6, learning_rate=0.05, max_depth=9, n_estimators=200, subsample=0.7;, score=0.680 total time=  51.1s
[CV 1/3] END colsample_bytree=0.6, learning_rate=0.1, max_depth=7, n_estimators=500, subsample=0.7;, score=0.661 total time= 1.2min
[CV 1/3] END colsample_bytree=0.7, learning_rate=0.01, max_depth=9, n_estimators=300, subsample=0.9;, score=0.665 total time= 1.4min
[CV 1/3] END colsample_bytree=0.9, learning_rate=0.1, max_depth=5, n_estimators=200, subsample=0.8;, score=0.657 total time=  19.5s
[CV 3/3] END colsample_bytree=0.9, learning_rate=0.1, max_depth=5, n_estimators=200, subsample=0.8;, score=0.707 total time=  13.8s
[CV 1/3] END colsample_bytree=0.6, learning_rate=0.01, max_depth=7, n_estimators=1200, subsample=0.6;, score=0.675 total time= 3.0min
[CV 2/3] END colsample_bytree=0.6, learning_rate=0.05, max_depth=9, n_estimators=200, subsample=1.0;, score=0.530 total time=  48.9s
[CV 2/3] END colsample_bytree=0.9, learning_rate=0.1, max_depth=3, n_estimators=200, subsample=1.0;, score=0.531 total time=  11.7s
[CV 2/3] END colsample_bytree=0.9, learning_rate=0.05, max_depth=7, n_estimators=100, subsample=1.0;, score=0.523 total time=  19.9s
[CV 2/3] END colsample_bytree=0.9, learning_rate=0.05, max_depth=3, n_estimators=1000, subsample=0.9;, score=0.542 total time=  46.7s
[CV 3/3] END colsample_bytree=0.7, learning_rate=0.01, max_depth=9, n_estimators=1200, subsample=0.6;, score=0.755 total time= 3.5min
[CV 1/3] END colsample_bytree=0.6, learning_rate=0.1, max_depth=9, n_estimators=1000, subsample=0.7;, score=0.684 total time= 3.9min
[CV 3/3] END colsample_bytree=0.6, learning_rate=0.1, max_depth=7, n_estimators=500, subsample=0.8;, score=0.731 total time=  51.4s
[CV 3/3] END colsample_bytree=1.0, learning_rate=0.05, max_depth=9, n_estimators=500, subsample=0.8;, score=0.735 total time= 1.6min
[CV 2/3] END colsample_bytree=0.8, learning_rate=0.05, max_depth=7, n_estimators=100, subsample=0.6;, score=0.489 total time=  20.1s
[CV 3/3] END colsample_bytree=0.9, learning_rate=0.1, max_depth=3, n_estimators=200, subsample=1.0;, score=0.672 total time=   8.9s
[CV 3/3] END colsample_bytree=1.0, learning_rate=0.01, max_depth=3, n_estimators=200, subsample=0.7;, score=0.618 total time=   9.7s
[CV 2/3] END colsample_bytree=0.6, learning_rate=0.1, max_depth=7, n_estimators=300, subsample=0.7;, score=0.555 total time=  45.5s
[CV 2/3] END colsample_bytree=0.7, learning_rate=0.01, max_depth=9, n_estimators=1200, subsample=0.6;, score=0.558 total time= 4.9min
[CV 2/3] END colsample_bytree=0.7, learning_rate=0.05, max_depth=9, n_estimators=1000, subsample=1.0;, score=0.533 total time= 4.4min
[CV 2/3] END colsample_bytree=0.6, learning_rate=0.01, max_depth=9, n_estimators=500, subsample=0.6;, score=0.531 total time= 2.0min
[CV 2/3] END colsample_bytree=1.0, learning_rate=0.01, max_depth=7, n_estimators=1000, subsample=0.6;, score=0.537 total time= 2.4min
[CV 2/3] END colsample_bytree=1.0, learning_rate=0.01, max_depth=3, n_estimators=500, subsample=1.0;, score=0.475 total time=  28.0s
[CV 1/3] END colsample_bytree=0.7, learning_rate=0.1, max_depth=7, n_estimators=500, subsample=0.6;, score=0.682 total time= 1.2min
[CV 1/3] END colsample_bytree=0.7, learning_rate=0.05, max_depth=5, n_estimators=800, subsample=0.9;, score=0.667 total time= 1.1min
[CV 3/3] END colsample_bytree=0.6, learning_rate=0.05, max_depth=9, n_estimators=200, subsample=0.7;, score=0.757 total time=  34.6s
[CV 2/3] END colsample_bytree=0.6, learning_rate=0.1, max_depth=9, n_estimators=1000, subsample=0.7;, score=0.500 total time= 3.8min
[CV 2/3] END colsample_bytree=0.6, learning_rate=0.1, max_depth=7, n_estimators=500, subsample=0.8;, score=0.511 total time= 1.2min
[CV 3/3] END colsample_bytree=0.9, learning_rate=0.05, max_depth=5, n_estimators=100, subsample=0.7;, score=0.709 total time=   9.3s
[CV 1/3] END colsample_bytree=0.6, learning_rate=0.01, max_depth=9, n_estimators=200, subsample=0.7;, score=0.632 total time=  53.9s
[CV 2/3] END colsample_bytree=0.8, learning_rate=0.01, max_depth=5, n_estimators=300, subsample=0.7;, score=0.473 total time=  36.5s
[CV 1/3] END colsample_bytree=1.0, learning_rate=0.01, max_depth=3, n_estimators=200, subsample=0.7;, score=0.567 total time=  12.7s
[CV 3/3] END colsample_bytree=0.9, learning_rate=0.05, max_depth=7, n_estimators=100, subsample=1.0;, score=0.728 total time=  13.0s
[CV 3/3] END colsample_bytree=0.6, learning_rate=0.1, max_depth=7, n_estimators=300, subsample=0.7;, score=0.728 total time=  32.4s
[CV 1/3] END colsample_bytree=0.7, learning_rate=0.01, max_depth=9, n_estimators=1200, subsample=0.6;, score=0.688 total time= 5.0min
[CV 1/3] END colsample_bytree=0.7, learning_rate=0.01, max_depth=5, n_estimators=800, subsample=0.9;, score=0.652 total time= 1.3min
[CV 3/3] END colsample_bytree=1.0, learning_rate=0.1, max_depth=3, n_estimators=100, subsample=1.0;, score=0.685 total time=   5.4s
[CV 2/3] END colsample_bytree=0.8, learning_rate=0.05, max_depth=7, n_estimators=500, subsample=0.8;, score=0.562 total time= 1.2min
[CV 3/3] END colsample_bytree=0.7, learning_rate=0.01, max_depth=5, n_estimators=800, subsample=0.9;, score=0.721 total time=  53.7s
[CV 3/3] END colsample_bytree=0.9, learning_rate=0.01, max_depth=7, n_estimators=300, subsample=0.7;, score=0.711 total time=  35.5s
[CV 2/3] END colsample_bytree=0.6, learning_rate=0.1, max_depth=3, n_estimators=500, subsample=0.9;, score=0.551 total time=  22.8s
[CV 1/3] END colsample_bytree=0.6, learning_rate=0.01, max_depth=5, n_estimators=800, subsample=0.7;, score=0.655 total time= 1.2min
[CV 3/3] END colsample_bytree=0.6, learning_rate=0.01, max_depth=5, n_estimators=800, subsample=0.7;, score=0.721 total time=  54.9s
[CV 2/3] END colsample_bytree=0.6, learning_rate=0.05, max_depth=5, n_estimators=200, subsample=1.0;, score=0.546 total time=  20.7s
[CV 3/3] END colsample_bytree=0.6, learning_rate=0.05, max_depth=7, n_estimators=100, subsample=0.6;, score=0.735 total time=  12.7s
[CV 2/3] END colsample_bytree=0.9, learning_rate=0.01, max_depth=7, n_estimators=300, subsample=0.7;, score=0.482 total time=  58.2s
[CV 2/3] END colsample_bytree=0.8, learning_rate=0.01, max_depth=3, n_estimators=200, subsample=1.0;, score=0.350 total time=  12.8s
[CV 2/3] END colsample_bytree=1.0, learning_rate=0.1, max_depth=3, n_estimators=100, subsample=1.0;, score=0.498 total time=   7.2s
[CV 1/3] END colsample_bytree=0.6, learning_rate=0.1, max_depth=3, n_estimators=500, subsample=0.9;, score=0.657 total time=  24.6s
[CV 3/3] END colsample_bytree=0.6, learning_rate=0.1, max_depth=3, n_estimators=500, subsample=0.9;, score=0.690 total time=  18.9s
[CV 2/3] END colsample_bytree=0.6, learning_rate=0.01, max_depth=5, n_estimators=800, subsample=0.7;, score=0.551 total time= 1.2min
xgb 86.0% stations have KGE > 0
xgb 63.0% stations have KGE > 0.3
xgb 86.0% stations have R2 >= 0.3
xgb Median KGE   is 0.41   Ave KGE   is -0.44
xgb Median r     is 0.76   Ave r     is 0.71
xgb Median nRMSE is 24.43   Ave nRMSE is 7188.2

real	67m37.984s
user	867m14.902s
sys	3m18.673s
