attr_name: ['BDTICM', 'elevation', 'slope', 'sedimentary', 'plutonic', 'volcanic', 'metamorphic', 'clay', 'sand', 'silt', 'Porosity_x', 'logK_Ice_x', 'year', 'climate', 'season_id', 'basin_id', 'ohdb_latitude', 'ohdb_longitude', 'res_darea_normalize', 'Year_ave', 'Main_Purpose_id', 'form_factor', 'LAI']
delta_feature: 10
device: cpu
even: False
feature: ImperviousSurface
fname: ../data/Qmax7_final_dataset_seasonal4.pkl
gpu: False
iteration: 30
log: True
lulc_name: ['ImperviousSurface']
m3s: False
meteo_name: ['p', 'tmax', 'tmin', 'swd', 'snowmelt', 'smrz']
min_interval: 0
mode: noLULC
model: xgb
num_workers: 8
purpose: cv
run_dir: ../results/run_Qmax7_onlyUrban_0506_1359_seed824956
seed: 824956
target: Qmax7
n_iter: 100
n_explain: 100
Fitting 3 folds for each of 100 candidates, totalling 300 fits
[CV 1/3] END colsample_bytree=1.0, learning_rate=0.05, max_depth=7, n_estimators=1000, subsample=0.6;, score=0.889 total time= 2.6min
[CV 2/3] END colsample_bytree=0.7, learning_rate=0.01, max_depth=9, n_estimators=1000, subsample=1.0;, score=0.873 total time= 4.1min
/home/cenv1021/.local/lib/python3.9/site-packages/joblib/externals/loky/process_executor.py:752: UserWarning: A worker stopped while some jobs were given to the executor. This can be caused by a too short worker timeout or by a memory leak.
  warnings.warn(
[CV 2/3] END colsample_bytree=1.0, learning_rate=0.05, max_depth=7, n_estimators=1000, subsample=0.6;, score=0.889 total time= 2.6min
[CV 3/3] END colsample_bytree=0.7, learning_rate=0.01, max_depth=9, n_estimators=1000, subsample=1.0;, score=0.871 total time= 4.1min
[CV 3/3] END colsample_bytree=1.0, learning_rate=0.05, max_depth=7, n_estimators=1000, subsample=0.6;, score=0.888 total time= 2.6min
[CV 1/3] END colsample_bytree=0.7, learning_rate=0.01, max_depth=9, n_estimators=1000, subsample=1.0;, score=0.872 total time= 4.2min
[CV 2/3] END colsample_bytree=1.0, learning_rate=0.05, max_depth=3, n_estimators=500, subsample=1.0;, score=0.772 total time=  22.2s
[CV 2/3] END colsample_bytree=0.7, learning_rate=0.01, max_depth=9, n_estimators=200, subsample=0.8;, score=0.779 total time=  50.4s
[CV 1/3] END colsample_bytree=1.0, learning_rate=0.1, max_depth=3, n_estimators=500, subsample=1.0;, score=0.796 total time=  22.0s
[CV 3/3] END colsample_bytree=1.0, learning_rate=0.1, max_depth=3, n_estimators=500, subsample=1.0;, score=0.798 total time=  22.6s
[CV 2/3] END colsample_bytree=0.9, learning_rate=0.1, max_depth=3, n_estimators=1000, subsample=0.8;, score=0.822 total time=  45.7s
[CV 2/3] END colsample_bytree=0.7, learning_rate=0.05, max_depth=3, n_estimators=500, subsample=0.6;, score=0.771 total time=  24.1s
[CV 2/3] END colsample_bytree=0.9, learning_rate=0.01, max_depth=9, n_estimators=300, subsample=0.6;, score=0.815 total time= 1.5min
[CV 2/3] END colsample_bytree=1.0, learning_rate=0.05, max_depth=7, n_estimators=100, subsample=0.9;, score=0.807 total time=  18.7s
[CV 1/3] END colsample_bytree=1.0, learning_rate=0.1, max_depth=7, n_estimators=800, subsample=0.9;, score=0.900 total time= 1.9min
[CV 3/3] END colsample_bytree=1.0, learning_rate=0.05, max_depth=3, n_estimators=500, subsample=1.0;, score=0.771 total time=  22.0s
[CV 3/3] END colsample_bytree=0.8, learning_rate=0.01, max_depth=3, n_estimators=500, subsample=1.0;, score=0.708 total time=  24.9s
[CV 2/3] END colsample_bytree=0.7, learning_rate=0.05, max_depth=7, n_estimators=1000, subsample=1.0;, score=0.887 total time= 2.2min
[CV 3/3] END colsample_bytree=0.7, learning_rate=0.05, max_depth=3, n_estimators=500, subsample=0.6;, score=0.770 total time=  24.1s
[CV 2/3] END colsample_bytree=0.9, learning_rate=0.1, max_depth=3, n_estimators=500, subsample=0.6;, score=0.798 total time=  25.7s
[CV 1/3] END colsample_bytree=1.0, learning_rate=0.1, max_depth=5, n_estimators=100, subsample=1.0;, score=0.789 total time=  11.1s
[CV 2/3] END colsample_bytree=1.0, learning_rate=0.1, max_depth=5, n_estimators=100, subsample=1.0;, score=0.790 total time=  11.5s
[CV 1/3] END colsample_bytree=0.6, learning_rate=0.1, max_depth=9, n_estimators=1000, subsample=0.9;, score=0.924 total time= 3.6min
[CV 2/3] END colsample_bytree=0.8, learning_rate=0.01, max_depth=3, n_estimators=500, subsample=1.0;, score=0.710 total time=  25.0s
[CV 1/3] END colsample_bytree=0.7, learning_rate=0.05, max_depth=7, n_estimators=1000, subsample=1.0;, score=0.887 total time= 2.2min
[CV 1/3] END colsample_bytree=0.7, learning_rate=0.05, max_depth=3, n_estimators=500, subsample=0.6;, score=0.770 total time=  22.9s
[CV 1/3] END colsample_bytree=0.9, learning_rate=0.01, max_depth=9, n_estimators=300, subsample=0.6;, score=0.815 total time= 1.3min
[CV 3/3] END colsample_bytree=0.6, learning_rate=0.1, max_depth=9, n_estimators=1000, subsample=0.9;, score=0.923 total time= 3.6min
[CV 1/3] END colsample_bytree=1.0, learning_rate=0.05, max_depth=3, n_estimators=500, subsample=1.0;, score=0.771 total time=  22.0s
[CV 1/3] END colsample_bytree=0.7, learning_rate=0.01, max_depth=9, n_estimators=200, subsample=0.8;, score=0.777 total time=  50.0s
[CV 3/3] END colsample_bytree=0.7, learning_rate=0.05, max_depth=7, n_estimators=1000, subsample=1.0;, score=0.886 total time= 2.1min
[CV 1/3] END colsample_bytree=0.9, learning_rate=0.1, max_depth=3, n_estimators=500, subsample=0.6;, score=0.798 total time=  24.8s
[CV 3/3] END colsample_bytree=0.9, learning_rate=0.1, max_depth=3, n_estimators=500, subsample=0.6;, score=0.797 total time=  24.5s
[CV 3/3] END colsample_bytree=1.0, learning_rate=0.1, max_depth=5, n_estimators=100, subsample=1.0;, score=0.787 total time=  10.3s
[CV 2/3] END colsample_bytree=0.6, learning_rate=0.1, max_depth=9, n_estimators=1000, subsample=0.9;, score=0.924 total time= 3.6min
[CV 1/3] END colsample_bytree=0.9, learning_rate=0.1, max_depth=3, n_estimators=300, subsample=1.0;, score=0.777 total time=  13.9s
[CV 1/3] END colsample_bytree=1.0, learning_rate=0.05, max_depth=9, n_estimators=300, subsample=0.6;, score=0.882 total time= 1.3min
[CV 2/3] END colsample_bytree=0.7, learning_rate=0.05, max_depth=9, n_estimators=500, subsample=0.7;, score=0.898 total time= 2.0min
[CV 2/3] END colsample_bytree=0.9, learning_rate=0.1, max_depth=3, n_estimators=300, subsample=1.0;, score=0.778 total time=  14.0s
[CV 2/3] END colsample_bytree=1.0, learning_rate=0.05, max_depth=9, n_estimators=300, subsample=0.6;, score=0.882 total time= 1.3min
[CV 3/3] END colsample_bytree=0.7, learning_rate=0.05, max_depth=9, n_estimators=500, subsample=0.7;, score=0.896 total time= 2.0min
[CV 3/3] END colsample_bytree=0.9, learning_rate=0.05, max_depth=5, n_estimators=300, subsample=1.0;, score=0.804 total time=  25.2s
[CV 3/3] END colsample_bytree=1.0, learning_rate=0.05, max_depth=9, n_estimators=300, subsample=0.6;, score=0.881 total time= 1.3min
[CV 3/3] END colsample_bytree=0.8, learning_rate=0.05, max_depth=7, n_estimators=1000, subsample=0.9;, score=0.888 total time= 2.3min
[CV 1/3] END colsample_bytree=0.7, learning_rate=0.05, max_depth=5, n_estimators=200, subsample=0.8;, score=0.789 total time=  18.0s
[CV 1/3] END colsample_bytree=0.8, learning_rate=0.1, max_depth=9, n_estimators=500, subsample=0.7;, score=0.912 total time= 2.0min
[CV 2/3] END colsample_bytree=0.8, learning_rate=0.1, max_depth=7, n_estimators=1000, subsample=1.0;, score=0.905 total time= 2.1min
[CV 1/3] END colsample_bytree=0.8, learning_rate=0.1, max_depth=7, n_estimators=100, subsample=0.6;, score=0.833 total time=  16.0s
[CV 3/3] END colsample_bytree=0.8, learning_rate=0.1, max_depth=7, n_estimators=100, subsample=0.6;, score=0.832 total time=  16.0s
[CV 2/3] END colsample_bytree=0.8, learning_rate=0.05, max_depth=7, n_estimators=1000, subsample=0.9;, score=0.889 total time= 2.2min
[CV 1/3] END colsample_bytree=0.6, learning_rate=0.05, max_depth=3, n_estimators=300, subsample=0.6;, score=0.751 total time=  14.8s
[CV 3/3] END colsample_bytree=0.7, learning_rate=0.05, max_depth=5, n_estimators=200, subsample=0.8;, score=0.789 total time=  18.7s
[CV 1/3] END colsample_bytree=0.7, learning_rate=0.01, max_depth=9, n_estimators=1000, subsample=0.7;, score=0.872 total time= 4.0min
[CV 3/3] END colsample_bytree=0.6, learning_rate=0.1, max_depth=5, n_estimators=800, subsample=0.9;, score=0.864 total time= 1.0min
[CV 2/3] END colsample_bytree=0.7, learning_rate=0.01, max_depth=9, n_estimators=1000, subsample=0.7;, score=0.872 total time= 4.0min
[CV 1/3] END colsample_bytree=0.8, learning_rate=0.01, max_depth=3, n_estimators=500, subsample=1.0;, score=0.709 total time=  24.9s
[CV 3/3] END colsample_bytree=0.7, learning_rate=0.01, max_depth=9, n_estimators=200, subsample=0.8;, score=0.778 total time=  49.9s
[CV 2/3] END colsample_bytree=1.0, learning_rate=0.1, max_depth=3, n_estimators=500, subsample=1.0;, score=0.797 total time=  21.9s
[CV 1/3] END colsample_bytree=0.9, learning_rate=0.1, max_depth=3, n_estimators=1000, subsample=0.8;, score=0.821 total time=  44.8s
[CV 3/3] END colsample_bytree=0.9, learning_rate=0.1, max_depth=3, n_estimators=1000, subsample=0.8;, score=0.822 total time=  46.2s
[CV 3/3] END colsample_bytree=0.9, learning_rate=0.01, max_depth=9, n_estimators=300, subsample=0.6;, score=0.815 total time= 1.5min
[CV 1/3] END colsample_bytree=1.0, learning_rate=0.05, max_depth=7, n_estimators=100, subsample=0.9;, score=0.806 total time=  19.8s
[CV 3/3] END colsample_bytree=1.0, learning_rate=0.05, max_depth=7, n_estimators=100, subsample=0.9;, score=0.806 total time=  21.2s
[CV 2/3] END colsample_bytree=1.0, learning_rate=0.1, max_depth=7, n_estimators=800, subsample=0.9;, score=0.900 total time= 2.0min
[CV 1/3] END colsample_bytree=0.9, learning_rate=0.05, max_depth=5, n_estimators=300, subsample=1.0;, score=0.805 total time=  25.8s
[CV 2/3] END colsample_bytree=0.9, learning_rate=0.05, max_depth=5, n_estimators=300, subsample=1.0;, score=0.806 total time=  25.8s
[CV 3/3] END colsample_bytree=0.9, learning_rate=0.1, max_depth=3, n_estimators=300, subsample=1.0;, score=0.776 total time=  13.7s
[CV 1/3] END colsample_bytree=0.7, learning_rate=0.05, max_depth=9, n_estimators=300, subsample=0.7;, score=0.882 total time= 1.1min
[CV 1/3] END colsample_bytree=0.8, learning_rate=0.05, max_depth=7, n_estimators=1000, subsample=0.9;, score=0.889 total time= 2.3min
[CV 2/3] END colsample_bytree=0.6, learning_rate=0.05, max_depth=3, n_estimators=300, subsample=0.6;, score=0.751 total time=  15.0s
[CV 1/3] END colsample_bytree=0.8, learning_rate=0.05, max_depth=5, n_estimators=800, subsample=1.0;, score=0.843 total time= 1.0min
[CV 3/3] END colsample_bytree=0.7, learning_rate=0.01, max_depth=9, n_estimators=1000, subsample=0.7;, score=0.871 total time= 4.0min
[CV 1/3] END colsample_bytree=0.8, learning_rate=0.01, max_depth=7, n_estimators=1000, subsample=1.0;, score=0.833 total time= 2.3min
[CV 3/3] END colsample_bytree=0.6, learning_rate=0.1, max_depth=3, n_estimators=800, subsample=0.9;, score=0.811 total time=  33.0s
[CV 3/3] END colsample_bytree=0.8, learning_rate=0.05, max_depth=5, n_estimators=800, subsample=0.9;, score=0.842 total time= 1.0min
[CV 1/3] END colsample_bytree=0.9, learning_rate=0.1, max_depth=7, n_estimators=500, subsample=0.8;, score=0.888 total time= 1.2min
[CV 2/3] END colsample_bytree=1.0, learning_rate=0.05, max_depth=5, n_estimators=500, subsample=0.8;, score=0.827 total time=  41.0s
[CV 3/3] END colsample_bytree=0.9, learning_rate=0.1, max_depth=9, n_estimators=100, subsample=0.7;, score=0.867 total time=  25.8s
[CV 2/3] END colsample_bytree=1.0, learning_rate=0.1, max_depth=5, n_estimators=300, subsample=0.7;, score=0.833 total time=  25.8s
[CV 1/3] END colsample_bytree=0.8, learning_rate=0.1, max_depth=9, n_estimators=800, subsample=0.7;, score=0.921 total time= 3.2min
[CV 1/3] END colsample_bytree=0.7, learning_rate=0.05, max_depth=3, n_estimators=200, subsample=0.8;, score=0.738 total time=  10.8s
[CV 2/3] END colsample_bytree=0.7, learning_rate=0.05, max_depth=3, n_estimators=200, subsample=0.8;, score=0.739 total time=  10.7s
[CV 3/3] END colsample_bytree=0.6, learning_rate=0.05, max_depth=3, n_estimators=300, subsample=0.6;, score=0.751 total time=  15.0s
[CV 2/3] END colsample_bytree=0.8, learning_rate=0.05, max_depth=5, n_estimators=800, subsample=1.0;, score=0.843 total time= 1.0min
[CV 1/3] END colsample_bytree=0.6, learning_rate=0.05, max_depth=7, n_estimators=500, subsample=0.8;, score=0.866 total time= 1.1min
[CV 3/3] END colsample_bytree=0.6, learning_rate=0.05, max_depth=7, n_estimators=500, subsample=0.8;, score=0.866 total time= 1.1min
[CV 3/3] END colsample_bytree=0.9, learning_rate=0.05, max_depth=5, n_estimators=500, subsample=1.0;, score=0.824 total time=  39.5s
[CV 2/3] END colsample_bytree=0.6, learning_rate=0.05, max_depth=3, n_estimators=1000, subsample=1.0;, score=0.794 total time=  39.4s
[CV 2/3] END colsample_bytree=0.9, learning_rate=0.1, max_depth=3, n_estimators=300, subsample=0.7;, score=0.779 total time=  14.7s
[CV 2/3] END colsample_bytree=0.6, learning_rate=0.05, max_depth=5, n_estimators=300, subsample=0.6;, score=0.805 total time=  25.7s
[CV 1/3] END colsample_bytree=0.9, learning_rate=0.01, max_depth=5, n_estimators=300, subsample=0.9;, score=0.731 total time=  31.4s
[CV 3/3] END colsample_bytree=0.9, learning_rate=0.01, max_depth=5, n_estimators=300, subsample=0.9;, score=0.730 total time=  30.9s
[CV 1/3] END colsample_bytree=0.7, learning_rate=0.01, max_depth=5, n_estimators=1000, subsample=0.8;, score=0.790 total time= 1.4min
[CV 3/3] END colsample_bytree=0.9, learning_rate=0.01, max_depth=3, n_estimators=300, subsample=0.9;, score=0.672 total time=  16.3s
[CV 1/3] END colsample_bytree=0.8, learning_rate=0.01, max_depth=9, n_estimators=100, subsample=0.6;, score=0.649 total time=  27.8s
[CV 3/3] END colsample_bytree=1.0, learning_rate=0.1, max_depth=5, n_estimators=300, subsample=0.7;, score=0.833 total time=  26.0s
[CV 2/3] END colsample_bytree=0.8, learning_rate=0.1, max_depth=9, n_estimators=800, subsample=0.7;, score=0.920 total time= 3.2min
[CV 3/3] END colsample_bytree=1.0, learning_rate=0.1, max_depth=7, n_estimators=800, subsample=0.9;, score=0.899 total time= 1.9min
[CV 2/3] END colsample_bytree=0.7, learning_rate=0.05, max_depth=9, n_estimators=300, subsample=0.7;, score=0.883 total time= 1.1min
[CV 1/3] END colsample_bytree=1.0, learning_rate=0.1, max_depth=5, n_estimators=800, subsample=1.0;, score=0.867 total time= 1.0min
[CV 3/3] END colsample_bytree=1.0, learning_rate=0.1, max_depth=5, n_estimators=800, subsample=1.0;, score=0.867 total time= 1.0min
[CV 3/3] END colsample_bytree=0.7, learning_rate=0.05, max_depth=3, n_estimators=200, subsample=0.8;, score=0.737 total time=  10.7s
[CV 2/3] END colsample_bytree=0.7, learning_rate=0.05, max_depth=5, n_estimators=200, subsample=0.8;, score=0.789 total time=  17.9s
[CV 2/3] END colsample_bytree=0.8, learning_rate=0.1, max_depth=9, n_estimators=500, subsample=0.7;, score=0.912 total time= 2.0min
[CV 3/3] END colsample_bytree=0.8, learning_rate=0.01, max_depth=7, n_estimators=1000, subsample=1.0;, score=0.834 total time= 2.4min
[CV 3/3] END colsample_bytree=0.9, learning_rate=0.1, max_depth=3, n_estimators=300, subsample=0.7;, score=0.777 total time=  14.7s
[CV 3/3] END colsample_bytree=0.6, learning_rate=0.05, max_depth=5, n_estimators=300, subsample=0.6;, score=0.804 total time=  25.3s
[CV 2/3] END colsample_bytree=0.9, learning_rate=0.01, max_depth=5, n_estimators=300, subsample=0.9;, score=0.731 total time=  31.5s
[CV 1/3] END colsample_bytree=1.0, learning_rate=0.1, max_depth=5, n_estimators=300, subsample=1.0;, score=0.832 total time=  24.8s
[CV 2/3] END colsample_bytree=0.9, learning_rate=0.1, max_depth=7, n_estimators=500, subsample=0.8;, score=0.888 total time= 1.2min
[CV 3/3] END colsample_bytree=1.0, learning_rate=0.05, max_depth=5, n_estimators=500, subsample=0.8;, score=0.826 total time=  42.0s
[CV 2/3] END colsample_bytree=0.8, learning_rate=0.01, max_depth=9, n_estimators=100, subsample=0.6;, score=0.650 total time=  27.2s
[CV 1/3] END colsample_bytree=0.8, learning_rate=0.01, max_depth=7, n_estimators=200, subsample=0.9;, score=0.737 total time=  33.2s
[CV 3/3] END colsample_bytree=0.8, learning_rate=0.1, max_depth=9, n_estimators=800, subsample=0.7;, score=0.920 total time= 3.3min
[CV 2/3] END colsample_bytree=0.6, learning_rate=0.1, max_depth=3, n_estimators=800, subsample=0.9;, score=0.812 total time=  33.8s
[CV 1/3] END colsample_bytree=0.6, learning_rate=0.01, max_depth=3, n_estimators=1000, subsample=0.6;, score=0.738 total time=  46.9s
[CV 2/3] END colsample_bytree=1.0, learning_rate=0.1, max_depth=5, n_estimators=300, subsample=1.0;, score=0.833 total time=  25.1s
[CV 3/3] END colsample_bytree=0.9, learning_rate=0.1, max_depth=7, n_estimators=500, subsample=0.8;, score=0.887 total time= 1.2min
[CV 1/3] END colsample_bytree=0.9, learning_rate=0.01, max_depth=3, n_estimators=300, subsample=0.9;, score=0.673 total time=  16.3s
[CV 1/3] END colsample_bytree=0.6, learning_rate=0.01, max_depth=7, n_estimators=300, subsample=0.6;, score=0.775 total time=  46.6s
[CV 1/3] END colsample_bytree=0.9, learning_rate=0.05, max_depth=7, n_estimators=800, subsample=0.9;, score=0.882 total time= 1.8min
[CV 2/3] END colsample_bytree=0.9, learning_rate=0.01, max_depth=5, n_estimators=500, subsample=0.8;, score=0.763 total time=  49.3s
[CV 1/3] END colsample_bytree=0.9, learning_rate=0.1, max_depth=5, n_estimators=800, subsample=0.6;, score=0.867 total time= 1.2min
[CV 3/3] END colsample_bytree=0.9, learning_rate=0.1, max_depth=3, n_estimators=500, subsample=0.9;, score=0.796 total time=  22.4s
[CV 1/3] END colsample_bytree=1.0, learning_rate=0.01, max_depth=9, n_estimators=1000, subsample=0.8;, score=0.870 total time= 4.2min
[CV 2/3] END colsample_bytree=0.6, learning_rate=0.01, max_depth=3, n_estimators=1000, subsample=0.6;, score=0.739 total time=  46.9s
[CV 3/3] END colsample_bytree=1.0, learning_rate=0.1, max_depth=5, n_estimators=300, subsample=1.0;, score=0.832 total time=  25.0s
[CV 2/3] END colsample_bytree=0.7, learning_rate=0.01, max_depth=5, n_estimators=1000, subsample=0.8;, score=0.791 total time= 1.4min
[CV 2/3] END colsample_bytree=0.6, learning_rate=0.01, max_depth=7, n_estimators=300, subsample=0.6;, score=0.776 total time=  46.8s
[CV 2/3] END colsample_bytree=0.9, learning_rate=0.05, max_depth=7, n_estimators=800, subsample=0.9;, score=0.883 total time= 1.8min
[CV 3/3] END colsample_bytree=0.9, learning_rate=0.01, max_depth=5, n_estimators=500, subsample=0.8;, score=0.763 total time=  49.2s
[CV 2/3] END colsample_bytree=0.9, learning_rate=0.1, max_depth=5, n_estimators=800, subsample=0.6;, score=0.867 total time= 1.2min
[CV 2/3] END colsample_bytree=0.9, learning_rate=0.1, max_depth=3, n_estimators=500, subsample=0.9;, score=0.797 total time=  22.4s
[CV 2/3] END colsample_bytree=1.0, learning_rate=0.01, max_depth=9, n_estimators=1000, subsample=0.8;, score=0.870 total time= 4.3min
[CV 1/3] END colsample_bytree=0.7, learning_rate=0.05, max_depth=3, n_estimators=1000, subsample=1.0;, score=0.794 total time=  39.8s
[CV 3/3] END colsample_bytree=1.0, learning_rate=0.01, max_depth=9, n_estimators=1000, subsample=0.8;, score=0.870 total time= 4.3min
[CV 3/3] END colsample_bytree=0.8, learning_rate=0.1, max_depth=7, n_estimators=1000, subsample=1.0;, score=0.903 total time= 2.2min
[CV 2/3] END colsample_bytree=0.8, learning_rate=0.1, max_depth=7, n_estimators=100, subsample=0.6;, score=0.832 total time=  16.3s
[CV 1/3] END colsample_bytree=0.7, learning_rate=0.05, max_depth=9, n_estimators=500, subsample=0.7;, score=0.897 total time= 2.0min
[CV 2/3] END colsample_bytree=0.6, learning_rate=0.1, max_depth=5, n_estimators=800, subsample=0.9;, score=0.865 total time= 1.0min
[CV 3/3] END colsample_bytree=0.8, learning_rate=0.1, max_depth=9, n_estimators=500, subsample=0.7;, score=0.911 total time= 2.0min
[CV 1/3] END colsample_bytree=0.9, learning_rate=0.05, max_depth=5, n_estimators=500, subsample=1.0;, score=0.825 total time=  40.0s
[CV 2/3] END colsample_bytree=0.9, learning_rate=0.05, max_depth=5, n_estimators=500, subsample=1.0;, score=0.826 total time=  43.3s
[CV 1/3] END colsample_bytree=0.6, learning_rate=0.05, max_depth=3, n_estimators=1000, subsample=1.0;, score=0.794 total time=  39.6s
[CV 1/3] END colsample_bytree=0.6, learning_rate=0.1, max_depth=3, n_estimators=800, subsample=0.9;, score=0.811 total time=  33.0s
[CV 1/3] END colsample_bytree=0.8, learning_rate=0.05, max_depth=5, n_estimators=800, subsample=0.9;, score=0.843 total time= 1.0min
[CV 2/3] END colsample_bytree=1.0, learning_rate=0.1, max_depth=7, n_estimators=200, subsample=1.0;, score=0.858 total time=  28.9s
[CV 1/3] END colsample_bytree=0.9, learning_rate=0.05, max_depth=7, n_estimators=200, subsample=0.9;, score=0.834 total time=  30.3s
[CV 3/3] END colsample_bytree=0.9, learning_rate=0.05, max_depth=7, n_estimators=200, subsample=0.9;, score=0.834 total time=  30.6s
[CV 2/3] END colsample_bytree=0.9, learning_rate=0.01, max_depth=3, n_estimators=300, subsample=0.9;, score=0.674 total time=  16.2s
[CV 1/3] END colsample_bytree=0.9, learning_rate=0.1, max_depth=9, n_estimators=100, subsample=0.7;, score=0.868 total time=  25.4s
[CV 3/3] END colsample_bytree=0.8, learning_rate=0.01, max_depth=9, n_estimators=100, subsample=0.6;, score=0.649 total time=  27.2s
[CV 2/3] END colsample_bytree=0.8, learning_rate=0.01, max_depth=7, n_estimators=200, subsample=0.9;, score=0.738 total time=  33.0s
[CV 1/3] END colsample_bytree=0.8, learning_rate=0.01, max_depth=5, n_estimators=500, subsample=0.9;, score=0.762 total time=  48.2s
[CV 3/3] END colsample_bytree=0.8, learning_rate=0.01, max_depth=5, n_estimators=500, subsample=0.9;, score=0.763 total time=  48.3s
[CV 2/3] END colsample_bytree=1.0, learning_rate=0.1, max_depth=5, n_estimators=800, subsample=0.7;, score=0.867 total time= 1.1min
[CV 1/3] END colsample_bytree=0.9, learning_rate=0.05, max_depth=5, n_estimators=100, subsample=0.9;, score=0.762 total time=  11.2s
[CV 2/3] END colsample_bytree=0.7, learning_rate=0.05, max_depth=3, n_estimators=1000, subsample=1.0;, score=0.795 total time=  40.3s
[CV 1/3] END colsample_bytree=0.6, learning_rate=0.01, max_depth=5, n_estimators=200, subsample=0.9;, score=0.686 total time=  20.4s
[CV 3/3] END colsample_bytree=0.7, learning_rate=0.01, max_depth=3, n_estimators=300, subsample=0.9;, score=0.671 total time=  16.2s
[CV 2/3] END colsample_bytree=1.0, learning_rate=0.1, max_depth=7, n_estimators=500, subsample=0.6;, score=0.888 total time= 1.3min
[CV 1/3] END colsample_bytree=0.7, learning_rate=0.05, max_depth=9, n_estimators=1000, subsample=0.6;, score=0.914 total time= 3.9min
[CV 1/3] END colsample_bytree=0.7, learning_rate=0.1, max_depth=9, n_estimators=100, subsample=0.8;, score=0.868 total time=  24.3s
[CV 3/3] END colsample_bytree=0.6, learning_rate=0.01, max_depth=5, n_estimators=200, subsample=0.9;, score=0.686 total time=  20.0s
[CV 2/3] END colsample_bytree=0.8, learning_rate=0.05, max_depth=7, n_estimators=800, subsample=1.0;, score=0.882 total time= 1.8min
[CV 3/3] END colsample_bytree=0.7, learning_rate=0.05, max_depth=9, n_estimators=1000, subsample=0.6;, score=0.914 total time= 3.9min
[CV 1/3] END colsample_bytree=0.8, learning_rate=0.1, max_depth=7, n_estimators=1000, subsample=1.0;, score=0.904 total time= 2.1min
[CV 3/3] END colsample_bytree=0.7, learning_rate=0.05, max_depth=9, n_estimators=300, subsample=0.7;, score=0.882 total time= 1.1min
[CV 2/3] END colsample_bytree=1.0, learning_rate=0.1, max_depth=5, n_estimators=800, subsample=1.0;, score=0.867 total time= 1.0min
[CV 1/3] END colsample_bytree=0.6, learning_rate=0.1, max_depth=5, n_estimators=800, subsample=0.9;, score=0.866 total time=  59.3s
[CV 3/3] END colsample_bytree=0.8, learning_rate=0.05, max_depth=5, n_estimators=800, subsample=1.0;, score=0.842 total time= 1.0min
[CV 2/3] END colsample_bytree=0.6, learning_rate=0.05, max_depth=7, n_estimators=500, subsample=0.8;, score=0.867 total time= 1.1min
[CV 2/3] END colsample_bytree=0.8, learning_rate=0.01, max_depth=7, n_estimators=1000, subsample=1.0;, score=0.834 total time= 2.3min
[CV 1/3] END colsample_bytree=0.9, learning_rate=0.1, max_depth=3, n_estimators=300, subsample=0.7;, score=0.777 total time=  14.2s
[CV 1/3] END colsample_bytree=0.6, learning_rate=0.05, max_depth=5, n_estimators=300, subsample=0.6;, score=0.804 total time=  25.3s
[CV 3/3] END colsample_bytree=0.6, learning_rate=0.01, max_depth=3, n_estimators=1000, subsample=0.6;, score=0.738 total time=  46.3s
[CV 1/3] END colsample_bytree=1.0, learning_rate=0.1, max_depth=7, n_estimators=200, subsample=1.0;, score=0.858 total time=  28.1s
[CV 3/3] END colsample_bytree=0.7, learning_rate=0.01, max_depth=5, n_estimators=1000, subsample=0.8;, score=0.790 total time= 1.4min
[CV 2/3] END colsample_bytree=0.9, learning_rate=0.1, max_depth=9, n_estimators=100, subsample=0.7;, score=0.868 total time=  25.1s
[CV 1/3] END colsample_bytree=1.0, learning_rate=0.1, max_depth=5, n_estimators=300, subsample=0.7;, score=0.833 total time=  26.3s
[CV 3/3] END colsample_bytree=0.8, learning_rate=0.01, max_depth=7, n_estimators=200, subsample=0.9;, score=0.737 total time=  32.9s
[CV 2/3] END colsample_bytree=0.8, learning_rate=0.01, max_depth=5, n_estimators=500, subsample=0.9;, score=0.764 total time=  48.2s
[CV 1/3] END colsample_bytree=0.9, learning_rate=0.01, max_depth=5, n_estimators=500, subsample=0.8;, score=0.762 total time=  48.9s
[CV 3/3] END colsample_bytree=1.0, learning_rate=0.1, max_depth=5, n_estimators=800, subsample=0.7;, score=0.867 total time= 1.1min
[CV 2/3] END colsample_bytree=0.9, learning_rate=0.05, max_depth=5, n_estimators=100, subsample=0.9;, score=0.764 total time=  11.1s
[CV 3/3] END colsample_bytree=0.7, learning_rate=0.05, max_depth=3, n_estimators=1000, subsample=1.0;, score=0.794 total time=  39.9s
[CV 2/3] END colsample_bytree=0.6, learning_rate=0.01, max_depth=5, n_estimators=200, subsample=0.9;, score=0.687 total time=  20.3s
[CV 1/3] END colsample_bytree=0.8, learning_rate=0.05, max_depth=7, n_estimators=800, subsample=1.0;, score=0.881 total time= 1.8min
[CV 2/3] END colsample_bytree=0.7, learning_rate=0.05, max_depth=9, n_estimators=1000, subsample=0.6;, score=0.915 total time= 3.9min
[CV 2/3] END colsample_bytree=0.7, learning_rate=0.1, max_depth=5, n_estimators=300, subsample=0.9;, score=0.831 total time=  25.8s
[CV 3/3] END colsample_bytree=0.7, learning_rate=0.1, max_depth=7, n_estimators=200, subsample=1.0;, score=0.857 total time=  32.7s
[CV 2/3] END colsample_bytree=0.7, learning_rate=0.01, max_depth=7, n_estimators=100, subsample=0.7;, score=0.607 total time=  19.8s
[CV 2/3] END colsample_bytree=1.0, learning_rate=0.1, max_depth=5, n_estimators=1000, subsample=0.9;, score=0.875 total time= 1.3min
[CV 1/3] END colsample_bytree=1.0, learning_rate=0.05, max_depth=9, n_estimators=500, subsample=0.8;, score=0.897 total time= 2.2min
[CV 3/3] END colsample_bytree=0.6, learning_rate=0.05, max_depth=3, n_estimators=1000, subsample=1.0;, score=0.794 total time=  39.0s
[CV 2/3] END colsample_bytree=0.8, learning_rate=0.05, max_depth=5, n_estimators=800, subsample=0.9;, score=0.844 total time= 1.0min
[CV 3/3] END colsample_bytree=1.0, learning_rate=0.1, max_depth=7, n_estimators=200, subsample=1.0;, score=0.858 total time=  28.4s
[CV 2/3] END colsample_bytree=0.9, learning_rate=0.05, max_depth=7, n_estimators=200, subsample=0.9;, score=0.834 total time=  30.0s
[CV 1/3] END colsample_bytree=1.0, learning_rate=0.05, max_depth=5, n_estimators=500, subsample=0.8;, score=0.825 total time=  42.3s
[CV 3/3] END colsample_bytree=0.6, learning_rate=0.01, max_depth=7, n_estimators=300, subsample=0.6;, score=0.775 total time=  46.8s
[CV 3/3] END colsample_bytree=0.9, learning_rate=0.05, max_depth=7, n_estimators=800, subsample=0.9;, score=0.881 total time= 1.8min
[CV 1/3] END colsample_bytree=1.0, learning_rate=0.1, max_depth=5, n_estimators=800, subsample=0.7;, score=0.868 total time= 1.1min
[CV 3/3] END colsample_bytree=0.9, learning_rate=0.1, max_depth=5, n_estimators=800, subsample=0.6;, score=0.865 total time= 1.2min
[CV 3/3] END colsample_bytree=0.7, learning_rate=0.1, max_depth=9, n_estimators=100, subsample=0.8;, score=0.866 total time=  24.2s
[CV 2/3] END colsample_bytree=0.7, learning_rate=0.01, max_depth=3, n_estimators=300, subsample=0.9;, score=0.673 total time=  16.1s
[CV 1/3] END colsample_bytree=1.0, learning_rate=0.1, max_depth=7, n_estimators=500, subsample=0.6;, score=0.887 total time= 1.3min
[CV 3/3] END colsample_bytree=1.0, learning_rate=0.1, max_depth=7, n_estimators=500, subsample=0.6;, score=0.886 total time= 1.3min
[CV 2/3] END colsample_bytree=1.0, learning_rate=0.01, max_depth=5, n_estimators=1000, subsample=0.8;, score=0.790 total time= 1.4min
[CV 1/3] END colsample_bytree=0.7, learning_rate=0.1, max_depth=7, n_estimators=200, subsample=1.0;, score=0.857 total time=  27.2s
[CV 2/3] END colsample_bytree=1.0, learning_rate=0.1, max_depth=3, n_estimators=1000, subsample=0.8;, score=0.823 total time=  43.6s
[CV 3/3] END colsample_bytree=1.0, learning_rate=0.1, max_depth=5, n_estimators=1000, subsample=0.9;, score=0.874 total time= 1.3min
[CV 2/3] END colsample_bytree=1.0, learning_rate=0.05, max_depth=9, n_estimators=500, subsample=0.8;, score=0.897 total time= 2.1min
[CV 3/3] END colsample_bytree=0.9, learning_rate=0.05, max_depth=5, n_estimators=100, subsample=0.9;, score=0.762 total time=  11.3s
[CV 1/3] END colsample_bytree=0.9, learning_rate=0.1, max_depth=3, n_estimators=500, subsample=0.9;, score=0.797 total time=  22.5s
[CV 2/3] END colsample_bytree=0.7, learning_rate=0.1, max_depth=9, n_estimators=100, subsample=0.8;, score=0.868 total time=  24.3s
[CV 1/3] END colsample_bytree=0.7, learning_rate=0.01, max_depth=3, n_estimators=300, subsample=0.9;, score=0.672 total time=  16.0s
[CV 3/3] END colsample_bytree=0.8, learning_rate=0.05, max_depth=7, n_estimators=800, subsample=1.0;, score=0.881 total time= 1.8min
[CV 1/3] END colsample_bytree=1.0, learning_rate=0.01, max_depth=5, n_estimators=1000, subsample=0.8;, score=0.789 total time= 1.4min
[CV 3/3] END colsample_bytree=1.0, learning_rate=0.01, max_depth=5, n_estimators=1000, subsample=0.8;, score=0.789 total time= 1.5min
[CV 1/3] END colsample_bytree=0.7, learning_rate=0.01, max_depth=7, n_estimators=100, subsample=0.7;, score=0.605 total time=  17.7s
[CV 3/3] END colsample_bytree=0.7, learning_rate=0.01, max_depth=7, n_estimators=100, subsample=0.7;, score=0.605 total time=  17.1s
[CV 1/3] END colsample_bytree=0.9, learning_rate=0.05, max_depth=3, n_estimators=300, subsample=0.9;, score=0.752 total time=  14.5s
[CV 1/3] END colsample_bytree=0.6, learning_rate=0.01, max_depth=5, n_estimators=800, subsample=0.8;, score=0.782 total time= 1.1min
[CV 3/3] END colsample_bytree=1.0, learning_rate=0.05, max_depth=9, n_estimators=500, subsample=0.8;, score=0.896 total time= 2.0min
[CV 3/3] END colsample_bytree=0.9, learning_rate=0.05, max_depth=3, n_estimators=300, subsample=0.9;, score=0.752 total time=  14.4s
[CV 2/3] END colsample_bytree=0.8, learning_rate=0.01, max_depth=9, n_estimators=800, subsample=1.0;, score=0.865 total time= 3.2min
[CV 3/3] END colsample_bytree=0.7, learning_rate=0.1, max_depth=5, n_estimators=300, subsample=0.9;, score=0.830 total time=  24.5s
[CV 1/3] END colsample_bytree=1.0, learning_rate=0.1, max_depth=3, n_estimators=1000, subsample=0.8;, score=0.822 total time=  43.7s
[CV 1/3] END colsample_bytree=1.0, learning_rate=0.1, max_depth=5, n_estimators=1000, subsample=0.9;, score=0.875 total time= 1.3min
[CV 3/3] END colsample_bytree=0.8, learning_rate=0.01, max_depth=9, n_estimators=800, subsample=1.0;, score=0.864 total time= 3.2min
[CV 2/3] END colsample_bytree=0.8, learning_rate=0.01, max_depth=7, n_estimators=1000, subsample=0.6;, score=0.835 total time= 2.4min
[CV 1/3] END colsample_bytree=0.8, learning_rate=0.1, max_depth=9, n_estimators=1000, subsample=0.7;, score=0.924 total time= 3.9min
[CV 3/3] END colsample_bytree=0.6, learning_rate=0.01, max_depth=5, n_estimators=800, subsample=0.8;, score=0.782 total time= 1.1min
[CV 2/3] END colsample_bytree=0.8, learning_rate=0.01, max_depth=5, n_estimators=100, subsample=1.0;, score=0.565 total time=  11.4s
[CV 1/3] END colsample_bytree=1.0, learning_rate=0.01, max_depth=9, n_estimators=200, subsample=0.6;, score=0.775 total time=  53.1s
[CV 3/3] END colsample_bytree=1.0, learning_rate=0.01, max_depth=9, n_estimators=200, subsample=0.6;, score=0.775 total time=  51.7s
[CV 3/3] END colsample_bytree=0.8, learning_rate=0.01, max_depth=7, n_estimators=1000, subsample=0.6;, score=0.834 total time= 2.4min
[CV 2/3] END colsample_bytree=0.8, learning_rate=0.1, max_depth=9, n_estimators=1000, subsample=0.7;, score=0.924 total time= 3.9min
[CV 1/3] END colsample_bytree=0.8, learning_rate=0.01, max_depth=7, n_estimators=1000, subsample=0.6;, score=0.835 total time= 2.4min
[CV 2/3] END colsample_bytree=1.0, learning_rate=0.01, max_depth=5, n_estimators=100, subsample=0.9;, score=0.570 total time=  11.8s
[CV 3/3] END colsample_bytree=0.8, learning_rate=0.1, max_depth=9, n_estimators=1000, subsample=0.7;, score=0.923 total time= 4.1min
[CV 1/3] END colsample_bytree=0.9, learning_rate=0.01, max_depth=7, n_estimators=1000, subsample=1.0;, score=0.833 total time= 2.3min
[CV 2/3] END colsample_bytree=0.9, learning_rate=0.01, max_depth=7, n_estimators=500, subsample=0.8;, score=0.809 total time= 1.3min
[CV 2/3] END colsample_bytree=1.0, learning_rate=0.05, max_depth=5, n_estimators=200, subsample=1.0;, score=0.790 total time=  18.3s
[CV 3/3] END colsample_bytree=0.8, learning_rate=0.01, max_depth=5, n_estimators=200, subsample=0.8;, score=0.689 total time=  20.8s
[CV 1/3] END colsample_bytree=0.8, learning_rate=0.1, max_depth=7, n_estimators=1000, subsample=0.7;, score=0.906 total time= 2.4min
[CV 1/3] END colsample_bytree=0.8, learning_rate=0.1, max_depth=5, n_estimators=100, subsample=0.8;, score=0.788 total time=  10.3s
[CV 1/3] END colsample_bytree=0.9, learning_rate=0.01, max_depth=9, n_estimators=100, subsample=1.0;, score=0.651 total time=  27.2s
[CV 2/3] END colsample_bytree=0.8, learning_rate=0.1, max_depth=3, n_estimators=800, subsample=0.7;, score=0.814 total time=  35.4s
[CV 2/3] END colsample_bytree=0.9, learning_rate=0.05, max_depth=5, n_estimators=1000, subsample=1.0;, score=0.852 total time= 1.2min
[CV 1/3] END colsample_bytree=1.0, learning_rate=0.01, max_depth=5, n_estimators=100, subsample=0.9;, score=0.570 total time=  11.6s
[CV 3/3] END colsample_bytree=1.0, learning_rate=0.01, max_depth=5, n_estimators=100, subsample=0.9;, score=0.569 total time=  11.7s
[CV 1/3] END colsample_bytree=0.9, learning_rate=0.01, max_depth=7, n_estimators=500, subsample=0.8;, score=0.807 total time= 1.3min
[CV 3/3] END colsample_bytree=0.6, learning_rate=0.1, max_depth=5, n_estimators=800, subsample=0.8;, score=0.864 total time= 1.0min
[CV 2/3] END colsample_bytree=0.8, learning_rate=0.1, max_depth=7, n_estimators=1000, subsample=0.7;, score=0.905 total time= 2.4min
[CV 1/3] END colsample_bytree=0.8, learning_rate=0.1, max_depth=3, n_estimators=800, subsample=0.7;, score=0.813 total time=  36.8s
[CV 2/3] END colsample_bytree=0.8, learning_rate=0.1, max_depth=7, n_estimators=100, subsample=0.8;, score=0.833 total time=  15.8s
[CV 1/3] END colsample_bytree=0.6, learning_rate=0.1, max_depth=9, n_estimators=500, subsample=0.8;, score=0.912 total time= 1.8min
[CV 1/3] END colsample_bytree=0.8, learning_rate=0.01, max_depth=9, n_estimators=800, subsample=1.0;, score=0.864 total time= 3.2min
[CV 2/3] END colsample_bytree=0.9, learning_rate=0.01, max_depth=7, n_estimators=100, subsample=0.7;, score=0.614 total time=  17.9s
[CV 3/3] END colsample_bytree=0.9, learning_rate=0.01, max_depth=7, n_estimators=1000, subsample=1.0;, score=0.834 total time= 2.4min
[CV 1/3] END colsample_bytree=0.6, learning_rate=0.1, max_depth=5, n_estimators=800, subsample=0.8;, score=0.865 total time= 1.0min
[CV 1/3] END colsample_bytree=1.0, learning_rate=0.05, max_depth=5, n_estimators=200, subsample=1.0;, score=0.788 total time=  18.3s
[CV 2/3] END colsample_bytree=0.8, learning_rate=0.01, max_depth=5, n_estimators=200, subsample=0.8;, score=0.691 total time=  21.0s
[CV 3/3] END colsample_bytree=1.0, learning_rate=0.01, max_depth=7, n_estimators=1000, subsample=0.6;, score=0.834 total time= 2.5min
[CV 3/3] END colsample_bytree=0.8, learning_rate=0.1, max_depth=5, n_estimators=100, subsample=0.8;, score=0.789 total time=  10.4s
[CV 3/3] END colsample_bytree=0.9, learning_rate=0.01, max_depth=9, n_estimators=100, subsample=1.0;, score=0.651 total time=  28.0s
[CV 1/3] END colsample_bytree=0.8, learning_rate=0.1, max_depth=7, n_estimators=100, subsample=0.8;, score=0.833 total time=  16.1s
[CV 3/3] END colsample_bytree=0.8, learning_rate=0.1, max_depth=7, n_estimators=100, subsample=0.8;, score=0.834 total time=  16.4s
[CV 1/3] END colsample_bytree=0.7, learning_rate=0.1, max_depth=5, n_estimators=300, subsample=0.9;, score=0.831 total time=  24.1s
[CV 2/3] END colsample_bytree=0.7, learning_rate=0.1, max_depth=7, n_estimators=200, subsample=1.0;, score=0.858 total time=  27.6s
[CV 3/3] END colsample_bytree=1.0, learning_rate=0.1, max_depth=3, n_estimators=1000, subsample=0.8;, score=0.822 total time=  47.3s
[CV 2/3] END colsample_bytree=0.9, learning_rate=0.05, max_depth=3, n_estimators=300, subsample=0.9;, score=0.753 total time=  14.6s
[CV 2/3] END colsample_bytree=0.6, learning_rate=0.01, max_depth=5, n_estimators=800, subsample=0.8;, score=0.783 total time= 1.1min
[CV 1/3] END colsample_bytree=0.8, learning_rate=0.01, max_depth=5, n_estimators=100, subsample=1.0;, score=0.565 total time=  11.4s
[CV 3/3] END colsample_bytree=0.8, learning_rate=0.01, max_depth=5, n_estimators=100, subsample=1.0;, score=0.564 total time=  11.5s
[CV 2/3] END colsample_bytree=1.0, learning_rate=0.01, max_depth=9, n_estimators=200, subsample=0.6;, score=0.775 total time=  54.1s
[CV 1/3] END colsample_bytree=0.9, learning_rate=0.1, max_depth=3, n_estimators=100, subsample=0.8;, score=0.738 total time=   6.5s
[CV 2/3] END colsample_bytree=0.9, learning_rate=0.1, max_depth=3, n_estimators=100, subsample=0.8;, score=0.741 total time=   6.5s
[CV 3/3] END colsample_bytree=0.9, learning_rate=0.1, max_depth=3, n_estimators=100, subsample=0.8;, score=0.737 total time=   6.3s
[CV 1/3] END colsample_bytree=0.6, learning_rate=0.05, max_depth=7, n_estimators=100, subsample=1.0;, score=0.806 total time=  15.7s
[CV 2/3] END colsample_bytree=0.6, learning_rate=0.05, max_depth=7, n_estimators=100, subsample=1.0;, score=0.807 total time=  15.6s
[CV 1/3] END colsample_bytree=0.9, learning_rate=0.01, max_depth=7, n_estimators=100, subsample=0.7;, score=0.613 total time=  17.5s
[CV 2/3] END colsample_bytree=0.9, learning_rate=0.01, max_depth=7, n_estimators=1000, subsample=1.0;, score=0.834 total time= 2.3min
[CV 3/3] END colsample_bytree=0.9, learning_rate=0.01, max_depth=7, n_estimators=500, subsample=0.8;, score=0.808 total time= 1.3min
[CV 1/3] END colsample_bytree=0.8, learning_rate=0.01, max_depth=5, n_estimators=200, subsample=0.8;, score=0.690 total time=  21.4s
[CV 2/3] END colsample_bytree=1.0, learning_rate=0.01, max_depth=7, n_estimators=1000, subsample=0.6;, score=0.834 total time= 2.5min
[CV 2/3] END colsample_bytree=0.8, learning_rate=0.1, max_depth=5, n_estimators=100, subsample=0.8;, score=0.790 total time=  11.2s
[CV 2/3] END colsample_bytree=0.9, learning_rate=0.01, max_depth=9, n_estimators=100, subsample=1.0;, score=0.652 total time=  27.7s
[CV 3/3] END colsample_bytree=0.8, learning_rate=0.1, max_depth=3, n_estimators=800, subsample=0.7;, score=0.813 total time=  35.7s
[CV 2/3] END colsample_bytree=0.6, learning_rate=0.1, max_depth=9, n_estimators=500, subsample=0.8;, score=0.912 total time= 1.8min
[CV 3/3] END colsample_bytree=0.6, learning_rate=0.05, max_depth=7, n_estimators=100, subsample=1.0;, score=0.806 total time=  15.5s
[CV 3/3] END colsample_bytree=0.9, learning_rate=0.01, max_depth=7, n_estimators=100, subsample=0.7;, score=0.613 total time=  17.6s
[CV 1/3] END colsample_bytree=0.9, learning_rate=0.05, max_depth=5, n_estimators=1000, subsample=1.0;, score=0.851 total time= 1.2min
[CV 3/3] END colsample_bytree=0.9, learning_rate=0.05, max_depth=5, n_estimators=1000, subsample=1.0;, score=0.850 total time= 1.2min
[CV 2/3] END colsample_bytree=0.6, learning_rate=0.1, max_depth=5, n_estimators=800, subsample=0.8;, score=0.865 total time= 1.0min
[CV 3/3] END colsample_bytree=1.0, learning_rate=0.05, max_depth=5, n_estimators=200, subsample=1.0;, score=0.789 total time=  18.2s
[CV 1/3] END colsample_bytree=1.0, learning_rate=0.01, max_depth=7, n_estimators=1000, subsample=0.6;, score=0.834 total time= 2.4min
[CV 3/3] END colsample_bytree=0.6, learning_rate=0.1, max_depth=9, n_estimators=500, subsample=0.8;, score=0.911 total time= 1.7min
[CV 3/3] END colsample_bytree=0.8, learning_rate=0.1, max_depth=7, n_estimators=1000, subsample=0.7;, score=0.904 total time= 2.3min
<LAMBDA> DONE:   0%|          | 0/8618 [00:00<?, ?it/s]<LAMBDA> DONE:   0%|          | 1/8618 [00:01<4:25:25,  1.85s/it]<LAMBDA> DONE:   1%|          | 62/8618 [00:01<03:13, 44.23it/s] <LAMBDA> DONE:   2%|▏         | 166/8618 [00:02<01:01, 136.67it/s]<LAMBDA> DONE:   3%|▎         | 275/8618 [00:02<00:33, 248.25it/s]<LAMBDA> DONE:   4%|▍         | 382/8618 [00:02<00:22, 365.60it/s]<LAMBDA> DONE:   6%|▌         | 489/8618 [00:02<00:16, 484.67it/s]<LAMBDA> DONE:   7%|▋         | 596/8618 [00:02<00:13, 597.83it/s]<LAMBDA> DONE:   8%|▊         | 710/8618 [00:02<00:11, 715.23it/s]<LAMBDA> DONE:   9%|▉         | 815/8618 [00:02<00:09, 783.09it/s]<LAMBDA> DONE:  11%|█         | 924/8618 [00:02<00:08, 858.82it/s]<LAMBDA> DONE:  12%|█▏        | 1029/8618 [00:02<00:08, 900.12it/s]<LAMBDA> DONE:  13%|█▎        | 1133/8618 [00:02<00:08, 927.40it/s]<LAMBDA> DONE:  14%|█▍        | 1244/8618 [00:03<00:07, 977.85it/s]<LAMBDA> DONE:  16%|█▌        | 1351/8618 [00:03<00:07, 1003.51it/s]<LAMBDA> DONE:  17%|█▋        | 1462/8618 [00:03<00:06, 1032.73it/s]<LAMBDA> DONE:  18%|█▊        | 1571/8618 [00:03<00:06, 1047.36it/s]<LAMBDA> DONE:  19%|█▉        | 1679/8618 [00:03<00:06, 1021.57it/s]<LAMBDA> DONE:  21%|██        | 1785/8618 [00:03<00:06, 1027.57it/s]<LAMBDA> DONE:  22%|██▏       | 1890/8618 [00:03<00:06, 1023.31it/s]<LAMBDA> DONE:  23%|██▎       | 1995/8618 [00:03<00:06, 1027.76it/s]<LAMBDA> DONE:  24%|██▍       | 2103/8618 [00:03<00:06, 1042.65it/s]<LAMBDA> DONE:  26%|██▌       | 2218/8618 [00:03<00:06, 1064.55it/s]<LAMBDA> DONE:  27%|██▋       | 2325/8618 [00:04<00:10, 610.69it/s] <LAMBDA> DONE:  28%|██▊       | 2438/8618 [00:04<00:08, 710.29it/s]<LAMBDA> DONE:  30%|██▉       | 2545/8618 [00:04<00:07, 785.27it/s]<LAMBDA> DONE:  31%|███       | 2648/8618 [00:04<00:07, 840.47it/s]<LAMBDA> DONE:  32%|███▏      | 2760/8618 [00:04<00:06, 905.15it/s]<LAMBDA> DONE:  33%|███▎      | 2869/8618 [00:04<00:06, 953.27it/s]<LAMBDA> DONE:  35%|███▍      | 2978/8618 [00:04<00:05, 983.72it/s]<LAMBDA> DONE:  36%|███▌      | 3085/8618 [00:05<00:05, 1006.83it/s]<LAMBDA> DONE:  37%|███▋      | 3194/8618 [00:05<00:05, 1027.28it/s]<LAMBDA> DONE:  38%|███▊      | 3300/8618 [00:05<00:05, 1035.00it/s]<LAMBDA> DONE:  40%|███▉      | 3413/8618 [00:05<00:04, 1060.78it/s]<LAMBDA> DONE:  41%|████      | 3521/8618 [00:05<00:04, 1057.20it/s]<LAMBDA> DONE:  42%|████▏     | 3628/8618 [00:05<00:04, 1053.96it/s]<LAMBDA> DONE:  43%|████▎     | 3739/8618 [00:05<00:04, 1064.75it/s]<LAMBDA> DONE:  45%|████▍     | 3847/8618 [00:05<00:04, 1064.95it/s]<LAMBDA> DONE:  46%|████▌     | 3959/8618 [00:05<00:04, 1077.56it/s]<LAMBDA> DONE:  47%|████▋     | 4068/8618 [00:05<00:04, 1069.47it/s]<LAMBDA> DONE:  48%|████▊     | 4176/8618 [00:06<00:04, 1053.05it/s]<LAMBDA> DONE:  50%|████▉     | 4290/8618 [00:06<00:04, 1077.77it/s]<LAMBDA> DONE:  51%|█████     | 4398/8618 [00:06<00:04, 1053.07it/s]<LAMBDA> DONE:  52%|█████▏    | 4511/8618 [00:06<00:03, 1075.22it/s]<LAMBDA> DONE:  54%|█████▎    | 4619/8618 [00:06<00:03, 1067.21it/s]<LAMBDA> DONE:  55%|█████▍    | 4730/8618 [00:06<00:03, 1077.62it/s]<LAMBDA> DONE:  56%|█████▌    | 4838/8618 [00:06<00:03, 1053.01it/s]<LAMBDA> DONE:  57%|█████▋    | 4944/8618 [00:06<00:03, 1048.53it/s]<LAMBDA> DONE:  59%|█████▊    | 5049/8618 [00:06<00:03, 1039.49it/s]<LAMBDA> DONE:  60%|█████▉    | 5160/8618 [00:07<00:03, 1059.59it/s]<LAMBDA> DONE:  61%|██████    | 5267/8618 [00:07<00:03, 1057.95it/s]<LAMBDA> DONE:  62%|██████▏   | 5380/8618 [00:07<00:03, 1076.62it/s]<LAMBDA> DONE:  64%|██████▎   | 5488/8618 [00:07<00:03, 1034.49it/s]<LAMBDA> DONE:  65%|██████▍   | 5597/8618 [00:07<00:02, 1050.01it/s]<LAMBDA> DONE:  66%|██████▌   | 5703/8618 [00:07<00:02, 1033.97it/s]<LAMBDA> DONE:  67%|██████▋   | 5807/8618 [00:07<00:03, 806.42it/s] <LAMBDA> DONE:  69%|██████▊   | 5916/8618 [00:07<00:03, 874.96it/s]<LAMBDA> DONE:  70%|██████▉   | 6029/8618 [00:07<00:02, 940.04it/s]<LAMBDA> DONE:  71%|███████   | 6137/8618 [00:08<00:02, 976.88it/s]<LAMBDA> DONE:  73%|███████▎  | 6252/8618 [00:08<00:02, 1023.49it/s]<LAMBDA> DONE:  74%|███████▍  | 6358/8618 [00:08<00:02, 1026.45it/s]<LAMBDA> DONE:  75%|███████▌  | 6470/8618 [00:08<00:02, 1049.01it/s]<LAMBDA> DONE:  76%|███████▋  | 6577/8618 [00:08<00:01, 1048.35it/s]<LAMBDA> DONE:  78%|███████▊  | 6687/8618 [00:08<00:01, 1054.71it/s]<LAMBDA> DONE:  79%|███████▉  | 6794/8618 [00:08<00:01, 1049.50it/s]<LAMBDA> DONE:  80%|████████  | 6901/8618 [00:08<00:01, 1050.42it/s]<LAMBDA> DONE:  81%|████████▏ | 7007/8618 [00:08<00:01, 1034.94it/s]<LAMBDA> DONE:  83%|████████▎ | 7120/8618 [00:08<00:01, 1054.12it/s]<LAMBDA> DONE:  84%|████████▍ | 7235/8618 [00:09<00:01, 1082.14it/s]<LAMBDA> DONE:  85%|████████▌ | 7344/8618 [00:09<00:01, 1071.08it/s]<LAMBDA> DONE:  86%|████████▋ | 7452/8618 [00:09<00:01, 1055.84it/s]<LAMBDA> DONE:  88%|████████▊ | 7558/8618 [00:09<00:01, 1056.30it/s]<LAMBDA> DONE:  89%|████████▉ | 7667/8618 [00:09<00:00, 1064.38it/s]<LAMBDA> DONE:  90%|█████████ | 7774/8618 [00:09<00:00, 1061.13it/s]<LAMBDA> DONE:  92%|█████████▏| 7887/8618 [00:09<00:00, 1079.67it/s]<LAMBDA> DONE:  93%|█████████▎| 7996/8618 [00:09<00:00, 1073.20it/s]<LAMBDA> DONE:  94%|█████████▍| 8104/8618 [00:09<00:00, 1055.79it/s]<LAMBDA> DONE:  95%|█████████▌| 8210/8618 [00:09<00:00, 1053.02it/s]<LAMBDA> DONE:  97%|█████████▋| 8317/8618 [00:10<00:00, 1053.92it/s]<LAMBDA> DONE:  98%|█████████▊| 8429/8618 [00:10<00:00, 1069.51it/s]<LAMBDA> DONE:  99%|█████████▉| 8539/8618 [00:10<00:00, 1078.44it/s]<LAMBDA> DONE: 100%|██████████| 8618/8618 [00:10<00:00, 825.69it/s] 

real	53m26.924s
user	793m12.872s
sys	2m3.842s
