
CommandNotFoundError: Your shell has not been properly configured to use 'conda deactivate'.
To initialize your shell, run

    $ conda init <SHELL_NAME>

Currently supported shells are:
  - bash
  - fish
  - tcsh
  - xonsh
  - zsh
  - powershell

See 'conda init --help' for more information and options.

IMPORTANT: You may need to close and restart your shell after running 'conda init'.



CommandNotFoundError: Your shell has not been properly configured to use 'conda deactivate'.
To initialize your shell, run

    $ conda init <SHELL_NAME>

Currently supported shells are:
  - bash
  - fish
  - tcsh
  - xonsh
  - zsh
  - powershell

See 'conda init --help' for more information and options.

IMPORTANT: You may need to close and restart your shell after running 'conda init'.


['xgb_flood.py', '../data/Qmax7_final_dataset_seasonal4_multi_MSWX_meteo_MSWEP_GLEAM.csv', 'cv']
(8679,)
(1179311, 175) 8449
 BDTICM elevation slope aridity sedimentary plutonic
 volcanic metamorphic clay sand silt Porosity_x
 logK_Ice_x ohdb_latitude ohdb_longitude year climate season_id
 basin_id p_7 tmax_7 tmin_7 swd_7 snowmelt_7
 snowfall_7 evap_7 smrz_7 ImperviousSurface forest crop
 grass water wetland res_darea_normalize Year_ave Main_Purpose_id
 form_factor LAI FAPAR
Fitting 3 folds for each of 100 candidates, totalling 300 fits
[CV 1/3] END colsample_bytree=0.8, learning_rate=0.01, max_depth=3, n_estimators=1000, subsample=0.7;, score=0.645 total time= 1.9min
[CV 1/3] END colsample_bytree=0.7, learning_rate=0.05, max_depth=7, n_estimators=100, subsample=0.8;, score=0.655 total time=  35.3s
[CV 3/3] END colsample_bytree=0.8, learning_rate=0.01, max_depth=9, n_estimators=500, subsample=0.7;, score=0.748 total time= 2.8min
[CV 2/3] END colsample_bytree=0.8, learning_rate=0.01, max_depth=9, n_estimators=200, subsample=0.8;, score=0.439 total time= 2.5min
[CV 1/3] END colsample_bytree=0.8, learning_rate=0.01, max_depth=9, n_estimators=500, subsample=0.7;, score=0.676 total time= 6.0min
[CV 1/3] END colsample_bytree=0.8, learning_rate=0.01, max_depth=9, n_estimators=200, subsample=0.8;, score=0.637 total time= 2.5min
[CV 2/3] END colsample_bytree=0.8, learning_rate=0.01, max_depth=9, n_estimators=500, subsample=0.7;, score=0.525 total time= 6.0min
[CV 2/3] END colsample_bytree=0.8, learning_rate=0.01, max_depth=3, n_estimators=1000, subsample=0.7;, score=0.516 total time= 2.0min
[CV 2/3] END colsample_bytree=0.7, learning_rate=0.05, max_depth=7, n_estimators=100, subsample=0.8;, score=0.525 total time=  36.5s
[CV 1/3] END colsample_bytree=0.7, learning_rate=0.01, max_depth=3, n_estimators=1000, subsample=0.6;, score=0.646 total time= 2.0min
[CV 3/3] END colsample_bytree=0.7, learning_rate=0.05, max_depth=7, n_estimators=1500, subsample=0.6;, score=0.711 total time= 4.5min
[CV 2/3] END colsample_bytree=0.8, learning_rate=0.05, max_depth=5, n_estimators=1200, subsample=1.0;, score=0.543 total time= 3.3min
[CV 3/3] END colsample_bytree=0.7, learning_rate=0.01, max_depth=3, n_estimators=1000, subsample=0.6;, score=0.692 total time= 1.1min
[CV 2/3] END colsample_bytree=0.7, learning_rate=0.05, max_depth=7, n_estimators=1500, subsample=0.6;, score=0.556 total time= 7.2min
[CV 2/3] END colsample_bytree=0.7, learning_rate=0.1, max_depth=7, n_estimators=300, subsample=1.0;, score=0.522 total time= 1.4min
[CV 2/3] END colsample_bytree=1.0, learning_rate=0.01, max_depth=7, n_estimators=1200, subsample=0.9;, score=0.538 total time= 6.1min
[CV 1/3] END colsample_bytree=0.8, learning_rate=0.05, max_depth=5, n_estimators=1200, subsample=1.0;, score=0.666 total time= 5.6min
[CV 3/3] END colsample_bytree=0.7, learning_rate=0.1, max_depth=7, n_estimators=300, subsample=1.0;, score=0.719 total time= 1.7min
[CV 3/3] END colsample_bytree=1.0, learning_rate=0.01, max_depth=7, n_estimators=1200, subsample=0.9;, score=0.730 total time= 6.9min
[CV 3/3] END colsample_bytree=0.8, learning_rate=0.05, max_depth=5, n_estimators=1200, subsample=1.0;, score=0.688 total time= 4.4min
[CV 1/3] END colsample_bytree=0.7, learning_rate=0.05, max_depth=7, n_estimators=1500, subsample=0.6;, score=0.686 total time=11.6min
[CV 3/3] END colsample_bytree=0.8, learning_rate=0.1, max_depth=5, n_estimators=500, subsample=0.9;, score=0.687 total time=  59.3s
[CV 3/3] END colsample_bytree=0.6, learning_rate=0.1, max_depth=9, n_estimators=1200, subsample=0.9;, score=0.731 total time= 7.2min
[CV 3/3] END colsample_bytree=0.8, learning_rate=0.01, max_depth=9, n_estimators=200, subsample=0.8;, score=0.705 total time= 1.2min
[CV 3/3] END colsample_bytree=0.8, learning_rate=0.01, max_depth=3, n_estimators=1000, subsample=0.7;, score=0.691 total time= 1.1min
[CV 3/3] END colsample_bytree=0.7, learning_rate=0.05, max_depth=7, n_estimators=100, subsample=0.8;, score=0.734 total time=  20.9s
[CV 2/3] END colsample_bytree=0.7, learning_rate=0.01, max_depth=3, n_estimators=1000, subsample=0.6;, score=0.522 total time= 1.9min
[CV 1/3] END colsample_bytree=0.7, learning_rate=0.1, max_depth=7, n_estimators=300, subsample=1.0;, score=0.671 total time= 1.3min
[CV 1/3] END colsample_bytree=1.0, learning_rate=0.01, max_depth=7, n_estimators=1200, subsample=0.9;, score=0.665 total time= 6.0min
[CV 2/3] END colsample_bytree=0.8, learning_rate=0.1, max_depth=5, n_estimators=500, subsample=0.9;, score=0.550 total time= 1.4min
[CV 1/3] END colsample_bytree=0.6, learning_rate=0.1, max_depth=9, n_estimators=1200, subsample=0.9;, score=0.674 total time= 9.6min
[CV 1/3] END colsample_bytree=0.8, learning_rate=0.1, max_depth=5, n_estimators=500, subsample=0.9;, score=0.659 total time= 1.7min
[CV 2/3] END colsample_bytree=0.6, learning_rate=0.1, max_depth=9, n_estimators=1200, subsample=0.9;, score=0.521 total time= 9.7min
[CV 3/3] END colsample_bytree=0.8, learning_rate=0.01, max_depth=3, n_estimators=2000, subsample=0.9;, score=0.688 total time= 1.8min
[CV 3/3] END colsample_bytree=0.7, learning_rate=0.05, max_depth=9, n_estimators=1000, subsample=0.7;, score=0.751 total time= 4.1min
[CV 3/3] END colsample_bytree=1.0, learning_rate=0.05, max_depth=3, n_estimators=200, subsample=0.8;, score=0.685 total time=   6.0s
[CV 1/3] END colsample_bytree=0.9, learning_rate=0.05, max_depth=5, n_estimators=100, subsample=0.8;, score=0.645 total time=  17.4s
[CV 2/3] END colsample_bytree=0.9, learning_rate=0.05, max_depth=5, n_estimators=100, subsample=0.8;, score=0.488 total time=  16.0s
[CV 3/3] END colsample_bytree=0.9, learning_rate=0.05, max_depth=5, n_estimators=100, subsample=0.8;, score=0.709 total time=  11.2s
[CV 1/3] END colsample_bytree=0.8, learning_rate=0.05, max_depth=3, n_estimators=300, subsample=0.6;, score=0.649 total time=  28.8s
[CV 3/3] END colsample_bytree=0.8, learning_rate=0.05, max_depth=3, n_estimators=300, subsample=0.6;, score=0.689 total time=  17.5s
[CV 1/3] END colsample_bytree=1.0, learning_rate=0.05, max_depth=5, n_estimators=1000, subsample=0.6;, score=0.663 total time= 3.4min
[CV 2/3] END colsample_bytree=0.7, learning_rate=0.05, max_depth=9, n_estimators=1000, subsample=0.7;, score=0.534 total time= 6.5min
[CV 1/3] END colsample_bytree=1.0, learning_rate=0.01, max_depth=7, n_estimators=1500, subsample=1.0;, score=0.667 total time= 8.8min
[CV 2/3] END colsample_bytree=0.8, learning_rate=0.01, max_depth=3, n_estimators=2000, subsample=0.9;, score=0.542 total time= 3.1min
[CV 3/3] END colsample_bytree=1.0, learning_rate=0.1, max_depth=9, n_estimators=200, subsample=1.0;, score=0.730 total time= 1.1min
[CV 3/3] END colsample_bytree=0.7, learning_rate=0.1, max_depth=3, n_estimators=2000, subsample=0.8;, score=0.525 total time= 1.2min
[CV 3/3] END colsample_bytree=0.7, learning_rate=0.05, max_depth=9, n_estimators=300, subsample=1.0;, score=0.753 total time=  46.2s
[CV 3/3] END colsample_bytree=0.6, learning_rate=0.1, max_depth=7, n_estimators=1000, subsample=0.9;, score=0.705 total time= 1.8min
[CV 3/3] END colsample_bytree=0.8, learning_rate=0.1, max_depth=9, n_estimators=100, subsample=0.9;, score=0.743 total time=  28.9s
[CV 1/3] END colsample_bytree=0.6, learning_rate=0.05, max_depth=5, n_estimators=200, subsample=0.9;, score=0.653 total time=  32.2s
[CV 3/3] END colsample_bytree=0.6, learning_rate=0.05, max_depth=5, n_estimators=200, subsample=0.9;, score=0.722 total time=  24.1s
[CV 3/3] END colsample_bytree=1.0, learning_rate=0.01, max_depth=5, n_estimators=100, subsample=1.0;, score=0.557 total time=  11.3s
[CV 2/3] END colsample_bytree=0.6, learning_rate=0.1, max_depth=3, n_estimators=200, subsample=0.6;, score=0.527 total time=  16.0s
[CV 1/3] END colsample_bytree=1.0, learning_rate=0.1, max_depth=9, n_estimators=500, subsample=0.8;, score=0.679 total time= 4.1min
[CV 3/3] END colsample_bytree=0.7, learning_rate=0.01, max_depth=9, n_estimators=1000, subsample=0.6;, score=0.754 total time= 5.2min
[CV 2/3] END colsample_bytree=1.0, learning_rate=0.01, max_depth=7, n_estimators=1500, subsample=1.0;, score=0.539 total time= 8.7min
[CV 1/3] END colsample_bytree=0.8, learning_rate=0.01, max_depth=3, n_estimators=2000, subsample=0.9;, score=0.648 total time= 3.1min
[CV 1/3] END colsample_bytree=0.7, learning_rate=0.1, max_depth=3, n_estimators=2000, subsample=0.8;, score=0.659 total time= 2.6min
[CV 1/3] END colsample_bytree=1.0, learning_rate=0.05, max_depth=3, n_estimators=200, subsample=0.8;, score=0.642 total time=  10.8s
[CV 2/3] END colsample_bytree=1.0, learning_rate=0.05, max_depth=3, n_estimators=200, subsample=0.8;, score=0.514 total time=  12.4s
[CV 2/3] END colsample_bytree=0.6, learning_rate=0.1, max_depth=7, n_estimators=1000, subsample=0.9;, score=0.542 total time= 3.5min
[CV 3/3] END colsample_bytree=0.6, learning_rate=0.1, max_depth=3, n_estimators=200, subsample=0.6;, score=0.706 total time=   8.7s
[CV 3/3] END colsample_bytree=0.7, learning_rate=0.1, max_depth=9, n_estimators=800, subsample=0.6;, score=0.715 total time= 4.3min
[CV 2/3] END colsample_bytree=0.8, learning_rate=0.1, max_depth=9, n_estimators=100, subsample=0.9;, score=0.497 total time=  43.2s
[CV 2/3] END colsample_bytree=0.6, learning_rate=0.05, max_depth=5, n_estimators=200, subsample=0.9;, score=0.535 total time=  30.8s
[CV 2/3] END colsample_bytree=1.0, learning_rate=0.01, max_depth=5, n_estimators=100, subsample=1.0;, score=0.200 total time=  20.6s
[CV 1/3] END colsample_bytree=0.6, learning_rate=0.1, max_depth=3, n_estimators=200, subsample=0.6;, score=0.644 total time=  16.0s
[CV 2/3] END colsample_bytree=0.7, learning_rate=0.1, max_depth=9, n_estimators=800, subsample=0.6;, score=0.534 total time= 5.7min
[CV 3/3] END colsample_bytree=1.0, learning_rate=0.01, max_depth=7, n_estimators=1500, subsample=1.0;, score=0.729 total time= 6.2min
[CV 2/3] END colsample_bytree=1.0, learning_rate=0.05, max_depth=5, n_estimators=1000, subsample=0.6;, score=0.565 total time= 3.2min
[CV 2/3] END colsample_bytree=1.0, learning_rate=0.1, max_depth=9, n_estimators=200, subsample=1.0;, score=0.520 total time= 1.6min
[CV 2/3] END colsample_bytree=0.7, learning_rate=0.1, max_depth=3, n_estimators=2000, subsample=0.8;, score=0.558 total time= 2.1min
[CV 1/3] END colsample_bytree=0.6, learning_rate=0.1, max_depth=7, n_estimators=1000, subsample=0.9;, score=0.674 total time= 3.7min
[CV 2/3] END colsample_bytree=1.0, learning_rate=0.1, max_depth=9, n_estimators=500, subsample=0.8;, score=0.539 total time= 4.1min
[CV 1/3] END colsample_bytree=0.7, learning_rate=0.05, max_depth=9, n_estimators=800, subsample=1.0;, score=0.695 total time= 5.5min
[CV 1/3] END colsample_bytree=0.9, learning_rate=0.01, max_depth=5, n_estimators=2000, subsample=1.0;, score=0.656 total time= 5.3min
[CV 1/3] END colsample_bytree=0.9, learning_rate=0.1, max_depth=5, n_estimators=300, subsample=1.0;, score=0.657 total time= 1.0min
[CV 3/3] END colsample_bytree=1.0, learning_rate=0.1, max_depth=7, n_estimators=200, subsample=1.0;, score=0.721 total time=  34.3s
[CV 1/3] END colsample_bytree=0.9, learning_rate=0.05, max_depth=9, n_estimators=800, subsample=0.7;, score=0.690 total time= 5.8min
[CV 3/3] END colsample_bytree=1.0, learning_rate=0.05, max_depth=5, n_estimators=1000, subsample=0.6;, score=0.703 total time= 4.5min
[CV 1/3] END colsample_bytree=0.7, learning_rate=0.05, max_depth=9, n_estimators=300, subsample=1.0;, score=0.688 total time= 3.6min
[CV 2/3] END colsample_bytree=0.9, learning_rate=0.01, max_depth=5, n_estimators=2000, subsample=1.0;, score=0.559 total time= 5.3min
[CV 2/3] END colsample_bytree=0.9, learning_rate=0.1, max_depth=5, n_estimators=300, subsample=1.0;, score=0.554 total time=  58.1s
[CV 1/3] END colsample_bytree=1.0, learning_rate=0.1, max_depth=7, n_estimators=200, subsample=1.0;, score=0.673 total time=  57.1s
[CV 2/3] END colsample_bytree=0.9, learning_rate=0.05, max_depth=9, n_estimators=800, subsample=0.7;, score=0.552 total time= 5.8min
[CV 2/3] END colsample_bytree=0.7, learning_rate=0.05, max_depth=9, n_estimators=800, subsample=1.0;, score=0.529 total time= 5.4min
[CV 3/3] END colsample_bytree=1.0, learning_rate=0.05, max_depth=9, n_estimators=1200, subsample=0.8;, score=0.713 total time= 5.7min
[CV 2/3] END colsample_bytree=0.7, learning_rate=0.01, max_depth=9, n_estimators=1000, subsample=0.6;, score=0.553 total time= 7.7min
[CV 1/3] END colsample_bytree=0.7, learning_rate=0.1, max_depth=9, n_estimators=500, subsample=0.9;, score=0.696 total time= 4.7min
[CV 3/3] END colsample_bytree=0.7, learning_rate=0.1, max_depth=9, n_estimators=500, subsample=0.9;, score=0.735 total time= 3.0min
[CV 1/3] END colsample_bytree=0.7, learning_rate=0.05, max_depth=9, n_estimators=1000, subsample=0.7;, score=0.696 total time= 6.3min
[CV 2/3] END colsample_bytree=0.8, learning_rate=0.05, max_depth=3, n_estimators=300, subsample=0.6;, score=0.541 total time=  32.3s
[CV 1/3] END colsample_bytree=0.8, learning_rate=0.1, max_depth=9, n_estimators=100, subsample=0.9;, score=0.674 total time=  41.5s
[CV 3/3] END colsample_bytree=0.9, learning_rate=0.01, max_depth=5, n_estimators=2000, subsample=1.0;, score=0.722 total time= 2.5min
[CV 3/3] END colsample_bytree=1.0, learning_rate=0.1, max_depth=9, n_estimators=500, subsample=0.8;, score=0.714 total time= 2.9min
[CV 3/3] END colsample_bytree=0.9, learning_rate=0.1, max_depth=5, n_estimators=300, subsample=1.0;, score=0.713 total time=  34.4s
[CV 2/3] END colsample_bytree=1.0, learning_rate=0.1, max_depth=7, n_estimators=200, subsample=1.0;, score=0.537 total time=  56.6s
[CV 3/3] END colsample_bytree=0.9, learning_rate=0.05, max_depth=9, n_estimators=800, subsample=0.7;, score=0.735 total time= 4.0min
[CV 2/3] END colsample_bytree=1.0, learning_rate=0.05, max_depth=9, n_estimators=1200, subsample=0.8;, score=0.557 total time= 9.2min
[CV 3/3] END colsample_bytree=0.9, learning_rate=0.05, max_depth=3, n_estimators=1200, subsample=0.8;, score=0.636 total time=  37.4s
[CV 3/3] END colsample_bytree=0.6, learning_rate=0.1, max_depth=9, n_estimators=300, subsample=1.0;, score=0.748 total time= 1.0min
[CV 2/3] END colsample_bytree=0.8, learning_rate=0.01, max_depth=3, n_estimators=100, subsample=0.6;, score=0.170 total time=   9.8s
[CV 1/3] END colsample_bytree=0.6, learning_rate=0.05, max_depth=9, n_estimators=1500, subsample=1.0;, score=0.693 total time=11.7min
[CV 1/3] END colsample_bytree=0.9, learning_rate=0.05, max_depth=3, n_estimators=1200, subsample=0.8;, score=0.656 total time= 1.6min
[CV 2/3] END colsample_bytree=0.6, learning_rate=0.1, max_depth=9, n_estimators=300, subsample=1.0;, score=0.544 total time= 1.7min
[CV 2/3] END colsample_bytree=0.6, learning_rate=0.05, max_depth=9, n_estimators=1500, subsample=1.0;, score=0.560 total time=11.6min
[CV 3/3] END colsample_bytree=0.7, learning_rate=0.05, max_depth=9, n_estimators=800, subsample=1.0;, score=0.743 total time= 8.1min
[CV 1/3] END colsample_bytree=0.8, learning_rate=0.01, max_depth=3, n_estimators=100, subsample=0.6;, score=0.441 total time=  27.2s
[CV 3/3] END colsample_bytree=0.8, learning_rate=0.01, max_depth=3, n_estimators=100, subsample=0.6;, score=0.496 total time=  20.1s
[CV 3/3] END colsample_bytree=0.6, learning_rate=0.05, max_depth=9, n_estimators=1500, subsample=1.0;, score=0.747 total time=11.6min
[CV 1/3] END colsample_bytree=0.9, learning_rate=0.1, max_depth=3, n_estimators=800, subsample=1.0;, score=0.660 total time= 1.4min
[CV 3/3] END colsample_bytree=0.6, learning_rate=0.1, max_depth=5, n_estimators=1500, subsample=0.9;, score=0.618 total time= 2.8min
[CV 1/3] END colsample_bytree=0.6, learning_rate=0.1, max_depth=3, n_estimators=1200, subsample=0.9;, score=0.666 total time= 2.5min
[CV 3/3] END colsample_bytree=0.6, learning_rate=0.05, max_depth=7, n_estimators=100, subsample=0.6;, score=0.735 total time=  30.0s
[CV 3/3] END colsample_bytree=0.9, learning_rate=0.1, max_depth=5, n_estimators=1500, subsample=1.0;, score=0.607 total time= 3.9min
[CV 3/3] END colsample_bytree=1.0, learning_rate=0.05, max_depth=5, n_estimators=500, subsample=0.7;, score=0.719 total time= 1.4min
[CV 2/3] END colsample_bytree=0.6, learning_rate=0.1, max_depth=3, n_estimators=1200, subsample=0.9;, score=0.540 total time= 2.3min
[CV 1/3] END colsample_bytree=0.9, learning_rate=0.1, max_depth=5, n_estimators=1500, subsample=1.0;, score=0.669 total time= 6.0min
[CV 2/3] END colsample_bytree=0.6, learning_rate=0.05, max_depth=7, n_estimators=800, subsample=0.7;, score=0.570 total time= 5.2min
[CV 1/3] END colsample_bytree=1.0, learning_rate=0.1, max_depth=9, n_estimators=500, subsample=0.9;, score=0.676 total time= 4.6min
[CV 3/3] END colsample_bytree=0.8, learning_rate=0.1, max_depth=7, n_estimators=1500, subsample=1.0;, score=0.659 total time= 7.8min
[CV 3/3] END colsample_bytree=0.9, learning_rate=0.1, max_depth=9, n_estimators=1200, subsample=0.6;, score=0.687 total time= 7.8min
[CV 1/3] END colsample_bytree=1.0, learning_rate=0.05, max_depth=9, n_estimators=1200, subsample=0.8;, score=0.692 total time= 8.9min
[CV 3/3] END colsample_bytree=0.6, learning_rate=0.05, max_depth=9, n_estimators=200, subsample=1.0;, score=0.761 total time= 1.1min
[CV 2/3] END colsample_bytree=0.9, learning_rate=0.1, max_depth=3, n_estimators=800, subsample=1.0;, score=0.543 total time= 1.3min
[CV 1/3] END colsample_bytree=1.0, learning_rate=0.05, max_depth=5, n_estimators=500, subsample=0.7;, score=0.658 total time= 1.7min
[CV 2/3] END colsample_bytree=1.0, learning_rate=0.05, max_depth=5, n_estimators=500, subsample=0.7;, score=0.552 total time= 1.9min
[CV 3/3] END colsample_bytree=0.6, learning_rate=0.1, max_depth=3, n_estimators=1200, subsample=0.9;, score=0.641 total time= 1.5min
[CV 2/3] END colsample_bytree=0.6, learning_rate=0.05, max_depth=7, n_estimators=100, subsample=0.6;, score=0.518 total time=  44.6s
[CV 1/3] END colsample_bytree=0.6, learning_rate=0.1, max_depth=7, n_estimators=300, subsample=1.0;, score=0.662 total time= 1.7min
[CV 3/3] END colsample_bytree=0.6, learning_rate=0.1, max_depth=7, n_estimators=300, subsample=1.0;, score=0.736 total time= 1.6min
[CV 2/3] END colsample_bytree=0.7, learning_rate=0.01, max_depth=3, n_estimators=1200, subsample=0.8;, score=0.531 total time= 3.4min
[CV 2/3] END colsample_bytree=0.9, learning_rate=0.05, max_depth=3, n_estimators=200, subsample=0.6;, score=0.506 total time=  37.1s
[CV 1/3] END colsample_bytree=0.9, learning_rate=0.1, max_depth=9, n_estimators=1200, subsample=0.6;, score=0.691 total time=11.1min
[CV 3/3] END colsample_bytree=0.7, learning_rate=0.01, max_depth=3, n_estimators=1200, subsample=0.8;, score=0.696 total time= 2.7min
[CV 1/3] END colsample_bytree=0.9, learning_rate=0.05, max_depth=3, n_estimators=200, subsample=0.6;, score=0.643 total time=  38.6s
[CV 3/3] END colsample_bytree=0.9, learning_rate=0.05, max_depth=3, n_estimators=200, subsample=0.6;, score=0.689 total time=  27.8s
[CV 2/3] END colsample_bytree=0.9, learning_rate=0.1, max_depth=9, n_estimators=1200, subsample=0.6;, score=0.542 total time=11.4min
[CV 1/3] END colsample_bytree=0.6, learning_rate=0.1, max_depth=9, n_estimators=300, subsample=1.0;, score=0.667 total time= 3.0min
[CV 1/3] END colsample_bytree=0.6, learning_rate=0.05, max_depth=9, n_estimators=200, subsample=1.0;, score=0.676 total time= 1.5min
[CV 3/3] END colsample_bytree=0.9, learning_rate=0.1, max_depth=3, n_estimators=800, subsample=1.0;, score=0.591 total time=  49.9s
[CV 1/3] END colsample_bytree=0.6, learning_rate=0.1, max_depth=5, n_estimators=1500, subsample=0.9;, score=0.667 total time= 5.2min
[CV 1/3] END colsample_bytree=0.6, learning_rate=0.05, max_depth=7, n_estimators=100, subsample=0.6;, score=0.653 total time=  42.5s
[CV 2/3] END colsample_bytree=0.9, learning_rate=0.1, max_depth=5, n_estimators=1500, subsample=1.0;, score=0.543 total time= 6.0min
[CV 3/3] END colsample_bytree=0.6, learning_rate=0.05, max_depth=7, n_estimators=800, subsample=0.7;, score=0.734 total time= 4.1min
[CV 1/3] END colsample_bytree=0.8, learning_rate=0.05, max_depth=7, n_estimators=2000, subsample=0.7;, score=0.684 total time=11.4min
[CV 2/3] END colsample_bytree=0.6, learning_rate=0.1, max_depth=7, n_estimators=800, subsample=0.7;, score=0.561 total time= 5.7min
[CV 1/3] END colsample_bytree=0.9, learning_rate=0.05, max_depth=7, n_estimators=1500, subsample=0.8;, score=0.683 total time= 8.2min
[CV 1/3] END colsample_bytree=0.8, learning_rate=0.1, max_depth=7, n_estimators=1500, subsample=1.0;, score=0.679 total time= 9.9min
[CV 2/3] END colsample_bytree=1.0, learning_rate=0.1, max_depth=9, n_estimators=500, subsample=0.9;, score=0.547 total time= 4.5min
[CV 1/3] END colsample_bytree=0.6, learning_rate=0.1, max_depth=7, n_estimators=800, subsample=0.7;, score=0.664 total time= 4.3min
[CV 1/3] END colsample_bytree=0.7, learning_rate=0.01, max_depth=5, n_estimators=1000, subsample=0.7;, score=0.653 total time= 3.7min
[CV 3/3] END colsample_bytree=0.9, learning_rate=0.05, max_depth=7, n_estimators=1500, subsample=0.8;, score=0.689 total time= 8.6min
[CV 2/3] END colsample_bytree=0.8, learning_rate=0.1, max_depth=7, n_estimators=1500, subsample=1.0;, score=0.531 total time= 8.1min
[CV 2/3] END colsample_bytree=0.8, learning_rate=0.05, max_depth=7, n_estimators=2000, subsample=0.7;, score=0.560 total time=14.8min
[CV 1/3] END colsample_bytree=0.7, learning_rate=0.1, max_depth=5, n_estimators=100, subsample=0.6;, score=0.643 total time=  25.0s
[CV 3/3] END colsample_bytree=0.7, learning_rate=0.1, max_depth=5, n_estimators=100, subsample=0.6;, score=0.716 total time=  15.2s
[CV 2/3] END colsample_bytree=0.6, learning_rate=0.05, max_depth=3, n_estimators=200, subsample=0.9;, score=0.513 total time=  29.5s
[CV 1/3] END colsample_bytree=1.0, learning_rate=0.1, max_depth=9, n_estimators=1000, subsample=1.0;, score=0.679 total time= 8.1min
[CV 3/3] END colsample_bytree=0.7, learning_rate=0.01, max_depth=5, n_estimators=1000, subsample=0.7;, score=0.723 total time= 2.6min
[CV 2/3] END colsample_bytree=0.9, learning_rate=0.05, max_depth=7, n_estimators=1500, subsample=0.8;, score=0.565 total time=11.1min
[CV 1/3] END colsample_bytree=0.7, learning_rate=0.01, max_depth=9, n_estimators=1000, subsample=0.6;, score=0.686 total time=10.6min
[CV 2/3] END colsample_bytree=0.7, learning_rate=0.1, max_depth=9, n_estimators=500, subsample=0.9;, score=0.515 total time= 6.1min
[CV 1/3] END colsample_bytree=1.0, learning_rate=0.1, max_depth=9, n_estimators=200, subsample=1.0;, score=0.670 total time= 2.7min
[CV 2/3] END colsample_bytree=0.7, learning_rate=0.05, max_depth=9, n_estimators=300, subsample=1.0;, score=0.509 total time= 4.2min
[CV 1/3] END colsample_bytree=1.0, learning_rate=0.01, max_depth=5, n_estimators=100, subsample=1.0;, score=0.500 total time=  42.2s
[CV 1/3] END colsample_bytree=0.7, learning_rate=0.1, max_depth=9, n_estimators=800, subsample=0.6;, score=0.696 total time=10.3min
[CV 2/3] END colsample_bytree=0.9, learning_rate=0.05, max_depth=3, n_estimators=1200, subsample=0.8;, score=0.559 total time= 4.2min
[CV 2/3] END colsample_bytree=0.6, learning_rate=0.05, max_depth=9, n_estimators=200, subsample=1.0;, score=0.530 total time= 2.3min
[CV 2/3] END colsample_bytree=0.6, learning_rate=0.1, max_depth=5, n_estimators=1500, subsample=0.9;, score=0.559 total time= 6.5min
[CV 2/3] END colsample_bytree=0.6, learning_rate=0.1, max_depth=7, n_estimators=300, subsample=1.0;, score=0.550 total time= 1.9min
[CV 1/3] END colsample_bytree=0.7, learning_rate=0.01, max_depth=3, n_estimators=100, subsample=1.0;, score=0.431 total time=  18.4s
[CV 2/3] END colsample_bytree=0.7, learning_rate=0.01, max_depth=3, n_estimators=100, subsample=1.0;, score=0.168 total time=  16.3s
[CV 3/3] END colsample_bytree=0.7, learning_rate=0.01, max_depth=3, n_estimators=100, subsample=1.0;, score=0.488 total time=   7.5s
[CV 1/3] END colsample_bytree=0.7, learning_rate=0.01, max_depth=3, n_estimators=1200, subsample=0.8;, score=0.648 total time= 2.6min
[CV 1/3] END colsample_bytree=0.6, learning_rate=0.05, max_depth=7, n_estimators=800, subsample=0.7;, score=0.679 total time= 4.5min
[CV 3/3] END colsample_bytree=0.8, learning_rate=0.05, max_depth=7, n_estimators=2000, subsample=0.7;, score=0.677 total time= 9.3min
[CV 2/3] END colsample_bytree=1.0, learning_rate=0.1, max_depth=3, n_estimators=1000, subsample=0.6;, score=0.553 total time= 1.5min
[CV 2/3] END colsample_bytree=0.7, learning_rate=0.01, max_depth=5, n_estimators=1000, subsample=0.7;, score=0.550 total time= 4.0min
[CV 2/3] END colsample_bytree=0.7, learning_rate=0.1, max_depth=5, n_estimators=100, subsample=0.6;, score=0.516 total time=  32.2s
[CV 1/3] END colsample_bytree=0.6, learning_rate=0.05, max_depth=3, n_estimators=200, subsample=0.9;, score=0.645 total time=  32.6s
[CV 3/3] END colsample_bytree=0.6, learning_rate=0.05, max_depth=3, n_estimators=200, subsample=0.9;, score=0.693 total time=  24.1s
[CV 2/3] END colsample_bytree=1.0, learning_rate=0.1, max_depth=9, n_estimators=1000, subsample=1.0;, score=0.541 total time=10.2min
[CV 3/3] END colsample_bytree=0.6, learning_rate=0.1, max_depth=7, n_estimators=800, subsample=0.7;, score=0.706 total time= 3.8min
[CV 3/3] END colsample_bytree=0.7, learning_rate=0.1, max_depth=5, n_estimators=2000, subsample=0.7;, score=0.579 total time= 6.6min
[CV 3/3] END colsample_bytree=1.0, learning_rate=0.1, max_depth=9, n_estimators=1000, subsample=1.0;, score=0.683 total time= 7.8min
[CV 1/3] END colsample_bytree=1.0, learning_rate=0.1, max_depth=3, n_estimators=1000, subsample=0.6;, score=0.659 total time= 2.9min
[CV 1/3] END colsample_bytree=0.7, learning_rate=0.1, max_depth=5, n_estimators=2000, subsample=0.7;, score=0.666 total time= 7.5min
[CV 1/3] END colsample_bytree=0.7, learning_rate=0.01, max_depth=7, n_estimators=800, subsample=0.7;, score=0.667 total time= 4.4min
[CV 2/3] END colsample_bytree=1.0, learning_rate=0.1, max_depth=7, n_estimators=1200, subsample=0.7;, score=0.554 total time= 7.7min
[CV 2/3] END colsample_bytree=0.8, learning_rate=0.01, max_depth=7, n_estimators=100, subsample=0.9;, score=0.257 total time=  46.5s
[CV 2/3] END colsample_bytree=0.9, learning_rate=0.01, max_depth=7, n_estimators=300, subsample=0.6;, score=0.482 total time= 2.3min
[CV 3/3] END colsample_bytree=0.7, learning_rate=0.01, max_depth=5, n_estimators=1200, subsample=0.8;, score=0.725 total time= 3.3min
[CV 1/3] END colsample_bytree=1.0, learning_rate=0.1, max_depth=3, n_estimators=1500, subsample=1.0;, score=0.658 total time= 3.5min
[CV 2/3] END colsample_bytree=0.9, learning_rate=0.01, max_depth=9, n_estimators=100, subsample=0.7;, score=0.276 total time= 1.1min
[CV 2/3] END colsample_bytree=0.7, learning_rate=0.1, max_depth=5, n_estimators=1200, subsample=1.0;, score=0.535 total time= 4.7min
[CV 3/3] END colsample_bytree=1.0, learning_rate=0.1, max_depth=7, n_estimators=1200, subsample=0.7;, score=0.625 total time= 5.5min
[CV 2/3] END colsample_bytree=0.7, learning_rate=0.01, max_depth=5, n_estimators=1200, subsample=0.8;, score=0.562 total time= 5.0min
[CV 2/3] END colsample_bytree=0.6, learning_rate=0.1, max_depth=7, n_estimators=100, subsample=0.6;, score=0.524 total time=  40.1s
[CV 3/3] END colsample_bytree=0.6, learning_rate=0.05, max_depth=3, n_estimators=500, subsample=0.7;, score=0.706 total time=  44.1s
[CV 1/3] END colsample_bytree=0.9, learning_rate=0.05, max_depth=5, n_estimators=100, subsample=0.6;, score=0.647 total time=  28.8s
[CV 3/3] END colsample_bytree=0.9, learning_rate=0.01, max_depth=9, n_estimators=100, subsample=0.7;, score=0.597 total time=  48.1s
[CV 3/3] END colsample_bytree=0.6, learning_rate=0.1, max_depth=9, n_estimators=1000, subsample=0.7;, score=0.729 total time= 6.6min
[CV 3/3] END colsample_bytree=0.8, learning_rate=0.01, max_depth=9, n_estimators=200, subsample=0.7;, score=0.707 total time= 1.5min
[CV 1/3] END colsample_bytree=0.7, learning_rate=0.01, max_depth=7, n_estimators=500, subsample=1.0;, score=0.663 total time= 3.2min
[CV 1/3] END colsample_bytree=0.6, learning_rate=0.01, max_depth=3, n_estimators=1200, subsample=0.8;, score=0.648 total time= 3.1min
[CV 2/3] END colsample_bytree=1.0, learning_rate=0.1, max_depth=3, n_estimators=1500, subsample=1.0;, score=0.546 total time= 3.2min
[CV 2/3] END colsample_bytree=0.9, learning_rate=0.05, max_depth=5, n_estimators=100, subsample=0.6;, score=0.485 total time=  30.7s
[CV 2/3] END colsample_bytree=0.6, learning_rate=0.1, max_depth=9, n_estimators=1000, subsample=0.7;, score=0.500 total time= 8.7min
[CV 3/3] END colsample_bytree=0.7, learning_rate=0.01, max_depth=7, n_estimators=500, subsample=1.0;, score=0.728 total time= 2.6min
[CV 1/3] END colsample_bytree=0.7, learning_rate=0.01, max_depth=5, n_estimators=1200, subsample=0.8;, score=0.656 total time= 5.0min
[CV 1/3] END colsample_bytree=0.6, learning_rate=0.1, max_depth=7, n_estimators=100, subsample=0.6;, score=0.639 total time=  45.0s
[CV 1/3] END colsample_bytree=0.6, learning_rate=0.05, max_depth=3, n_estimators=500, subsample=0.7;, score=0.655 total time= 1.2min
[CV 3/3] END colsample_bytree=0.9, learning_rate=0.05, max_depth=5, n_estimators=100, subsample=0.6;, score=0.711 total time=  28.1s
[CV 1/3] END colsample_bytree=0.6, learning_rate=0.1, max_depth=9, n_estimators=1000, subsample=0.7;, score=0.684 total time= 9.1min
[CV 2/3] END colsample_bytree=0.9, learning_rate=0.1, max_depth=5, n_estimators=800, subsample=0.6;, score=0.564 total time= 3.3min
[CV 1/3] END colsample_bytree=0.8, learning_rate=0.1, max_depth=7, n_estimators=800, subsample=1.0;, score=0.676 total time= 4.8min
[CV 1/3] END colsample_bytree=1.0, learning_rate=0.05, max_depth=7, n_estimators=1000, subsample=0.7;, score=0.680 total time= 6.5min
[CV 2/3] END colsample_bytree=0.6, learning_rate=0.01, max_depth=7, n_estimators=100, subsample=0.9;, score=0.257 total time=  44.1s
[CV 1/3] END colsample_bytree=1.0, learning_rate=0.01, max_depth=3, n_estimators=300, subsample=0.7;, score=0.606 total time=  50.0s
[CV 3/3] END colsample_bytree=1.0, learning_rate=0.01, max_depth=3, n_estimators=300, subsample=0.7;, score=0.653 total time=  41.5s
[CV 3/3] END colsample_bytree=1.0, learning_rate=0.1, max_depth=3, n_estimators=300, subsample=1.0;, score=0.672 total time=  35.6s
[CV 3/3] END colsample_bytree=1.0, learning_rate=0.01, max_depth=5, n_estimators=800, subsample=0.6;, score=0.720 total time= 2.6min
[CV 3/3] END colsample_bytree=0.6, learning_rate=0.1, max_depth=9, n_estimators=100, subsample=0.6;, score=0.762 total time=  42.5s
[CV 1/3] END colsample_bytree=1.0, learning_rate=0.1, max_depth=7, n_estimators=1200, subsample=0.7;, score=0.678 total time= 8.6min
[CV 1/3] END colsample_bytree=0.9, learning_rate=0.1, max_depth=5, n_estimators=800, subsample=0.6;, score=0.669 total time= 3.6min
[CV 2/3] END colsample_bytree=0.8, learning_rate=0.1, max_depth=7, n_estimators=800, subsample=1.0;, score=0.536 total time= 5.1min
[CV 2/3] END colsample_bytree=1.0, learning_rate=0.05, max_depth=7, n_estimators=1000, subsample=0.7;, score=0.570 total time= 6.5min
[CV 2/3] END colsample_bytree=0.8, learning_rate=0.05, max_depth=7, n_estimators=300, subsample=0.7;, score=0.543 total time= 1.9min
[CV 1/3] END colsample_bytree=0.9, learning_rate=0.05, max_depth=5, n_estimators=500, subsample=1.0;, score=0.663 total time= 1.6min
[CV 1/3] END colsample_bytree=0.7, learning_rate=0.1, max_depth=3, n_estimators=100, subsample=0.6;, score=0.648 total time=  14.3s
[CV 3/3] END colsample_bytree=0.7, learning_rate=0.1, max_depth=3, n_estimators=100, subsample=0.6;, score=0.685 total time=   8.5s
[CV 2/3] END colsample_bytree=1.0, learning_rate=0.1, max_depth=7, n_estimators=1200, subsample=0.9;, score=0.558 total time= 7.5min
[CV 2/3] END colsample_bytree=0.9, learning_rate=0.05, max_depth=5, n_estimators=500, subsample=1.0;, score=0.552 total time= 1.6min
[CV 2/3] END colsample_bytree=0.7, learning_rate=0.1, max_depth=3, n_estimators=100, subsample=0.6;, score=0.506 total time=  15.8s
[CV 1/3] END colsample_bytree=1.0, learning_rate=0.1, max_depth=7, n_estimators=1200, subsample=0.9;, score=0.677 total time= 7.6min
[CV 3/3] END colsample_bytree=0.8, learning_rate=0.1, max_depth=3, n_estimators=800, subsample=0.8;, score=0.622 total time= 1.3min
[CV 1/3] END colsample_bytree=0.6, learning_rate=0.1, max_depth=9, n_estimators=100, subsample=0.6;, score=0.668 total time=  57.6s
[CV 3/3] END colsample_bytree=0.9, learning_rate=0.05, max_depth=5, n_estimators=500, subsample=1.0;, score=0.720 total time= 1.2min
[CV 3/3] END colsample_bytree=0.8, learning_rate=0.01, max_depth=9, n_estimators=2000, subsample=0.6;, score=0.753 total time=13.4min
[CV 1/3] END colsample_bytree=0.8, learning_rate=0.1, max_depth=3, n_estimators=800, subsample=0.8;, score=0.661 total time= 1.8min
[CV 3/3] END colsample_bytree=0.8, learning_rate=0.05, max_depth=7, n_estimators=300, subsample=0.7;, score=0.732 total time= 1.3min
[CV 1/3] END colsample_bytree=0.8, learning_rate=0.01, max_depth=9, n_estimators=2000, subsample=0.6;, score=0.693 total time=18.0min
[CV 2/3] END colsample_bytree=0.8, learning_rate=0.1, max_depth=3, n_estimators=800, subsample=0.8;, score=0.550 total time= 1.8min
[CV 2/3] END colsample_bytree=0.6, learning_rate=0.1, max_depth=9, n_estimators=100, subsample=0.6;, score=0.486 total time=  57.7s
[CV 2/3] END colsample_bytree=0.8, learning_rate=0.01, max_depth=9, n_estimators=2000, subsample=0.6;, score=0.562 total time=18.3min
[CV 3/3] END colsample_bytree=1.0, learning_rate=0.1, max_depth=9, n_estimators=500, subsample=0.9;, score=0.706 total time= 4.4min
[CV 3/3] END colsample_bytree=1.0, learning_rate=0.1, max_depth=3, n_estimators=1000, subsample=0.6;, score=0.616 total time= 2.3min
[CV 2/3] END colsample_bytree=0.7, learning_rate=0.1, max_depth=5, n_estimators=2000, subsample=0.7;, score=0.540 total time= 7.5min
[CV 2/3] END colsample_bytree=0.7, learning_rate=0.01, max_depth=7, n_estimators=800, subsample=0.7;, score=0.544 total time= 4.4min
[CV 1/3] END colsample_bytree=0.8, learning_rate=0.01, max_depth=9, n_estimators=200, subsample=0.7;, score=0.638 total time= 1.9min
[CV 1/3] END colsample_bytree=0.8, learning_rate=0.01, max_depth=7, n_estimators=100, subsample=0.9;, score=0.514 total time=  44.0s
[CV 2/3] END colsample_bytree=0.7, learning_rate=0.01, max_depth=7, n_estimators=500, subsample=1.0;, score=0.541 total time= 3.4min
[CV 2/3] END colsample_bytree=0.6, learning_rate=0.01, max_depth=3, n_estimators=1200, subsample=0.8;, score=0.546 total time= 2.9min
[CV 3/3] END colsample_bytree=1.0, learning_rate=0.1, max_depth=3, n_estimators=1500, subsample=1.0;, score=0.538 total time= 2.0min
[CV 3/3] END colsample_bytree=0.8, learning_rate=0.1, max_depth=7, n_estimators=800, subsample=1.0;, score=0.693 total time= 3.4min
[CV 3/3] END colsample_bytree=0.7, learning_rate=0.1, max_depth=5, n_estimators=1200, subsample=1.0;, score=0.616 total time= 3.2min
[CV 3/3] END colsample_bytree=1.0, learning_rate=0.05, max_depth=7, n_estimators=1000, subsample=0.7;, score=0.705 total time= 4.9min
[CV 1/3] END colsample_bytree=0.8, learning_rate=0.05, max_depth=7, n_estimators=300, subsample=0.7;, score=0.666 total time= 1.9min
[CV 3/3] END colsample_bytree=0.8, learning_rate=0.01, max_depth=3, n_estimators=1200, subsample=1.0;, score=0.690 total time= 2.5min
[CV 3/3] END colsample_bytree=1.0, learning_rate=0.1, max_depth=7, n_estimators=1200, subsample=0.9;, score=0.642 total time= 5.5min
[CV 3/3] END colsample_bytree=1.0, learning_rate=0.05, max_depth=9, n_estimators=2000, subsample=0.9;, score=0.697 total time=12.3min
[CV 3/3] END colsample_bytree=0.7, learning_rate=0.01, max_depth=7, n_estimators=800, subsample=0.7;, score=0.735 total time= 2.9min
[CV 2/3] END colsample_bytree=0.8, learning_rate=0.01, max_depth=9, n_estimators=200, subsample=0.7;, score=0.439 total time= 2.0min
[CV 3/3] END colsample_bytree=0.8, learning_rate=0.01, max_depth=7, n_estimators=100, subsample=0.9;, score=0.576 total time=  30.9s
[CV 1/3] END colsample_bytree=0.9, learning_rate=0.01, max_depth=7, n_estimators=300, subsample=0.6;, score=0.644 total time= 2.0min
[CV 3/3] END colsample_bytree=0.9, learning_rate=0.01, max_depth=7, n_estimators=300, subsample=0.6;, score=0.712 total time= 1.6min
[CV 3/3] END colsample_bytree=0.6, learning_rate=0.01, max_depth=3, n_estimators=1200, subsample=0.8;, score=0.702 total time= 1.9min
[CV 3/3] END colsample_bytree=0.9, learning_rate=0.1, max_depth=5, n_estimators=800, subsample=0.6;, score=0.671 total time= 2.2min
[CV 3/3] END colsample_bytree=0.6, learning_rate=0.1, max_depth=7, n_estimators=100, subsample=0.6;, score=0.737 total time=  32.2s
[CV 2/3] END colsample_bytree=0.6, learning_rate=0.05, max_depth=3, n_estimators=500, subsample=0.7;, score=0.543 total time= 1.2min
[CV 1/3] END colsample_bytree=0.9, learning_rate=0.01, max_depth=9, n_estimators=100, subsample=0.7;, score=0.533 total time= 1.1min
[CV 1/3] END colsample_bytree=0.7, learning_rate=0.1, max_depth=5, n_estimators=1200, subsample=1.0;, score=0.670 total time= 4.4min
[CV 1/3] END colsample_bytree=0.6, learning_rate=0.01, max_depth=7, n_estimators=100, subsample=0.9;, score=0.496 total time=  41.7s
[CV 3/3] END colsample_bytree=0.6, learning_rate=0.01, max_depth=7, n_estimators=100, subsample=0.9;, score=0.566 total time=  31.2s
[CV 2/3] END colsample_bytree=1.0, learning_rate=0.01, max_depth=3, n_estimators=300, subsample=0.7;, score=0.421 total time=  52.5s
[CV 2/3] END colsample_bytree=1.0, learning_rate=0.1, max_depth=3, n_estimators=300, subsample=1.0;, score=0.537 total time=  40.0s
[CV 1/3] END colsample_bytree=1.0, learning_rate=0.01, max_depth=5, n_estimators=800, subsample=0.6;, score=0.646 total time= 3.5min
[CV 1/3] END colsample_bytree=0.8, learning_rate=0.01, max_depth=3, n_estimators=1200, subsample=1.0;, score=0.647 total time= 3.0min
[CV 1/3] END colsample_bytree=1.0, learning_rate=0.05, max_depth=9, n_estimators=2000, subsample=0.9;, score=0.691 total time=17.6min
[CV 1/3] END colsample_bytree=1.0, learning_rate=0.1, max_depth=3, n_estimators=300, subsample=1.0;, score=0.645 total time=  42.2s
[CV 2/3] END colsample_bytree=1.0, learning_rate=0.01, max_depth=5, n_estimators=800, subsample=0.6;, score=0.521 total time= 3.7min
[CV 2/3] END colsample_bytree=0.8, learning_rate=0.01, max_depth=3, n_estimators=1200, subsample=1.0;, score=0.519 total time= 3.0min
[CV 2/3] END colsample_bytree=1.0, learning_rate=0.05, max_depth=9, n_estimators=2000, subsample=0.9;, score=0.562 total time=17.5min
[CV 3/3] END colsample_bytree=0.6, learning_rate=0.05, max_depth=3, n_estimators=2000, subsample=0.7;, score=0.662 total time= 3.0min
[CV 3/3] END colsample_bytree=0.7, learning_rate=0.01, max_depth=9, n_estimators=100, subsample=1.0;, score=0.589 total time=  44.9s
[CV 2/3] END colsample_bytree=0.7, learning_rate=0.05, max_depth=9, n_estimators=100, subsample=0.7;, score=0.482 total time=  57.1s
[CV 3/3] END colsample_bytree=0.7, learning_rate=0.05, max_depth=9, n_estimators=100, subsample=0.7;, score=0.754 total time=  42.3s
[CV 2/3] END colsample_bytree=0.6, learning_rate=0.1, max_depth=7, n_estimators=200, subsample=0.8;, score=0.517 total time= 1.0min
[CV 2/3] END colsample_bytree=0.6, learning_rate=0.05, max_depth=3, n_estimators=2000, subsample=0.7;, score=0.548 total time= 4.6min
[CV 2/3] END colsample_bytree=0.7, learning_rate=0.01, max_depth=9, n_estimators=100, subsample=1.0;, score=0.274 total time= 1.1min
[CV 2/3] END colsample_bytree=0.6, learning_rate=0.01, max_depth=9, n_estimators=2000, subsample=0.6;, score=0.570 total time= 5.9min
[CV 1/3] END colsample_bytree=0.7, learning_rate=0.05, max_depth=9, n_estimators=100, subsample=0.7;, score=0.671 total time=  59.9s
[CV 1/3] END colsample_bytree=0.6, learning_rate=0.1, max_depth=7, n_estimators=200, subsample=0.8;, score=0.656 total time= 1.1min
[CV 3/3] END colsample_bytree=0.6, learning_rate=0.1, max_depth=7, n_estimators=200, subsample=0.8;, score=0.740 total time=  34.2s
[CV 1/3] END colsample_bytree=0.6, learning_rate=0.05, max_depth=3, n_estimators=2000, subsample=0.7;, score=0.670 total time= 4.5min
[CV 1/3] END colsample_bytree=0.7, learning_rate=0.01, max_depth=9, n_estimators=100, subsample=1.0;, score=0.523 total time= 1.1min
[CV 1/3] END colsample_bytree=0.6, learning_rate=0.01, max_depth=9, n_estimators=2000, subsample=0.6;, score=0.696 total time= 6.1min
[CV 3/3] END colsample_bytree=0.6, learning_rate=0.01, max_depth=9, n_estimators=2000, subsample=0.6;, score=0.765 total time= 3.8min
           max_depth:         9
       learning_rate:      0.01
        n_estimators:      2000
           subsample:       0.6
    colsample_bytree:       0.6
xgb 86.0% stations have KGE > 0
xgb 66.0% stations have KGE > 0.3
xgb 88.0% stations have R2 >= 0.3
xgb Median KGE   is 0.44   Ave KGE   is -0.41
xgb Median r     is 0.77   Ave r     is 0.73
xgb Median nRMSE is 23.25   Ave nRMSE is 7014.53

real	168m30.693s
user	3511m2.859s
sys	9m41.364s
