
CommandNotFoundError: Your shell has not been properly configured to use 'conda deactivate'.
To initialize your shell, run

    $ conda init <SHELL_NAME>

Currently supported shells are:
  - bash
  - fish
  - tcsh
  - xonsh
  - zsh
  - powershell

See 'conda init --help' for more information and options.

IMPORTANT: You may need to close and restart your shell after running 'conda init'.



CommandNotFoundError: Your shell has not been properly configured to use 'conda deactivate'.
To initialize your shell, run

    $ conda init <SHELL_NAME>

Currently supported shells are:
  - bash
  - fish
  - tcsh
  - xonsh
  - zsh
  - powershell

See 'conda init --help' for more information and options.

IMPORTANT: You may need to close and restart your shell after running 'conda init'.


['xgb_flood.py', '../data/Qmin7_final_dataset_seasonal4_multi_MSWX_meteo.csv', 'cv']
(1512594, 132)
 BDTICM elevation slope aridity sedimentary plutonic
 volcanic metamorphic clay sand silt Porosity_x
 logK_Ice_x ohdb_latitude ohdb_longitude year season_id freeze
 climate basin_id lwd_3 p_3 pres_3 relhum_3
 swd_3 spechum_3 tmax_3 tmin_3 wind_3 lwd_7
 p_7 pres_7 relhum_7 swd_7 spechum_7 tmax_7
 tmin_7 wind_7 lwd_15 p_15 pres_15 relhum_15
 swd_15 spechum_15 tmax_15 tmin_15 wind_15 lwd_30
 p_30 pres_30 relhum_30 swd_30 spechum_30 tmax_30
 tmin_30 wind_30 p_365 runoff_ratio slope_fdc Q10_50
 high_q_freq low_q_freq zero_q_freq cv high_q_dur low_q_dur
 BFI lagT noResRatio FI p_mean stream_elas
 hfd_mean tmax_ave tmax_std ImperviousSurface crop forest
 grass water wetland res_darea_normalize Year_ave Main_Purpose_id

Fitting 3 folds for each of 100 candidates, totalling 300 fits
[CV 1/3] END colsample_bytree=0.8, gamma=0.0, learning_rate=0.1, max_depth=9, min_child_weight=5, n_estimators=500, subsample=0.6;, score=0.864 total time=  19.5s
[CV 2/3] END colsample_bytree=0.8, gamma=0.0, learning_rate=0.1, max_depth=9, min_child_weight=5, n_estimators=500, subsample=0.6;, score=0.713 total time=  13.6s
[CV 3/3] END colsample_bytree=0.8, gamma=0.0, learning_rate=0.1, max_depth=9, min_child_weight=5, n_estimators=500, subsample=0.6;, score=0.861 total time=  13.8s
[CV 1/3] END colsample_bytree=0.6, gamma=0.0, learning_rate=0.05, max_depth=9, min_child_weight=1, n_estimators=800, subsample=0.6;, score=0.863 total time=  27.4s
[CV 2/3] END colsample_bytree=0.6, gamma=0.0, learning_rate=0.05, max_depth=9, min_child_weight=1, n_estimators=800, subsample=0.6;, score=0.720 total time=  27.3s
[CV 3/3] END colsample_bytree=0.6, gamma=0.0, learning_rate=0.05, max_depth=9, min_child_weight=1, n_estimators=800, subsample=0.6;, score=0.865 total time=  27.8s
[CV 1/3] END colsample_bytree=0.7, gamma=0.1, learning_rate=0.1, max_depth=7, min_child_weight=1, n_estimators=100, subsample=1.0;, score=0.837 total time=   2.3s
[CV 2/3] END colsample_bytree=0.7, gamma=0.1, learning_rate=0.1, max_depth=7, min_child_weight=1, n_estimators=100, subsample=1.0;, score=0.707 total time=   2.3s
[CV 3/3] END colsample_bytree=0.7, gamma=0.1, learning_rate=0.1, max_depth=7, min_child_weight=1, n_estimators=100, subsample=1.0;, score=0.832 total time=   2.3s
[CV 1/3] END colsample_bytree=0.6, gamma=0.3, learning_rate=0.05, max_depth=3, min_child_weight=1, n_estimators=1000, subsample=0.6;, score=0.820 total time=   6.7s
[CV 2/3] END colsample_bytree=0.6, gamma=0.3, learning_rate=0.05, max_depth=3, min_child_weight=1, n_estimators=1000, subsample=0.6;, score=0.707 total time=   6.8s
[CV 3/3] END colsample_bytree=0.6, gamma=0.3, learning_rate=0.05, max_depth=3, min_child_weight=1, n_estimators=1000, subsample=0.6;, score=0.801 total time=   6.9s
[CV 1/3] END colsample_bytree=0.8, gamma=0.05, learning_rate=0.1, max_depth=3, min_child_weight=3, n_estimators=800, subsample=0.6;, score=0.837 total time=   6.2s
[CV 2/3] END colsample_bytree=0.8, gamma=0.05, learning_rate=0.1, max_depth=3, min_child_weight=3, n_estimators=800, subsample=0.6;, score=0.725 total time=   6.2s
[CV 3/3] END colsample_bytree=0.8, gamma=0.05, learning_rate=0.1, max_depth=3, min_child_weight=3, n_estimators=800, subsample=0.6;, score=0.821 total time=   6.4s
[CV 1/3] END colsample_bytree=0.9, gamma=0.0, learning_rate=0.01, max_depth=9, min_child_weight=1, n_estimators=100, subsample=0.8;, score=0.669 total time=   4.6s
[CV 2/3] END colsample_bytree=0.9, gamma=0.0, learning_rate=0.01, max_depth=9, min_child_weight=1, n_estimators=100, subsample=0.8;, score=0.459 total time=   5.2s
[CV 3/3] END colsample_bytree=0.9, gamma=0.0, learning_rate=0.01, max_depth=9, min_child_weight=1, n_estimators=100, subsample=0.8;, score=0.620 total time=   4.7s
[CV 1/3] END colsample_bytree=0.8, gamma=0.05, learning_rate=0.01, max_depth=5, min_child_weight=5, n_estimators=100, subsample=0.9;, score=0.621 total time=   2.0s
[CV 2/3] END colsample_bytree=0.8, gamma=0.05, learning_rate=0.01, max_depth=5, min_child_weight=5, n_estimators=100, subsample=0.9;, score=0.413 total time=   2.0s
[CV 3/3] END colsample_bytree=0.8, gamma=0.05, learning_rate=0.01, max_depth=5, min_child_weight=5, n_estimators=100, subsample=0.9;, score=0.551 total time=   2.0s
[CV 1/3] END colsample_bytree=0.6, gamma=0.05, learning_rate=0.01, max_depth=7, min_child_weight=1, n_estimators=200, subsample=0.6;, score=0.778 total time=   5.2s
[CV 2/3] END colsample_bytree=0.6, gamma=0.05, learning_rate=0.01, max_depth=7, min_child_weight=1, n_estimators=200, subsample=0.6;, score=0.589 total time=   5.5s
[CV 3/3] END colsample_bytree=0.6, gamma=0.05, learning_rate=0.01, max_depth=7, min_child_weight=1, n_estimators=200, subsample=0.6;, score=0.749 total time=   5.2s
[CV 1/3] END colsample_bytree=0.6, gamma=0.0, learning_rate=0.05, max_depth=7, min_child_weight=3, n_estimators=500, subsample=1.0;, score=0.857 total time=  10.7s
[CV 2/3] END colsample_bytree=0.6, gamma=0.0, learning_rate=0.05, max_depth=7, min_child_weight=3, n_estimators=500, subsample=1.0;, score=0.721 total time=  10.6s
[CV 3/3] END colsample_bytree=0.6, gamma=0.0, learning_rate=0.05, max_depth=7, min_child_weight=3, n_estimators=500, subsample=1.0;, score=0.854 total time=  10.9s
[CV 1/3] END colsample_bytree=0.6, gamma=0.05, learning_rate=0.1, max_depth=3, min_child_weight=3, n_estimators=100, subsample=0.9;, score=0.810 total time=   1.3s
[CV 2/3] END colsample_bytree=0.6, gamma=0.05, learning_rate=0.1, max_depth=3, min_child_weight=3, n_estimators=100, subsample=0.9;, score=0.670 total time=   1.3s
[CV 3/3] END colsample_bytree=0.6, gamma=0.05, learning_rate=0.1, max_depth=3, min_child_weight=3, n_estimators=100, subsample=0.9;, score=0.781 total time=   1.3s
[CV 1/3] END colsample_bytree=0.6, gamma=0.2, learning_rate=0.1, max_depth=3, min_child_weight=3, n_estimators=100, subsample=0.7;, score=0.807 total time=   1.3s
[CV 2/3] END colsample_bytree=0.6, gamma=0.2, learning_rate=0.1, max_depth=3, min_child_weight=3, n_estimators=100, subsample=0.7;, score=0.683 total time=   1.3s
[CV 3/3] END colsample_bytree=0.6, gamma=0.2, learning_rate=0.1, max_depth=3, min_child_weight=3, n_estimators=100, subsample=0.7;, score=0.780 total time=   1.4s
[CV 1/3] END colsample_bytree=0.8, gamma=0.1, learning_rate=0.01, max_depth=7, min_child_weight=3, n_estimators=500, subsample=0.9;, score=0.839 total time=  11.8s
[CV 2/3] END colsample_bytree=0.8, gamma=0.1, learning_rate=0.01, max_depth=7, min_child_weight=3, n_estimators=500, subsample=0.9;, score=0.705 total time=  11.9s
[CV 3/3] END colsample_bytree=0.8, gamma=0.1, learning_rate=0.01, max_depth=7, min_child_weight=3, n_estimators=500, subsample=0.9;, score=0.823 total time=  12.0s
[CV 1/3] END colsample_bytree=0.8, gamma=0.2, learning_rate=0.1, max_depth=3, min_child_weight=5, n_estimators=1000, subsample=1.0;, score=0.825 total time=   5.9s
[CV 2/3] END colsample_bytree=0.8, gamma=0.2, learning_rate=0.1, max_depth=3, min_child_weight=5, n_estimators=1000, subsample=1.0;, score=0.719 total time=   6.0s
[CV 3/3] END colsample_bytree=0.8, gamma=0.2, learning_rate=0.1, max_depth=3, min_child_weight=5, n_estimators=1000, subsample=1.0;, score=0.807 total time=   5.9s
[CV 1/3] END colsample_bytree=0.9, gamma=0.3, learning_rate=0.1, max_depth=9, min_child_weight=1, n_estimators=300, subsample=0.9;, score=0.838 total time=   3.3s
[CV 2/3] END colsample_bytree=0.9, gamma=0.3, learning_rate=0.1, max_depth=9, min_child_weight=1, n_estimators=300, subsample=0.9;, score=0.704 total time=   3.3s
[CV 3/3] END colsample_bytree=0.9, gamma=0.3, learning_rate=0.1, max_depth=9, min_child_weight=1, n_estimators=300, subsample=0.9;, score=0.829 total time=   3.3s
[CV 1/3] END colsample_bytree=0.6, gamma=0.3, learning_rate=0.05, max_depth=5, min_child_weight=3, n_estimators=200, subsample=0.7;, score=0.831 total time=   2.9s
[CV 2/3] END colsample_bytree=0.6, gamma=0.3, learning_rate=0.05, max_depth=5, min_child_weight=3, n_estimators=200, subsample=0.7;, score=0.704 total time=   2.9s
[CV 3/3] END colsample_bytree=0.6, gamma=0.3, learning_rate=0.05, max_depth=5, min_child_weight=3, n_estimators=200, subsample=0.7;, score=0.811 total time=   3.0s
[CV 1/3] END colsample_bytree=0.9, gamma=0.3, learning_rate=0.01, max_depth=5, min_child_weight=1, n_estimators=100, subsample=0.6;, score=0.621 total time=   2.0s
[CV 2/3] END colsample_bytree=0.9, gamma=0.3, learning_rate=0.01, max_depth=5, min_child_weight=1, n_estimators=100, subsample=0.6;, score=0.393 total time=   2.0s
[CV 3/3] END colsample_bytree=0.9, gamma=0.3, learning_rate=0.01, max_depth=5, min_child_weight=1, n_estimators=100, subsample=0.6;, score=0.553 total time=   2.0s
[CV 1/3] END colsample_bytree=0.9, gamma=0.1, learning_rate=0.1, max_depth=5, min_child_weight=7, n_estimators=200, subsample=0.9;, score=0.842 total time=   2.7s
[CV 2/3] END colsample_bytree=0.9, gamma=0.1, learning_rate=0.1, max_depth=5, min_child_weight=7, n_estimators=200, subsample=0.9;, score=0.733 total time=   2.7s
[CV 3/3] END colsample_bytree=0.9, gamma=0.1, learning_rate=0.1, max_depth=5, min_child_weight=7, n_estimators=200, subsample=0.9;, score=0.825 total time=   2.6s
[CV 1/3] END colsample_bytree=0.8, gamma=0.2, learning_rate=0.01, max_depth=5, min_child_weight=7, n_estimators=300, subsample=0.8;, score=0.799 total time=   4.9s
[CV 2/3] END colsample_bytree=0.8, gamma=0.2, learning_rate=0.01, max_depth=5, min_child_weight=7, n_estimators=300, subsample=0.8;, score=0.661 total time=   4.9s
[CV 3/3] END colsample_bytree=0.8, gamma=0.2, learning_rate=0.01, max_depth=5, min_child_weight=7, n_estimators=300, subsample=0.8;, score=0.768 total time=   4.9s
[CV 1/3] END colsample_bytree=0.8, gamma=0.1, learning_rate=0.1, max_depth=5, min_child_weight=5, n_estimators=300, subsample=0.7;, score=0.838 total time=   3.1s
[CV 2/3] END colsample_bytree=0.8, gamma=0.1, learning_rate=0.1, max_depth=5, min_child_weight=5, n_estimators=300, subsample=0.7;, score=0.735 total time=   3.2s
[CV 3/3] END colsample_bytree=0.8, gamma=0.1, learning_rate=0.1, max_depth=5, min_child_weight=5, n_estimators=300, subsample=0.7;, score=0.825 total time=   3.1s
[CV 1/3] END colsample_bytree=0.6, gamma=0.05, learning_rate=0.1, max_depth=7, min_child_weight=7, n_estimators=500, subsample=0.8;, score=0.853 total time=   5.0s
[CV 2/3] END colsample_bytree=0.6, gamma=0.05, learning_rate=0.1, max_depth=7, min_child_weight=7, n_estimators=500, subsample=0.8;, score=0.734 total time=   4.9s
[CV 3/3] END colsample_bytree=0.6, gamma=0.05, learning_rate=0.1, max_depth=7, min_child_weight=7, n_estimators=500, subsample=0.8;, score=0.841 total time=   5.1s
[CV 1/3] END colsample_bytree=0.6, gamma=0.0, learning_rate=0.01, max_depth=5, min_child_weight=5, n_estimators=200, subsample=1.0;, score=0.756 total time=   3.3s
[CV 2/3] END colsample_bytree=0.6, gamma=0.0, learning_rate=0.01, max_depth=5, min_child_weight=5, n_estimators=200, subsample=1.0;, score=0.582 total time=   3.4s
[CV 3/3] END colsample_bytree=0.6, gamma=0.0, learning_rate=0.01, max_depth=5, min_child_weight=5, n_estimators=200, subsample=1.0;, score=0.717 total time=   3.4s
[CV 1/3] END colsample_bytree=0.8, gamma=0.2, learning_rate=0.01, max_depth=9, min_child_weight=3, n_estimators=200, subsample=0.9;, score=0.800 total time=   7.6s
[CV 2/3] END colsample_bytree=0.8, gamma=0.2, learning_rate=0.01, max_depth=9, min_child_weight=3, n_estimators=200, subsample=0.9;, score=0.636 total time=   8.2s
[CV 3/3] END colsample_bytree=0.8, gamma=0.2, learning_rate=0.01, max_depth=9, min_child_weight=3, n_estimators=200, subsample=0.9;, score=0.772 total time=   7.7s
[CV 1/3] END colsample_bytree=1.0, gamma=0.3, learning_rate=0.1, max_depth=7, min_child_weight=1, n_estimators=300, subsample=0.9;, score=0.837 total time=   2.9s
[CV 2/3] END colsample_bytree=1.0, gamma=0.3, learning_rate=0.1, max_depth=7, min_child_weight=1, n_estimators=300, subsample=0.9;, score=0.695 total time=   2.9s
[CV 3/3] END colsample_bytree=1.0, gamma=0.3, learning_rate=0.1, max_depth=7, min_child_weight=1, n_estimators=300, subsample=0.9;, score=0.821 total time=   2.8s
[CV 1/3] END colsample_bytree=0.6, gamma=0.05, learning_rate=0.01, max_depth=9, min_child_weight=7, n_estimators=200, subsample=1.0;, score=0.796 total time=   8.1s
[CV 2/3] END colsample_bytree=0.6, gamma=0.05, learning_rate=0.01, max_depth=9, min_child_weight=7, n_estimators=200, subsample=1.0;, score=0.626 total time=   8.8s
[CV 3/3] END colsample_bytree=0.6, gamma=0.05, learning_rate=0.01, max_depth=9, min_child_weight=7, n_estimators=200, subsample=1.0;, score=0.768 total time=   8.2s
[CV 1/3] END colsample_bytree=0.6, gamma=0.0, learning_rate=0.1, max_depth=7, min_child_weight=5, n_estimators=200, subsample=0.8;, score=0.859 total time=   4.5s
[CV 2/3] END colsample_bytree=0.6, gamma=0.0, learning_rate=0.1, max_depth=7, min_child_weight=5, n_estimators=200, subsample=0.8;, score=0.733 total time=   4.4s
[CV 3/3] END colsample_bytree=0.6, gamma=0.0, learning_rate=0.1, max_depth=7, min_child_weight=5, n_estimators=200, subsample=0.8;, score=0.849 total time=   4.6s
[CV 1/3] END colsample_bytree=1.0, gamma=0.05, learning_rate=0.1, max_depth=7, min_child_weight=7, n_estimators=800, subsample=0.7;, score=0.849 total time=   6.3s
[CV 2/3] END colsample_bytree=1.0, gamma=0.05, learning_rate=0.1, max_depth=7, min_child_weight=7, n_estimators=800, subsample=0.7;, score=0.728 total time=   6.3s
[CV 3/3] END colsample_bytree=1.0, gamma=0.05, learning_rate=0.1, max_depth=7, min_child_weight=7, n_estimators=800, subsample=0.7;, score=0.836 total time=   6.3s
[CV 1/3] END colsample_bytree=0.7, gamma=0.1, learning_rate=0.1, max_depth=7, min_child_weight=7, n_estimators=800, subsample=1.0;, score=0.847 total time=   5.6s
[CV 2/3] END colsample_bytree=0.7, gamma=0.1, learning_rate=0.1, max_depth=7, min_child_weight=7, n_estimators=800, subsample=1.0;, score=0.724 total time=   5.6s
[CV 3/3] END colsample_bytree=0.7, gamma=0.1, learning_rate=0.1, max_depth=7, min_child_weight=7, n_estimators=800, subsample=1.0;, score=0.833 total time=   5.6s
[CV 1/3] END colsample_bytree=0.6, gamma=0.1, learning_rate=0.05, max_depth=5, min_child_weight=5, n_estimators=500, subsample=0.7;, score=0.842 total time=   5.3s
[CV 2/3] END colsample_bytree=0.6, gamma=0.1, learning_rate=0.05, max_depth=5, min_child_weight=5, n_estimators=500, subsample=0.7;, score=0.720 total time=   5.3s
[CV 3/3] END colsample_bytree=0.6, gamma=0.1, learning_rate=0.05, max_depth=5, min_child_weight=5, n_estimators=500, subsample=0.7;, score=0.829 total time=   5.4s
[CV 1/3] END colsample_bytree=0.6, gamma=0.1, learning_rate=0.1, max_depth=3, min_child_weight=3, n_estimators=800, subsample=0.6;, score=0.831 total time=   5.6s
[CV 2/3] END colsample_bytree=0.6, gamma=0.1, learning_rate=0.1, max_depth=3, min_child_weight=3, n_estimators=800, subsample=0.6;, score=0.736 total time=   5.7s
[CV 3/3] END colsample_bytree=0.6, gamma=0.1, learning_rate=0.1, max_depth=3, min_child_weight=3, n_estimators=800, subsample=0.6;, score=0.817 total time=   5.8s
[CV 1/3] END colsample_bytree=1.0, gamma=0.05, learning_rate=0.05, max_depth=3, min_child_weight=1, n_estimators=800, subsample=0.6;, score=0.831 total time=   7.3s
[CV 2/3] END colsample_bytree=1.0, gamma=0.05, learning_rate=0.05, max_depth=3, min_child_weight=1, n_estimators=800, subsample=0.6;, score=0.730 total time=   7.2s
[CV 3/3] END colsample_bytree=1.0, gamma=0.05, learning_rate=0.05, max_depth=3, min_child_weight=1, n_estimators=800, subsample=0.6;, score=0.819 total time=   7.2s
[CV 1/3] END colsample_bytree=0.8, gamma=0.0, learning_rate=0.01, max_depth=3, min_child_weight=7, n_estimators=300, subsample=0.8;, score=0.756 total time=   3.2s
[CV 2/3] END colsample_bytree=0.8, gamma=0.0, learning_rate=0.01, max_depth=3, min_child_weight=7, n_estimators=300, subsample=0.8;, score=0.584 total time=   3.2s
[CV 3/3] END colsample_bytree=0.8, gamma=0.0, learning_rate=0.01, max_depth=3, min_child_weight=7, n_estimators=300, subsample=0.8;, score=0.707 total time=   3.2s
[CV 1/3] END colsample_bytree=0.9, gamma=0.0, learning_rate=0.01, max_depth=5, min_child_weight=3, n_estimators=1000, subsample=0.8;, score=0.836 total time=  14.2s
[CV 2/3] END colsample_bytree=0.9, gamma=0.0, learning_rate=0.01, max_depth=5, min_child_weight=3, n_estimators=1000, subsample=0.8;, score=0.722 total time=  14.1s
[CV 3/3] END colsample_bytree=0.9, gamma=0.0, learning_rate=0.01, max_depth=5, min_child_weight=3, n_estimators=1000, subsample=0.8;, score=0.818 total time=  14.4s
[CV 1/3] END colsample_bytree=0.7, gamma=0.1, learning_rate=0.05, max_depth=3, min_child_weight=5, n_estimators=200, subsample=0.8;, score=0.816 total time=   2.1s
[CV 2/3] END colsample_bytree=0.7, gamma=0.1, learning_rate=0.05, max_depth=3, min_child_weight=5, n_estimators=200, subsample=0.8;, score=0.686 total time=   2.2s
[CV 3/3] END colsample_bytree=0.7, gamma=0.1, learning_rate=0.05, max_depth=3, min_child_weight=5, n_estimators=200, subsample=0.8;, score=0.782 total time=   2.2s
[CV 1/3] END colsample_bytree=0.7, gamma=0.05, learning_rate=0.01, max_depth=5, min_child_weight=3, n_estimators=100, subsample=0.8;, score=0.618 total time=   1.9s
[CV 2/3] END colsample_bytree=0.7, gamma=0.05, learning_rate=0.01, max_depth=5, min_child_weight=3, n_estimators=100, subsample=0.8;, score=0.389 total time=   2.0s
[CV 3/3] END colsample_bytree=0.7, gamma=0.05, learning_rate=0.01, max_depth=5, min_child_weight=3, n_estimators=100, subsample=0.8;, score=0.547 total time=   1.9s
[CV 1/3] END colsample_bytree=0.7, gamma=0.0, learning_rate=0.1, max_depth=7, min_child_weight=3, n_estimators=100, subsample=0.9;, score=0.848 total time=   2.6s
[CV 2/3] END colsample_bytree=0.7, gamma=0.0, learning_rate=0.1, max_depth=7, min_child_weight=3, n_estimators=100, subsample=0.9;, score=0.716 total time=   2.7s
[CV 3/3] END colsample_bytree=0.7, gamma=0.0, learning_rate=0.1, max_depth=7, min_child_weight=3, n_estimators=100, subsample=0.9;, score=0.835 total time=   2.7s
[CV 1/3] END colsample_bytree=0.7, gamma=0.1, learning_rate=0.05, max_depth=9, min_child_weight=7, n_estimators=200, subsample=0.7;, score=0.850 total time=   4.8s
[CV 2/3] END colsample_bytree=0.7, gamma=0.1, learning_rate=0.05, max_depth=9, min_child_weight=7, n_estimators=200, subsample=0.7;, score=0.716 total time=   4.9s
[CV 3/3] END colsample_bytree=0.7, gamma=0.1, learning_rate=0.05, max_depth=9, min_child_weight=7, n_estimators=200, subsample=0.7;, score=0.839 total time=   4.9s
[CV 1/3] END colsample_bytree=0.9, gamma=0.05, learning_rate=0.05, max_depth=9, min_child_weight=1, n_estimators=500, subsample=0.8;, score=0.849 total time=   7.5s
[CV 2/3] END colsample_bytree=0.9, gamma=0.05, learning_rate=0.05, max_depth=9, min_child_weight=1, n_estimators=500, subsample=0.8;, score=0.718 total time=   7.7s
[CV 3/3] END colsample_bytree=0.9, gamma=0.05, learning_rate=0.05, max_depth=9, min_child_weight=1, n_estimators=500, subsample=0.8;, score=0.845 total time=   7.7s
[CV 1/3] END colsample_bytree=0.6, gamma=0.05, learning_rate=0.1, max_depth=5, min_child_weight=7, n_estimators=100, subsample=0.8;, score=0.837 total time=   1.8s
[CV 2/3] END colsample_bytree=0.6, gamma=0.05, learning_rate=0.1, max_depth=5, min_child_weight=7, n_estimators=100, subsample=0.8;, score=0.722 total time=   1.8s
[CV 3/3] END colsample_bytree=0.6, gamma=0.05, learning_rate=0.1, max_depth=5, min_child_weight=7, n_estimators=100, subsample=0.8;, score=0.820 total time=   1.7s
[CV 1/3] END colsample_bytree=0.9, gamma=0.05, learning_rate=0.01, max_depth=9, min_child_weight=5, n_estimators=800, subsample=0.9;, score=0.855 total time=  25.6s
[CV 2/3] END colsample_bytree=0.9, gamma=0.05, learning_rate=0.01, max_depth=9, min_child_weight=5, n_estimators=800, subsample=0.9;, score=0.724 total time=  25.7s
[CV 3/3] END colsample_bytree=0.9, gamma=0.05, learning_rate=0.01, max_depth=9, min_child_weight=5, n_estimators=800, subsample=0.9;, score=0.845 total time=  26.1s
[CV 1/3] END colsample_bytree=0.8, gamma=0.05, learning_rate=0.1, max_depth=7, min_child_weight=7, n_estimators=1000, subsample=1.0;, score=0.851 total time=   6.9s
[CV 2/3] END colsample_bytree=0.8, gamma=0.05, learning_rate=0.1, max_depth=7, min_child_weight=7, n_estimators=1000, subsample=1.0;, score=0.728 total time=   6.9s
[CV 3/3] END colsample_bytree=0.8, gamma=0.05, learning_rate=0.1, max_depth=7, min_child_weight=7, n_estimators=1000, subsample=1.0;, score=0.838 total time=   6.9s
[CV 1/3] END colsample_bytree=0.8, gamma=0.0, learning_rate=0.01, max_depth=5, min_child_weight=1, n_estimators=800, subsample=0.7;, score=0.828 total time=  11.6s
[CV 2/3] END colsample_bytree=0.8, gamma=0.0, learning_rate=0.01, max_depth=5, min_child_weight=1, n_estimators=800, subsample=0.7;, score=0.708 total time=  11.5s
[CV 3/3] END colsample_bytree=0.8, gamma=0.0, learning_rate=0.01, max_depth=5, min_child_weight=1, n_estimators=800, subsample=0.7;, score=0.815 total time=  11.7s
[CV 1/3] END colsample_bytree=1.0, gamma=0.3, learning_rate=0.1, max_depth=9, min_child_weight=3, n_estimators=300, subsample=0.6;, score=0.837 total time=   3.0s
[CV 2/3] END colsample_bytree=1.0, gamma=0.3, learning_rate=0.1, max_depth=9, min_child_weight=3, n_estimators=300, subsample=0.6;, score=0.688 total time=   3.0s
[CV 3/3] END colsample_bytree=1.0, gamma=0.3, learning_rate=0.1, max_depth=9, min_child_weight=3, n_estimators=300, subsample=0.6;, score=0.820 total time=   3.1s
[CV 1/3] END colsample_bytree=0.9, gamma=0.2, learning_rate=0.05, max_depth=5, min_child_weight=1, n_estimators=300, subsample=0.7;, score=0.833 total time=   3.6s
[CV 2/3] END colsample_bytree=0.9, gamma=0.2, learning_rate=0.05, max_depth=5, min_child_weight=1, n_estimators=300, subsample=0.7;, score=0.718 total time=   3.6s
[CV 3/3] END colsample_bytree=0.9, gamma=0.2, learning_rate=0.05, max_depth=5, min_child_weight=1, n_estimators=300, subsample=0.7;, score=0.818 total time=   3.6s
[CV 1/3] END colsample_bytree=0.6, gamma=0.05, learning_rate=0.01, max_depth=5, min_child_weight=1, n_estimators=1000, subsample=0.6;, score=0.835 total time=  14.2s
[CV 2/3] END colsample_bytree=0.6, gamma=0.05, learning_rate=0.01, max_depth=5, min_child_weight=1, n_estimators=1000, subsample=0.6;, score=0.709 total time=  14.2s
[CV 3/3] END colsample_bytree=0.6, gamma=0.05, learning_rate=0.01, max_depth=5, min_child_weight=1, n_estimators=1000, subsample=0.6;, score=0.821 total time=  14.5s
[CV 1/3] END colsample_bytree=0.6, gamma=0.1, learning_rate=0.1, max_depth=3, min_child_weight=7, n_estimators=300, subsample=0.9;, score=0.831 total time=   3.0s
[CV 2/3] END colsample_bytree=0.6, gamma=0.1, learning_rate=0.1, max_depth=3, min_child_weight=7, n_estimators=300, subsample=0.9;, score=0.733 total time=   3.0s
[CV 3/3] END colsample_bytree=0.6, gamma=0.1, learning_rate=0.1, max_depth=3, min_child_weight=7, n_estimators=300, subsample=0.9;, score=0.815 total time=   3.0s
[CV 1/3] END colsample_bytree=0.9, gamma=0.05, learning_rate=0.05, max_depth=9, min_child_weight=3, n_estimators=1000, subsample=1.0;, score=0.853 total time=   9.7s
[CV 2/3] END colsample_bytree=0.9, gamma=0.05, learning_rate=0.05, max_depth=9, min_child_weight=3, n_estimators=1000, subsample=1.0;, score=0.724 total time=   9.9s
[CV 3/3] END colsample_bytree=0.9, gamma=0.05, learning_rate=0.05, max_depth=9, min_child_weight=3, n_estimators=1000, subsample=1.0;, score=0.844 total time=   9.8s
[CV 1/3] END colsample_bytree=0.8, gamma=0.2, learning_rate=0.05, max_depth=7, min_child_weight=1, n_estimators=500, subsample=0.8;, score=0.837 total time=   5.1s
[CV 2/3] END colsample_bytree=0.8, gamma=0.2, learning_rate=0.05, max_depth=7, min_child_weight=1, n_estimators=500, subsample=0.8;, score=0.706 total time=   5.2s
[CV 3/3] END colsample_bytree=0.8, gamma=0.2, learning_rate=0.05, max_depth=7, min_child_weight=1, n_estimators=500, subsample=0.8;, score=0.827 total time=   5.2s
[CV 1/3] END colsample_bytree=0.6, gamma=0.0, learning_rate=0.1, max_depth=3, min_child_weight=5, n_estimators=100, subsample=0.7;, score=0.810 total time=   1.3s
[CV 2/3] END colsample_bytree=0.6, gamma=0.0, learning_rate=0.1, max_depth=3, min_child_weight=5, n_estimators=100, subsample=0.7;, score=0.687 total time=   1.3s
[CV 3/3] END colsample_bytree=0.6, gamma=0.0, learning_rate=0.1, max_depth=3, min_child_weight=5, n_estimators=100, subsample=0.7;, score=0.783 total time=   1.3s
[CV 1/3] END colsample_bytree=0.7, gamma=0.2, learning_rate=0.01, max_depth=5, min_child_weight=1, n_estimators=300, subsample=0.9;, score=0.795 total time=   4.9s
[CV 2/3] END colsample_bytree=0.7, gamma=0.2, learning_rate=0.01, max_depth=5, min_child_weight=1, n_estimators=300, subsample=0.9;, score=0.633 total time=   5.0s
[CV 3/3] END colsample_bytree=0.7, gamma=0.2, learning_rate=0.01, max_depth=5, min_child_weight=1, n_estimators=300, subsample=0.9;, score=0.769 total time=   5.0s
[CV 1/3] END colsample_bytree=0.7, gamma=0.3, learning_rate=0.01, max_depth=9, min_child_weight=7, n_estimators=200, subsample=0.8;, score=0.795 total time=   7.0s
[CV 2/3] END colsample_bytree=0.7, gamma=0.3, learning_rate=0.01, max_depth=9, min_child_weight=7, n_estimators=200, subsample=0.8;, score=0.628 total time=   7.3s
[CV 3/3] END colsample_bytree=0.7, gamma=0.3, learning_rate=0.01, max_depth=9, min_child_weight=7, n_estimators=200, subsample=0.8;, score=0.767 total time=   7.1s
[CV 1/3] END colsample_bytree=0.7, gamma=0.05, learning_rate=0.1, max_depth=3, min_child_weight=7, n_estimators=100, subsample=0.8;, score=0.819 total time=   1.3s
[CV 2/3] END colsample_bytree=0.7, gamma=0.05, learning_rate=0.1, max_depth=3, min_child_weight=7, n_estimators=100, subsample=0.8;, score=0.683 total time=   1.3s
[CV 3/3] END colsample_bytree=0.7, gamma=0.05, learning_rate=0.1, max_depth=3, min_child_weight=7, n_estimators=100, subsample=0.8;, score=0.783 total time=   1.3s
[CV 1/3] END colsample_bytree=0.6, gamma=0.3, learning_rate=0.1, max_depth=5, min_child_weight=3, n_estimators=100, subsample=0.9;, score=0.829 total time=   1.7s
[CV 2/3] END colsample_bytree=0.6, gamma=0.3, learning_rate=0.1, max_depth=5, min_child_weight=3, n_estimators=100, subsample=0.9;, score=0.717 total time=   1.7s
[CV 3/3] END colsample_bytree=0.6, gamma=0.3, learning_rate=0.1, max_depth=5, min_child_weight=3, n_estimators=100, subsample=0.9;, score=0.814 total time=   1.7s
[CV 1/3] END colsample_bytree=0.6, gamma=0.2, learning_rate=0.1, max_depth=9, min_child_weight=3, n_estimators=200, subsample=0.6;, score=0.841 total time=   2.8s
[CV 2/3] END colsample_bytree=0.6, gamma=0.2, learning_rate=0.1, max_depth=9, min_child_weight=3, n_estimators=200, subsample=0.6;, score=0.709 total time=   2.7s
[CV 3/3] END colsample_bytree=0.6, gamma=0.2, learning_rate=0.1, max_depth=9, min_child_weight=3, n_estimators=200, subsample=0.6;, score=0.827 total time=   2.9s
[CV 1/3] END colsample_bytree=0.6, gamma=0.0, learning_rate=0.01, max_depth=5, min_child_weight=3, n_estimators=300, subsample=0.7;, score=0.797 total time=   4.9s
[CV 2/3] END colsample_bytree=0.6, gamma=0.0, learning_rate=0.01, max_depth=5, min_child_weight=3, n_estimators=300, subsample=0.7;, score=0.640 total time=   5.0s
[CV 3/3] END colsample_bytree=0.6, gamma=0.0, learning_rate=0.01, max_depth=5, min_child_weight=3, n_estimators=300, subsample=0.7;, score=0.767 total time=   4.9s
[CV 1/3] END colsample_bytree=0.9, gamma=0.2, learning_rate=0.05, max_depth=5, min_child_weight=3, n_estimators=200, subsample=0.8;, score=0.832 total time=   3.1s
[CV 2/3] END colsample_bytree=0.9, gamma=0.2, learning_rate=0.05, max_depth=5, min_child_weight=3, n_estimators=200, subsample=0.8;, score=0.721 total time=   3.1s
[CV 3/3] END colsample_bytree=0.9, gamma=0.2, learning_rate=0.05, max_depth=5, min_child_weight=3, n_estimators=200, subsample=0.8;, score=0.816 total time=   3.1s
[CV 1/3] END colsample_bytree=1.0, gamma=0.2, learning_rate=0.05, max_depth=5, min_child_weight=3, n_estimators=300, subsample=0.9;, score=0.834 total time=   3.6s
[CV 2/3] END colsample_bytree=1.0, gamma=0.2, learning_rate=0.05, max_depth=5, min_child_weight=3, n_estimators=300, subsample=0.9;, score=0.719 total time=   3.6s
[CV 3/3] END colsample_bytree=1.0, gamma=0.2, learning_rate=0.05, max_depth=5, min_child_weight=3, n_estimators=300, subsample=0.9;, score=0.816 total time=   3.7s
[CV 1/3] END colsample_bytree=1.0, gamma=0.1, learning_rate=0.05, max_depth=9, min_child_weight=5, n_estimators=1000, subsample=0.7;, score=0.848 total time=   8.9s
[CV 2/3] END colsample_bytree=1.0, gamma=0.1, learning_rate=0.05, max_depth=9, min_child_weight=5, n_estimators=1000, subsample=0.7;, score=0.714 total time=   9.0s
[CV 3/3] END colsample_bytree=1.0, gamma=0.1, learning_rate=0.05, max_depth=9, min_child_weight=5, n_estimators=1000, subsample=0.7;, score=0.834 total time=   8.9s
[CV 1/3] END colsample_bytree=0.7, gamma=0.2, learning_rate=0.01, max_depth=3, min_child_weight=1, n_estimators=300, subsample=1.0;, score=0.754 total time=   3.1s
[CV 2/3] END colsample_bytree=0.7, gamma=0.2, learning_rate=0.01, max_depth=3, min_child_weight=1, n_estimators=300, subsample=1.0;, score=0.562 total time=   3.0s
[CV 3/3] END colsample_bytree=0.7, gamma=0.2, learning_rate=0.01, max_depth=3, min_child_weight=1, n_estimators=300, subsample=1.0;, score=0.709 total time=   3.1s
[CV 1/3] END colsample_bytree=1.0, gamma=0.0, learning_rate=0.01, max_depth=7, min_child_weight=5, n_estimators=1000, subsample=0.8;, score=0.850 total time=  21.8s
[CV 2/3] END colsample_bytree=1.0, gamma=0.0, learning_rate=0.01, max_depth=7, min_child_weight=5, n_estimators=1000, subsample=0.8;, score=0.724 total time=  21.7s
[CV 3/3] END colsample_bytree=1.0, gamma=0.0, learning_rate=0.01, max_depth=7, min_child_weight=5, n_estimators=1000, subsample=0.8;, score=0.837 total time=  22.2s
[CV 1/3] END colsample_bytree=0.9, gamma=0.1, learning_rate=0.1, max_depth=9, min_child_weight=3, n_estimators=800, subsample=0.7;, score=0.847 total time=   6.3s
[CV 2/3] END colsample_bytree=0.9, gamma=0.1, learning_rate=0.1, max_depth=9, min_child_weight=3, n_estimators=800, subsample=0.7;, score=0.705 total time=   6.4s
[CV 3/3] END colsample_bytree=0.9, gamma=0.1, learning_rate=0.1, max_depth=9, min_child_weight=3, n_estimators=800, subsample=0.7;, score=0.831 total time=   6.5s
[CV 1/3] END colsample_bytree=0.6, gamma=0.0, learning_rate=0.1, max_depth=3, min_child_weight=3, n_estimators=1000, subsample=0.7;, score=0.843 total time=   9.0s
[CV 2/3] END colsample_bytree=0.6, gamma=0.0, learning_rate=0.1, max_depth=3, min_child_weight=3, n_estimators=1000, subsample=0.7;, score=0.749 total time=   9.0s
[CV 3/3] END colsample_bytree=0.6, gamma=0.0, learning_rate=0.1, max_depth=3, min_child_weight=3, n_estimators=1000, subsample=0.7;, score=0.831 total time=   9.0s
[CV 1/3] END colsample_bytree=0.9, gamma=0.05, learning_rate=0.1, max_depth=7, min_child_weight=1, n_estimators=300, subsample=0.9;, score=0.844 total time=   3.8s
[CV 2/3] END colsample_bytree=0.9, gamma=0.05, learning_rate=0.1, max_depth=7, min_child_weight=1, n_estimators=300, subsample=0.9;, score=0.716 total time=   3.8s
[CV 3/3] END colsample_bytree=0.9, gamma=0.05, learning_rate=0.1, max_depth=7, min_child_weight=1, n_estimators=300, subsample=0.9;, score=0.838 total time=   3.9s
[CV 1/3] END colsample_bytree=0.9, gamma=0.05, learning_rate=0.1, max_depth=7, min_child_weight=3, n_estimators=200, subsample=0.7;, score=0.849 total time=   3.2s
[CV 2/3] END colsample_bytree=0.9, gamma=0.05, learning_rate=0.1, max_depth=7, min_child_weight=3, n_estimators=200, subsample=0.7;, score=0.718 total time=   3.2s
[CV 3/3] END colsample_bytree=0.9, gamma=0.05, learning_rate=0.1, max_depth=7, min_child_weight=3, n_estimators=200, subsample=0.7;, score=0.836 total time=   3.3s
[CV 1/3] END colsample_bytree=0.9, gamma=0.05, learning_rate=0.01, max_depth=5, min_child_weight=5, n_estimators=1000, subsample=0.8;, score=0.837 total time=  14.1s
[CV 2/3] END colsample_bytree=0.9, gamma=0.05, learning_rate=0.01, max_depth=5, min_child_weight=5, n_estimators=1000, subsample=0.8;, score=0.722 total time=  14.0s
[CV 3/3] END colsample_bytree=0.9, gamma=0.05, learning_rate=0.01, max_depth=5, min_child_weight=5, n_estimators=1000, subsample=0.8;, score=0.819 total time=  14.3s
[CV 1/3] END colsample_bytree=0.9, gamma=0.05, learning_rate=0.1, max_depth=7, min_child_weight=5, n_estimators=100, subsample=0.6;, score=0.848 total time=   2.4s
[CV 2/3] END colsample_bytree=0.9, gamma=0.05, learning_rate=0.1, max_depth=7, min_child_weight=5, n_estimators=100, subsample=0.6;, score=0.722 total time=   2.4s
[CV 3/3] END colsample_bytree=0.9, gamma=0.05, learning_rate=0.1, max_depth=7, min_child_weight=5, n_estimators=100, subsample=0.6;, score=0.835 total time=   2.5s
[CV 1/3] END colsample_bytree=0.7, gamma=0.0, learning_rate=0.1, max_depth=9, min_child_weight=1, n_estimators=200, subsample=1.0;, score=0.847 total time=   8.1s
[CV 2/3] END colsample_bytree=0.7, gamma=0.0, learning_rate=0.1, max_depth=9, min_child_weight=1, n_estimators=200, subsample=1.0;, score=0.708 total time=   8.0s
[CV 3/3] END colsample_bytree=0.7, gamma=0.0, learning_rate=0.1, max_depth=9, min_child_weight=1, n_estimators=200, subsample=1.0;, score=0.858 total time=   8.2s
[CV 1/3] END colsample_bytree=0.8, gamma=0.05, learning_rate=0.1, max_depth=9, min_child_weight=7, n_estimators=300, subsample=0.8;, score=0.853 total time=   4.2s
[CV 2/3] END colsample_bytree=0.8, gamma=0.05, learning_rate=0.1, max_depth=9, min_child_weight=7, n_estimators=300, subsample=0.8;, score=0.728 total time=   4.3s
[CV 3/3] END colsample_bytree=0.8, gamma=0.05, learning_rate=0.1, max_depth=9, min_child_weight=7, n_estimators=300, subsample=0.8;, score=0.843 total time=   4.3s
[CV 1/3] END colsample_bytree=0.7, gamma=0.05, learning_rate=0.05, max_depth=5, min_child_weight=1, n_estimators=1000, subsample=0.9;, score=0.841 total time=   8.8s
[CV 2/3] END colsample_bytree=0.7, gamma=0.05, learning_rate=0.05, max_depth=5, min_child_weight=1, n_estimators=1000, subsample=0.9;, score=0.728 total time=   8.9s
[CV 3/3] END colsample_bytree=0.7, gamma=0.05, learning_rate=0.05, max_depth=5, min_child_weight=1, n_estimators=1000, subsample=0.9;, score=0.833 total time=   9.0s
[CV 1/3] END colsample_bytree=0.8, gamma=0.3, learning_rate=0.1, max_depth=5, min_child_weight=3, n_estimators=100, subsample=0.7;, score=0.827 total time=   1.6s
[CV 2/3] END colsample_bytree=0.8, gamma=0.3, learning_rate=0.1, max_depth=5, min_child_weight=3, n_estimators=100, subsample=0.7;, score=0.712 total time=   1.6s
[CV 3/3] END colsample_bytree=0.8, gamma=0.3, learning_rate=0.1, max_depth=5, min_child_weight=3, n_estimators=100, subsample=0.7;, score=0.809 total time=   1.6s
[CV 1/3] END colsample_bytree=0.7, gamma=0.2, learning_rate=0.05, max_depth=5, min_child_weight=5, n_estimators=200, subsample=0.6;, score=0.834 total time=   3.0s
[CV 2/3] END colsample_bytree=0.7, gamma=0.2, learning_rate=0.05, max_depth=5, min_child_weight=5, n_estimators=200, subsample=0.6;, score=0.703 total time=   3.0s
[CV 3/3] END colsample_bytree=0.7, gamma=0.2, learning_rate=0.05, max_depth=5, min_child_weight=5, n_estimators=200, subsample=0.6;, score=0.816 total time=   3.1s
[CV 1/3] END colsample_bytree=0.8, gamma=0.3, learning_rate=0.1, max_depth=5, min_child_weight=1, n_estimators=100, subsample=0.9;, score=0.829 total time=   1.7s
[CV 2/3] END colsample_bytree=0.8, gamma=0.3, learning_rate=0.1, max_depth=5, min_child_weight=1, n_estimators=100, subsample=0.9;, score=0.709 total time=   1.7s
[CV 3/3] END colsample_bytree=0.8, gamma=0.3, learning_rate=0.1, max_depth=5, min_child_weight=1, n_estimators=100, subsample=0.9;, score=0.813 total time=   1.7s
[CV 1/3] END colsample_bytree=0.7, gamma=0.0, learning_rate=0.1, max_depth=9, min_child_weight=3, n_estimators=800, subsample=0.7;, score=0.863 total time=  22.3s
[CV 2/3] END colsample_bytree=0.7, gamma=0.0, learning_rate=0.1, max_depth=9, min_child_weight=3, n_estimators=800, subsample=0.7;, score=0.717 total time=  22.7s
[CV 3/3] END colsample_bytree=0.7, gamma=0.0, learning_rate=0.1, max_depth=9, min_child_weight=3, n_estimators=800, subsample=0.7;, score=0.863 total time=  22.8s
[CV 1/3] END colsample_bytree=0.6, gamma=0.05, learning_rate=0.1, max_depth=5, min_child_weight=3, n_estimators=500, subsample=0.9;, score=0.841 total time=   4.7s
[CV 2/3] END colsample_bytree=0.6, gamma=0.05, learning_rate=0.1, max_depth=5, min_child_weight=3, n_estimators=500, subsample=0.9;, score=0.744 total time=   4.7s
[CV 3/3] END colsample_bytree=0.6, gamma=0.05, learning_rate=0.1, max_depth=5, min_child_weight=3, n_estimators=500, subsample=0.9;, score=0.834 total time=   4.8s
[CV 1/3] END colsample_bytree=0.6, gamma=0.05, learning_rate=0.05, max_depth=3, min_child_weight=7, n_estimators=500, subsample=0.8;, score=0.834 total time=   4.8s
[CV 2/3] END colsample_bytree=0.6, gamma=0.05, learning_rate=0.05, max_depth=3, min_child_weight=7, n_estimators=500, subsample=0.8;, score=0.729 total time=   4.7s
[CV 3/3] END colsample_bytree=0.6, gamma=0.05, learning_rate=0.05, max_depth=3, min_child_weight=7, n_estimators=500, subsample=0.8;, score=0.813 total time=   4.8s
[CV 1/3] END colsample_bytree=0.6, gamma=0.05, learning_rate=0.1, max_depth=7, min_child_weight=3, n_estimators=1000, subsample=0.6;, score=0.853 total time=   7.6s
[CV 2/3] END colsample_bytree=0.6, gamma=0.05, learning_rate=0.1, max_depth=7, min_child_weight=3, n_estimators=1000, subsample=0.6;, score=0.725 total time=   7.5s
[CV 3/3] END colsample_bytree=0.6, gamma=0.05, learning_rate=0.1, max_depth=7, min_child_weight=3, n_estimators=1000, subsample=0.6;, score=0.838 total time=   7.6s
[CV 1/3] END colsample_bytree=0.6, gamma=0.2, learning_rate=0.05, max_depth=9, min_child_weight=7, n_estimators=200, subsample=0.9;, score=0.849 total time=   4.4s
[CV 2/3] END colsample_bytree=0.6, gamma=0.2, learning_rate=0.05, max_depth=9, min_child_weight=7, n_estimators=200, subsample=0.9;, score=0.719 total time=   4.3s
[CV 3/3] END colsample_bytree=0.6, gamma=0.2, learning_rate=0.05, max_depth=9, min_child_weight=7, n_estimators=200, subsample=0.9;, score=0.836 total time=   4.5s
[CV 1/3] END colsample_bytree=0.9, gamma=0.0, learning_rate=0.01, max_depth=9, min_child_weight=3, n_estimators=300, subsample=0.8;, score=0.832 total time=  13.0s
[CV 2/3] END colsample_bytree=0.9, gamma=0.0, learning_rate=0.01, max_depth=9, min_child_weight=3, n_estimators=300, subsample=0.8;, score=0.686 total time=  13.9s
[CV 3/3] END colsample_bytree=0.9, gamma=0.0, learning_rate=0.01, max_depth=9, min_child_weight=3, n_estimators=300, subsample=0.8;, score=0.814 total time=  13.2s
[CV 1/3] END colsample_bytree=1.0, gamma=0.2, learning_rate=0.01, max_depth=3, min_child_weight=3, n_estimators=200, subsample=1.0;, score=0.698 total time=   2.2s
[CV 2/3] END colsample_bytree=1.0, gamma=0.2, learning_rate=0.01, max_depth=3, min_child_weight=3, n_estimators=200, subsample=1.0;, score=0.489 total time=   2.2s
[CV 3/3] END colsample_bytree=1.0, gamma=0.2, learning_rate=0.01, max_depth=3, min_child_weight=3, n_estimators=200, subsample=1.0;, score=0.638 total time=   2.2s
[CV 1/3] END colsample_bytree=0.7, gamma=0.3, learning_rate=0.1, max_depth=3, min_child_weight=5, n_estimators=200, subsample=0.7;, score=0.824 total time=   2.0s
[CV 2/3] END colsample_bytree=0.7, gamma=0.3, learning_rate=0.1, max_depth=3, min_child_weight=5, n_estimators=200, subsample=0.7;, score=0.725 total time=   2.1s
[CV 3/3] END colsample_bytree=0.7, gamma=0.3, learning_rate=0.1, max_depth=3, min_child_weight=5, n_estimators=200, subsample=0.7;, score=0.801 total time=   2.1s
[CV 1/3] END colsample_bytree=0.7, gamma=0.2, learning_rate=0.1, max_depth=5, min_child_weight=5, n_estimators=200, subsample=0.7;, score=0.837 total time=   2.3s
[CV 2/3] END colsample_bytree=0.7, gamma=0.2, learning_rate=0.1, max_depth=5, min_child_weight=5, n_estimators=200, subsample=0.7;, score=0.720 total time=   2.3s
[CV 3/3] END colsample_bytree=0.7, gamma=0.2, learning_rate=0.1, max_depth=5, min_child_weight=5, n_estimators=200, subsample=0.7;, score=0.813 total time=   2.3s
[CV 1/3] END colsample_bytree=0.6, gamma=0.1, learning_rate=0.05, max_depth=5, min_child_weight=5, n_estimators=800, subsample=0.7;, score=0.842 total time=   6.9s
[CV 2/3] END colsample_bytree=0.6, gamma=0.1, learning_rate=0.05, max_depth=5, min_child_weight=5, n_estimators=800, subsample=0.7;, score=0.713 total time=   6.9s
[CV 3/3] END colsample_bytree=0.6, gamma=0.1, learning_rate=0.05, max_depth=5, min_child_weight=5, n_estimators=800, subsample=0.7;, score=0.829 total time=   7.0s
[CV 1/3] END colsample_bytree=0.9, gamma=0.2, learning_rate=0.05, max_depth=9, min_child_weight=7, n_estimators=100, subsample=1.0;, score=0.843 total time=   3.4s
[CV 2/3] END colsample_bytree=0.9, gamma=0.2, learning_rate=0.05, max_depth=9, min_child_weight=7, n_estimators=100, subsample=1.0;, score=0.712 total time=   3.4s
[CV 3/3] END colsample_bytree=0.9, gamma=0.2, learning_rate=0.05, max_depth=9, min_child_weight=7, n_estimators=100, subsample=1.0;, score=0.829 total time=   3.4s
[CV 1/3] END colsample_bytree=0.9, gamma=0.0, learning_rate=0.1, max_depth=3, min_child_weight=7, n_estimators=300, subsample=0.8;, score=0.832 total time=   3.0s
[CV 2/3] END colsample_bytree=0.9, gamma=0.0, learning_rate=0.1, max_depth=3, min_child_weight=7, n_estimators=300, subsample=0.8;, score=0.737 total time=   3.0s
[CV 3/3] END colsample_bytree=0.9, gamma=0.0, learning_rate=0.1, max_depth=3, min_child_weight=7, n_estimators=300, subsample=0.8;, score=0.815 total time=   3.0s
[CV 1/3] END colsample_bytree=0.7, gamma=0.0, learning_rate=0.1, max_depth=5, min_child_weight=7, n_estimators=800, subsample=0.8;, score=0.860 total time=  10.5s
[CV 2/3] END colsample_bytree=0.7, gamma=0.0, learning_rate=0.1, max_depth=5, min_child_weight=7, n_estimators=800, subsample=0.8;, score=0.740 total time=  10.5s
[CV 3/3] END colsample_bytree=0.7, gamma=0.0, learning_rate=0.1, max_depth=5, min_child_weight=7, n_estimators=800, subsample=0.8;, score=0.848 total time=  10.6s
[CV 1/3] END colsample_bytree=1.0, gamma=0.05, learning_rate=0.01, max_depth=7, min_child_weight=3, n_estimators=1000, subsample=0.6;, score=0.849 total time=  20.4s
[CV 2/3] END colsample_bytree=1.0, gamma=0.05, learning_rate=0.01, max_depth=7, min_child_weight=3, n_estimators=1000, subsample=0.6;, score=0.718 total time=  20.5s
[CV 3/3] END colsample_bytree=1.0, gamma=0.05, learning_rate=0.01, max_depth=7, min_child_weight=3, n_estimators=1000, subsample=0.6;, score=0.834 total time=  20.8s
[CV 1/3] END colsample_bytree=0.7, gamma=0.3, learning_rate=0.01, max_depth=3, min_child_weight=7, n_estimators=500, subsample=0.8;, score=0.791 total time=   5.0s
[CV 2/3] END colsample_bytree=0.7, gamma=0.3, learning_rate=0.01, max_depth=3, min_child_weight=7, n_estimators=500, subsample=0.8;, score=0.646 total time=   4.9s
[CV 3/3] END colsample_bytree=0.7, gamma=0.3, learning_rate=0.01, max_depth=3, min_child_weight=7, n_estimators=500, subsample=0.8;, score=0.751 total time=   5.1s
[CV 1/3] END colsample_bytree=0.9, gamma=0.05, learning_rate=0.05, max_depth=3, min_child_weight=5, n_estimators=500, subsample=1.0;, score=0.831 total time=   4.4s
[CV 2/3] END colsample_bytree=0.9, gamma=0.05, learning_rate=0.05, max_depth=3, min_child_weight=5, n_estimators=500, subsample=1.0;, score=0.725 total time=   4.5s
[CV 3/3] END colsample_bytree=0.9, gamma=0.05, learning_rate=0.05, max_depth=3, min_child_weight=5, n_estimators=500, subsample=1.0;, score=0.810 total time=   4.5s
[CV 1/3] END colsample_bytree=1.0, gamma=0.3, learning_rate=0.05, max_depth=5, min_child_weight=5, n_estimators=100, subsample=0.8;, score=0.819 total time=   1.8s
[CV 2/3] END colsample_bytree=1.0, gamma=0.3, learning_rate=0.05, max_depth=5, min_child_weight=5, n_estimators=100, subsample=0.8;, score=0.685 total time=   1.8s
[CV 3/3] END colsample_bytree=1.0, gamma=0.3, learning_rate=0.05, max_depth=5, min_child_weight=5, n_estimators=100, subsample=0.8;, score=0.791 total time=   1.8s
[CV 1/3] END colsample_bytree=0.7, gamma=0.2, learning_rate=0.01, max_depth=7, min_child_weight=5, n_estimators=500, subsample=0.8;, score=0.839 total time=  11.0s
[CV 2/3] END colsample_bytree=0.7, gamma=0.2, learning_rate=0.01, max_depth=7, min_child_weight=5, n_estimators=500, subsample=0.8;, score=0.701 total time=  11.2s
[CV 3/3] END colsample_bytree=0.7, gamma=0.2, learning_rate=0.01, max_depth=7, min_child_weight=5, n_estimators=500, subsample=0.8;, score=0.822 total time=  11.3s
[CV 1/3] END colsample_bytree=0.7, gamma=0.3, learning_rate=0.1, max_depth=3, min_child_weight=7, n_estimators=1000, subsample=1.0;, score=0.826 total time=   5.7s
[CV 2/3] END colsample_bytree=0.7, gamma=0.3, learning_rate=0.1, max_depth=3, min_child_weight=7, n_estimators=1000, subsample=1.0;, score=0.718 total time=   5.7s
[CV 3/3] END colsample_bytree=0.7, gamma=0.3, learning_rate=0.1, max_depth=3, min_child_weight=7, n_estimators=1000, subsample=1.0;, score=0.806 total time=   5.7s
[CV 1/3] END colsample_bytree=1.0, gamma=0.05, learning_rate=0.05, max_depth=3, min_child_weight=7, n_estimators=200, subsample=0.9;, score=0.815 total time=   2.2s
[CV 2/3] END colsample_bytree=1.0, gamma=0.05, learning_rate=0.05, max_depth=3, min_child_weight=7, n_estimators=200, subsample=0.9;, score=0.682 total time=   2.2s
[CV 3/3] END colsample_bytree=1.0, gamma=0.05, learning_rate=0.05, max_depth=3, min_child_weight=7, n_estimators=200, subsample=0.9;, score=0.782 total time=   2.2s
[CV 1/3] END colsample_bytree=0.8, gamma=0.2, learning_rate=0.01, max_depth=9, min_child_weight=3, n_estimators=200, subsample=0.6;, score=0.796 total time=   7.0s
[CV 2/3] END colsample_bytree=0.8, gamma=0.2, learning_rate=0.01, max_depth=9, min_child_weight=3, n_estimators=200, subsample=0.6;, score=0.624 total time=   7.5s
[CV 3/3] END colsample_bytree=0.8, gamma=0.2, learning_rate=0.01, max_depth=9, min_child_weight=3, n_estimators=200, subsample=0.6;, score=0.769 total time=   7.2s
[CV 1/3] END colsample_bytree=0.7, gamma=0.1, learning_rate=0.05, max_depth=9, min_child_weight=3, n_estimators=500, subsample=0.6;, score=0.848 total time=   6.4s
[CV 2/3] END colsample_bytree=0.7, gamma=0.1, learning_rate=0.05, max_depth=9, min_child_weight=3, n_estimators=500, subsample=0.6;, score=0.713 total time=   6.4s
[CV 3/3] END colsample_bytree=0.7, gamma=0.1, learning_rate=0.05, max_depth=9, min_child_weight=3, n_estimators=500, subsample=0.6;, score=0.839 total time=   6.4s
[CV 1/3] END colsample_bytree=0.9, gamma=0.1, learning_rate=0.01, max_depth=3, min_child_weight=3, n_estimators=1000, subsample=0.9;, score=0.814 total time=   9.2s
[CV 2/3] END colsample_bytree=0.9, gamma=0.1, learning_rate=0.01, max_depth=3, min_child_weight=3, n_estimators=1000, subsample=0.9;, score=0.686 total time=   9.1s
[CV 3/3] END colsample_bytree=0.9, gamma=0.1, learning_rate=0.01, max_depth=3, min_child_weight=3, n_estimators=1000, subsample=0.9;, score=0.782 total time=   9.3s
[CV 1/3] END colsample_bytree=0.6, gamma=0.2, learning_rate=0.05, max_depth=7, min_child_weight=1, n_estimators=500, subsample=0.7;, score=0.839 total time=   5.2s
[CV 2/3] END colsample_bytree=0.6, gamma=0.2, learning_rate=0.05, max_depth=7, min_child_weight=1, n_estimators=500, subsample=0.7;, score=0.701 total time=   5.2s
[CV 3/3] END colsample_bytree=0.6, gamma=0.2, learning_rate=0.05, max_depth=7, min_child_weight=1, n_estimators=500, subsample=0.7;, score=0.826 total time=   5.2s
[CV 1/3] END colsample_bytree=1.0, gamma=0.1, learning_rate=0.05, max_depth=7, min_child_weight=5, n_estimators=800, subsample=0.8;, score=0.845 total time=   7.1s
[CV 2/3] END colsample_bytree=1.0, gamma=0.1, learning_rate=0.05, max_depth=7, min_child_weight=5, n_estimators=800, subsample=0.8;, score=0.711 total time=   7.1s
[CV 3/3] END colsample_bytree=1.0, gamma=0.1, learning_rate=0.05, max_depth=7, min_child_weight=5, n_estimators=800, subsample=0.8;, score=0.832 total time=   7.2s
[CV 1/3] END colsample_bytree=0.7, gamma=0.0, learning_rate=0.05, max_depth=9, min_child_weight=5, n_estimators=300, subsample=0.6;, score=0.860 total time=   9.5s
[CV 2/3] END colsample_bytree=0.7, gamma=0.0, learning_rate=0.05, max_depth=9, min_child_weight=5, n_estimators=300, subsample=0.6;, score=0.722 total time=   9.5s
[CV 3/3] END colsample_bytree=0.7, gamma=0.0, learning_rate=0.05, max_depth=9, min_child_weight=5, n_estimators=300, subsample=0.6;, score=0.857 total time=   9.9s
[CV 1/3] END colsample_bytree=0.7, gamma=0.3, learning_rate=0.05, max_depth=7, min_child_weight=7, n_estimators=100, subsample=0.9;, score=0.835 total time=   2.4s
[CV 2/3] END colsample_bytree=0.7, gamma=0.3, learning_rate=0.05, max_depth=7, min_child_weight=7, n_estimators=100, subsample=0.9;, score=0.706 total time=   2.5s
[CV 3/3] END colsample_bytree=0.7, gamma=0.3, learning_rate=0.05, max_depth=7, min_child_weight=7, n_estimators=100, subsample=0.9;, score=0.818 total time=   2.6s
[CV 1/3] END colsample_bytree=0.9, gamma=0.2, learning_rate=0.1, max_depth=9, min_child_weight=1, n_estimators=1000, subsample=0.7;, score=0.838 total time=   7.1s
[CV 2/3] END colsample_bytree=0.9, gamma=0.2, learning_rate=0.1, max_depth=9, min_child_weight=1, n_estimators=1000, subsample=0.7;, score=0.699 total time=   7.2s
[CV 3/3] END colsample_bytree=0.9, gamma=0.2, learning_rate=0.1, max_depth=9, min_child_weight=1, n_estimators=1000, subsample=0.7;, score=0.829 total time=   7.1s
[CV 1/3] END colsample_bytree=0.8, gamma=0.1, learning_rate=0.01, max_depth=5, min_child_weight=1, n_estimators=300, subsample=0.8;, score=0.793 total time=   4.9s
[CV 2/3] END colsample_bytree=0.8, gamma=0.1, learning_rate=0.01, max_depth=5, min_child_weight=1, n_estimators=300, subsample=0.8;, score=0.635 total time=   4.9s
[CV 3/3] END colsample_bytree=0.8, gamma=0.1, learning_rate=0.01, max_depth=5, min_child_weight=1, n_estimators=300, subsample=0.8;, score=0.769 total time=   4.8s
xgb 90.0% stations have KGE > 0
xgb 74.0% stations have KGE > 0.3
xgb 79.0% stations have R2 >= 0.3
xgb Median KGE   is 0.48   Ave KGE   is -0.4
xgb Median r     is 0.73   Ave r     is 0.67
xgb Median nRMSE is 16.1   Ave nRMSE is 163356.03

real	39m57.056s
user	53m59.632s
sys	9m29.000s
