
CommandNotFoundError: Your shell has not been properly configured to use 'conda deactivate'.
To initialize your shell, run

    $ conda init <SHELL_NAME>

Currently supported shells are:
  - bash
  - fish
  - tcsh
  - xonsh
  - zsh
  - powershell

See 'conda init --help' for more information and options.

IMPORTANT: You may need to close and restart your shell after running 'conda init'.



CommandNotFoundError: Your shell has not been properly configured to use 'conda deactivate'.
To initialize your shell, run

    $ conda init <SHELL_NAME>

Currently supported shells are:
  - bash
  - fish
  - tcsh
  - xonsh
  - zsh
  - powershell

See 'conda init --help' for more information and options.

IMPORTANT: You may need to close and restart your shell after running 'conda init'.


['xgb_flood.py', '../data/Qmin7_final_dataset_seasonal_multi_MSWX_meteo.csv', 'cv']
(762123, 131)
 BDTICM elevation slope aridity sedimentary plutonic
 volcanic metamorphic clay sand silt Porosity_x
 logK_Ice_x ohdb_latitude ohdb_longitude year season_id freeze
 climate basin_id lwd_3 p_3 pres_3 relhum_3
 swd_3 spechum_3 tmax_3 tmin_3 wind_3 lwd_7
 p_7 pres_7 relhum_7 swd_7 spechum_7 tmax_7
 tmin_7 wind_7 lwd_15 p_15 pres_15 relhum_15
 swd_15 spechum_15 tmax_15 tmin_15 wind_15 lwd_30
 p_30 pres_30 relhum_30 swd_30 spechum_30 tmax_30
 tmin_30 wind_30 p_365 runoff_ratio slope_fdc Q10_50
 high_q_freq low_q_freq zero_q_freq cv high_q_dur low_q_dur
 BFI lagT noResRatio FI p_mean stream_elas
 hfd_mean tmax_ave tmax_std ImperviousSurface crop forest
 grass water wetland res_darea_normalize Year_ave Main_Purpose_id

Fitting 3 folds for each of 100 candidates, totalling 300 fits
[CV 1/3] END colsample_bytree=0.8, gamma=0.0, learning_rate=0.1, max_depth=9, min_child_weight=5, n_estimators=500, subsample=0.6;, score=0.862 total time=  13.4s
[CV 2/3] END colsample_bytree=0.8, gamma=0.0, learning_rate=0.1, max_depth=9, min_child_weight=5, n_estimators=500, subsample=0.6;, score=0.695 total time=  11.7s
[CV 3/3] END colsample_bytree=0.8, gamma=0.0, learning_rate=0.1, max_depth=9, min_child_weight=5, n_estimators=500, subsample=0.6;, score=0.850 total time=  11.4s
[CV 1/3] END colsample_bytree=0.6, gamma=0.0, learning_rate=0.05, max_depth=9, min_child_weight=1, n_estimators=800, subsample=0.6;, score=0.869 total time=  19.6s
[CV 2/3] END colsample_bytree=0.6, gamma=0.0, learning_rate=0.05, max_depth=9, min_child_weight=1, n_estimators=800, subsample=0.6;, score=0.659 total time=  19.9s
[CV 3/3] END colsample_bytree=0.6, gamma=0.0, learning_rate=0.05, max_depth=9, min_child_weight=1, n_estimators=800, subsample=0.6;, score=0.864 total time=  19.8s
[CV 1/3] END colsample_bytree=0.7, gamma=0.1, learning_rate=0.1, max_depth=7, min_child_weight=1, n_estimators=100, subsample=1.0;, score=0.859 total time=   1.2s
[CV 2/3] END colsample_bytree=0.7, gamma=0.1, learning_rate=0.1, max_depth=7, min_child_weight=1, n_estimators=100, subsample=1.0;, score=0.691 total time=   1.2s
[CV 3/3] END colsample_bytree=0.7, gamma=0.1, learning_rate=0.1, max_depth=7, min_child_weight=1, n_estimators=100, subsample=1.0;, score=0.849 total time=   1.2s
[CV 1/3] END colsample_bytree=0.6, gamma=0.3, learning_rate=0.05, max_depth=3, min_child_weight=1, n_estimators=1000, subsample=0.6;, score=0.863 total time=   3.5s
[CV 2/3] END colsample_bytree=0.6, gamma=0.3, learning_rate=0.05, max_depth=3, min_child_weight=1, n_estimators=1000, subsample=0.6;, score=0.732 total time=   3.4s
[CV 3/3] END colsample_bytree=0.6, gamma=0.3, learning_rate=0.05, max_depth=3, min_child_weight=1, n_estimators=1000, subsample=0.6;, score=0.846 total time=   3.5s
[CV 1/3] END colsample_bytree=0.8, gamma=0.05, learning_rate=0.1, max_depth=3, min_child_weight=3, n_estimators=800, subsample=0.6;, score=0.866 total time=   2.8s
[CV 2/3] END colsample_bytree=0.8, gamma=0.05, learning_rate=0.1, max_depth=3, min_child_weight=3, n_estimators=800, subsample=0.6;, score=0.715 total time=   2.8s
[CV 3/3] END colsample_bytree=0.8, gamma=0.05, learning_rate=0.1, max_depth=3, min_child_weight=3, n_estimators=800, subsample=0.6;, score=0.827 total time=   2.8s
[CV 1/3] END colsample_bytree=0.9, gamma=0.0, learning_rate=0.01, max_depth=9, min_child_weight=1, n_estimators=100, subsample=0.8;, score=0.694 total time=   3.0s
[CV 2/3] END colsample_bytree=0.9, gamma=0.0, learning_rate=0.01, max_depth=9, min_child_weight=1, n_estimators=100, subsample=0.8;, score=0.449 total time=   3.2s
[CV 3/3] END colsample_bytree=0.9, gamma=0.0, learning_rate=0.01, max_depth=9, min_child_weight=1, n_estimators=100, subsample=0.8;, score=0.648 total time=   3.0s
[CV 1/3] END colsample_bytree=0.8, gamma=0.05, learning_rate=0.01, max_depth=5, min_child_weight=5, n_estimators=100, subsample=0.9;, score=0.653 total time=   0.7s
[CV 2/3] END colsample_bytree=0.8, gamma=0.05, learning_rate=0.01, max_depth=5, min_child_weight=5, n_estimators=100, subsample=0.9;, score=0.373 total time=   0.7s
[CV 3/3] END colsample_bytree=0.8, gamma=0.05, learning_rate=0.01, max_depth=5, min_child_weight=5, n_estimators=100, subsample=0.9;, score=0.582 total time=   0.7s
[CV 1/3] END colsample_bytree=0.6, gamma=0.05, learning_rate=0.01, max_depth=7, min_child_weight=1, n_estimators=200, subsample=0.6;, score=0.809 total time=   2.5s
[CV 2/3] END colsample_bytree=0.6, gamma=0.05, learning_rate=0.01, max_depth=7, min_child_weight=1, n_estimators=200, subsample=0.6;, score=0.572 total time=   2.5s
[CV 3/3] END colsample_bytree=0.6, gamma=0.05, learning_rate=0.01, max_depth=7, min_child_weight=1, n_estimators=200, subsample=0.6;, score=0.787 total time=   2.5s
[CV 1/3] END colsample_bytree=0.6, gamma=0.0, learning_rate=0.05, max_depth=7, min_child_weight=3, n_estimators=500, subsample=1.0;, score=0.870 total time=   5.5s
[CV 2/3] END colsample_bytree=0.6, gamma=0.0, learning_rate=0.05, max_depth=7, min_child_weight=3, n_estimators=500, subsample=1.0;, score=0.688 total time=   5.5s
[CV 3/3] END colsample_bytree=0.6, gamma=0.0, learning_rate=0.05, max_depth=7, min_child_weight=3, n_estimators=500, subsample=1.0;, score=0.857 total time=   5.5s
[CV 1/3] END colsample_bytree=0.6, gamma=0.05, learning_rate=0.1, max_depth=3, min_child_weight=3, n_estimators=100, subsample=0.9;, score=0.840 total time=   0.5s
[CV 2/3] END colsample_bytree=0.6, gamma=0.05, learning_rate=0.1, max_depth=3, min_child_weight=3, n_estimators=100, subsample=0.9;, score=0.683 total time=   0.4s
[CV 3/3] END colsample_bytree=0.6, gamma=0.05, learning_rate=0.1, max_depth=3, min_child_weight=3, n_estimators=100, subsample=0.9;, score=0.814 total time=   0.4s
[CV 1/3] END colsample_bytree=0.6, gamma=0.2, learning_rate=0.1, max_depth=3, min_child_weight=3, n_estimators=100, subsample=0.7;, score=0.839 total time=   0.4s
[CV 2/3] END colsample_bytree=0.6, gamma=0.2, learning_rate=0.1, max_depth=3, min_child_weight=3, n_estimators=100, subsample=0.7;, score=0.669 total time=   0.5s
[CV 3/3] END colsample_bytree=0.6, gamma=0.2, learning_rate=0.1, max_depth=3, min_child_weight=3, n_estimators=100, subsample=0.7;, score=0.813 total time=   0.5s
[CV 1/3] END colsample_bytree=0.8, gamma=0.1, learning_rate=0.01, max_depth=7, min_child_weight=3, n_estimators=500, subsample=0.9;, score=0.856 total time=   6.0s
[CV 2/3] END colsample_bytree=0.8, gamma=0.1, learning_rate=0.01, max_depth=7, min_child_weight=3, n_estimators=500, subsample=0.9;, score=0.684 total time=   5.9s
[CV 3/3] END colsample_bytree=0.8, gamma=0.1, learning_rate=0.01, max_depth=7, min_child_weight=3, n_estimators=500, subsample=0.9;, score=0.845 total time=   6.0s
[CV 1/3] END colsample_bytree=0.8, gamma=0.2, learning_rate=0.1, max_depth=3, min_child_weight=5, n_estimators=1000, subsample=1.0;, score=0.866 total time=   3.4s
[CV 2/3] END colsample_bytree=0.8, gamma=0.2, learning_rate=0.1, max_depth=3, min_child_weight=5, n_estimators=1000, subsample=1.0;, score=0.725 total time=   3.4s
[CV 3/3] END colsample_bytree=0.8, gamma=0.2, learning_rate=0.1, max_depth=3, min_child_weight=5, n_estimators=1000, subsample=1.0;, score=0.840 total time=   3.4s
[CV 1/3] END colsample_bytree=0.9, gamma=0.3, learning_rate=0.1, max_depth=9, min_child_weight=1, n_estimators=300, subsample=0.9;, score=0.862 total time=   5.1s
[CV 2/3] END colsample_bytree=0.9, gamma=0.3, learning_rate=0.1, max_depth=9, min_child_weight=1, n_estimators=300, subsample=0.9;, score=0.692 total time=   4.6s
[CV 3/3] END colsample_bytree=0.9, gamma=0.3, learning_rate=0.1, max_depth=9, min_child_weight=1, n_estimators=300, subsample=0.9;, score=0.861 total time=   5.2s
[CV 1/3] END colsample_bytree=0.6, gamma=0.3, learning_rate=0.05, max_depth=5, min_child_weight=3, n_estimators=200, subsample=0.7;, score=0.859 total time=   1.3s
[CV 2/3] END colsample_bytree=0.6, gamma=0.3, learning_rate=0.05, max_depth=5, min_child_weight=3, n_estimators=200, subsample=0.7;, score=0.687 total time=   1.3s
[CV 3/3] END colsample_bytree=0.6, gamma=0.3, learning_rate=0.05, max_depth=5, min_child_weight=3, n_estimators=200, subsample=0.7;, score=0.841 total time=   1.3s
[CV 1/3] END colsample_bytree=0.9, gamma=0.3, learning_rate=0.01, max_depth=5, min_child_weight=1, n_estimators=100, subsample=0.6;, score=0.655 total time=   0.7s
[CV 2/3] END colsample_bytree=0.9, gamma=0.3, learning_rate=0.01, max_depth=5, min_child_weight=1, n_estimators=100, subsample=0.6;, score=0.369 total time=   0.7s
[CV 3/3] END colsample_bytree=0.9, gamma=0.3, learning_rate=0.01, max_depth=5, min_child_weight=1, n_estimators=100, subsample=0.6;, score=0.583 total time=   0.7s
[CV 1/3] END colsample_bytree=0.9, gamma=0.1, learning_rate=0.1, max_depth=5, min_child_weight=7, n_estimators=200, subsample=0.9;, score=0.864 total time=   1.3s
[CV 2/3] END colsample_bytree=0.9, gamma=0.1, learning_rate=0.1, max_depth=5, min_child_weight=7, n_estimators=200, subsample=0.9;, score=0.714 total time=   1.2s
[CV 3/3] END colsample_bytree=0.9, gamma=0.1, learning_rate=0.1, max_depth=5, min_child_weight=7, n_estimators=200, subsample=0.9;, score=0.844 total time=   1.3s
[CV 1/3] END colsample_bytree=0.8, gamma=0.2, learning_rate=0.01, max_depth=5, min_child_weight=7, n_estimators=300, subsample=0.8;, score=0.832 total time=   2.0s
[CV 2/3] END colsample_bytree=0.8, gamma=0.2, learning_rate=0.01, max_depth=5, min_child_weight=7, n_estimators=300, subsample=0.8;, score=0.629 total time=   2.0s
[CV 3/3] END colsample_bytree=0.8, gamma=0.2, learning_rate=0.01, max_depth=5, min_child_weight=7, n_estimators=300, subsample=0.8;, score=0.806 total time=   2.0s
[CV 1/3] END colsample_bytree=0.8, gamma=0.1, learning_rate=0.1, max_depth=5, min_child_weight=5, n_estimators=300, subsample=0.7;, score=0.865 total time=   1.9s
[CV 2/3] END colsample_bytree=0.8, gamma=0.1, learning_rate=0.1, max_depth=5, min_child_weight=5, n_estimators=300, subsample=0.7;, score=0.720 total time=   1.8s
[CV 3/3] END colsample_bytree=0.8, gamma=0.1, learning_rate=0.1, max_depth=5, min_child_weight=5, n_estimators=300, subsample=0.7;, score=0.844 total time=   1.8s
[CV 1/3] END colsample_bytree=0.6, gamma=0.05, learning_rate=0.1, max_depth=7, min_child_weight=7, n_estimators=500, subsample=0.8;, score=0.870 total time=   5.3s
[CV 2/3] END colsample_bytree=0.6, gamma=0.05, learning_rate=0.1, max_depth=7, min_child_weight=7, n_estimators=500, subsample=0.8;, score=0.701 total time=   5.3s
[CV 3/3] END colsample_bytree=0.6, gamma=0.05, learning_rate=0.1, max_depth=7, min_child_weight=7, n_estimators=500, subsample=0.8;, score=0.850 total time=   5.3s
[CV 1/3] END colsample_bytree=0.6, gamma=0.0, learning_rate=0.01, max_depth=5, min_child_weight=5, n_estimators=200, subsample=1.0;, score=0.792 total time=   1.3s
[CV 2/3] END colsample_bytree=0.6, gamma=0.0, learning_rate=0.01, max_depth=5, min_child_weight=5, n_estimators=200, subsample=1.0;, score=0.554 total time=   1.3s
[CV 3/3] END colsample_bytree=0.6, gamma=0.0, learning_rate=0.01, max_depth=5, min_child_weight=5, n_estimators=200, subsample=1.0;, score=0.756 total time=   1.3s
[CV 1/3] END colsample_bytree=0.8, gamma=0.2, learning_rate=0.01, max_depth=9, min_child_weight=3, n_estimators=200, subsample=0.9;, score=0.820 total time=   5.9s
[CV 2/3] END colsample_bytree=0.8, gamma=0.2, learning_rate=0.01, max_depth=9, min_child_weight=3, n_estimators=200, subsample=0.9;, score=0.609 total time=   6.2s
[CV 3/3] END colsample_bytree=0.8, gamma=0.2, learning_rate=0.01, max_depth=9, min_child_weight=3, n_estimators=200, subsample=0.9;, score=0.804 total time=   6.0s
[CV 1/3] END colsample_bytree=1.0, gamma=0.3, learning_rate=0.1, max_depth=7, min_child_weight=1, n_estimators=300, subsample=0.9;, score=0.865 total time=   3.3s
[CV 2/3] END colsample_bytree=1.0, gamma=0.3, learning_rate=0.1, max_depth=7, min_child_weight=1, n_estimators=300, subsample=0.9;, score=0.699 total time=   3.2s
[CV 3/3] END colsample_bytree=1.0, gamma=0.3, learning_rate=0.1, max_depth=7, min_child_weight=1, n_estimators=300, subsample=0.9;, score=0.851 total time=   3.3s
[CV 1/3] END colsample_bytree=0.6, gamma=0.05, learning_rate=0.01, max_depth=9, min_child_weight=7, n_estimators=200, subsample=1.0;, score=0.818 total time=   5.9s
[CV 2/3] END colsample_bytree=0.6, gamma=0.05, learning_rate=0.01, max_depth=9, min_child_weight=7, n_estimators=200, subsample=1.0;, score=0.582 total time=   6.2s
[CV 3/3] END colsample_bytree=0.6, gamma=0.05, learning_rate=0.01, max_depth=9, min_child_weight=7, n_estimators=200, subsample=1.0;, score=0.798 total time=   5.9s
[CV 1/3] END colsample_bytree=0.6, gamma=0.0, learning_rate=0.1, max_depth=7, min_child_weight=5, n_estimators=200, subsample=0.8;, score=0.866 total time=   2.3s
[CV 2/3] END colsample_bytree=0.6, gamma=0.0, learning_rate=0.1, max_depth=7, min_child_weight=5, n_estimators=200, subsample=0.8;, score=0.684 total time=   2.2s
[CV 3/3] END colsample_bytree=0.6, gamma=0.0, learning_rate=0.1, max_depth=7, min_child_weight=5, n_estimators=200, subsample=0.8;, score=0.858 total time=   2.3s
[CV 1/3] END colsample_bytree=1.0, gamma=0.05, learning_rate=0.1, max_depth=7, min_child_weight=7, n_estimators=800, subsample=0.7;, score=0.858 total time=   8.2s
[CV 2/3] END colsample_bytree=1.0, gamma=0.05, learning_rate=0.1, max_depth=7, min_child_weight=7, n_estimators=800, subsample=0.7;, score=0.707 total time=   8.3s
[CV 3/3] END colsample_bytree=1.0, gamma=0.05, learning_rate=0.1, max_depth=7, min_child_weight=7, n_estimators=800, subsample=0.7;, score=0.822 total time=   8.2s
[CV 1/3] END colsample_bytree=0.7, gamma=0.1, learning_rate=0.1, max_depth=7, min_child_weight=7, n_estimators=800, subsample=1.0;, score=0.867 total time=   6.1s
[CV 2/3] END colsample_bytree=0.7, gamma=0.1, learning_rate=0.1, max_depth=7, min_child_weight=7, n_estimators=800, subsample=1.0;, score=0.695 total time=   5.5s
[CV 3/3] END colsample_bytree=0.7, gamma=0.1, learning_rate=0.1, max_depth=7, min_child_weight=7, n_estimators=800, subsample=1.0;, score=0.853 total time=   6.1s
[CV 1/3] END colsample_bytree=0.6, gamma=0.1, learning_rate=0.05, max_depth=5, min_child_weight=5, n_estimators=500, subsample=0.7;, score=0.869 total time=   3.0s
[CV 2/3] END colsample_bytree=0.6, gamma=0.1, learning_rate=0.05, max_depth=5, min_child_weight=5, n_estimators=500, subsample=0.7;, score=0.701 total time=   2.9s
[CV 3/3] END colsample_bytree=0.6, gamma=0.1, learning_rate=0.05, max_depth=5, min_child_weight=5, n_estimators=500, subsample=0.7;, score=0.848 total time=   2.9s
[CV 1/3] END colsample_bytree=0.6, gamma=0.1, learning_rate=0.1, max_depth=3, min_child_weight=3, n_estimators=800, subsample=0.6;, score=0.865 total time=   2.8s
[CV 2/3] END colsample_bytree=0.6, gamma=0.1, learning_rate=0.1, max_depth=3, min_child_weight=3, n_estimators=800, subsample=0.6;, score=0.719 total time=   2.8s
[CV 3/3] END colsample_bytree=0.6, gamma=0.1, learning_rate=0.1, max_depth=3, min_child_weight=3, n_estimators=800, subsample=0.6;, score=0.836 total time=   2.8s
[CV 1/3] END colsample_bytree=1.0, gamma=0.05, learning_rate=0.05, max_depth=3, min_child_weight=1, n_estimators=800, subsample=0.6;, score=0.861 total time=   2.8s
[CV 2/3] END colsample_bytree=1.0, gamma=0.05, learning_rate=0.05, max_depth=3, min_child_weight=1, n_estimators=800, subsample=0.6;, score=0.722 total time=   2.8s
[CV 3/3] END colsample_bytree=1.0, gamma=0.05, learning_rate=0.05, max_depth=3, min_child_weight=1, n_estimators=800, subsample=0.6;, score=0.842 total time=   2.8s
[CV 1/3] END colsample_bytree=0.8, gamma=0.0, learning_rate=0.01, max_depth=3, min_child_weight=7, n_estimators=300, subsample=0.8;, score=0.802 total time=   1.2s
[CV 2/3] END colsample_bytree=0.8, gamma=0.0, learning_rate=0.01, max_depth=3, min_child_weight=7, n_estimators=300, subsample=0.8;, score=0.548 total time=   1.2s
[CV 3/3] END colsample_bytree=0.8, gamma=0.0, learning_rate=0.01, max_depth=3, min_child_weight=7, n_estimators=300, subsample=0.8;, score=0.755 total time=   1.2s
[CV 1/3] END colsample_bytree=0.9, gamma=0.0, learning_rate=0.01, max_depth=5, min_child_weight=3, n_estimators=1000, subsample=0.8;, score=0.859 total time=   6.0s
[CV 2/3] END colsample_bytree=0.9, gamma=0.0, learning_rate=0.01, max_depth=5, min_child_weight=3, n_estimators=1000, subsample=0.8;, score=0.699 total time=   5.9s
[CV 3/3] END colsample_bytree=0.9, gamma=0.0, learning_rate=0.01, max_depth=5, min_child_weight=3, n_estimators=1000, subsample=0.8;, score=0.840 total time=   6.0s
[CV 1/3] END colsample_bytree=0.7, gamma=0.1, learning_rate=0.05, max_depth=3, min_child_weight=5, n_estimators=200, subsample=0.8;, score=0.843 total time=   0.8s
[CV 2/3] END colsample_bytree=0.7, gamma=0.1, learning_rate=0.05, max_depth=3, min_child_weight=5, n_estimators=200, subsample=0.8;, score=0.681 total time=   0.8s
[CV 3/3] END colsample_bytree=0.7, gamma=0.1, learning_rate=0.05, max_depth=3, min_child_weight=5, n_estimators=200, subsample=0.8;, score=0.817 total time=   0.9s
[CV 1/3] END colsample_bytree=0.7, gamma=0.05, learning_rate=0.01, max_depth=5, min_child_weight=3, n_estimators=100, subsample=0.8;, score=0.647 total time=   0.8s
[CV 2/3] END colsample_bytree=0.7, gamma=0.05, learning_rate=0.01, max_depth=5, min_child_weight=3, n_estimators=100, subsample=0.8;, score=0.363 total time=   0.8s
[CV 3/3] END colsample_bytree=0.7, gamma=0.05, learning_rate=0.01, max_depth=5, min_child_weight=3, n_estimators=100, subsample=0.8;, score=0.578 total time=   0.8s
[CV 1/3] END colsample_bytree=0.7, gamma=0.0, learning_rate=0.1, max_depth=7, min_child_weight=3, n_estimators=100, subsample=0.9;, score=0.859 total time=   1.3s
[CV 2/3] END colsample_bytree=0.7, gamma=0.0, learning_rate=0.1, max_depth=7, min_child_weight=3, n_estimators=100, subsample=0.9;, score=0.692 total time=   1.3s
[CV 3/3] END colsample_bytree=0.7, gamma=0.0, learning_rate=0.1, max_depth=7, min_child_weight=3, n_estimators=100, subsample=0.9;, score=0.851 total time=   1.2s
[CV 1/3] END colsample_bytree=0.7, gamma=0.1, learning_rate=0.05, max_depth=9, min_child_weight=7, n_estimators=200, subsample=0.7;, score=0.864 total time=   5.3s
[CV 2/3] END colsample_bytree=0.7, gamma=0.1, learning_rate=0.05, max_depth=9, min_child_weight=7, n_estimators=200, subsample=0.7;, score=0.677 total time=   5.3s
[CV 3/3] END colsample_bytree=0.7, gamma=0.1, learning_rate=0.05, max_depth=9, min_child_weight=7, n_estimators=200, subsample=0.7;, score=0.864 total time=   5.3s
[CV 1/3] END colsample_bytree=0.9, gamma=0.05, learning_rate=0.05, max_depth=9, min_child_weight=1, n_estimators=500, subsample=0.8;, score=0.864 total time=  12.4s
[CV 2/3] END colsample_bytree=0.9, gamma=0.05, learning_rate=0.05, max_depth=9, min_child_weight=1, n_estimators=500, subsample=0.8;, score=0.684 total time=  12.4s
[CV 3/3] END colsample_bytree=0.9, gamma=0.05, learning_rate=0.05, max_depth=9, min_child_weight=1, n_estimators=500, subsample=0.8;, score=0.861 total time=  12.5s
[CV 1/3] END colsample_bytree=0.6, gamma=0.05, learning_rate=0.1, max_depth=5, min_child_weight=7, n_estimators=100, subsample=0.8;, score=0.858 total time=   0.7s
[CV 2/3] END colsample_bytree=0.6, gamma=0.05, learning_rate=0.1, max_depth=5, min_child_weight=7, n_estimators=100, subsample=0.8;, score=0.691 total time=   0.7s
[CV 3/3] END colsample_bytree=0.6, gamma=0.05, learning_rate=0.1, max_depth=5, min_child_weight=7, n_estimators=100, subsample=0.8;, score=0.838 total time=   0.7s
[CV 1/3] END colsample_bytree=0.9, gamma=0.05, learning_rate=0.01, max_depth=9, min_child_weight=5, n_estimators=800, subsample=0.9;, score=0.865 total time=  21.9s
[CV 2/3] END colsample_bytree=0.9, gamma=0.05, learning_rate=0.01, max_depth=9, min_child_weight=5, n_estimators=800, subsample=0.9;, score=0.695 total time=  22.2s
[CV 3/3] END colsample_bytree=0.9, gamma=0.05, learning_rate=0.01, max_depth=9, min_child_weight=5, n_estimators=800, subsample=0.9;, score=0.861 total time=  22.0s
[CV 1/3] END colsample_bytree=0.8, gamma=0.05, learning_rate=0.1, max_depth=7, min_child_weight=7, n_estimators=1000, subsample=1.0;, score=0.867 total time=   8.3s
[CV 2/3] END colsample_bytree=0.8, gamma=0.05, learning_rate=0.1, max_depth=7, min_child_weight=7, n_estimators=1000, subsample=1.0;, score=0.698 total time=   7.8s
[CV 3/3] END colsample_bytree=0.8, gamma=0.05, learning_rate=0.1, max_depth=7, min_child_weight=7, n_estimators=1000, subsample=1.0;, score=0.834 total time=   8.7s
[CV 1/3] END colsample_bytree=0.8, gamma=0.0, learning_rate=0.01, max_depth=5, min_child_weight=1, n_estimators=800, subsample=0.7;, score=0.857 total time=   4.8s
[CV 2/3] END colsample_bytree=0.8, gamma=0.0, learning_rate=0.01, max_depth=5, min_child_weight=1, n_estimators=800, subsample=0.7;, score=0.695 total time=   4.8s
[CV 3/3] END colsample_bytree=0.8, gamma=0.0, learning_rate=0.01, max_depth=5, min_child_weight=1, n_estimators=800, subsample=0.7;, score=0.838 total time=   4.8s
[CV 1/3] END colsample_bytree=1.0, gamma=0.3, learning_rate=0.1, max_depth=9, min_child_weight=3, n_estimators=300, subsample=0.6;, score=0.855 total time=   6.2s
[CV 2/3] END colsample_bytree=1.0, gamma=0.3, learning_rate=0.1, max_depth=9, min_child_weight=3, n_estimators=300, subsample=0.6;, score=0.684 total time=   5.4s
[CV 3/3] END colsample_bytree=1.0, gamma=0.3, learning_rate=0.1, max_depth=9, min_child_weight=3, n_estimators=300, subsample=0.6;, score=0.847 total time=   6.4s
[CV 1/3] END colsample_bytree=0.9, gamma=0.2, learning_rate=0.05, max_depth=5, min_child_weight=1, n_estimators=300, subsample=0.7;, score=0.863 total time=   1.8s
[CV 2/3] END colsample_bytree=0.9, gamma=0.2, learning_rate=0.05, max_depth=5, min_child_weight=1, n_estimators=300, subsample=0.7;, score=0.705 total time=   1.8s
[CV 3/3] END colsample_bytree=0.9, gamma=0.2, learning_rate=0.05, max_depth=5, min_child_weight=1, n_estimators=300, subsample=0.7;, score=0.845 total time=   1.8s
[CV 1/3] END colsample_bytree=0.6, gamma=0.05, learning_rate=0.01, max_depth=5, min_child_weight=1, n_estimators=1000, subsample=0.6;, score=0.860 total time=   5.9s
[CV 2/3] END colsample_bytree=0.6, gamma=0.05, learning_rate=0.01, max_depth=5, min_child_weight=1, n_estimators=1000, subsample=0.6;, score=0.701 total time=   5.9s
[CV 3/3] END colsample_bytree=0.6, gamma=0.05, learning_rate=0.01, max_depth=5, min_child_weight=1, n_estimators=1000, subsample=0.6;, score=0.843 total time=   5.9s
[CV 1/3] END colsample_bytree=0.6, gamma=0.1, learning_rate=0.1, max_depth=3, min_child_weight=7, n_estimators=300, subsample=0.9;, score=0.856 total time=   1.1s
[CV 2/3] END colsample_bytree=0.6, gamma=0.1, learning_rate=0.1, max_depth=3, min_child_weight=7, n_estimators=300, subsample=0.9;, score=0.726 total time=   1.2s
[CV 3/3] END colsample_bytree=0.6, gamma=0.1, learning_rate=0.1, max_depth=3, min_child_weight=7, n_estimators=300, subsample=0.9;, score=0.837 total time=   1.2s
[CV 1/3] END colsample_bytree=0.9, gamma=0.05, learning_rate=0.05, max_depth=9, min_child_weight=3, n_estimators=1000, subsample=1.0;, score=0.869 total time=  18.0s
[CV 2/3] END colsample_bytree=0.9, gamma=0.05, learning_rate=0.05, max_depth=9, min_child_weight=3, n_estimators=1000, subsample=1.0;, score=0.689 total time=  16.2s
[CV 3/3] END colsample_bytree=0.9, gamma=0.05, learning_rate=0.05, max_depth=9, min_child_weight=3, n_estimators=1000, subsample=1.0;, score=0.861 total time=  18.2s
[CV 1/3] END colsample_bytree=0.8, gamma=0.2, learning_rate=0.05, max_depth=7, min_child_weight=1, n_estimators=500, subsample=0.8;, score=0.870 total time=   5.4s
[CV 2/3] END colsample_bytree=0.8, gamma=0.2, learning_rate=0.05, max_depth=7, min_child_weight=1, n_estimators=500, subsample=0.8;, score=0.700 total time=   5.3s
[CV 3/3] END colsample_bytree=0.8, gamma=0.2, learning_rate=0.05, max_depth=7, min_child_weight=1, n_estimators=500, subsample=0.8;, score=0.860 total time=   5.4s
[CV 1/3] END colsample_bytree=0.6, gamma=0.0, learning_rate=0.1, max_depth=3, min_child_weight=5, n_estimators=100, subsample=0.7;, score=0.839 total time=   0.5s
[CV 2/3] END colsample_bytree=0.6, gamma=0.0, learning_rate=0.1, max_depth=3, min_child_weight=5, n_estimators=100, subsample=0.7;, score=0.669 total time=   0.4s
[CV 3/3] END colsample_bytree=0.6, gamma=0.0, learning_rate=0.1, max_depth=3, min_child_weight=5, n_estimators=100, subsample=0.7;, score=0.813 total time=   0.4s
[CV 1/3] END colsample_bytree=0.7, gamma=0.2, learning_rate=0.01, max_depth=5, min_child_weight=1, n_estimators=300, subsample=0.9;, score=0.831 total time=   1.9s
[CV 2/3] END colsample_bytree=0.7, gamma=0.2, learning_rate=0.01, max_depth=5, min_child_weight=1, n_estimators=300, subsample=0.9;, score=0.636 total time=   2.0s
[CV 3/3] END colsample_bytree=0.7, gamma=0.2, learning_rate=0.01, max_depth=5, min_child_weight=1, n_estimators=300, subsample=0.9;, score=0.807 total time=   2.0s
[CV 1/3] END colsample_bytree=0.7, gamma=0.3, learning_rate=0.01, max_depth=9, min_child_weight=7, n_estimators=200, subsample=0.8;, score=0.821 total time=   5.8s
[CV 2/3] END colsample_bytree=0.7, gamma=0.3, learning_rate=0.01, max_depth=9, min_child_weight=7, n_estimators=200, subsample=0.8;, score=0.597 total time=   6.2s
[CV 3/3] END colsample_bytree=0.7, gamma=0.3, learning_rate=0.01, max_depth=9, min_child_weight=7, n_estimators=200, subsample=0.8;, score=0.801 total time=   5.8s
[CV 1/3] END colsample_bytree=0.7, gamma=0.05, learning_rate=0.1, max_depth=3, min_child_weight=7, n_estimators=100, subsample=0.8;, score=0.836 total time=   0.5s
[CV 2/3] END colsample_bytree=0.7, gamma=0.05, learning_rate=0.1, max_depth=3, min_child_weight=7, n_estimators=100, subsample=0.8;, score=0.669 total time=   0.5s
[CV 3/3] END colsample_bytree=0.7, gamma=0.05, learning_rate=0.1, max_depth=3, min_child_weight=7, n_estimators=100, subsample=0.8;, score=0.813 total time=   0.4s
[CV 1/3] END colsample_bytree=0.6, gamma=0.3, learning_rate=0.1, max_depth=5, min_child_weight=3, n_estimators=100, subsample=0.9;, score=0.857 total time=   0.7s
[CV 2/3] END colsample_bytree=0.6, gamma=0.3, learning_rate=0.1, max_depth=5, min_child_weight=3, n_estimators=100, subsample=0.9;, score=0.698 total time=   0.7s
[CV 3/3] END colsample_bytree=0.6, gamma=0.3, learning_rate=0.1, max_depth=5, min_child_weight=3, n_estimators=100, subsample=0.9;, score=0.838 total time=   0.7s
[CV 1/3] END colsample_bytree=0.6, gamma=0.2, learning_rate=0.1, max_depth=9, min_child_weight=3, n_estimators=200, subsample=0.6;, score=0.859 total time=   4.8s
[CV 2/3] END colsample_bytree=0.6, gamma=0.2, learning_rate=0.1, max_depth=9, min_child_weight=3, n_estimators=200, subsample=0.6;, score=0.648 total time=   4.7s
[CV 3/3] END colsample_bytree=0.6, gamma=0.2, learning_rate=0.1, max_depth=9, min_child_weight=3, n_estimators=200, subsample=0.6;, score=0.861 total time=   4.8s
[CV 1/3] END colsample_bytree=0.6, gamma=0.0, learning_rate=0.01, max_depth=5, min_child_weight=3, n_estimators=300, subsample=0.7;, score=0.830 total time=   1.9s
[CV 2/3] END colsample_bytree=0.6, gamma=0.0, learning_rate=0.01, max_depth=5, min_child_weight=3, n_estimators=300, subsample=0.7;, score=0.626 total time=   2.0s
[CV 3/3] END colsample_bytree=0.6, gamma=0.0, learning_rate=0.01, max_depth=5, min_child_weight=3, n_estimators=300, subsample=0.7;, score=0.806 total time=   1.9s
[CV 1/3] END colsample_bytree=0.9, gamma=0.2, learning_rate=0.05, max_depth=5, min_child_weight=3, n_estimators=200, subsample=0.8;, score=0.859 total time=   1.3s
[CV 2/3] END colsample_bytree=0.9, gamma=0.2, learning_rate=0.05, max_depth=5, min_child_weight=3, n_estimators=200, subsample=0.8;, score=0.694 total time=   1.3s
[CV 3/3] END colsample_bytree=0.9, gamma=0.2, learning_rate=0.05, max_depth=5, min_child_weight=3, n_estimators=200, subsample=0.8;, score=0.842 total time=   1.3s
[CV 1/3] END colsample_bytree=1.0, gamma=0.2, learning_rate=0.05, max_depth=5, min_child_weight=3, n_estimators=300, subsample=0.9;, score=0.859 total time=   1.8s
[CV 2/3] END colsample_bytree=1.0, gamma=0.2, learning_rate=0.05, max_depth=5, min_child_weight=3, n_estimators=300, subsample=0.9;, score=0.705 total time=   1.8s
[CV 3/3] END colsample_bytree=1.0, gamma=0.2, learning_rate=0.05, max_depth=5, min_child_weight=3, n_estimators=300, subsample=0.9;, score=0.843 total time=   1.8s
[CV 1/3] END colsample_bytree=1.0, gamma=0.1, learning_rate=0.05, max_depth=9, min_child_weight=5, n_estimators=1000, subsample=0.7;, score=0.864 total time=  21.9s
[CV 2/3] END colsample_bytree=1.0, gamma=0.1, learning_rate=0.05, max_depth=9, min_child_weight=5, n_estimators=1000, subsample=0.7;, score=0.688 total time=  21.2s
[CV 3/3] END colsample_bytree=1.0, gamma=0.1, learning_rate=0.05, max_depth=9, min_child_weight=5, n_estimators=1000, subsample=0.7;, score=0.858 total time=  22.3s
[CV 1/3] END colsample_bytree=0.7, gamma=0.2, learning_rate=0.01, max_depth=3, min_child_weight=1, n_estimators=300, subsample=1.0;, score=0.801 total time=   1.2s
[CV 2/3] END colsample_bytree=0.7, gamma=0.2, learning_rate=0.01, max_depth=3, min_child_weight=1, n_estimators=300, subsample=1.0;, score=0.551 total time=   1.2s
[CV 3/3] END colsample_bytree=0.7, gamma=0.2, learning_rate=0.01, max_depth=3, min_child_weight=1, n_estimators=300, subsample=1.0;, score=0.754 total time=   1.1s
[CV 1/3] END colsample_bytree=1.0, gamma=0.0, learning_rate=0.01, max_depth=7, min_child_weight=5, n_estimators=1000, subsample=0.8;, score=0.863 total time=  11.2s
[CV 2/3] END colsample_bytree=1.0, gamma=0.0, learning_rate=0.01, max_depth=7, min_child_weight=5, n_estimators=1000, subsample=0.8;, score=0.706 total time=  11.1s
[CV 3/3] END colsample_bytree=1.0, gamma=0.0, learning_rate=0.01, max_depth=7, min_child_weight=5, n_estimators=1000, subsample=0.8;, score=0.857 total time=  11.1s
[CV 1/3] END colsample_bytree=0.9, gamma=0.1, learning_rate=0.1, max_depth=9, min_child_weight=3, n_estimators=800, subsample=0.7;, score=0.862 total time=  15.7s
[CV 2/3] END colsample_bytree=0.9, gamma=0.1, learning_rate=0.1, max_depth=9, min_child_weight=3, n_estimators=800, subsample=0.7;, score=0.697 total time=  13.8s
[CV 3/3] END colsample_bytree=0.9, gamma=0.1, learning_rate=0.1, max_depth=9, min_child_weight=3, n_estimators=800, subsample=0.7;, score=0.855 total time=  16.0s
[CV 1/3] END colsample_bytree=0.6, gamma=0.0, learning_rate=0.1, max_depth=3, min_child_weight=3, n_estimators=1000, subsample=0.7;, score=0.867 total time=   3.4s
[CV 2/3] END colsample_bytree=0.6, gamma=0.0, learning_rate=0.1, max_depth=3, min_child_weight=3, n_estimators=1000, subsample=0.7;, score=0.714 total time=   3.4s
[CV 3/3] END colsample_bytree=0.6, gamma=0.0, learning_rate=0.1, max_depth=3, min_child_weight=3, n_estimators=1000, subsample=0.7;, score=0.832 total time=   3.4s
[CV 1/3] END colsample_bytree=0.9, gamma=0.05, learning_rate=0.1, max_depth=7, min_child_weight=1, n_estimators=300, subsample=0.9;, score=0.861 total time=   3.3s
[CV 2/3] END colsample_bytree=0.9, gamma=0.05, learning_rate=0.1, max_depth=7, min_child_weight=1, n_estimators=300, subsample=0.9;, score=0.708 total time=   3.3s
[CV 3/3] END colsample_bytree=0.9, gamma=0.05, learning_rate=0.1, max_depth=7, min_child_weight=1, n_estimators=300, subsample=0.9;, score=0.856 total time=   3.3s
[CV 1/3] END colsample_bytree=0.9, gamma=0.05, learning_rate=0.1, max_depth=7, min_child_weight=3, n_estimators=200, subsample=0.7;, score=0.861 total time=   2.3s
[CV 2/3] END colsample_bytree=0.9, gamma=0.05, learning_rate=0.1, max_depth=7, min_child_weight=3, n_estimators=200, subsample=0.7;, score=0.721 total time=   2.2s
[CV 3/3] END colsample_bytree=0.9, gamma=0.05, learning_rate=0.1, max_depth=7, min_child_weight=3, n_estimators=200, subsample=0.7;, score=0.850 total time=   2.3s
[CV 1/3] END colsample_bytree=0.9, gamma=0.05, learning_rate=0.01, max_depth=5, min_child_weight=5, n_estimators=1000, subsample=0.8;, score=0.859 total time=   5.9s
[CV 2/3] END colsample_bytree=0.9, gamma=0.05, learning_rate=0.01, max_depth=5, min_child_weight=5, n_estimators=1000, subsample=0.8;, score=0.701 total time=   5.9s
[CV 3/3] END colsample_bytree=0.9, gamma=0.05, learning_rate=0.01, max_depth=5, min_child_weight=5, n_estimators=1000, subsample=0.8;, score=0.840 total time=   5.9s
[CV 1/3] END colsample_bytree=0.9, gamma=0.05, learning_rate=0.1, max_depth=7, min_child_weight=5, n_estimators=100, subsample=0.6;, score=0.862 total time=   1.2s
[CV 2/3] END colsample_bytree=0.9, gamma=0.05, learning_rate=0.1, max_depth=7, min_child_weight=5, n_estimators=100, subsample=0.6;, score=0.717 total time=   1.2s
[CV 3/3] END colsample_bytree=0.9, gamma=0.05, learning_rate=0.1, max_depth=7, min_child_weight=5, n_estimators=100, subsample=0.6;, score=0.855 total time=   1.2s
[CV 1/3] END colsample_bytree=0.7, gamma=0.0, learning_rate=0.1, max_depth=9, min_child_weight=1, n_estimators=200, subsample=1.0;, score=0.859 total time=   5.3s
[CV 2/3] END colsample_bytree=0.7, gamma=0.0, learning_rate=0.1, max_depth=9, min_child_weight=1, n_estimators=200, subsample=1.0;, score=0.688 total time=   5.3s
[CV 3/3] END colsample_bytree=0.7, gamma=0.0, learning_rate=0.1, max_depth=9, min_child_weight=1, n_estimators=200, subsample=1.0;, score=0.860 total time=   5.3s
[CV 1/3] END colsample_bytree=0.8, gamma=0.05, learning_rate=0.1, max_depth=9, min_child_weight=7, n_estimators=300, subsample=0.8;, score=0.866 total time=   6.9s
[CV 2/3] END colsample_bytree=0.8, gamma=0.05, learning_rate=0.1, max_depth=9, min_child_weight=7, n_estimators=300, subsample=0.8;, score=0.698 total time=   7.0s
[CV 3/3] END colsample_bytree=0.8, gamma=0.05, learning_rate=0.1, max_depth=9, min_child_weight=7, n_estimators=300, subsample=0.8;, score=0.856 total time=   7.0s
[CV 1/3] END colsample_bytree=0.7, gamma=0.05, learning_rate=0.05, max_depth=5, min_child_weight=1, n_estimators=1000, subsample=0.9;, score=0.869 total time=   5.6s
[CV 2/3] END colsample_bytree=0.7, gamma=0.05, learning_rate=0.05, max_depth=5, min_child_weight=1, n_estimators=1000, subsample=0.9;, score=0.711 total time=   5.6s
[CV 3/3] END colsample_bytree=0.7, gamma=0.05, learning_rate=0.05, max_depth=5, min_child_weight=1, n_estimators=1000, subsample=0.9;, score=0.848 total time=   5.6s
[CV 1/3] END colsample_bytree=0.8, gamma=0.3, learning_rate=0.1, max_depth=5, min_child_weight=3, n_estimators=100, subsample=0.7;, score=0.855 total time=   0.7s
[CV 2/3] END colsample_bytree=0.8, gamma=0.3, learning_rate=0.1, max_depth=5, min_child_weight=3, n_estimators=100, subsample=0.7;, score=0.698 total time=   0.7s
[CV 3/3] END colsample_bytree=0.8, gamma=0.3, learning_rate=0.1, max_depth=5, min_child_weight=3, n_estimators=100, subsample=0.7;, score=0.839 total time=   0.7s
[CV 1/3] END colsample_bytree=0.7, gamma=0.2, learning_rate=0.05, max_depth=5, min_child_weight=5, n_estimators=200, subsample=0.6;, score=0.857 total time=   1.3s
[CV 2/3] END colsample_bytree=0.7, gamma=0.2, learning_rate=0.05, max_depth=5, min_child_weight=5, n_estimators=200, subsample=0.6;, score=0.697 total time=   1.2s
[CV 3/3] END colsample_bytree=0.7, gamma=0.2, learning_rate=0.05, max_depth=5, min_child_weight=5, n_estimators=200, subsample=0.6;, score=0.843 total time=   1.3s
[CV 1/3] END colsample_bytree=0.8, gamma=0.3, learning_rate=0.1, max_depth=5, min_child_weight=1, n_estimators=100, subsample=0.9;, score=0.857 total time=   0.7s
[CV 2/3] END colsample_bytree=0.8, gamma=0.3, learning_rate=0.1, max_depth=5, min_child_weight=1, n_estimators=100, subsample=0.9;, score=0.701 total time=   0.7s
[CV 3/3] END colsample_bytree=0.8, gamma=0.3, learning_rate=0.1, max_depth=5, min_child_weight=1, n_estimators=100, subsample=0.9;, score=0.840 total time=   0.7s
[CV 1/3] END colsample_bytree=0.7, gamma=0.0, learning_rate=0.1, max_depth=9, min_child_weight=3, n_estimators=800, subsample=0.7;, score=0.857 total time=  19.1s
[CV 2/3] END colsample_bytree=0.7, gamma=0.0, learning_rate=0.1, max_depth=9, min_child_weight=3, n_estimators=800, subsample=0.7;, score=0.669 total time=  19.3s
[CV 3/3] END colsample_bytree=0.7, gamma=0.0, learning_rate=0.1, max_depth=9, min_child_weight=3, n_estimators=800, subsample=0.7;, score=0.851 total time=  18.9s
[CV 1/3] END colsample_bytree=0.6, gamma=0.05, learning_rate=0.1, max_depth=5, min_child_weight=3, n_estimators=500, subsample=0.9;, score=0.871 total time=   2.9s
[CV 2/3] END colsample_bytree=0.6, gamma=0.05, learning_rate=0.1, max_depth=5, min_child_weight=3, n_estimators=500, subsample=0.9;, score=0.717 total time=   2.9s
[CV 3/3] END colsample_bytree=0.6, gamma=0.05, learning_rate=0.1, max_depth=5, min_child_weight=3, n_estimators=500, subsample=0.9;, score=0.847 total time=   2.9s
[CV 1/3] END colsample_bytree=0.6, gamma=0.05, learning_rate=0.05, max_depth=3, min_child_weight=7, n_estimators=500, subsample=0.8;, score=0.857 total time=   1.8s
[CV 2/3] END colsample_bytree=0.6, gamma=0.05, learning_rate=0.05, max_depth=3, min_child_weight=7, n_estimators=500, subsample=0.8;, score=0.717 total time=   1.8s
[CV 3/3] END colsample_bytree=0.6, gamma=0.05, learning_rate=0.05, max_depth=3, min_child_weight=7, n_estimators=500, subsample=0.8;, score=0.833 total time=   1.8s
[CV 1/3] END colsample_bytree=0.6, gamma=0.05, learning_rate=0.1, max_depth=7, min_child_weight=3, n_estimators=1000, subsample=0.6;, score=0.866 total time=  10.2s
[CV 2/3] END colsample_bytree=0.6, gamma=0.05, learning_rate=0.1, max_depth=7, min_child_weight=3, n_estimators=1000, subsample=0.6;, score=0.685 total time=  10.3s
[CV 3/3] END colsample_bytree=0.6, gamma=0.05, learning_rate=0.1, max_depth=7, min_child_weight=3, n_estimators=1000, subsample=0.6;, score=0.844 total time=  10.3s
[CV 1/3] END colsample_bytree=0.6, gamma=0.2, learning_rate=0.05, max_depth=9, min_child_weight=7, n_estimators=200, subsample=0.9;, score=0.864 total time=   5.3s
[CV 2/3] END colsample_bytree=0.6, gamma=0.2, learning_rate=0.05, max_depth=9, min_child_weight=7, n_estimators=200, subsample=0.9;, score=0.670 total time=   5.3s
[CV 3/3] END colsample_bytree=0.6, gamma=0.2, learning_rate=0.05, max_depth=9, min_child_weight=7, n_estimators=200, subsample=0.9;, score=0.860 total time=   5.3s
[CV 1/3] END colsample_bytree=0.9, gamma=0.0, learning_rate=0.01, max_depth=9, min_child_weight=3, n_estimators=300, subsample=0.8;, score=0.848 total time=   8.9s
[CV 2/3] END colsample_bytree=0.9, gamma=0.0, learning_rate=0.01, max_depth=9, min_child_weight=3, n_estimators=300, subsample=0.8;, score=0.662 total time=   9.2s
[CV 3/3] END colsample_bytree=0.9, gamma=0.0, learning_rate=0.01, max_depth=9, min_child_weight=3, n_estimators=300, subsample=0.8;, score=0.838 total time=   8.9s
[CV 1/3] END colsample_bytree=1.0, gamma=0.2, learning_rate=0.01, max_depth=3, min_child_weight=3, n_estimators=200, subsample=1.0;, score=0.745 total time=   0.8s
[CV 2/3] END colsample_bytree=1.0, gamma=0.2, learning_rate=0.01, max_depth=3, min_child_weight=3, n_estimators=200, subsample=1.0;, score=0.464 total time=   0.8s
[CV 3/3] END colsample_bytree=1.0, gamma=0.2, learning_rate=0.01, max_depth=3, min_child_weight=3, n_estimators=200, subsample=1.0;, score=0.683 total time=   0.8s
[CV 1/3] END colsample_bytree=0.7, gamma=0.3, learning_rate=0.1, max_depth=3, min_child_weight=5, n_estimators=200, subsample=0.7;, score=0.849 total time=   0.8s
[CV 2/3] END colsample_bytree=0.7, gamma=0.3, learning_rate=0.1, max_depth=3, min_child_weight=5, n_estimators=200, subsample=0.7;, score=0.699 total time=   0.8s
[CV 3/3] END colsample_bytree=0.7, gamma=0.3, learning_rate=0.1, max_depth=3, min_child_weight=5, n_estimators=200, subsample=0.7;, score=0.831 total time=   0.8s
[CV 1/3] END colsample_bytree=0.7, gamma=0.2, learning_rate=0.1, max_depth=5, min_child_weight=5, n_estimators=200, subsample=0.7;, score=0.864 total time=   1.2s
[CV 2/3] END colsample_bytree=0.7, gamma=0.2, learning_rate=0.1, max_depth=5, min_child_weight=5, n_estimators=200, subsample=0.7;, score=0.724 total time=   1.2s
[CV 3/3] END colsample_bytree=0.7, gamma=0.2, learning_rate=0.1, max_depth=5, min_child_weight=5, n_estimators=200, subsample=0.7;, score=0.842 total time=   1.2s
[CV 1/3] END colsample_bytree=0.6, gamma=0.1, learning_rate=0.05, max_depth=5, min_child_weight=5, n_estimators=800, subsample=0.7;, score=0.872 total time=   4.5s
[CV 2/3] END colsample_bytree=0.6, gamma=0.1, learning_rate=0.05, max_depth=5, min_child_weight=5, n_estimators=800, subsample=0.7;, score=0.704 total time=   4.5s
[CV 3/3] END colsample_bytree=0.6, gamma=0.1, learning_rate=0.05, max_depth=5, min_child_weight=5, n_estimators=800, subsample=0.7;, score=0.848 total time=   4.5s
[CV 1/3] END colsample_bytree=0.9, gamma=0.2, learning_rate=0.05, max_depth=9, min_child_weight=7, n_estimators=100, subsample=1.0;, score=0.860 total time=   2.9s
[CV 2/3] END colsample_bytree=0.9, gamma=0.2, learning_rate=0.05, max_depth=9, min_child_weight=7, n_estimators=100, subsample=1.0;, score=0.695 total time=   3.0s
[CV 3/3] END colsample_bytree=0.9, gamma=0.2, learning_rate=0.05, max_depth=9, min_child_weight=7, n_estimators=100, subsample=1.0;, score=0.853 total time=   2.9s
[CV 1/3] END colsample_bytree=0.9, gamma=0.0, learning_rate=0.1, max_depth=3, min_child_weight=7, n_estimators=300, subsample=0.8;, score=0.855 total time=   1.1s
[CV 2/3] END colsample_bytree=0.9, gamma=0.0, learning_rate=0.1, max_depth=3, min_child_weight=7, n_estimators=300, subsample=0.8;, score=0.701 total time=   1.1s
[CV 3/3] END colsample_bytree=0.9, gamma=0.0, learning_rate=0.1, max_depth=3, min_child_weight=7, n_estimators=300, subsample=0.8;, score=0.838 total time=   1.1s
[CV 1/3] END colsample_bytree=0.7, gamma=0.0, learning_rate=0.1, max_depth=5, min_child_weight=7, n_estimators=800, subsample=0.8;, score=0.867 total time=   4.5s
[CV 2/3] END colsample_bytree=0.7, gamma=0.0, learning_rate=0.1, max_depth=5, min_child_weight=7, n_estimators=800, subsample=0.8;, score=0.717 total time=   4.5s
[CV 3/3] END colsample_bytree=0.7, gamma=0.0, learning_rate=0.1, max_depth=5, min_child_weight=7, n_estimators=800, subsample=0.8;, score=0.834 total time=   4.5s
[CV 1/3] END colsample_bytree=1.0, gamma=0.05, learning_rate=0.01, max_depth=7, min_child_weight=3, n_estimators=1000, subsample=0.6;, score=0.863 total time=  11.1s
[CV 2/3] END colsample_bytree=1.0, gamma=0.05, learning_rate=0.01, max_depth=7, min_child_weight=3, n_estimators=1000, subsample=0.6;, score=0.706 total time=  11.0s
[CV 3/3] END colsample_bytree=1.0, gamma=0.05, learning_rate=0.01, max_depth=7, min_child_weight=3, n_estimators=1000, subsample=0.6;, score=0.856 total time=  11.1s
[CV 1/3] END colsample_bytree=0.7, gamma=0.3, learning_rate=0.01, max_depth=3, min_child_weight=7, n_estimators=500, subsample=0.8;, score=0.829 total time=   1.8s
[CV 2/3] END colsample_bytree=0.7, gamma=0.3, learning_rate=0.01, max_depth=3, min_child_weight=7, n_estimators=500, subsample=0.8;, score=0.628 total time=   1.8s
[CV 3/3] END colsample_bytree=0.7, gamma=0.3, learning_rate=0.01, max_depth=3, min_child_weight=7, n_estimators=500, subsample=0.8;, score=0.793 total time=   1.8s
[CV 1/3] END colsample_bytree=0.9, gamma=0.05, learning_rate=0.05, max_depth=3, min_child_weight=5, n_estimators=500, subsample=1.0;, score=0.856 total time=   1.8s
[CV 2/3] END colsample_bytree=0.9, gamma=0.05, learning_rate=0.05, max_depth=3, min_child_weight=5, n_estimators=500, subsample=1.0;, score=0.711 total time=   1.9s
[CV 3/3] END colsample_bytree=0.9, gamma=0.05, learning_rate=0.05, max_depth=3, min_child_weight=5, n_estimators=500, subsample=1.0;, score=0.837 total time=   1.8s
[CV 1/3] END colsample_bytree=1.0, gamma=0.3, learning_rate=0.05, max_depth=5, min_child_weight=5, n_estimators=100, subsample=0.8;, score=0.846 total time=   0.7s
[CV 2/3] END colsample_bytree=1.0, gamma=0.3, learning_rate=0.05, max_depth=5, min_child_weight=5, n_estimators=100, subsample=0.8;, score=0.670 total time=   0.7s
[CV 3/3] END colsample_bytree=1.0, gamma=0.3, learning_rate=0.05, max_depth=5, min_child_weight=5, n_estimators=100, subsample=0.8;, score=0.826 total time=   0.7s
[CV 1/3] END colsample_bytree=0.7, gamma=0.2, learning_rate=0.01, max_depth=7, min_child_weight=5, n_estimators=500, subsample=0.8;, score=0.857 total time=   5.9s
[CV 2/3] END colsample_bytree=0.7, gamma=0.2, learning_rate=0.01, max_depth=7, min_child_weight=5, n_estimators=500, subsample=0.8;, score=0.674 total time=   5.9s
[CV 3/3] END colsample_bytree=0.7, gamma=0.2, learning_rate=0.01, max_depth=7, min_child_weight=5, n_estimators=500, subsample=0.8;, score=0.846 total time=   5.9s
[CV 1/3] END colsample_bytree=0.7, gamma=0.3, learning_rate=0.1, max_depth=3, min_child_weight=7, n_estimators=1000, subsample=1.0;, score=0.867 total time=   3.4s
[CV 2/3] END colsample_bytree=0.7, gamma=0.3, learning_rate=0.1, max_depth=3, min_child_weight=7, n_estimators=1000, subsample=1.0;, score=0.728 total time=   3.4s
[CV 3/3] END colsample_bytree=0.7, gamma=0.3, learning_rate=0.1, max_depth=3, min_child_weight=7, n_estimators=1000, subsample=1.0;, score=0.841 total time=   3.4s
[CV 1/3] END colsample_bytree=1.0, gamma=0.05, learning_rate=0.05, max_depth=3, min_child_weight=7, n_estimators=200, subsample=0.9;, score=0.840 total time=   0.8s
[CV 2/3] END colsample_bytree=1.0, gamma=0.05, learning_rate=0.05, max_depth=3, min_child_weight=7, n_estimators=200, subsample=0.9;, score=0.671 total time=   0.8s
[CV 3/3] END colsample_bytree=1.0, gamma=0.05, learning_rate=0.05, max_depth=3, min_child_weight=7, n_estimators=200, subsample=0.9;, score=0.818 total time=   0.8s
[CV 1/3] END colsample_bytree=0.8, gamma=0.2, learning_rate=0.01, max_depth=9, min_child_weight=3, n_estimators=200, subsample=0.6;, score=0.822 total time=   5.8s
[CV 2/3] END colsample_bytree=0.8, gamma=0.2, learning_rate=0.01, max_depth=9, min_child_weight=3, n_estimators=200, subsample=0.6;, score=0.612 total time=   6.1s
[CV 3/3] END colsample_bytree=0.8, gamma=0.2, learning_rate=0.01, max_depth=9, min_child_weight=3, n_estimators=200, subsample=0.6;, score=0.805 total time=   5.8s
[CV 1/3] END colsample_bytree=0.7, gamma=0.1, learning_rate=0.05, max_depth=9, min_child_weight=3, n_estimators=500, subsample=0.6;, score=0.864 total time=  11.7s
[CV 2/3] END colsample_bytree=0.7, gamma=0.1, learning_rate=0.05, max_depth=9, min_child_weight=3, n_estimators=500, subsample=0.6;, score=0.676 total time=  11.8s
[CV 3/3] END colsample_bytree=0.7, gamma=0.1, learning_rate=0.05, max_depth=9, min_child_weight=3, n_estimators=500, subsample=0.6;, score=0.867 total time=  11.8s
[CV 1/3] END colsample_bytree=0.9, gamma=0.1, learning_rate=0.01, max_depth=3, min_child_weight=3, n_estimators=1000, subsample=0.9;, score=0.843 total time=   3.5s
[CV 2/3] END colsample_bytree=0.9, gamma=0.1, learning_rate=0.01, max_depth=3, min_child_weight=3, n_estimators=1000, subsample=0.9;, score=0.675 total time=   3.5s
[CV 3/3] END colsample_bytree=0.9, gamma=0.1, learning_rate=0.01, max_depth=3, min_child_weight=3, n_estimators=1000, subsample=0.9;, score=0.819 total time=   3.5s
[CV 1/3] END colsample_bytree=0.6, gamma=0.2, learning_rate=0.05, max_depth=7, min_child_weight=1, n_estimators=500, subsample=0.7;, score=0.868 total time=   5.4s
[CV 2/3] END colsample_bytree=0.6, gamma=0.2, learning_rate=0.05, max_depth=7, min_child_weight=1, n_estimators=500, subsample=0.7;, score=0.691 total time=   5.3s
[CV 3/3] END colsample_bytree=0.6, gamma=0.2, learning_rate=0.05, max_depth=7, min_child_weight=1, n_estimators=500, subsample=0.7;, score=0.861 total time=   5.4s
[CV 1/3] END colsample_bytree=1.0, gamma=0.1, learning_rate=0.05, max_depth=7, min_child_weight=5, n_estimators=800, subsample=0.8;, score=0.865 total time=   8.2s
[CV 2/3] END colsample_bytree=1.0, gamma=0.1, learning_rate=0.05, max_depth=7, min_child_weight=5, n_estimators=800, subsample=0.8;, score=0.704 total time=   8.2s
[CV 3/3] END colsample_bytree=1.0, gamma=0.1, learning_rate=0.05, max_depth=7, min_child_weight=5, n_estimators=800, subsample=0.8;, score=0.853 total time=   8.3s
[CV 1/3] END colsample_bytree=0.7, gamma=0.0, learning_rate=0.05, max_depth=9, min_child_weight=5, n_estimators=300, subsample=0.6;, score=0.864 total time=   7.5s
[CV 2/3] END colsample_bytree=0.7, gamma=0.0, learning_rate=0.05, max_depth=9, min_child_weight=5, n_estimators=300, subsample=0.6;, score=0.676 total time=   7.5s
[CV 3/3] END colsample_bytree=0.7, gamma=0.0, learning_rate=0.05, max_depth=9, min_child_weight=5, n_estimators=300, subsample=0.6;, score=0.864 total time=   7.4s
[CV 1/3] END colsample_bytree=0.7, gamma=0.3, learning_rate=0.05, max_depth=7, min_child_weight=7, n_estimators=100, subsample=0.9;, score=0.852 total time=   1.3s
[CV 2/3] END colsample_bytree=0.7, gamma=0.3, learning_rate=0.05, max_depth=7, min_child_weight=7, n_estimators=100, subsample=0.9;, score=0.678 total time=   1.3s
[CV 3/3] END colsample_bytree=0.7, gamma=0.3, learning_rate=0.05, max_depth=7, min_child_weight=7, n_estimators=100, subsample=0.9;, score=0.844 total time=   1.3s
[CV 1/3] END colsample_bytree=0.9, gamma=0.2, learning_rate=0.1, max_depth=9, min_child_weight=1, n_estimators=1000, subsample=0.7;, score=0.861 total time=  11.4s
[CV 2/3] END colsample_bytree=0.9, gamma=0.2, learning_rate=0.1, max_depth=9, min_child_weight=1, n_estimators=1000, subsample=0.7;, score=0.682 total time=   9.3s
[CV 3/3] END colsample_bytree=0.9, gamma=0.2, learning_rate=0.1, max_depth=9, min_child_weight=1, n_estimators=1000, subsample=0.7;, score=0.847 total time=  12.2s
[CV 1/3] END colsample_bytree=0.8, gamma=0.1, learning_rate=0.01, max_depth=5, min_child_weight=1, n_estimators=300, subsample=0.8;, score=0.832 total time=   1.9s
[CV 2/3] END colsample_bytree=0.8, gamma=0.1, learning_rate=0.01, max_depth=5, min_child_weight=1, n_estimators=300, subsample=0.8;, score=0.630 total time=   1.9s
[CV 3/3] END colsample_bytree=0.8, gamma=0.1, learning_rate=0.01, max_depth=5, min_child_weight=1, n_estimators=300, subsample=0.8;, score=0.806 total time=   1.9s
xgb 83.0% stations have KGE > 0
xgb 48.0% stations have KGE > 0.3
xgb 61.0% stations have R2 >= 0.3
xgb Median KGE   is 0.29   Ave KGE   is -0.53
xgb Median r     is 0.61   Ave r     is 0.55
xgb Median nRMSE is 18.68   Ave nRMSE is 120660.21

real	26m57.838s
user	28m13.295s
sys	6m5.685s
