
CommandNotFoundError: Your shell has not been properly configured to use 'conda deactivate'.
To initialize your shell, run

    $ conda init <SHELL_NAME>

Currently supported shells are:
  - bash
  - fish
  - tcsh
  - xonsh
  - zsh
  - powershell

See 'conda init --help' for more information and options.

IMPORTANT: You may need to close and restart your shell after running 'conda init'.



CommandNotFoundError: Your shell has not been properly configured to use 'conda deactivate'.
To initialize your shell, run

    $ conda init <SHELL_NAME>

Currently supported shells are:
  - bash
  - fish
  - tcsh
  - xonsh
  - zsh
  - powershell

See 'conda init --help' for more information and options.

IMPORTANT: You may need to close and restart your shell after running 'conda init'.


['xgb_flood.py', '../data/Qmin7_final_dataset_seasonal4_multi_MSWX_meteo.csv', 'cv']
(1512594, 132)
 BDTICM elevation slope aridity sedimentary plutonic
 volcanic metamorphic clay sand silt Porosity_x
 logK_Ice_x year season_id freeze climate basin_id
 lwd_3 p_3 pres_3 relhum_3 swd_3 spechum_3
 tmax_3 tmin_3 wind_3 lwd_7 p_7 pres_7
 relhum_7 swd_7 spechum_7 tmax_7 tmin_7 wind_7
 lwd_15 p_15 pres_15 relhum_15 swd_15 spechum_15
 tmax_15 tmin_15 wind_15 lwd_30 p_30 pres_30
 relhum_30 swd_30 spechum_30 tmax_30 tmin_30 wind_30
 p_365 runoff_ratio slope_fdc Q10_50 high_q_freq low_q_freq
 zero_q_freq cv high_q_dur low_q_dur BFI lagT
 noResRatio FI p_mean stream_elas hfd_mean tmax_ave
 tmax_std ImperviousSurface crop forest grass water
 wetland res_darea_normalize Year_ave Main_Purpose_id
Fitting 3 folds for each of 100 candidates, totalling 300 fits
[CV 1/3] END colsample_bytree=0.8, gamma=0.0, learning_rate=0.1, max_depth=9, min_child_weight=5, n_estimators=500, subsample=0.6;, score=0.867 total time=  13.8s
[CV 2/3] END colsample_bytree=0.8, gamma=0.0, learning_rate=0.1, max_depth=9, min_child_weight=5, n_estimators=500, subsample=0.6;, score=0.734 total time=   8.1s
[CV 3/3] END colsample_bytree=0.8, gamma=0.0, learning_rate=0.1, max_depth=9, min_child_weight=5, n_estimators=500, subsample=0.6;, score=0.862 total time=   8.4s
[CV 1/3] END colsample_bytree=0.6, gamma=0.0, learning_rate=0.05, max_depth=9, min_child_weight=1, n_estimators=800, subsample=0.6;, score=0.865 total time=  17.3s
[CV 2/3] END colsample_bytree=0.6, gamma=0.0, learning_rate=0.05, max_depth=9, min_child_weight=1, n_estimators=800, subsample=0.6;, score=0.721 total time=  16.9s
[CV 3/3] END colsample_bytree=0.6, gamma=0.0, learning_rate=0.05, max_depth=9, min_child_weight=1, n_estimators=800, subsample=0.6;, score=0.864 total time=  17.8s
[CV 1/3] END colsample_bytree=0.7, gamma=0.1, learning_rate=0.1, max_depth=7, min_child_weight=1, n_estimators=100, subsample=1.0;, score=0.841 total time=   1.4s
[CV 2/3] END colsample_bytree=0.7, gamma=0.1, learning_rate=0.1, max_depth=7, min_child_weight=1, n_estimators=100, subsample=1.0;, score=0.709 total time=   1.3s
[CV 3/3] END colsample_bytree=0.7, gamma=0.1, learning_rate=0.1, max_depth=7, min_child_weight=1, n_estimators=100, subsample=1.0;, score=0.831 total time=   1.4s
[CV 1/3] END colsample_bytree=0.6, gamma=0.3, learning_rate=0.05, max_depth=3, min_child_weight=1, n_estimators=1000, subsample=0.6;, score=0.817 total time=   3.7s
[CV 2/3] END colsample_bytree=0.6, gamma=0.3, learning_rate=0.05, max_depth=3, min_child_weight=1, n_estimators=1000, subsample=0.6;, score=0.709 total time=   3.7s
[CV 3/3] END colsample_bytree=0.6, gamma=0.3, learning_rate=0.05, max_depth=3, min_child_weight=1, n_estimators=1000, subsample=0.6;, score=0.799 total time=   4.3s
[CV 1/3] END colsample_bytree=0.8, gamma=0.05, learning_rate=0.1, max_depth=3, min_child_weight=3, n_estimators=800, subsample=0.6;, score=0.836 total time=   3.5s
[CV 2/3] END colsample_bytree=0.8, gamma=0.05, learning_rate=0.1, max_depth=3, min_child_weight=3, n_estimators=800, subsample=0.6;, score=0.745 total time=   3.5s
[CV 3/3] END colsample_bytree=0.8, gamma=0.05, learning_rate=0.1, max_depth=3, min_child_weight=3, n_estimators=800, subsample=0.6;, score=0.821 total time=   3.6s
[CV 1/3] END colsample_bytree=0.9, gamma=0.0, learning_rate=0.01, max_depth=9, min_child_weight=1, n_estimators=100, subsample=0.8;, score=0.671 total time=   2.8s
[CV 2/3] END colsample_bytree=0.9, gamma=0.0, learning_rate=0.01, max_depth=9, min_child_weight=1, n_estimators=100, subsample=0.8;, score=0.460 total time=   3.2s
[CV 3/3] END colsample_bytree=0.9, gamma=0.0, learning_rate=0.01, max_depth=9, min_child_weight=1, n_estimators=100, subsample=0.8;, score=0.620 total time=   2.9s
[CV 1/3] END colsample_bytree=0.8, gamma=0.05, learning_rate=0.01, max_depth=5, min_child_weight=5, n_estimators=100, subsample=0.9;, score=0.622 total time=   1.1s
[CV 2/3] END colsample_bytree=0.8, gamma=0.05, learning_rate=0.01, max_depth=5, min_child_weight=5, n_estimators=100, subsample=0.9;, score=0.409 total time=   1.1s
[CV 3/3] END colsample_bytree=0.8, gamma=0.05, learning_rate=0.01, max_depth=5, min_child_weight=5, n_estimators=100, subsample=0.9;, score=0.551 total time=   1.1s
[CV 1/3] END colsample_bytree=0.6, gamma=0.05, learning_rate=0.01, max_depth=7, min_child_weight=1, n_estimators=200, subsample=0.6;, score=0.777 total time=   3.0s
[CV 2/3] END colsample_bytree=0.6, gamma=0.05, learning_rate=0.01, max_depth=7, min_child_weight=1, n_estimators=200, subsample=0.6;, score=0.581 total time=   3.2s
[CV 3/3] END colsample_bytree=0.6, gamma=0.05, learning_rate=0.01, max_depth=7, min_child_weight=1, n_estimators=200, subsample=0.6;, score=0.749 total time=   3.2s
[CV 1/3] END colsample_bytree=0.6, gamma=0.0, learning_rate=0.05, max_depth=7, min_child_weight=3, n_estimators=500, subsample=1.0;, score=0.859 total time=   6.5s
[CV 2/3] END colsample_bytree=0.6, gamma=0.0, learning_rate=0.05, max_depth=7, min_child_weight=3, n_estimators=500, subsample=1.0;, score=0.739 total time=   6.2s
[CV 3/3] END colsample_bytree=0.6, gamma=0.0, learning_rate=0.05, max_depth=7, min_child_weight=3, n_estimators=500, subsample=1.0;, score=0.855 total time=   6.6s
[CV 1/3] END colsample_bytree=0.6, gamma=0.05, learning_rate=0.1, max_depth=3, min_child_weight=3, n_estimators=100, subsample=0.9;, score=0.813 total time=   0.7s
[CV 2/3] END colsample_bytree=0.6, gamma=0.05, learning_rate=0.1, max_depth=3, min_child_weight=3, n_estimators=100, subsample=0.9;, score=0.691 total time=   0.7s
[CV 3/3] END colsample_bytree=0.6, gamma=0.05, learning_rate=0.1, max_depth=3, min_child_weight=3, n_estimators=100, subsample=0.9;, score=0.781 total time=   0.7s
[CV 1/3] END colsample_bytree=0.6, gamma=0.2, learning_rate=0.1, max_depth=3, min_child_weight=3, n_estimators=100, subsample=0.7;, score=0.812 total time=   0.7s
[CV 2/3] END colsample_bytree=0.6, gamma=0.2, learning_rate=0.1, max_depth=3, min_child_weight=3, n_estimators=100, subsample=0.7;, score=0.698 total time=   0.7s
[CV 3/3] END colsample_bytree=0.6, gamma=0.2, learning_rate=0.1, max_depth=3, min_child_weight=3, n_estimators=100, subsample=0.7;, score=0.779 total time=   0.7s
[CV 1/3] END colsample_bytree=0.8, gamma=0.1, learning_rate=0.01, max_depth=7, min_child_weight=3, n_estimators=500, subsample=0.9;, score=0.838 total time=   7.1s
[CV 2/3] END colsample_bytree=0.8, gamma=0.1, learning_rate=0.01, max_depth=7, min_child_weight=3, n_estimators=500, subsample=0.9;, score=0.715 total time=   6.8s
[CV 3/3] END colsample_bytree=0.8, gamma=0.1, learning_rate=0.01, max_depth=7, min_child_weight=3, n_estimators=500, subsample=0.9;, score=0.824 total time=   7.0s
[CV 1/3] END colsample_bytree=0.8, gamma=0.2, learning_rate=0.1, max_depth=3, min_child_weight=5, n_estimators=1000, subsample=1.0;, score=0.824 total time=   3.4s
[CV 2/3] END colsample_bytree=0.8, gamma=0.2, learning_rate=0.1, max_depth=3, min_child_weight=5, n_estimators=1000, subsample=1.0;, score=0.742 total time=   3.4s
[CV 3/3] END colsample_bytree=0.8, gamma=0.2, learning_rate=0.1, max_depth=3, min_child_weight=5, n_estimators=1000, subsample=1.0;, score=0.811 total time=   3.4s
[CV 1/3] END colsample_bytree=0.9, gamma=0.3, learning_rate=0.1, max_depth=9, min_child_weight=1, n_estimators=300, subsample=0.9;, score=0.837 total time=   1.9s
[CV 2/3] END colsample_bytree=0.9, gamma=0.3, learning_rate=0.1, max_depth=9, min_child_weight=1, n_estimators=300, subsample=0.9;, score=0.702 total time=   1.9s
[CV 3/3] END colsample_bytree=0.9, gamma=0.3, learning_rate=0.1, max_depth=9, min_child_weight=1, n_estimators=300, subsample=0.9;, score=0.828 total time=   1.9s
[CV 1/3] END colsample_bytree=0.6, gamma=0.3, learning_rate=0.05, max_depth=5, min_child_weight=3, n_estimators=200, subsample=0.7;, score=0.831 total time=   1.6s
[CV 2/3] END colsample_bytree=0.6, gamma=0.3, learning_rate=0.05, max_depth=5, min_child_weight=3, n_estimators=200, subsample=0.7;, score=0.708 total time=   1.6s
[CV 3/3] END colsample_bytree=0.6, gamma=0.3, learning_rate=0.05, max_depth=5, min_child_weight=3, n_estimators=200, subsample=0.7;, score=0.814 total time=   1.7s
[CV 1/3] END colsample_bytree=0.9, gamma=0.3, learning_rate=0.01, max_depth=5, min_child_weight=1, n_estimators=100, subsample=0.6;, score=0.622 total time=   1.0s
[CV 2/3] END colsample_bytree=0.9, gamma=0.3, learning_rate=0.01, max_depth=5, min_child_weight=1, n_estimators=100, subsample=0.6;, score=0.396 total time=   1.1s
[CV 3/3] END colsample_bytree=0.9, gamma=0.3, learning_rate=0.01, max_depth=5, min_child_weight=1, n_estimators=100, subsample=0.6;, score=0.551 total time=   1.1s
[CV 1/3] END colsample_bytree=0.9, gamma=0.1, learning_rate=0.1, max_depth=5, min_child_weight=7, n_estimators=200, subsample=0.9;, score=0.838 total time=   1.5s
[CV 2/3] END colsample_bytree=0.9, gamma=0.1, learning_rate=0.1, max_depth=5, min_child_weight=7, n_estimators=200, subsample=0.9;, score=0.737 total time=   1.5s
[CV 3/3] END colsample_bytree=0.9, gamma=0.1, learning_rate=0.1, max_depth=5, min_child_weight=7, n_estimators=200, subsample=0.9;, score=0.824 total time=   1.5s
[CV 1/3] END colsample_bytree=0.8, gamma=0.2, learning_rate=0.01, max_depth=5, min_child_weight=7, n_estimators=300, subsample=0.8;, score=0.799 total time=   2.7s
[CV 2/3] END colsample_bytree=0.8, gamma=0.2, learning_rate=0.01, max_depth=5, min_child_weight=7, n_estimators=300, subsample=0.8;, score=0.665 total time=   2.7s
[CV 3/3] END colsample_bytree=0.8, gamma=0.2, learning_rate=0.01, max_depth=5, min_child_weight=7, n_estimators=300, subsample=0.8;, score=0.769 total time=   2.8s
[CV 1/3] END colsample_bytree=0.8, gamma=0.1, learning_rate=0.1, max_depth=5, min_child_weight=5, n_estimators=300, subsample=0.7;, score=0.838 total time=   1.7s
[CV 2/3] END colsample_bytree=0.8, gamma=0.1, learning_rate=0.1, max_depth=5, min_child_weight=5, n_estimators=300, subsample=0.7;, score=0.736 total time=   1.7s
[CV 3/3] END colsample_bytree=0.8, gamma=0.1, learning_rate=0.1, max_depth=5, min_child_weight=5, n_estimators=300, subsample=0.7;, score=0.826 total time=   1.8s
[CV 1/3] END colsample_bytree=0.6, gamma=0.05, learning_rate=0.1, max_depth=7, min_child_weight=7, n_estimators=500, subsample=0.8;, score=0.851 total time=   2.9s
[CV 2/3] END colsample_bytree=0.6, gamma=0.05, learning_rate=0.1, max_depth=7, min_child_weight=7, n_estimators=500, subsample=0.8;, score=0.742 total time=   2.8s
[CV 3/3] END colsample_bytree=0.6, gamma=0.05, learning_rate=0.1, max_depth=7, min_child_weight=7, n_estimators=500, subsample=0.8;, score=0.840 total time=   2.9s
[CV 1/3] END colsample_bytree=0.6, gamma=0.0, learning_rate=0.01, max_depth=5, min_child_weight=5, n_estimators=200, subsample=1.0;, score=0.756 total time=   1.8s
[CV 2/3] END colsample_bytree=0.6, gamma=0.0, learning_rate=0.01, max_depth=5, min_child_weight=5, n_estimators=200, subsample=1.0;, score=0.581 total time=   1.9s
[CV 3/3] END colsample_bytree=0.6, gamma=0.0, learning_rate=0.01, max_depth=5, min_child_weight=5, n_estimators=200, subsample=1.0;, score=0.716 total time=   1.9s
[CV 1/3] END colsample_bytree=0.8, gamma=0.2, learning_rate=0.01, max_depth=9, min_child_weight=3, n_estimators=200, subsample=0.9;, score=0.797 total time=   4.7s
[CV 2/3] END colsample_bytree=0.8, gamma=0.2, learning_rate=0.01, max_depth=9, min_child_weight=3, n_estimators=200, subsample=0.9;, score=0.639 total time=   4.9s
[CV 3/3] END colsample_bytree=0.8, gamma=0.2, learning_rate=0.01, max_depth=9, min_child_weight=3, n_estimators=200, subsample=0.9;, score=0.772 total time=   4.8s
[CV 1/3] END colsample_bytree=1.0, gamma=0.3, learning_rate=0.1, max_depth=7, min_child_weight=1, n_estimators=300, subsample=0.9;, score=0.833 total time=   1.8s
[CV 2/3] END colsample_bytree=1.0, gamma=0.3, learning_rate=0.1, max_depth=7, min_child_weight=1, n_estimators=300, subsample=0.9;, score=0.697 total time=   1.7s
[CV 3/3] END colsample_bytree=1.0, gamma=0.3, learning_rate=0.1, max_depth=7, min_child_weight=1, n_estimators=300, subsample=0.9;, score=0.823 total time=   1.6s
[CV 1/3] END colsample_bytree=0.6, gamma=0.05, learning_rate=0.01, max_depth=9, min_child_weight=7, n_estimators=200, subsample=1.0;, score=0.795 total time=   5.1s
[CV 2/3] END colsample_bytree=0.6, gamma=0.05, learning_rate=0.01, max_depth=9, min_child_weight=7, n_estimators=200, subsample=1.0;, score=0.623 total time=   5.5s
[CV 3/3] END colsample_bytree=0.6, gamma=0.05, learning_rate=0.01, max_depth=9, min_child_weight=7, n_estimators=200, subsample=1.0;, score=0.769 total time=   5.2s
[CV 1/3] END colsample_bytree=0.6, gamma=0.0, learning_rate=0.1, max_depth=7, min_child_weight=5, n_estimators=200, subsample=0.8;, score=0.855 total time=   2.7s
[CV 2/3] END colsample_bytree=0.6, gamma=0.0, learning_rate=0.1, max_depth=7, min_child_weight=5, n_estimators=200, subsample=0.8;, score=0.752 total time=   2.7s
[CV 3/3] END colsample_bytree=0.6, gamma=0.0, learning_rate=0.1, max_depth=7, min_child_weight=5, n_estimators=200, subsample=0.8;, score=0.849 total time=   2.7s
[CV 1/3] END colsample_bytree=1.0, gamma=0.05, learning_rate=0.1, max_depth=7, min_child_weight=7, n_estimators=800, subsample=0.7;, score=0.848 total time=   3.8s
[CV 2/3] END colsample_bytree=1.0, gamma=0.05, learning_rate=0.1, max_depth=7, min_child_weight=7, n_estimators=800, subsample=0.7;, score=0.739 total time=   3.5s
[CV 3/3] END colsample_bytree=1.0, gamma=0.05, learning_rate=0.1, max_depth=7, min_child_weight=7, n_estimators=800, subsample=0.7;, score=0.836 total time=   3.6s
[CV 1/3] END colsample_bytree=0.7, gamma=0.1, learning_rate=0.1, max_depth=7, min_child_weight=7, n_estimators=800, subsample=1.0;, score=0.846 total time=   3.3s
[CV 2/3] END colsample_bytree=0.7, gamma=0.1, learning_rate=0.1, max_depth=7, min_child_weight=7, n_estimators=800, subsample=1.0;, score=0.726 total time=   3.3s
[CV 3/3] END colsample_bytree=0.7, gamma=0.1, learning_rate=0.1, max_depth=7, min_child_weight=7, n_estimators=800, subsample=1.0;, score=0.836 total time=   3.3s
[CV 1/3] END colsample_bytree=0.6, gamma=0.1, learning_rate=0.05, max_depth=5, min_child_weight=5, n_estimators=500, subsample=0.7;, score=0.841 total time=   3.0s
[CV 2/3] END colsample_bytree=0.6, gamma=0.1, learning_rate=0.05, max_depth=5, min_child_weight=5, n_estimators=500, subsample=0.7;, score=0.733 total time=   2.9s
[CV 3/3] END colsample_bytree=0.6, gamma=0.1, learning_rate=0.05, max_depth=5, min_child_weight=5, n_estimators=500, subsample=0.7;, score=0.826 total time=   3.0s
[CV 1/3] END colsample_bytree=0.6, gamma=0.1, learning_rate=0.1, max_depth=3, min_child_weight=3, n_estimators=800, subsample=0.6;, score=0.831 total time=   3.5s
[CV 2/3] END colsample_bytree=0.6, gamma=0.1, learning_rate=0.1, max_depth=3, min_child_weight=3, n_estimators=800, subsample=0.6;, score=0.745 total time=   3.1s
[CV 3/3] END colsample_bytree=0.6, gamma=0.1, learning_rate=0.1, max_depth=3, min_child_weight=3, n_estimators=800, subsample=0.6;, score=0.815 total time=   3.2s
[CV 1/3] END colsample_bytree=1.0, gamma=0.05, learning_rate=0.05, max_depth=3, min_child_weight=1, n_estimators=800, subsample=0.6;, score=0.831 total time=   4.0s
[CV 2/3] END colsample_bytree=1.0, gamma=0.05, learning_rate=0.05, max_depth=3, min_child_weight=1, n_estimators=800, subsample=0.6;, score=0.731 total time=   4.0s
[CV 3/3] END colsample_bytree=1.0, gamma=0.05, learning_rate=0.05, max_depth=3, min_child_weight=1, n_estimators=800, subsample=0.6;, score=0.819 total time=   4.1s
[CV 1/3] END colsample_bytree=0.8, gamma=0.0, learning_rate=0.01, max_depth=3, min_child_weight=7, n_estimators=300, subsample=0.8;, score=0.757 total time=   1.8s
[CV 2/3] END colsample_bytree=0.8, gamma=0.0, learning_rate=0.01, max_depth=3, min_child_weight=7, n_estimators=300, subsample=0.8;, score=0.597 total time=   1.8s
[CV 3/3] END colsample_bytree=0.8, gamma=0.0, learning_rate=0.01, max_depth=3, min_child_weight=7, n_estimators=300, subsample=0.8;, score=0.706 total time=   1.8s
[CV 1/3] END colsample_bytree=0.9, gamma=0.0, learning_rate=0.01, max_depth=5, min_child_weight=3, n_estimators=1000, subsample=0.8;, score=0.836 total time=   8.3s
[CV 2/3] END colsample_bytree=0.9, gamma=0.0, learning_rate=0.01, max_depth=5, min_child_weight=3, n_estimators=1000, subsample=0.8;, score=0.721 total time=   8.0s
[CV 3/3] END colsample_bytree=0.9, gamma=0.0, learning_rate=0.01, max_depth=5, min_child_weight=3, n_estimators=1000, subsample=0.8;, score=0.819 total time=   8.2s
[CV 1/3] END colsample_bytree=0.7, gamma=0.1, learning_rate=0.05, max_depth=3, min_child_weight=5, n_estimators=200, subsample=0.8;, score=0.812 total time=   1.2s
[CV 2/3] END colsample_bytree=0.7, gamma=0.1, learning_rate=0.05, max_depth=3, min_child_weight=5, n_estimators=200, subsample=0.8;, score=0.707 total time=   1.2s
[CV 3/3] END colsample_bytree=0.7, gamma=0.1, learning_rate=0.05, max_depth=3, min_child_weight=5, n_estimators=200, subsample=0.8;, score=0.781 total time=   1.2s
[CV 1/3] END colsample_bytree=0.7, gamma=0.05, learning_rate=0.01, max_depth=5, min_child_weight=3, n_estimators=100, subsample=0.8;, score=0.620 total time=   1.1s
[CV 2/3] END colsample_bytree=0.7, gamma=0.05, learning_rate=0.01, max_depth=5, min_child_weight=3, n_estimators=100, subsample=0.8;, score=0.386 total time=   1.1s
[CV 3/3] END colsample_bytree=0.7, gamma=0.05, learning_rate=0.01, max_depth=5, min_child_weight=3, n_estimators=100, subsample=0.8;, score=0.549 total time=   1.1s
[CV 1/3] END colsample_bytree=0.7, gamma=0.0, learning_rate=0.1, max_depth=7, min_child_weight=3, n_estimators=100, subsample=0.9;, score=0.849 total time=   1.5s
[CV 2/3] END colsample_bytree=0.7, gamma=0.0, learning_rate=0.1, max_depth=7, min_child_weight=3, n_estimators=100, subsample=0.9;, score=0.720 total time=   1.5s
[CV 3/3] END colsample_bytree=0.7, gamma=0.0, learning_rate=0.1, max_depth=7, min_child_weight=3, n_estimators=100, subsample=0.9;, score=0.836 total time=   1.7s
[CV 1/3] END colsample_bytree=0.7, gamma=0.1, learning_rate=0.05, max_depth=9, min_child_weight=7, n_estimators=200, subsample=0.7;, score=0.851 total time=   2.9s
[CV 2/3] END colsample_bytree=0.7, gamma=0.1, learning_rate=0.05, max_depth=9, min_child_weight=7, n_estimators=200, subsample=0.7;, score=0.725 total time=   2.9s
[CV 3/3] END colsample_bytree=0.7, gamma=0.1, learning_rate=0.05, max_depth=9, min_child_weight=7, n_estimators=200, subsample=0.7;, score=0.840 total time=   2.9s
[CV 1/3] END colsample_bytree=0.9, gamma=0.05, learning_rate=0.05, max_depth=9, min_child_weight=1, n_estimators=500, subsample=0.8;, score=0.853 total time=   4.5s
[CV 2/3] END colsample_bytree=0.9, gamma=0.05, learning_rate=0.05, max_depth=9, min_child_weight=1, n_estimators=500, subsample=0.8;, score=0.724 total time=   4.5s
[CV 3/3] END colsample_bytree=0.9, gamma=0.05, learning_rate=0.05, max_depth=9, min_child_weight=1, n_estimators=500, subsample=0.8;, score=0.846 total time=   4.6s
[CV 1/3] END colsample_bytree=0.6, gamma=0.05, learning_rate=0.1, max_depth=5, min_child_weight=7, n_estimators=100, subsample=0.8;, score=0.835 total time=   1.0s
[CV 2/3] END colsample_bytree=0.6, gamma=0.05, learning_rate=0.1, max_depth=5, min_child_weight=7, n_estimators=100, subsample=0.8;, score=0.729 total time=   1.0s
[CV 3/3] END colsample_bytree=0.6, gamma=0.05, learning_rate=0.1, max_depth=5, min_child_weight=7, n_estimators=100, subsample=0.8;, score=0.818 total time=   1.0s
[CV 1/3] END colsample_bytree=0.9, gamma=0.05, learning_rate=0.01, max_depth=9, min_child_weight=5, n_estimators=800, subsample=0.9;, score=0.854 total time=  15.8s
[CV 2/3] END colsample_bytree=0.9, gamma=0.05, learning_rate=0.01, max_depth=9, min_child_weight=5, n_estimators=800, subsample=0.9;, score=0.729 total time=  15.5s
[CV 3/3] END colsample_bytree=0.9, gamma=0.05, learning_rate=0.01, max_depth=9, min_child_weight=5, n_estimators=800, subsample=0.9;, score=0.846 total time=  16.4s
[CV 1/3] END colsample_bytree=0.8, gamma=0.05, learning_rate=0.1, max_depth=7, min_child_weight=7, n_estimators=1000, subsample=1.0;, score=0.849 total time=   4.1s
[CV 2/3] END colsample_bytree=0.8, gamma=0.05, learning_rate=0.1, max_depth=7, min_child_weight=7, n_estimators=1000, subsample=1.0;, score=0.745 total time=   4.1s
[CV 3/3] END colsample_bytree=0.8, gamma=0.05, learning_rate=0.1, max_depth=7, min_child_weight=7, n_estimators=1000, subsample=1.0;, score=0.837 total time=   4.1s
[CV 1/3] END colsample_bytree=0.8, gamma=0.0, learning_rate=0.01, max_depth=5, min_child_weight=1, n_estimators=800, subsample=0.7;, score=0.831 total time=   6.7s
[CV 2/3] END colsample_bytree=0.8, gamma=0.0, learning_rate=0.01, max_depth=5, min_child_weight=1, n_estimators=800, subsample=0.7;, score=0.709 total time=   6.5s
[CV 3/3] END colsample_bytree=0.8, gamma=0.0, learning_rate=0.01, max_depth=5, min_child_weight=1, n_estimators=800, subsample=0.7;, score=0.815 total time=   6.7s
[CV 1/3] END colsample_bytree=1.0, gamma=0.3, learning_rate=0.1, max_depth=9, min_child_weight=3, n_estimators=300, subsample=0.6;, score=0.837 total time=   1.7s
[CV 2/3] END colsample_bytree=1.0, gamma=0.3, learning_rate=0.1, max_depth=9, min_child_weight=3, n_estimators=300, subsample=0.6;, score=0.707 total time=   1.7s
[CV 3/3] END colsample_bytree=1.0, gamma=0.3, learning_rate=0.1, max_depth=9, min_child_weight=3, n_estimators=300, subsample=0.6;, score=0.819 total time=   1.8s
[CV 1/3] END colsample_bytree=0.9, gamma=0.2, learning_rate=0.05, max_depth=5, min_child_weight=1, n_estimators=300, subsample=0.7;, score=0.831 total time=   2.1s
[CV 2/3] END colsample_bytree=0.9, gamma=0.2, learning_rate=0.05, max_depth=5, min_child_weight=1, n_estimators=300, subsample=0.7;, score=0.713 total time=   2.1s
[CV 3/3] END colsample_bytree=0.9, gamma=0.2, learning_rate=0.05, max_depth=5, min_child_weight=1, n_estimators=300, subsample=0.7;, score=0.816 total time=   2.1s
[CV 1/3] END colsample_bytree=0.6, gamma=0.05, learning_rate=0.01, max_depth=5, min_child_weight=1, n_estimators=1000, subsample=0.6;, score=0.835 total time=   8.3s
[CV 2/3] END colsample_bytree=0.6, gamma=0.05, learning_rate=0.01, max_depth=5, min_child_weight=1, n_estimators=1000, subsample=0.6;, score=0.711 total time=   7.9s
[CV 3/3] END colsample_bytree=0.6, gamma=0.05, learning_rate=0.01, max_depth=5, min_child_weight=1, n_estimators=1000, subsample=0.6;, score=0.821 total time=   8.2s
[CV 1/3] END colsample_bytree=0.6, gamma=0.1, learning_rate=0.1, max_depth=3, min_child_weight=7, n_estimators=300, subsample=0.9;, score=0.834 total time=   1.7s
[CV 2/3] END colsample_bytree=0.6, gamma=0.1, learning_rate=0.1, max_depth=3, min_child_weight=7, n_estimators=300, subsample=0.9;, score=0.731 total time=   1.7s
[CV 3/3] END colsample_bytree=0.6, gamma=0.1, learning_rate=0.1, max_depth=3, min_child_weight=7, n_estimators=300, subsample=0.9;, score=0.814 total time=   1.7s
[CV 1/3] END colsample_bytree=0.9, gamma=0.05, learning_rate=0.05, max_depth=9, min_child_weight=3, n_estimators=1000, subsample=1.0;, score=0.853 total time=   5.9s
[CV 2/3] END colsample_bytree=0.9, gamma=0.05, learning_rate=0.05, max_depth=9, min_child_weight=3, n_estimators=1000, subsample=1.0;, score=0.730 total time=   5.9s
[CV 3/3] END colsample_bytree=0.9, gamma=0.05, learning_rate=0.05, max_depth=9, min_child_weight=3, n_estimators=1000, subsample=1.0;, score=0.845 total time=   6.0s
[CV 1/3] END colsample_bytree=0.8, gamma=0.2, learning_rate=0.05, max_depth=7, min_child_weight=1, n_estimators=500, subsample=0.8;, score=0.835 total time=   2.9s
[CV 2/3] END colsample_bytree=0.8, gamma=0.2, learning_rate=0.05, max_depth=7, min_child_weight=1, n_estimators=500, subsample=0.8;, score=0.715 total time=   2.9s
[CV 3/3] END colsample_bytree=0.8, gamma=0.2, learning_rate=0.05, max_depth=7, min_child_weight=1, n_estimators=500, subsample=0.8;, score=0.828 total time=   3.0s
[CV 1/3] END colsample_bytree=0.6, gamma=0.0, learning_rate=0.1, max_depth=3, min_child_weight=5, n_estimators=100, subsample=0.7;, score=0.811 total time=   0.7s
[CV 2/3] END colsample_bytree=0.6, gamma=0.0, learning_rate=0.1, max_depth=3, min_child_weight=5, n_estimators=100, subsample=0.7;, score=0.699 total time=   0.7s
[CV 3/3] END colsample_bytree=0.6, gamma=0.0, learning_rate=0.1, max_depth=3, min_child_weight=5, n_estimators=100, subsample=0.7;, score=0.782 total time=   0.7s
[CV 1/3] END colsample_bytree=0.7, gamma=0.2, learning_rate=0.01, max_depth=5, min_child_weight=1, n_estimators=300, subsample=0.9;, score=0.796 total time=   2.7s
[CV 2/3] END colsample_bytree=0.7, gamma=0.2, learning_rate=0.01, max_depth=5, min_child_weight=1, n_estimators=300, subsample=0.9;, score=0.639 total time=   3.0s
[CV 3/3] END colsample_bytree=0.7, gamma=0.2, learning_rate=0.01, max_depth=5, min_child_weight=1, n_estimators=300, subsample=0.9;, score=0.769 total time=   2.8s
[CV 1/3] END colsample_bytree=0.7, gamma=0.3, learning_rate=0.01, max_depth=9, min_child_weight=7, n_estimators=200, subsample=0.8;, score=0.795 total time=   4.2s
[CV 2/3] END colsample_bytree=0.7, gamma=0.3, learning_rate=0.01, max_depth=9, min_child_weight=7, n_estimators=200, subsample=0.8;, score=0.633 total time=   4.4s
[CV 3/3] END colsample_bytree=0.7, gamma=0.3, learning_rate=0.01, max_depth=9, min_child_weight=7, n_estimators=200, subsample=0.8;, score=0.767 total time=   4.4s
[CV 1/3] END colsample_bytree=0.7, gamma=0.05, learning_rate=0.1, max_depth=3, min_child_weight=7, n_estimators=100, subsample=0.8;, score=0.816 total time=   0.7s
[CV 2/3] END colsample_bytree=0.7, gamma=0.05, learning_rate=0.1, max_depth=3, min_child_weight=7, n_estimators=100, subsample=0.8;, score=0.696 total time=   0.7s
[CV 3/3] END colsample_bytree=0.7, gamma=0.05, learning_rate=0.1, max_depth=3, min_child_weight=7, n_estimators=100, subsample=0.8;, score=0.783 total time=   0.7s
[CV 1/3] END colsample_bytree=0.6, gamma=0.3, learning_rate=0.1, max_depth=5, min_child_weight=3, n_estimators=100, subsample=0.9;, score=0.829 total time=   0.9s
[CV 2/3] END colsample_bytree=0.6, gamma=0.3, learning_rate=0.1, max_depth=5, min_child_weight=3, n_estimators=100, subsample=0.9;, score=0.712 total time=   0.9s
[CV 3/3] END colsample_bytree=0.6, gamma=0.3, learning_rate=0.1, max_depth=5, min_child_weight=3, n_estimators=100, subsample=0.9;, score=0.812 total time=   1.0s
[CV 1/3] END colsample_bytree=0.6, gamma=0.2, learning_rate=0.1, max_depth=9, min_child_weight=3, n_estimators=200, subsample=0.6;, score=0.841 total time=   1.6s
[CV 2/3] END colsample_bytree=0.6, gamma=0.2, learning_rate=0.1, max_depth=9, min_child_weight=3, n_estimators=200, subsample=0.6;, score=0.712 total time=   1.6s
[CV 3/3] END colsample_bytree=0.6, gamma=0.2, learning_rate=0.1, max_depth=9, min_child_weight=3, n_estimators=200, subsample=0.6;, score=0.827 total time=   1.6s
[CV 1/3] END colsample_bytree=0.6, gamma=0.0, learning_rate=0.01, max_depth=5, min_child_weight=3, n_estimators=300, subsample=0.7;, score=0.796 total time=   2.8s
[CV 2/3] END colsample_bytree=0.6, gamma=0.0, learning_rate=0.01, max_depth=5, min_child_weight=3, n_estimators=300, subsample=0.7;, score=0.645 total time=   2.8s
[CV 3/3] END colsample_bytree=0.6, gamma=0.0, learning_rate=0.01, max_depth=5, min_child_weight=3, n_estimators=300, subsample=0.7;, score=0.767 total time=   2.8s
[CV 1/3] END colsample_bytree=0.9, gamma=0.2, learning_rate=0.05, max_depth=5, min_child_weight=3, n_estimators=200, subsample=0.8;, score=0.829 total time=   1.7s
[CV 2/3] END colsample_bytree=0.9, gamma=0.2, learning_rate=0.05, max_depth=5, min_child_weight=3, n_estimators=200, subsample=0.8;, score=0.718 total time=   1.7s
[CV 3/3] END colsample_bytree=0.9, gamma=0.2, learning_rate=0.05, max_depth=5, min_child_weight=3, n_estimators=200, subsample=0.8;, score=0.816 total time=   1.8s
[CV 1/3] END colsample_bytree=1.0, gamma=0.2, learning_rate=0.05, max_depth=5, min_child_weight=3, n_estimators=300, subsample=0.9;, score=0.834 total time=   2.0s
[CV 2/3] END colsample_bytree=1.0, gamma=0.2, learning_rate=0.05, max_depth=5, min_child_weight=3, n_estimators=300, subsample=0.9;, score=0.725 total time=   2.0s
[CV 3/3] END colsample_bytree=1.0, gamma=0.2, learning_rate=0.05, max_depth=5, min_child_weight=3, n_estimators=300, subsample=0.9;, score=0.817 total time=   2.1s
[CV 1/3] END colsample_bytree=1.0, gamma=0.1, learning_rate=0.05, max_depth=9, min_child_weight=5, n_estimators=1000, subsample=0.7;, score=0.847 total time=   5.2s
[CV 2/3] END colsample_bytree=1.0, gamma=0.1, learning_rate=0.05, max_depth=9, min_child_weight=5, n_estimators=1000, subsample=0.7;, score=0.723 total time=   5.1s
[CV 3/3] END colsample_bytree=1.0, gamma=0.1, learning_rate=0.05, max_depth=9, min_child_weight=5, n_estimators=1000, subsample=0.7;, score=0.838 total time=   5.5s
[CV 1/3] END colsample_bytree=0.7, gamma=0.2, learning_rate=0.01, max_depth=3, min_child_weight=1, n_estimators=300, subsample=1.0;, score=0.754 total time=   1.7s
[CV 2/3] END colsample_bytree=0.7, gamma=0.2, learning_rate=0.01, max_depth=3, min_child_weight=1, n_estimators=300, subsample=1.0;, score=0.561 total time=   1.7s
[CV 3/3] END colsample_bytree=0.7, gamma=0.2, learning_rate=0.01, max_depth=3, min_child_weight=1, n_estimators=300, subsample=1.0;, score=0.707 total time=   1.8s
[CV 1/3] END colsample_bytree=1.0, gamma=0.0, learning_rate=0.01, max_depth=7, min_child_weight=5, n_estimators=1000, subsample=0.8;, score=0.848 total time=  13.0s
[CV 2/3] END colsample_bytree=1.0, gamma=0.0, learning_rate=0.01, max_depth=7, min_child_weight=5, n_estimators=1000, subsample=0.8;, score=0.731 total time=  12.7s
[CV 3/3] END colsample_bytree=1.0, gamma=0.0, learning_rate=0.01, max_depth=7, min_child_weight=5, n_estimators=1000, subsample=0.8;, score=0.839 total time=  13.3s
[CV 1/3] END colsample_bytree=0.9, gamma=0.1, learning_rate=0.1, max_depth=9, min_child_weight=3, n_estimators=800, subsample=0.7;, score=0.847 total time=   3.6s
[CV 2/3] END colsample_bytree=0.9, gamma=0.1, learning_rate=0.1, max_depth=9, min_child_weight=3, n_estimators=800, subsample=0.7;, score=0.721 total time=   3.6s
[CV 3/3] END colsample_bytree=0.9, gamma=0.1, learning_rate=0.1, max_depth=9, min_child_weight=3, n_estimators=800, subsample=0.7;, score=0.835 total time=   3.7s
[CV 1/3] END colsample_bytree=0.6, gamma=0.0, learning_rate=0.1, max_depth=3, min_child_weight=3, n_estimators=1000, subsample=0.7;, score=0.847 total time=   5.4s
[CV 2/3] END colsample_bytree=0.6, gamma=0.0, learning_rate=0.1, max_depth=3, min_child_weight=3, n_estimators=1000, subsample=0.7;, score=0.754 total time=   5.0s
[CV 3/3] END colsample_bytree=0.6, gamma=0.0, learning_rate=0.1, max_depth=3, min_child_weight=3, n_estimators=1000, subsample=0.7;, score=0.828 total time=   5.1s
[CV 1/3] END colsample_bytree=0.9, gamma=0.05, learning_rate=0.1, max_depth=7, min_child_weight=1, n_estimators=300, subsample=0.9;, score=0.845 total time=   2.1s
[CV 2/3] END colsample_bytree=0.9, gamma=0.05, learning_rate=0.1, max_depth=7, min_child_weight=1, n_estimators=300, subsample=0.9;, score=0.728 total time=   2.1s
[CV 3/3] END colsample_bytree=0.9, gamma=0.05, learning_rate=0.1, max_depth=7, min_child_weight=1, n_estimators=300, subsample=0.9;, score=0.837 total time=   2.2s
[CV 1/3] END colsample_bytree=0.9, gamma=0.05, learning_rate=0.1, max_depth=7, min_child_weight=3, n_estimators=200, subsample=0.7;, score=0.846 total time=   1.8s
[CV 2/3] END colsample_bytree=0.9, gamma=0.05, learning_rate=0.1, max_depth=7, min_child_weight=3, n_estimators=200, subsample=0.7;, score=0.742 total time=   1.8s
[CV 3/3] END colsample_bytree=0.9, gamma=0.05, learning_rate=0.1, max_depth=7, min_child_weight=3, n_estimators=200, subsample=0.7;, score=0.836 total time=   1.9s
[CV 1/3] END colsample_bytree=0.9, gamma=0.05, learning_rate=0.01, max_depth=5, min_child_weight=5, n_estimators=1000, subsample=0.8;, score=0.836 total time=   8.3s
[CV 2/3] END colsample_bytree=0.9, gamma=0.05, learning_rate=0.01, max_depth=5, min_child_weight=5, n_estimators=1000, subsample=0.8;, score=0.728 total time=   7.8s
[CV 3/3] END colsample_bytree=0.9, gamma=0.05, learning_rate=0.01, max_depth=5, min_child_weight=5, n_estimators=1000, subsample=0.8;, score=0.820 total time=   8.2s
[CV 1/3] END colsample_bytree=0.9, gamma=0.05, learning_rate=0.1, max_depth=7, min_child_weight=5, n_estimators=100, subsample=0.6;, score=0.847 total time=   1.4s
[CV 2/3] END colsample_bytree=0.9, gamma=0.05, learning_rate=0.1, max_depth=7, min_child_weight=5, n_estimators=100, subsample=0.6;, score=0.731 total time=   1.4s
[CV 3/3] END colsample_bytree=0.9, gamma=0.05, learning_rate=0.1, max_depth=7, min_child_weight=5, n_estimators=100, subsample=0.6;, score=0.834 total time=   1.4s
[CV 1/3] END colsample_bytree=0.7, gamma=0.0, learning_rate=0.1, max_depth=9, min_child_weight=1, n_estimators=200, subsample=1.0;, score=0.856 total time=   5.2s
[CV 2/3] END colsample_bytree=0.7, gamma=0.0, learning_rate=0.1, max_depth=9, min_child_weight=1, n_estimators=200, subsample=1.0;, score=0.713 total time=   5.1s
[CV 3/3] END colsample_bytree=0.7, gamma=0.0, learning_rate=0.1, max_depth=9, min_child_weight=1, n_estimators=200, subsample=1.0;, score=0.855 total time=   5.3s
[CV 1/3] END colsample_bytree=0.8, gamma=0.05, learning_rate=0.1, max_depth=9, min_child_weight=7, n_estimators=300, subsample=0.8;, score=0.853 total time=   2.5s
[CV 2/3] END colsample_bytree=0.8, gamma=0.05, learning_rate=0.1, max_depth=9, min_child_weight=7, n_estimators=300, subsample=0.8;, score=0.722 total time=   2.5s
[CV 3/3] END colsample_bytree=0.8, gamma=0.05, learning_rate=0.1, max_depth=9, min_child_weight=7, n_estimators=300, subsample=0.8;, score=0.845 total time=   2.5s
[CV 1/3] END colsample_bytree=0.7, gamma=0.05, learning_rate=0.05, max_depth=5, min_child_weight=1, n_estimators=1000, subsample=0.9;, score=0.839 total time=   5.0s
[CV 2/3] END colsample_bytree=0.7, gamma=0.05, learning_rate=0.05, max_depth=5, min_child_weight=1, n_estimators=1000, subsample=0.9;, score=0.730 total time=   4.9s
[CV 3/3] END colsample_bytree=0.7, gamma=0.05, learning_rate=0.05, max_depth=5, min_child_weight=1, n_estimators=1000, subsample=0.9;, score=0.833 total time=   5.5s
[CV 1/3] END colsample_bytree=0.8, gamma=0.3, learning_rate=0.1, max_depth=5, min_child_weight=3, n_estimators=100, subsample=0.7;, score=0.825 total time=   0.9s
[CV 2/3] END colsample_bytree=0.8, gamma=0.3, learning_rate=0.1, max_depth=5, min_child_weight=3, n_estimators=100, subsample=0.7;, score=0.715 total time=   0.9s
[CV 3/3] END colsample_bytree=0.8, gamma=0.3, learning_rate=0.1, max_depth=5, min_child_weight=3, n_estimators=100, subsample=0.7;, score=0.810 total time=   0.9s
[CV 1/3] END colsample_bytree=0.7, gamma=0.2, learning_rate=0.05, max_depth=5, min_child_weight=5, n_estimators=200, subsample=0.6;, score=0.835 total time=   1.7s
[CV 2/3] END colsample_bytree=0.7, gamma=0.2, learning_rate=0.05, max_depth=5, min_child_weight=5, n_estimators=200, subsample=0.6;, score=0.720 total time=   1.7s
[CV 3/3] END colsample_bytree=0.7, gamma=0.2, learning_rate=0.05, max_depth=5, min_child_weight=5, n_estimators=200, subsample=0.6;, score=0.818 total time=   1.7s
[CV 1/3] END colsample_bytree=0.8, gamma=0.3, learning_rate=0.1, max_depth=5, min_child_weight=1, n_estimators=100, subsample=0.9;, score=0.829 total time=   0.9s
[CV 2/3] END colsample_bytree=0.8, gamma=0.3, learning_rate=0.1, max_depth=5, min_child_weight=1, n_estimators=100, subsample=0.9;, score=0.714 total time=   0.9s
[CV 3/3] END colsample_bytree=0.8, gamma=0.3, learning_rate=0.1, max_depth=5, min_child_weight=1, n_estimators=100, subsample=0.9;, score=0.813 total time=   1.0s
[CV 1/3] END colsample_bytree=0.7, gamma=0.0, learning_rate=0.1, max_depth=9, min_child_weight=3, n_estimators=800, subsample=0.7;, score=0.865 total time=  14.0s
[CV 2/3] END colsample_bytree=0.7, gamma=0.0, learning_rate=0.1, max_depth=9, min_child_weight=3, n_estimators=800, subsample=0.7;, score=0.722 total time=  14.0s
[CV 3/3] END colsample_bytree=0.7, gamma=0.0, learning_rate=0.1, max_depth=9, min_child_weight=3, n_estimators=800, subsample=0.7;, score=0.863 total time=  14.1s
[CV 1/3] END colsample_bytree=0.6, gamma=0.05, learning_rate=0.1, max_depth=5, min_child_weight=3, n_estimators=500, subsample=0.9;, score=0.843 total time=   2.6s
[CV 2/3] END colsample_bytree=0.6, gamma=0.05, learning_rate=0.1, max_depth=5, min_child_weight=3, n_estimators=500, subsample=0.9;, score=0.741 total time=   2.9s
[CV 3/3] END colsample_bytree=0.6, gamma=0.05, learning_rate=0.1, max_depth=5, min_child_weight=3, n_estimators=500, subsample=0.9;, score=0.833 total time=   2.7s
[CV 1/3] END colsample_bytree=0.6, gamma=0.05, learning_rate=0.05, max_depth=3, min_child_weight=7, n_estimators=500, subsample=0.8;, score=0.834 total time=   2.7s
[CV 2/3] END colsample_bytree=0.6, gamma=0.05, learning_rate=0.05, max_depth=3, min_child_weight=7, n_estimators=500, subsample=0.8;, score=0.737 total time=   2.6s
[CV 3/3] END colsample_bytree=0.6, gamma=0.05, learning_rate=0.05, max_depth=3, min_child_weight=7, n_estimators=500, subsample=0.8;, score=0.811 total time=   2.7s
[CV 1/3] END colsample_bytree=0.6, gamma=0.05, learning_rate=0.1, max_depth=7, min_child_weight=3, n_estimators=1000, subsample=0.6;, score=0.850 total time=   4.2s
[CV 2/3] END colsample_bytree=0.6, gamma=0.05, learning_rate=0.1, max_depth=7, min_child_weight=3, n_estimators=1000, subsample=0.6;, score=0.724 total time=   4.1s
[CV 3/3] END colsample_bytree=0.6, gamma=0.05, learning_rate=0.1, max_depth=7, min_child_weight=3, n_estimators=1000, subsample=0.6;, score=0.840 total time=   4.3s
[CV 1/3] END colsample_bytree=0.6, gamma=0.2, learning_rate=0.05, max_depth=9, min_child_weight=7, n_estimators=200, subsample=0.9;, score=0.846 total time=   2.6s
[CV 2/3] END colsample_bytree=0.6, gamma=0.2, learning_rate=0.05, max_depth=9, min_child_weight=7, n_estimators=200, subsample=0.9;, score=0.728 total time=   2.6s
[CV 3/3] END colsample_bytree=0.6, gamma=0.2, learning_rate=0.05, max_depth=9, min_child_weight=7, n_estimators=200, subsample=0.9;, score=0.834 total time=   2.7s
[CV 1/3] END colsample_bytree=0.9, gamma=0.0, learning_rate=0.01, max_depth=9, min_child_weight=3, n_estimators=300, subsample=0.8;, score=0.831 total time=   8.1s
[CV 2/3] END colsample_bytree=0.9, gamma=0.0, learning_rate=0.01, max_depth=9, min_child_weight=3, n_estimators=300, subsample=0.8;, score=0.696 total time=   8.6s
[CV 3/3] END colsample_bytree=0.9, gamma=0.0, learning_rate=0.01, max_depth=9, min_child_weight=3, n_estimators=300, subsample=0.8;, score=0.815 total time=   8.3s
[CV 1/3] END colsample_bytree=1.0, gamma=0.2, learning_rate=0.01, max_depth=3, min_child_weight=3, n_estimators=200, subsample=1.0;, score=0.698 total time=   1.2s
[CV 2/3] END colsample_bytree=1.0, gamma=0.2, learning_rate=0.01, max_depth=3, min_child_weight=3, n_estimators=200, subsample=1.0;, score=0.490 total time=   1.3s
[CV 3/3] END colsample_bytree=1.0, gamma=0.2, learning_rate=0.01, max_depth=3, min_child_weight=3, n_estimators=200, subsample=1.0;, score=0.638 total time=   1.4s
[CV 1/3] END colsample_bytree=0.7, gamma=0.3, learning_rate=0.1, max_depth=3, min_child_weight=5, n_estimators=200, subsample=0.7;, score=0.825 total time=   1.1s
[CV 2/3] END colsample_bytree=0.7, gamma=0.3, learning_rate=0.1, max_depth=3, min_child_weight=5, n_estimators=200, subsample=0.7;, score=0.724 total time=   1.2s
[CV 3/3] END colsample_bytree=0.7, gamma=0.3, learning_rate=0.1, max_depth=3, min_child_weight=5, n_estimators=200, subsample=0.7;, score=0.803 total time=   1.2s
[CV 1/3] END colsample_bytree=0.7, gamma=0.2, learning_rate=0.1, max_depth=5, min_child_weight=5, n_estimators=200, subsample=0.7;, score=0.833 total time=   1.3s
[CV 2/3] END colsample_bytree=0.7, gamma=0.2, learning_rate=0.1, max_depth=5, min_child_weight=5, n_estimators=200, subsample=0.7;, score=0.720 total time=   1.3s
[CV 3/3] END colsample_bytree=0.7, gamma=0.2, learning_rate=0.1, max_depth=5, min_child_weight=5, n_estimators=200, subsample=0.7;, score=0.817 total time=   1.3s
[CV 1/3] END colsample_bytree=0.6, gamma=0.1, learning_rate=0.05, max_depth=5, min_child_weight=5, n_estimators=800, subsample=0.7;, score=0.841 total time=   3.9s
[CV 2/3] END colsample_bytree=0.6, gamma=0.1, learning_rate=0.05, max_depth=5, min_child_weight=5, n_estimators=800, subsample=0.7;, score=0.733 total time=   3.9s
[CV 3/3] END colsample_bytree=0.6, gamma=0.1, learning_rate=0.05, max_depth=5, min_child_weight=5, n_estimators=800, subsample=0.7;, score=0.827 total time=   3.9s
[CV 1/3] END colsample_bytree=0.9, gamma=0.2, learning_rate=0.05, max_depth=9, min_child_weight=7, n_estimators=100, subsample=1.0;, score=0.842 total time=   2.0s
[CV 2/3] END colsample_bytree=0.9, gamma=0.2, learning_rate=0.05, max_depth=9, min_child_weight=7, n_estimators=100, subsample=1.0;, score=0.726 total time=   2.0s
[CV 3/3] END colsample_bytree=0.9, gamma=0.2, learning_rate=0.05, max_depth=9, min_child_weight=7, n_estimators=100, subsample=1.0;, score=0.830 total time=   2.1s
[CV 1/3] END colsample_bytree=0.9, gamma=0.0, learning_rate=0.1, max_depth=3, min_child_weight=7, n_estimators=300, subsample=0.8;, score=0.830 total time=   1.7s
[CV 2/3] END colsample_bytree=0.9, gamma=0.0, learning_rate=0.1, max_depth=3, min_child_weight=7, n_estimators=300, subsample=0.8;, score=0.757 total time=   1.9s
[CV 3/3] END colsample_bytree=0.9, gamma=0.0, learning_rate=0.1, max_depth=3, min_child_weight=7, n_estimators=300, subsample=0.8;, score=0.812 total time=   1.8s
[CV 1/3] END colsample_bytree=0.7, gamma=0.0, learning_rate=0.1, max_depth=5, min_child_weight=7, n_estimators=800, subsample=0.8;, score=0.857 total time=   6.1s
[CV 2/3] END colsample_bytree=0.7, gamma=0.0, learning_rate=0.1, max_depth=5, min_child_weight=7, n_estimators=800, subsample=0.8;, score=0.748 total time=   6.0s
[CV 3/3] END colsample_bytree=0.7, gamma=0.0, learning_rate=0.1, max_depth=5, min_child_weight=7, n_estimators=800, subsample=0.8;, score=0.848 total time=   6.2s
[CV 1/3] END colsample_bytree=1.0, gamma=0.05, learning_rate=0.01, max_depth=7, min_child_weight=3, n_estimators=1000, subsample=0.6;, score=0.848 total time=  12.3s
[CV 2/3] END colsample_bytree=1.0, gamma=0.05, learning_rate=0.01, max_depth=7, min_child_weight=3, n_estimators=1000, subsample=0.6;, score=0.725 total time=  11.9s
[CV 3/3] END colsample_bytree=1.0, gamma=0.05, learning_rate=0.01, max_depth=7, min_child_weight=3, n_estimators=1000, subsample=0.6;, score=0.837 total time=  12.3s
[CV 1/3] END colsample_bytree=0.7, gamma=0.3, learning_rate=0.01, max_depth=3, min_child_weight=7, n_estimators=500, subsample=0.8;, score=0.792 total time=   2.9s
[CV 2/3] END colsample_bytree=0.7, gamma=0.3, learning_rate=0.01, max_depth=3, min_child_weight=7, n_estimators=500, subsample=0.8;, score=0.660 total time=   2.9s
[CV 3/3] END colsample_bytree=0.7, gamma=0.3, learning_rate=0.01, max_depth=3, min_child_weight=7, n_estimators=500, subsample=0.8;, score=0.751 total time=   2.8s
[CV 1/3] END colsample_bytree=0.9, gamma=0.05, learning_rate=0.05, max_depth=3, min_child_weight=5, n_estimators=500, subsample=1.0;, score=0.830 total time=   2.7s
[CV 2/3] END colsample_bytree=0.9, gamma=0.05, learning_rate=0.05, max_depth=3, min_child_weight=5, n_estimators=500, subsample=1.0;, score=0.727 total time=   2.6s
[CV 3/3] END colsample_bytree=0.9, gamma=0.05, learning_rate=0.05, max_depth=3, min_child_weight=5, n_estimators=500, subsample=1.0;, score=0.810 total time=   2.7s
[CV 1/3] END colsample_bytree=1.0, gamma=0.3, learning_rate=0.05, max_depth=5, min_child_weight=5, n_estimators=100, subsample=0.8;, score=0.821 total time=   1.0s
[CV 2/3] END colsample_bytree=1.0, gamma=0.3, learning_rate=0.05, max_depth=5, min_child_weight=5, n_estimators=100, subsample=0.8;, score=0.693 total time=   1.0s
[CV 3/3] END colsample_bytree=1.0, gamma=0.3, learning_rate=0.05, max_depth=5, min_child_weight=5, n_estimators=100, subsample=0.8;, score=0.793 total time=   1.0s
[CV 1/3] END colsample_bytree=0.7, gamma=0.2, learning_rate=0.01, max_depth=7, min_child_weight=5, n_estimators=500, subsample=0.8;, score=0.838 total time=   6.5s
[CV 2/3] END colsample_bytree=0.7, gamma=0.2, learning_rate=0.01, max_depth=7, min_child_weight=5, n_estimators=500, subsample=0.8;, score=0.710 total time=   6.5s
[CV 3/3] END colsample_bytree=0.7, gamma=0.2, learning_rate=0.01, max_depth=7, min_child_weight=5, n_estimators=500, subsample=0.8;, score=0.822 total time=   6.8s
[CV 1/3] END colsample_bytree=0.7, gamma=0.3, learning_rate=0.1, max_depth=3, min_child_weight=7, n_estimators=1000, subsample=1.0;, score=0.829 total time=   3.3s
[CV 2/3] END colsample_bytree=0.7, gamma=0.3, learning_rate=0.1, max_depth=3, min_child_weight=7, n_estimators=1000, subsample=1.0;, score=0.730 total time=   3.3s
[CV 3/3] END colsample_bytree=0.7, gamma=0.3, learning_rate=0.1, max_depth=3, min_child_weight=7, n_estimators=1000, subsample=1.0;, score=0.803 total time=   3.4s
[CV 1/3] END colsample_bytree=1.0, gamma=0.05, learning_rate=0.05, max_depth=3, min_child_weight=7, n_estimators=200, subsample=0.9;, score=0.815 total time=   1.2s
[CV 2/3] END colsample_bytree=1.0, gamma=0.05, learning_rate=0.05, max_depth=3, min_child_weight=7, n_estimators=200, subsample=0.9;, score=0.706 total time=   1.2s
[CV 3/3] END colsample_bytree=1.0, gamma=0.05, learning_rate=0.05, max_depth=3, min_child_weight=7, n_estimators=200, subsample=0.9;, score=0.783 total time=   1.2s
[CV 1/3] END colsample_bytree=0.8, gamma=0.2, learning_rate=0.01, max_depth=9, min_child_weight=3, n_estimators=200, subsample=0.6;, score=0.795 total time=   4.5s
[CV 2/3] END colsample_bytree=0.8, gamma=0.2, learning_rate=0.01, max_depth=9, min_child_weight=3, n_estimators=200, subsample=0.6;, score=0.629 total time=   4.5s
[CV 3/3] END colsample_bytree=0.8, gamma=0.2, learning_rate=0.01, max_depth=9, min_child_weight=3, n_estimators=200, subsample=0.6;, score=0.769 total time=   4.5s
[CV 1/3] END colsample_bytree=0.7, gamma=0.1, learning_rate=0.05, max_depth=9, min_child_weight=3, n_estimators=500, subsample=0.6;, score=0.847 total time=   3.7s
[CV 2/3] END colsample_bytree=0.7, gamma=0.1, learning_rate=0.05, max_depth=9, min_child_weight=3, n_estimators=500, subsample=0.6;, score=0.727 total time=   3.7s
[CV 3/3] END colsample_bytree=0.7, gamma=0.1, learning_rate=0.05, max_depth=9, min_child_weight=3, n_estimators=500, subsample=0.6;, score=0.837 total time=   3.8s
[CV 1/3] END colsample_bytree=0.9, gamma=0.1, learning_rate=0.01, max_depth=3, min_child_weight=3, n_estimators=1000, subsample=0.9;, score=0.813 total time=   5.1s
[CV 2/3] END colsample_bytree=0.9, gamma=0.1, learning_rate=0.01, max_depth=3, min_child_weight=3, n_estimators=1000, subsample=0.9;, score=0.689 total time=   5.2s
[CV 3/3] END colsample_bytree=0.9, gamma=0.1, learning_rate=0.01, max_depth=3, min_child_weight=3, n_estimators=1000, subsample=0.9;, score=0.783 total time=   5.4s
[CV 1/3] END colsample_bytree=0.6, gamma=0.2, learning_rate=0.05, max_depth=7, min_child_weight=1, n_estimators=500, subsample=0.7;, score=0.838 total time=   3.0s
[CV 2/3] END colsample_bytree=0.6, gamma=0.2, learning_rate=0.05, max_depth=7, min_child_weight=1, n_estimators=500, subsample=0.7;, score=0.703 total time=   2.9s
[CV 3/3] END colsample_bytree=0.6, gamma=0.2, learning_rate=0.05, max_depth=7, min_child_weight=1, n_estimators=500, subsample=0.7;, score=0.827 total time=   2.9s
[CV 1/3] END colsample_bytree=1.0, gamma=0.1, learning_rate=0.05, max_depth=7, min_child_weight=5, n_estimators=800, subsample=0.8;, score=0.846 total time=   4.0s
[CV 2/3] END colsample_bytree=1.0, gamma=0.1, learning_rate=0.05, max_depth=7, min_child_weight=5, n_estimators=800, subsample=0.8;, score=0.727 total time=   4.0s
[CV 3/3] END colsample_bytree=1.0, gamma=0.1, learning_rate=0.05, max_depth=7, min_child_weight=5, n_estimators=800, subsample=0.8;, score=0.832 total time=   4.1s
[CV 1/3] END colsample_bytree=0.7, gamma=0.0, learning_rate=0.05, max_depth=9, min_child_weight=5, n_estimators=300, subsample=0.6;, score=0.862 total time=   5.9s
[CV 2/3] END colsample_bytree=0.7, gamma=0.0, learning_rate=0.05, max_depth=9, min_child_weight=5, n_estimators=300, subsample=0.6;, score=0.728 total time=   6.0s
[CV 3/3] END colsample_bytree=0.7, gamma=0.0, learning_rate=0.05, max_depth=9, min_child_weight=5, n_estimators=300, subsample=0.6;, score=0.856 total time=   6.2s
[CV 1/3] END colsample_bytree=0.7, gamma=0.3, learning_rate=0.05, max_depth=7, min_child_weight=7, n_estimators=100, subsample=0.9;, score=0.836 total time=   1.5s
[CV 2/3] END colsample_bytree=0.7, gamma=0.3, learning_rate=0.05, max_depth=7, min_child_weight=7, n_estimators=100, subsample=0.9;, score=0.713 total time=   1.4s
[CV 3/3] END colsample_bytree=0.7, gamma=0.3, learning_rate=0.05, max_depth=7, min_child_weight=7, n_estimators=100, subsample=0.9;, score=0.820 total time=   1.5s
[CV 1/3] END colsample_bytree=0.9, gamma=0.2, learning_rate=0.1, max_depth=9, min_child_weight=1, n_estimators=1000, subsample=0.7;, score=0.841 total time=   4.0s
[CV 2/3] END colsample_bytree=0.9, gamma=0.2, learning_rate=0.1, max_depth=9, min_child_weight=1, n_estimators=1000, subsample=0.7;, score=0.711 total time=   3.9s
[CV 3/3] END colsample_bytree=0.9, gamma=0.2, learning_rate=0.1, max_depth=9, min_child_weight=1, n_estimators=1000, subsample=0.7;, score=0.830 total time=   4.0s
[CV 1/3] END colsample_bytree=0.8, gamma=0.1, learning_rate=0.01, max_depth=5, min_child_weight=1, n_estimators=300, subsample=0.8;, score=0.795 total time=   2.7s
[CV 2/3] END colsample_bytree=0.8, gamma=0.1, learning_rate=0.01, max_depth=5, min_child_weight=1, n_estimators=300, subsample=0.8;, score=0.642 total time=   3.0s
[CV 3/3] END colsample_bytree=0.8, gamma=0.1, learning_rate=0.01, max_depth=5, min_child_weight=1, n_estimators=300, subsample=0.8;, score=0.769 total time=   2.8s
xgb 90.0% stations have KGE > 0
xgb 77.0% stations have KGE > 0.3
xgb 81.0% stations have R2 >= 0.3
xgb Median KGE   is 0.55   Ave KGE   is -0.03
xgb Median r     is 0.78   Ave r     is 0.7
xgb Median nRMSE is 13.77   Ave nRMSE is 31724.03

real	26m6.090s
user	21m11.098s
sys	7m44.504s
