
CommandNotFoundError: Your shell has not been properly configured to use 'conda deactivate'.
To initialize your shell, run

    $ conda init <SHELL_NAME>

Currently supported shells are:
  - bash
  - fish
  - tcsh
  - xonsh
  - zsh
  - powershell

See 'conda init --help' for more information and options.

IMPORTANT: You may need to close and restart your shell after running 'conda init'.



CommandNotFoundError: Your shell has not been properly configured to use 'conda deactivate'.
To initialize your shell, run

    $ conda init <SHELL_NAME>

Currently supported shells are:
  - bash
  - fish
  - tcsh
  - xonsh
  - zsh
  - powershell

See 'conda init --help' for more information and options.

IMPORTANT: You may need to close and restart your shell after running 'conda init'.


['xgb_flood.py', '../data/Qmin7_final_dataset_seasonal4_multi_MSWX_meteo_MSWEP_GLEAM.csv', 'cv']
(8679,)
(1180813, 175) 8451
 BDTICM elevation slope aridity sedimentary plutonic
 volcanic metamorphic clay sand silt Porosity_x
 logK_Ice_x ohdb_latitude ohdb_longitude year climate season_id
 basin_id p_30 tmax_30 tmin_30 swd_30 snowmelt_30
 snowfall_30 evap_30 smrz_30 ImperviousSurface forest crop
 grass water wetland res_darea_normalize Year_ave Main_Purpose_id
 form_factor LAI FAPAR
Fitting 3 folds for each of 100 candidates, totalling 300 fits
[CV 2/3] END colsample_bytree=0.8, learning_rate=0.1, max_depth=5, n_estimators=800, subsample=0.7;, score=0.462 total time=  59.9s
[CV 1/3] END colsample_bytree=1.0, learning_rate=0.05, max_depth=5, n_estimators=300, subsample=0.9;, score=0.653 total time=  26.9s
[CV 3/3] END colsample_bytree=1.0, learning_rate=0.05, max_depth=5, n_estimators=300, subsample=0.9;, score=0.566 total time=  20.1s
[CV 3/3] END colsample_bytree=0.7, learning_rate=0.01, max_depth=9, n_estimators=1000, subsample=0.8;, score=0.663 total time= 2.6min
[CV 1/3] END colsample_bytree=0.6, learning_rate=0.01, max_depth=5, n_estimators=1200, subsample=0.8;, score=0.662 total time= 1.6min
[CV 2/3] END colsample_bytree=0.8, learning_rate=0.05, max_depth=3, n_estimators=200, subsample=0.7;, score=0.418 total time=  12.4s
[CV 2/3] END colsample_bytree=0.9, learning_rate=0.05, max_depth=3, n_estimators=1000, subsample=0.8;, score=0.459 total time=  44.8s
[CV 3/3] END colsample_bytree=0.9, learning_rate=0.1, max_depth=9, n_estimators=800, subsample=0.9;, score=0.595 total time= 2.3min
[CV 1/3] END colsample_bytree=0.8, learning_rate=0.1, max_depth=5, n_estimators=800, subsample=0.7;, score=0.672 total time= 1.0min
[CV 2/3] END colsample_bytree=1.0, learning_rate=0.05, max_depth=5, n_estimators=300, subsample=0.9;, score=0.433 total time=  27.8s
[CV 1/3] END colsample_bytree=0.8, learning_rate=0.05, max_depth=3, n_estimators=200, subsample=0.7;, score=0.633 total time=  11.9s
[CV 1/3] END colsample_bytree=0.7, learning_rate=0.01, max_depth=9, n_estimators=1000, subsample=0.8;, score=0.676 total time= 3.6min
[CV 3/3] END colsample_bytree=0.8, learning_rate=0.05, max_depth=5, n_estimators=500, subsample=1.0;, score=0.561 total time=  29.7s
[CV 3/3] END colsample_bytree=0.6, learning_rate=0.01, max_depth=5, n_estimators=1200, subsample=0.8;, score=0.608 total time= 1.2min
[CV 2/3] END colsample_bytree=0.7, learning_rate=0.01, max_depth=9, n_estimators=1000, subsample=0.8;, score=0.456 total time= 3.6min
[CV 2/3] END colsample_bytree=0.8, learning_rate=0.05, max_depth=5, n_estimators=500, subsample=1.0;, score=0.462 total time=  38.0s
[CV 2/3] END colsample_bytree=0.9, learning_rate=0.01, max_depth=7, n_estimators=100, subsample=0.6;, score=0.024 total time=  15.3s
[CV 1/3] END colsample_bytree=0.7, learning_rate=0.05, max_depth=7, n_estimators=800, subsample=0.6;, score=0.679 total time= 1.7min
[CV 2/3] END colsample_bytree=0.9, learning_rate=0.1, max_depth=9, n_estimators=800, subsample=0.9;, score=0.452 total time= 2.9min
[CV 1/3] END colsample_bytree=0.8, learning_rate=0.05, max_depth=5, n_estimators=500, subsample=1.0;, score=0.666 total time=  38.0s
[CV 1/3] END colsample_bytree=0.9, learning_rate=0.01, max_depth=7, n_estimators=100, subsample=0.6;, score=0.492 total time=  16.2s
[CV 2/3] END colsample_bytree=0.7, learning_rate=0.05, max_depth=7, n_estimators=800, subsample=0.6;, score=0.446 total time= 1.6min
[CV 1/3] END colsample_bytree=0.9, learning_rate=0.1, max_depth=9, n_estimators=800, subsample=0.9;, score=0.663 total time= 3.0min
[CV 2/3] END colsample_bytree=0.6, learning_rate=0.01, max_depth=5, n_estimators=1200, subsample=0.8;, score=0.471 total time= 1.6min
[CV 3/3] END colsample_bytree=0.8, learning_rate=0.05, max_depth=3, n_estimators=200, subsample=0.7;, score=0.590 total time=   9.6s
[CV 1/3] END colsample_bytree=0.9, learning_rate=0.05, max_depth=3, n_estimators=1000, subsample=0.8;, score=0.661 total time=  46.7s
[CV 1/3] END colsample_bytree=0.9, learning_rate=0.1, max_depth=3, n_estimators=1200, subsample=1.0;, score=0.659 total time=  49.2s
[CV 3/3] END colsample_bytree=0.9, learning_rate=0.1, max_depth=3, n_estimators=1200, subsample=1.0;, score=0.314 total time=  39.9s
[CV 2/3] END colsample_bytree=0.9, learning_rate=0.01, max_depth=5, n_estimators=800, subsample=0.8;, score=0.432 total time= 1.3min
[CV 2/3] END colsample_bytree=1.0, learning_rate=0.01, max_depth=7, n_estimators=300, subsample=0.6;, score=0.352 total time=  46.7s
[CV 3/3] END colsample_bytree=0.9, learning_rate=0.05, max_depth=7, n_estimators=1200, subsample=0.7;, score=0.576 total time= 1.9min
[CV 2/3] END colsample_bytree=1.0, learning_rate=0.1, max_depth=3, n_estimators=500, subsample=0.9;, score=0.469 total time=  23.1s
[CV 2/3] END colsample_bytree=0.7, learning_rate=0.01, max_depth=9, n_estimators=100, subsample=1.0;, score=0.071 total time=  21.1s
[CV 2/3] END colsample_bytree=0.9, learning_rate=0.05, max_depth=7, n_estimators=1200, subsample=0.7;, score=0.463 total time= 2.5min
[CV 1/3] END colsample_bytree=0.7, learning_rate=0.01, max_depth=7, n_estimators=100, subsample=1.0;, score=0.486 total time=  14.8s
[CV 3/3] END colsample_bytree=0.7, learning_rate=0.01, max_depth=7, n_estimators=100, subsample=1.0;, score=0.460 total time=  11.0s
[CV 3/3] END colsample_bytree=1.0, learning_rate=0.1, max_depth=3, n_estimators=500, subsample=0.9;, score=0.467 total time=  18.6s
[CV 1/3] END colsample_bytree=0.7, learning_rate=0.01, max_depth=9, n_estimators=100, subsample=1.0;, score=0.505 total time=  22.0s
[CV 1/3] END colsample_bytree=0.9, learning_rate=0.05, max_depth=7, n_estimators=1200, subsample=0.7;, score=0.680 total time= 2.6min
[CV 3/3] END colsample_bytree=0.7, learning_rate=0.05, max_depth=3, n_estimators=800, subsample=0.9;, score=0.534 total time=  28.9s
[CV 2/3] END colsample_bytree=0.9, learning_rate=0.05, max_depth=5, n_estimators=200, subsample=1.0;, score=0.456 total time=  19.9s
[CV 2/3] END colsample_bytree=0.8, learning_rate=0.1, max_depth=3, n_estimators=100, subsample=1.0;, score=0.420 total time=   7.6s
[CV 2/3] END colsample_bytree=0.6, learning_rate=0.01, max_depth=3, n_estimators=1000, subsample=1.0;, score=0.444 total time=  54.8s
[CV 2/3] END colsample_bytree=0.9, learning_rate=0.01, max_depth=9, n_estimators=200, subsample=1.0;, score=0.327 total time=  50.4s
[CV 1/3] END colsample_bytree=0.8, learning_rate=0.01, max_depth=3, n_estimators=1000, subsample=0.6;, score=0.633 total time=  51.6s
[CV 1/3] END colsample_bytree=1.0, learning_rate=0.05, max_depth=3, n_estimators=1000, subsample=0.9;, score=0.660 total time=  45.6s
[CV 3/3] END colsample_bytree=0.7, learning_rate=0.05, max_depth=3, n_estimators=300, subsample=0.7;, score=0.585 total time=  13.7s
[CV 2/3] END colsample_bytree=0.9, learning_rate=0.05, max_depth=3, n_estimators=800, subsample=0.6;, score=0.457 total time=  35.8s
[CV 3/3] END colsample_bytree=1.0, learning_rate=0.1, max_depth=5, n_estimators=300, subsample=0.8;, score=0.554 total time=  20.6s
[CV 3/3] END colsample_bytree=0.8, learning_rate=0.1, max_depth=7, n_estimators=100, subsample=0.8;, score=0.607 total time=  12.2s
[CV 1/3] END colsample_bytree=0.7, learning_rate=0.05, max_depth=3, n_estimators=800, subsample=0.9;, score=0.660 total time=  45.4s
[CV 2/3] END colsample_bytree=0.9, learning_rate=0.01, max_depth=3, n_estimators=1000, subsample=0.8;, score=0.400 total time=  59.2s
[CV 3/3] END colsample_bytree=0.7, learning_rate=0.01, max_depth=5, n_estimators=800, subsample=1.0;, score=0.592 total time=  58.6s
[CV 3/3] END colsample_bytree=0.9, learning_rate=0.01, max_depth=9, n_estimators=200, subsample=1.0;, score=0.602 total time=  41.5s
[CV 3/3] END colsample_bytree=0.8, learning_rate=0.1, max_depth=5, n_estimators=800, subsample=0.7;, score=0.477 total time=  46.8s
[CV 3/3] END colsample_bytree=0.9, learning_rate=0.01, max_depth=7, n_estimators=100, subsample=0.6;, score=0.466 total time=  11.9s
[CV 3/3] END colsample_bytree=0.7, learning_rate=0.05, max_depth=7, n_estimators=800, subsample=0.6;, score=0.594 total time= 1.2min
[CV 3/3] END colsample_bytree=0.9, learning_rate=0.05, max_depth=3, n_estimators=1000, subsample=0.8;, score=0.485 total time=  36.4s
[CV 2/3] END colsample_bytree=0.9, learning_rate=0.1, max_depth=3, n_estimators=1200, subsample=1.0;, score=0.482 total time=  49.4s
[CV 1/3] END colsample_bytree=0.9, learning_rate=0.01, max_depth=5, n_estimators=800, subsample=0.8;, score=0.644 total time= 1.2min
[CV 2/3] END colsample_bytree=0.7, learning_rate=0.01, max_depth=7, n_estimators=100, subsample=1.0;, score=0.028 total time=  14.4s
[CV 1/3] END colsample_bytree=1.0, learning_rate=0.1, max_depth=3, n_estimators=500, subsample=0.9;, score=0.656 total time=  22.8s
[CV 3/3] END colsample_bytree=0.8, learning_rate=0.01, max_depth=3, n_estimators=1000, subsample=0.6;, score=0.589 total time=  42.7s
[CV 2/3] END colsample_bytree=0.6, learning_rate=0.01, max_depth=7, n_estimators=100, subsample=0.6;, score=0.052 total time=  14.3s
[CV 2/3] END colsample_bytree=0.9, learning_rate=0.05, max_depth=5, n_estimators=300, subsample=0.9;, score=0.458 total time=  26.9s
[CV 1/3] END colsample_bytree=0.7, learning_rate=0.05, max_depth=3, n_estimators=300, subsample=0.7;, score=0.644 total time=  15.7s
[CV 2/3] END colsample_bytree=0.7, learning_rate=0.01, max_depth=3, n_estimators=100, subsample=0.6;, score=0.002 total time=   7.1s
[CV 3/3] END colsample_bytree=0.8, learning_rate=0.01, max_depth=9, n_estimators=100, subsample=0.9;, score=0.490 total time=  16.4s
[CV 3/3] END colsample_bytree=0.9, learning_rate=0.05, max_depth=3, n_estimators=800, subsample=0.6;, score=0.504 total time=  29.4s
[CV 2/3] END colsample_bytree=0.9, learning_rate=0.1, max_depth=3, n_estimators=1200, subsample=0.7;, score=0.474 total time=  51.2s
[CV 1/3] END colsample_bytree=0.9, learning_rate=0.05, max_depth=5, n_estimators=200, subsample=1.0;, score=0.649 total time=  18.8s
[CV 3/3] END colsample_bytree=0.9, learning_rate=0.01, max_depth=3, n_estimators=1000, subsample=0.8;, score=0.588 total time=  45.5s
[CV 3/3] END colsample_bytree=0.8, learning_rate=0.1, max_depth=7, n_estimators=1200, subsample=0.6;, score=0.537 total time= 2.3min
[CV 2/3] END colsample_bytree=0.6, learning_rate=0.01, max_depth=5, n_estimators=500, subsample=0.7;, score=0.421 total time=  48.2s
[CV 3/3] END colsample_bytree=0.8, learning_rate=0.1, max_depth=3, n_estimators=100, subsample=1.0;, score=0.575 total time=   5.9s
[CV 1/3] END colsample_bytree=0.8, learning_rate=0.1, max_depth=7, n_estimators=1200, subsample=0.6;, score=0.676 total time= 3.2min
[CV 2/3] END colsample_bytree=0.8, learning_rate=0.01, max_depth=3, n_estimators=1000, subsample=0.6;, score=0.422 total time=  54.1s
[CV 1/3] END colsample_bytree=0.9, learning_rate=0.05, max_depth=5, n_estimators=300, subsample=0.9;, score=0.659 total time=  26.7s
[CV 3/3] END colsample_bytree=0.9, learning_rate=0.05, max_depth=5, n_estimators=300, subsample=0.9;, score=0.577 total time=  18.7s
[CV 3/3] END colsample_bytree=0.7, learning_rate=0.01, max_depth=3, n_estimators=100, subsample=0.6;, score=0.399 total time=   5.5s
[CV 2/3] END colsample_bytree=0.8, learning_rate=0.01, max_depth=9, n_estimators=100, subsample=0.9;, score=0.049 total time=  20.2s
[CV 2/3] END colsample_bytree=1.0, learning_rate=0.1, max_depth=5, n_estimators=300, subsample=0.8;, score=0.466 total time=  22.8s
[CV 3/3] END colsample_bytree=0.8, learning_rate=0.1, max_depth=7, n_estimators=100, subsample=0.9;, score=0.613 total time=  13.5s
[CV 2/3] END colsample_bytree=0.8, learning_rate=0.1, max_depth=7, n_estimators=100, subsample=0.8;, score=0.407 total time=  21.9s
[CV 1/3] END colsample_bytree=0.6, learning_rate=0.01, max_depth=5, n_estimators=500, subsample=0.7;, score=0.642 total time= 1.1min
[CV 2/3] END colsample_bytree=0.8, learning_rate=0.1, max_depth=7, n_estimators=1200, subsample=0.6;, score=0.508 total time= 3.1min
[CV 1/3] END colsample_bytree=0.9, learning_rate=0.1, max_depth=3, n_estimators=1200, subsample=0.7;, score=0.652 total time=  51.4s
[CV 3/3] END colsample_bytree=0.6, learning_rate=0.01, max_depth=5, n_estimators=500, subsample=0.7;, score=0.594 total time=  35.9s
[CV 3/3] END colsample_bytree=0.6, learning_rate=0.01, max_depth=3, n_estimators=1000, subsample=1.0;, score=0.594 total time=  42.2s
[CV 2/3] END colsample_bytree=0.7, learning_rate=0.01, max_depth=5, n_estimators=800, subsample=1.0;, score=0.445 total time= 1.4min
[CV 1/3] END colsample_bytree=0.6, learning_rate=0.05, max_depth=7, n_estimators=800, subsample=0.7;, score=0.679 total time= 1.9min
[CV 3/3] END colsample_bytree=0.9, learning_rate=0.01, max_depth=5, n_estimators=800, subsample=0.8;, score=0.587 total time=  55.5s
[CV 3/3] END colsample_bytree=1.0, learning_rate=0.01, max_depth=7, n_estimators=300, subsample=0.6;, score=0.608 total time=  34.5s
[CV 3/3] END colsample_bytree=0.7, learning_rate=0.01, max_depth=9, n_estimators=100, subsample=1.0;, score=0.488 total time=  16.3s
[CV 3/3] END colsample_bytree=0.6, learning_rate=0.01, max_depth=7, n_estimators=100, subsample=0.6;, score=0.463 total time=  10.9s
[CV 3/3] END colsample_bytree=1.0, learning_rate=0.05, max_depth=3, n_estimators=1000, subsample=0.9;, score=0.474 total time=  37.5s
[CV 2/3] END colsample_bytree=0.7, learning_rate=0.05, max_depth=3, n_estimators=300, subsample=0.7;, score=0.451 total time=  16.3s
[CV 1/3] END colsample_bytree=0.9, learning_rate=0.05, max_depth=3, n_estimators=800, subsample=0.6;, score=0.660 total time=  36.1s
[CV 1/3] END colsample_bytree=0.8, learning_rate=0.1, max_depth=7, n_estimators=100, subsample=0.9;, score=0.652 total time=  15.8s
[CV 3/3] END colsample_bytree=0.9, learning_rate=0.1, max_depth=3, n_estimators=1200, subsample=0.7;, score=0.389 total time=  59.4s
[CV 1/3] END colsample_bytree=0.9, learning_rate=0.01, max_depth=3, n_estimators=1000, subsample=0.8;, score=0.636 total time=  59.4s
[CV 1/3] END colsample_bytree=0.7, learning_rate=0.01, max_depth=5, n_estimators=800, subsample=1.0;, score=0.651 total time= 1.3min
[CV 3/3] END colsample_bytree=0.8, learning_rate=0.05, max_depth=9, n_estimators=100, subsample=0.8;, score=0.653 total time=  21.9s
[CV 1/3] END colsample_bytree=0.8, learning_rate=0.1, max_depth=9, n_estimators=1200, subsample=1.0;, score=0.671 total time= 4.9min
[CV 1/3] END colsample_bytree=0.7, learning_rate=0.1, max_depth=3, n_estimators=1000, subsample=0.8;, score=0.661 total time=  52.1s
[CV 3/3] END colsample_bytree=0.9, learning_rate=0.01, max_depth=7, n_estimators=1200, subsample=0.8;, score=0.625 total time= 2.4min
[CV 1/3] END colsample_bytree=0.9, learning_rate=0.01, max_depth=7, n_estimators=200, subsample=0.9;, score=0.597 total time=  34.4s
[CV 2/3] END colsample_bytree=0.6, learning_rate=0.05, max_depth=7, n_estimators=100, subsample=0.8;, score=0.406 total time=  19.1s
[CV 1/3] END colsample_bytree=0.6, learning_rate=0.1, max_depth=3, n_estimators=1000, subsample=0.8;, score=0.658 total time=  51.0s
[CV 2/3] END colsample_bytree=0.9, learning_rate=0.01, max_depth=7, n_estimators=1200, subsample=0.8;, score=0.451 total time= 3.4min
[CV 1/3] END colsample_bytree=0.6, learning_rate=0.05, max_depth=7, n_estimators=100, subsample=0.8;, score=0.654 total time=  20.2s
[CV 3/3] END colsample_bytree=0.6, learning_rate=0.05, max_depth=7, n_estimators=100, subsample=0.8;, score=0.617 total time=  14.0s
[CV 3/3] END colsample_bytree=0.6, learning_rate=0.1, max_depth=3, n_estimators=1000, subsample=0.8;, score=0.480 total time=  38.8s
[CV 3/3] END colsample_bytree=0.7, learning_rate=0.1, max_depth=3, n_estimators=1000, subsample=0.8;, score=0.363 total time=  39.4s
[CV 2/3] END colsample_bytree=0.7, learning_rate=0.01, max_depth=3, n_estimators=1000, subsample=0.8;, score=0.437 total time= 1.0min
[CV 1/3] END colsample_bytree=0.6, learning_rate=0.1, max_depth=7, n_estimators=1200, subsample=0.7;, score=0.667 total time= 3.0min
[CV 2/3] END colsample_bytree=0.8, learning_rate=0.05, max_depth=9, n_estimators=100, subsample=0.8;, score=0.354 total time=  34.3s
[CV 3/3] END colsample_bytree=0.6, learning_rate=0.05, max_depth=7, n_estimators=800, subsample=0.7;, score=0.615 total time= 1.3min
[CV 2/3] END colsample_bytree=0.6, learning_rate=0.1, max_depth=3, n_estimators=1000, subsample=0.8;, score=0.484 total time=  48.5s
[CV 1/3] END colsample_bytree=0.9, learning_rate=0.01, max_depth=7, n_estimators=1200, subsample=0.8;, score=0.666 total time= 3.3min
[CV 2/3] END colsample_bytree=0.7, learning_rate=0.05, max_depth=9, n_estimators=1000, subsample=1.0;, score=0.422 total time= 3.9min
[CV 3/3] END colsample_bytree=0.9, learning_rate=0.01, max_depth=7, n_estimators=200, subsample=0.9;, score=0.581 total time=  26.4s
[CV 1/3] END colsample_bytree=0.7, learning_rate=0.05, max_depth=9, n_estimators=1000, subsample=1.0;, score=0.678 total time= 4.0min
[CV 3/3] END colsample_bytree=0.9, learning_rate=0.1, max_depth=3, n_estimators=1200, subsample=0.8;, score=0.345 total time=  50.9s
[CV 3/3] END colsample_bytree=1.0, learning_rate=0.05, max_depth=9, n_estimators=800, subsample=0.7;, score=0.616 total time= 2.4min
[CV 1/3] END colsample_bytree=1.0, learning_rate=0.01, max_depth=7, n_estimators=300, subsample=0.6;, score=0.624 total time=  46.2s
[CV 1/3] END colsample_bytree=0.6, learning_rate=0.01, max_depth=7, n_estimators=100, subsample=0.6;, score=0.483 total time=  14.4s
[CV 2/3] END colsample_bytree=1.0, learning_rate=0.05, max_depth=3, n_estimators=1000, subsample=0.9;, score=0.465 total time=  45.2s
[CV 1/3] END colsample_bytree=0.7, learning_rate=0.01, max_depth=3, n_estimators=100, subsample=0.6;, score=0.420 total time=   6.7s
[CV 1/3] END colsample_bytree=0.8, learning_rate=0.01, max_depth=9, n_estimators=100, subsample=0.9;, score=0.509 total time=  21.1s
[CV 1/3] END colsample_bytree=1.0, learning_rate=0.1, max_depth=5, n_estimators=300, subsample=0.8;, score=0.654 total time=  22.6s
[CV 2/3] END colsample_bytree=0.8, learning_rate=0.1, max_depth=7, n_estimators=100, subsample=0.9;, score=0.397 total time=  15.1s
[CV 1/3] END colsample_bytree=0.8, learning_rate=0.1, max_depth=7, n_estimators=100, subsample=0.8;, score=0.660 total time=  15.7s
[CV 2/3] END colsample_bytree=0.7, learning_rate=0.05, max_depth=3, n_estimators=800, subsample=0.9;, score=0.462 total time=  35.6s
[CV 3/3] END colsample_bytree=0.9, learning_rate=0.05, max_depth=5, n_estimators=200, subsample=1.0;, score=0.576 total time=  14.6s
[CV 1/3] END colsample_bytree=0.8, learning_rate=0.1, max_depth=3, n_estimators=100, subsample=1.0;, score=0.634 total time=   7.2s
[CV 1/3] END colsample_bytree=0.6, learning_rate=0.01, max_depth=3, n_estimators=1000, subsample=1.0;, score=0.635 total time=  52.4s
[CV 1/3] END colsample_bytree=0.9, learning_rate=0.01, max_depth=9, n_estimators=200, subsample=1.0;, score=0.613 total time=  52.5s
[CV 1/3] END colsample_bytree=0.8, learning_rate=0.05, max_depth=9, n_estimators=100, subsample=0.8;, score=0.658 total time=  31.7s
[CV 2/3] END colsample_bytree=0.6, learning_rate=0.05, max_depth=7, n_estimators=800, subsample=0.7;, score=0.491 total time= 1.8min
[CV 2/3] END colsample_bytree=0.7, learning_rate=0.1, max_depth=3, n_estimators=1000, subsample=0.8;, score=0.457 total time=  49.9s
[CV 1/3] END colsample_bytree=0.7, learning_rate=0.01, max_depth=3, n_estimators=1000, subsample=0.8;, score=0.634 total time=  58.9s
[CV 3/3] END colsample_bytree=0.7, learning_rate=0.01, max_depth=3, n_estimators=1000, subsample=0.8;, score=0.591 total time=  47.0s
[CV 3/3] END colsample_bytree=0.6, learning_rate=0.1, max_depth=7, n_estimators=1200, subsample=0.7;, score=0.575 total time= 2.1min
[CV 3/3] END colsample_bytree=0.7, learning_rate=0.05, max_depth=3, n_estimators=1000, subsample=0.9;, score=0.499 total time=  40.4s
[CV 1/3] END colsample_bytree=1.0, learning_rate=0.05, max_depth=9, n_estimators=800, subsample=0.7;, score=0.663 total time= 3.4min
[CV 2/3] END colsample_bytree=0.7, learning_rate=0.05, max_depth=3, n_estimators=200, subsample=0.8;, score=0.434 total time=  14.5s
[CV 1/3] END colsample_bytree=0.7, learning_rate=0.05, max_depth=3, n_estimators=1000, subsample=0.9;, score=0.663 total time=  52.6s
[CV 1/3] END colsample_bytree=0.9, learning_rate=0.1, max_depth=3, n_estimators=1200, subsample=0.8;, score=0.655 total time= 1.0min
[CV 1/3] END colsample_bytree=1.0, learning_rate=0.01, max_depth=3, n_estimators=200, subsample=0.8;, score=0.549 total time=  14.4s
[CV 3/3] END colsample_bytree=1.0, learning_rate=0.01, max_depth=3, n_estimators=200, subsample=0.8;, score=0.514 total time=  11.4s
[CV 2/3] END colsample_bytree=0.9, learning_rate=0.05, max_depth=3, n_estimators=500, subsample=1.0;, score=0.432 total time=  29.4s
[CV 1/3] END colsample_bytree=0.9, learning_rate=0.01, max_depth=9, n_estimators=1000, subsample=0.7;, score=0.669 total time= 3.8min
[CV 1/3] END colsample_bytree=0.7, learning_rate=0.1, max_depth=5, n_estimators=200, subsample=1.0;, score=0.654 total time=  16.9s
[CV 3/3] END colsample_bytree=0.7, learning_rate=0.1, max_depth=5, n_estimators=200, subsample=1.0;, score=0.536 total time=  13.8s
[CV 2/3] END colsample_bytree=1.0, learning_rate=0.01, max_depth=7, n_estimators=1000, subsample=0.6;, score=0.429 total time= 2.7min
[CV 2/3] END colsample_bytree=1.0, learning_rate=0.01, max_depth=3, n_estimators=500, subsample=1.0;, score=0.387 total time= 1.2min
[CV 3/3] END colsample_bytree=1.0, learning_rate=0.1, max_depth=9, n_estimators=200, subsample=0.8;, score=0.611 total time= 1.3min
[CV 2/3] END colsample_bytree=0.6, learning_rate=0.05, max_depth=9, n_estimators=200, subsample=0.7;, score=0.454 total time= 1.6min
[CV 2/3] END colsample_bytree=1.0, learning_rate=0.01, max_depth=9, n_estimators=500, subsample=1.0;, score=0.418 total time= 2.6min
[CV 3/3] END colsample_bytree=0.7, learning_rate=0.05, max_depth=3, n_estimators=100, subsample=1.0;, score=0.573 total time=   6.6s
[CV 1/3] END colsample_bytree=0.8, learning_rate=0.01, max_depth=9, n_estimators=1000, subsample=1.0;, score=0.674 total time= 4.6min
[CV 2/3] END colsample_bytree=0.8, learning_rate=0.1, max_depth=9, n_estimators=1200, subsample=1.0;, score=0.426 total time= 4.9min
[CV 2/3] END colsample_bytree=0.9, learning_rate=0.01, max_depth=7, n_estimators=200, subsample=0.9;, score=0.295 total time=  34.7s
[CV 1/3] END colsample_bytree=0.7, learning_rate=0.05, max_depth=3, n_estimators=200, subsample=0.8;, score=0.636 total time=  13.8s
[CV 3/3] END colsample_bytree=0.7, learning_rate=0.05, max_depth=3, n_estimators=200, subsample=0.8;, score=0.590 total time=  11.0s
[CV 2/3] END colsample_bytree=0.7, learning_rate=0.05, max_depth=3, n_estimators=1000, subsample=0.9;, score=0.474 total time=  51.9s
[CV 2/3] END colsample_bytree=0.9, learning_rate=0.1, max_depth=3, n_estimators=1200, subsample=0.8;, score=0.452 total time= 1.0min
[CV 2/3] END colsample_bytree=1.0, learning_rate=0.01, max_depth=3, n_estimators=200, subsample=0.8;, score=0.215 total time=  14.8s
[CV 1/3] END colsample_bytree=0.9, learning_rate=0.05, max_depth=3, n_estimators=500, subsample=1.0;, score=0.654 total time=  28.5s
[CV 3/3] END colsample_bytree=0.9, learning_rate=0.05, max_depth=3, n_estimators=500, subsample=1.0;, score=0.552 total time=  23.0s
[CV 2/3] END colsample_bytree=0.9, learning_rate=0.01, max_depth=9, n_estimators=1000, subsample=0.7;, score=0.429 total time= 4.1min
[CV 2/3] END colsample_bytree=0.8, learning_rate=0.05, max_depth=9, n_estimators=500, subsample=0.9;, score=0.438 total time= 2.0min
[CV 1/3] END colsample_bytree=0.7, learning_rate=0.05, max_depth=3, n_estimators=100, subsample=1.0;, score=0.615 total time=   8.0s
[CV 2/3] END colsample_bytree=0.7, learning_rate=0.05, max_depth=3, n_estimators=100, subsample=1.0;, score=0.406 total time=   8.5s
[CV 2/3] END colsample_bytree=0.8, learning_rate=0.01, max_depth=9, n_estimators=1000, subsample=1.0;, score=0.453 total time= 4.6min
[CV 3/3] END colsample_bytree=0.6, learning_rate=0.01, max_depth=9, n_estimators=500, subsample=0.6;, score=0.662 total time= 1.4min
[CV 1/3] END colsample_bytree=1.0, learning_rate=0.05, max_depth=9, n_estimators=200, subsample=0.7;, score=0.655 total time=  47.4s
[CV 1/3] END colsample_bytree=1.0, learning_rate=0.01, max_depth=9, n_estimators=500, subsample=1.0;, score=0.649 total time= 2.4min
[CV 1/3] END colsample_bytree=1.0, learning_rate=0.1, max_depth=9, n_estimators=200, subsample=0.8;, score=0.661 total time=  55.7s
[CV 1/3] END colsample_bytree=1.0, learning_rate=0.1, max_depth=7, n_estimators=200, subsample=0.6;, score=0.652 total time=  33.5s
[CV 2/3] END colsample_bytree=0.7, learning_rate=0.05, max_depth=5, n_estimators=800, subsample=0.9;, score=0.465 total time= 1.1min
[CV 3/3] END colsample_bytree=0.6, learning_rate=0.1, max_depth=3, n_estimators=500, subsample=0.8;, score=0.549 total time=  20.9s
[CV 1/3] END colsample_bytree=0.6, learning_rate=0.1, max_depth=9, n_estimators=1000, subsample=0.7;, score=0.671 total time= 3.9min
[CV 1/3] END colsample_bytree=0.6, learning_rate=0.05, max_depth=7, n_estimators=800, subsample=0.9;, score=0.679 total time= 1.6min
[CV 2/3] END colsample_bytree=0.6, learning_rate=0.1, max_depth=7, n_estimators=500, subsample=0.8;, score=0.528 total time=  55.0s
[CV 3/3] END colsample_bytree=1.0, learning_rate=0.05, max_depth=9, n_estimators=500, subsample=0.8;, score=0.632 total time= 1.3min
[CV 1/3] END colsample_bytree=0.8, learning_rate=0.05, max_depth=7, n_estimators=100, subsample=0.6;, score=0.652 total time=  16.1s
[CV 2/3] END colsample_bytree=0.9, learning_rate=0.1, max_depth=3, n_estimators=200, subsample=1.0;, score=0.447 total time=  11.2s
[CV 2/3] END colsample_bytree=0.9, learning_rate=0.05, max_depth=7, n_estimators=100, subsample=1.0;, score=0.425 total time=  19.3s
[CV 1/3] END colsample_bytree=0.9, learning_rate=0.05, max_depth=3, n_estimators=1000, subsample=0.9;, score=0.658 total time=  47.5s
[CV 3/3] END colsample_bytree=0.7, learning_rate=0.01, max_depth=9, n_estimators=1200, subsample=0.6;, score=0.665 total time= 3.5min
[CV 3/3] END colsample_bytree=0.8, learning_rate=0.1, max_depth=9, n_estimators=1200, subsample=1.0;, score=0.589 total time= 3.7min
[CV 2/3] END colsample_bytree=0.6, learning_rate=0.1, max_depth=7, n_estimators=1200, subsample=0.7;, score=0.443 total time= 3.0min
[CV 2/3] END colsample_bytree=1.0, learning_rate=0.05, max_depth=9, n_estimators=800, subsample=0.7;, score=0.391 total time= 3.5min
[CV 2/3] END colsample_bytree=0.7, learning_rate=0.1, max_depth=5, n_estimators=200, subsample=1.0;, score=0.421 total time=  17.5s
[CV 1/3] END colsample_bytree=1.0, learning_rate=0.01, max_depth=7, n_estimators=1000, subsample=0.6;, score=0.654 total time= 2.5min
[CV 1/3] END colsample_bytree=1.0, learning_rate=0.01, max_depth=3, n_estimators=500, subsample=1.0;, score=0.615 total time=  33.2s
[CV 3/3] END colsample_bytree=1.0, learning_rate=0.01, max_depth=3, n_estimators=500, subsample=1.0;, score=0.572 total time=  26.0s
[CV 1/3] END colsample_bytree=0.7, learning_rate=0.1, max_depth=7, n_estimators=500, subsample=0.6;, score=0.677 total time= 1.3min
[CV 2/3] END colsample_bytree=1.0, learning_rate=0.1, max_depth=7, n_estimators=200, subsample=0.6;, score=0.395 total time=  33.4s
[CV 1/3] END colsample_bytree=0.6, learning_rate=0.05, max_depth=9, n_estimators=200, subsample=0.7;, score=0.671 total time=  49.6s
[CV 1/3] END colsample_bytree=0.6, learning_rate=0.1, max_depth=3, n_estimators=500, subsample=0.8;, score=0.654 total time=  26.6s
[CV 1/3] END colsample_bytree=0.6, learning_rate=0.1, max_depth=7, n_estimators=500, subsample=0.7;, score=0.665 total time= 1.3min
[CV 2/3] END colsample_bytree=0.7, learning_rate=0.01, max_depth=9, n_estimators=300, subsample=0.9;, score=0.385 total time= 1.5min
[CV 1/3] END colsample_bytree=0.9, learning_rate=0.1, max_depth=5, n_estimators=200, subsample=0.8;, score=0.667 total time=  18.7s
[CV 3/3] END colsample_bytree=0.9, learning_rate=0.1, max_depth=5, n_estimators=200, subsample=0.8;, score=0.562 total time=  13.2s
[CV 2/3] END colsample_bytree=0.6, learning_rate=0.01, max_depth=7, n_estimators=1200, subsample=0.6;, score=0.481 total time= 2.4min
[CV 2/3] END colsample_bytree=0.6, learning_rate=0.05, max_depth=9, n_estimators=200, subsample=1.0;, score=0.462 total time=  40.1s
[CV 2/3] END colsample_bytree=0.8, learning_rate=0.05, max_depth=7, n_estimators=100, subsample=0.6;, score=0.377 total time=  17.0s
[CV 2/3] END colsample_bytree=1.0, learning_rate=0.01, max_depth=3, n_estimators=200, subsample=0.7;, score=0.213 total time=  13.1s
[CV 1/3] END colsample_bytree=0.6, learning_rate=0.1, max_depth=7, n_estimators=300, subsample=0.7;, score=0.663 total time=  39.0s
[CV 1/3] END colsample_bytree=0.7, learning_rate=0.01, max_depth=9, n_estimators=1200, subsample=0.6;, score=0.678 total time= 4.5min
[CV 2/3] END colsample_bytree=0.6, learning_rate=0.1, max_depth=9, n_estimators=1000, subsample=0.7;, score=0.439 total time= 4.5min
[CV 1/3] END colsample_bytree=0.9, learning_rate=0.05, max_depth=5, n_estimators=100, subsample=0.7;, score=0.637 total time=  10.8s
[CV 3/3] END colsample_bytree=0.9, learning_rate=0.05, max_depth=5, n_estimators=100, subsample=0.7;, score=0.584 total time=   8.6s
[CV 2/3] END colsample_bytree=0.6, learning_rate=0.01, max_depth=9, n_estimators=200, subsample=0.7;, score=0.303 total time=  38.0s
[CV 1/3] END colsample_bytree=0.8, learning_rate=0.01, max_depth=5, n_estimators=300, subsample=0.7;, score=0.613 total time=  34.1s
[CV 3/3] END colsample_bytree=0.9, learning_rate=0.1, max_depth=3, n_estimators=200, subsample=1.0;, score=0.568 total time=  10.3s
[CV 3/3] END colsample_bytree=1.0, learning_rate=0.01, max_depth=3, n_estimators=200, subsample=0.7;, score=0.514 total time=  10.8s
[CV 2/3] END colsample_bytree=0.6, learning_rate=0.1, max_depth=7, n_estimators=300, subsample=0.7;, score=0.430 total time=  39.0s
[CV 2/3] END colsample_bytree=0.7, learning_rate=0.01, max_depth=9, n_estimators=1200, subsample=0.6;, score=0.457 total time= 4.6min
[CV 3/3] END colsample_bytree=0.6, learning_rate=0.05, max_depth=7, n_estimators=800, subsample=0.9;, score=0.599 total time= 1.3min
[CV 3/3] END colsample_bytree=0.6, learning_rate=0.01, max_depth=7, n_estimators=1200, subsample=0.6;, score=0.642 total time= 1.8min
[CV 3/3] END colsample_bytree=0.6, learning_rate=0.01, max_depth=9, n_estimators=200, subsample=0.7;, score=0.613 total time=  29.7s
[CV 3/3] END colsample_bytree=0.8, learning_rate=0.01, max_depth=5, n_estimators=300, subsample=0.7;, score=0.570 total time=  26.4s
[CV 1/3] END colsample_bytree=0.9, learning_rate=0.1, max_depth=3, n_estimators=200, subsample=1.0;, score=0.642 total time=  13.3s
[CV 1/3] END colsample_bytree=0.9, learning_rate=0.05, max_depth=7, n_estimators=100, subsample=1.0;, score=0.647 total time=  18.7s
[CV 3/3] END colsample_bytree=0.6, learning_rate=0.1, max_depth=7, n_estimators=300, subsample=0.7;, score=0.617 total time=  29.8s
[CV 3/3] END colsample_bytree=0.9, learning_rate=0.05, max_depth=3, n_estimators=1000, subsample=0.9;, score=0.475 total time=  40.4s
[CV 3/3] END colsample_bytree=0.6, learning_rate=0.05, max_depth=5, n_estimators=200, subsample=1.0;, score=0.582 total time=  14.7s
[CV 2/3] END colsample_bytree=0.7, learning_rate=0.01, max_depth=5, n_estimators=800, subsample=0.9;, score=0.448 total time= 1.3min
[CV 2/3] END colsample_bytree=0.8, learning_rate=0.05, max_depth=7, n_estimators=500, subsample=0.8;, score=0.460 total time= 1.2min
[CV 3/3] END colsample_bytree=0.7, learning_rate=0.05, max_depth=9, n_estimators=1000, subsample=1.0;, score=0.636 total time= 4.4min
[CV 2/3] END colsample_bytree=0.6, learning_rate=0.01, max_depth=9, n_estimators=500, subsample=0.6;, score=0.445 total time= 2.1min
[CV 2/3] END colsample_bytree=1.0, learning_rate=0.05, max_depth=9, n_estimators=200, subsample=0.7;, score=0.360 total time=  50.9s
[CV 3/3] END colsample_bytree=1.0, learning_rate=0.01, max_depth=9, n_estimators=500, subsample=1.0;, score=0.634 total time= 1.8min
[CV 3/3] END colsample_bytree=0.7, learning_rate=0.1, max_depth=7, n_estimators=500, subsample=0.6;, score=0.549 total time=  56.3s
[CV 3/3] END colsample_bytree=0.8, learning_rate=0.01, max_depth=9, n_estimators=1000, subsample=1.0;, score=0.658 total time= 3.2min
[CV 3/3] END colsample_bytree=0.7, learning_rate=0.01, max_depth=9, n_estimators=300, subsample=0.9;, score=0.639 total time= 1.0min
[CV 2/3] END colsample_bytree=0.6, learning_rate=0.05, max_depth=7, n_estimators=800, subsample=0.9;, score=0.469 total time= 1.7min
[CV 3/3] END colsample_bytree=0.6, learning_rate=0.1, max_depth=7, n_estimators=500, subsample=0.8;, score=0.587 total time=  43.3s
[CV 2/3] END colsample_bytree=1.0, learning_rate=0.05, max_depth=9, n_estimators=500, subsample=0.8;, score=0.428 total time= 1.7min
[CV 1/3] END colsample_bytree=0.9, learning_rate=0.1, max_depth=9, n_estimators=500, subsample=1.0;, score=0.650 total time= 1.9min
[CV 1/3] END colsample_bytree=0.7, learning_rate=0.01, max_depth=5, n_estimators=800, subsample=0.9;, score=0.653 total time= 1.3min
[CV 3/3] END colsample_bytree=0.8, learning_rate=0.01, max_depth=3, n_estimators=200, subsample=1.0;, score=0.514 total time=  10.0s
[CV 1/3] END colsample_bytree=0.8, learning_rate=0.05, max_depth=7, n_estimators=500, subsample=0.8;, score=0.666 total time= 1.3min
[CV 1/3] END colsample_bytree=0.6, learning_rate=0.01, max_depth=9, n_estimators=500, subsample=0.6;, score=0.667 total time= 1.8min
[CV 3/3] END colsample_bytree=1.0, learning_rate=0.01, max_depth=7, n_estimators=1000, subsample=0.6;, score=0.625 total time= 1.8min
[CV 3/3] END colsample_bytree=0.8, learning_rate=0.05, max_depth=9, n_estimators=500, subsample=0.9;, score=0.641 total time= 1.5min
[CV 2/3] END colsample_bytree=0.7, learning_rate=0.1, max_depth=7, n_estimators=500, subsample=0.6;, score=0.406 total time= 1.3min
[CV 3/3] END colsample_bytree=1.0, learning_rate=0.1, max_depth=7, n_estimators=200, subsample=0.6;, score=0.609 total time=  24.8s
[CV 3/3] END colsample_bytree=0.7, learning_rate=0.05, max_depth=5, n_estimators=800, subsample=0.9;, score=0.522 total time=  51.1s
[CV 2/3] END colsample_bytree=0.6, learning_rate=0.1, max_depth=3, n_estimators=500, subsample=0.8;, score=0.487 total time=  26.1s
[CV 2/3] END colsample_bytree=0.6, learning_rate=0.1, max_depth=7, n_estimators=500, subsample=0.7;, score=0.434 total time= 1.2min
[CV 1/3] END colsample_bytree=0.7, learning_rate=0.01, max_depth=9, n_estimators=300, subsample=0.9;, score=0.650 total time= 1.8min
[CV 2/3] END colsample_bytree=0.9, learning_rate=0.1, max_depth=5, n_estimators=200, subsample=0.8;, score=0.450 total time=  17.3s
[CV 1/3] END colsample_bytree=0.6, learning_rate=0.01, max_depth=7, n_estimators=1200, subsample=0.6;, score=0.673 total time= 2.4min
[CV 1/3] END colsample_bytree=0.6, learning_rate=0.05, max_depth=9, n_estimators=200, subsample=1.0;, score=0.678 total time=  42.9s
[CV 3/3] END colsample_bytree=0.8, learning_rate=0.05, max_depth=7, n_estimators=100, subsample=0.6;, score=0.623 total time=  15.1s
[CV 1/3] END colsample_bytree=1.0, learning_rate=0.01, max_depth=3, n_estimators=200, subsample=0.7;, score=0.548 total time=  13.5s
[CV 3/3] END colsample_bytree=0.9, learning_rate=0.05, max_depth=7, n_estimators=100, subsample=1.0;, score=0.608 total time=  13.7s
[CV 2/3] END colsample_bytree=0.9, learning_rate=0.05, max_depth=3, n_estimators=1000, subsample=0.9;, score=0.444 total time=  48.8s
[CV 2/3] END colsample_bytree=0.6, learning_rate=0.05, max_depth=5, n_estimators=200, subsample=1.0;, score=0.431 total time=  20.5s
[CV 2/3] END colsample_bytree=0.6, learning_rate=0.05, max_depth=7, n_estimators=100, subsample=0.6;, score=0.396 total time=  18.0s
[CV 2/3] END colsample_bytree=0.9, learning_rate=0.01, max_depth=7, n_estimators=300, subsample=0.7;, score=0.348 total time=  50.5s
[CV 1/3] END colsample_bytree=0.8, learning_rate=0.01, max_depth=3, n_estimators=200, subsample=1.0;, score=0.545 total time=  12.2s
[CV 1/3] END colsample_bytree=1.0, learning_rate=0.1, max_depth=3, n_estimators=100, subsample=1.0;, score=0.634 total time=   7.4s
[CV 3/3] END colsample_bytree=1.0, learning_rate=0.1, max_depth=3, n_estimators=100, subsample=1.0;, score=0.593 total time=   6.2s
[CV 3/3] END colsample_bytree=0.8, learning_rate=0.05, max_depth=7, n_estimators=500, subsample=0.8;, score=0.624 total time=  55.2s
[CV 3/3] END colsample_bytree=0.6, learning_rate=0.01, max_depth=5, n_estimators=800, subsample=0.7;, score=0.603 total time=  57.5s
[CV 3/3] END colsample_bytree=0.9, learning_rate=0.01, max_depth=9, n_estimators=1000, subsample=0.7;, score=0.651 total time= 2.8min
[CV 3/3] END colsample_bytree=1.0, learning_rate=0.05, max_depth=9, n_estimators=200, subsample=0.7;, score=0.636 total time=  39.7s
[CV 1/3] END colsample_bytree=0.8, learning_rate=0.05, max_depth=9, n_estimators=500, subsample=0.9;, score=0.661 total time= 2.1min
[CV 2/3] END colsample_bytree=1.0, learning_rate=0.1, max_depth=9, n_estimators=200, subsample=0.8;, score=0.395 total time=  55.0s
[CV 1/3] END colsample_bytree=0.7, learning_rate=0.05, max_depth=5, n_estimators=800, subsample=0.9;, score=0.661 total time= 1.2min
[CV 3/3] END colsample_bytree=0.6, learning_rate=0.05, max_depth=9, n_estimators=200, subsample=0.7;, score=0.658 total time=  37.1s
[CV 3/3] END colsample_bytree=0.6, learning_rate=0.1, max_depth=7, n_estimators=500, subsample=0.7;, score=0.608 total time=  55.7s
[CV 3/3] END colsample_bytree=0.6, learning_rate=0.1, max_depth=9, n_estimators=1000, subsample=0.7;, score=0.601 total time= 2.8min
[CV 1/3] END colsample_bytree=0.6, learning_rate=0.1, max_depth=7, n_estimators=500, subsample=0.8;, score=0.668 total time= 1.1min
[CV 2/3] END colsample_bytree=0.9, learning_rate=0.05, max_depth=5, n_estimators=100, subsample=0.7;, score=0.391 total time=  13.2s
[CV 1/3] END colsample_bytree=0.6, learning_rate=0.01, max_depth=9, n_estimators=200, subsample=0.7;, score=0.616 total time=  45.1s
[CV 2/3] END colsample_bytree=0.8, learning_rate=0.01, max_depth=5, n_estimators=300, subsample=0.7;, score=0.370 total time=  27.9s
[CV 3/3] END colsample_bytree=0.9, learning_rate=0.1, max_depth=9, n_estimators=500, subsample=1.0;, score=0.600 total time= 1.4min
[CV 1/3] END colsample_bytree=0.6, learning_rate=0.05, max_depth=5, n_estimators=200, subsample=1.0;, score=0.658 total time=  19.7s
[CV 1/3] END colsample_bytree=0.6, learning_rate=0.05, max_depth=7, n_estimators=100, subsample=0.6;, score=0.657 total time=  17.1s
[CV 1/3] END colsample_bytree=0.9, learning_rate=0.01, max_depth=7, n_estimators=300, subsample=0.7;, score=0.634 total time=  50.9s
[CV 3/3] END colsample_bytree=0.9, learning_rate=0.01, max_depth=7, n_estimators=300, subsample=0.7;, score=0.613 total time=  38.0s
[CV 2/3] END colsample_bytree=0.6, learning_rate=0.1, max_depth=3, n_estimators=500, subsample=0.9;, score=0.499 total time=  27.2s
[CV 1/3] END colsample_bytree=0.6, learning_rate=0.01, max_depth=5, n_estimators=800, subsample=0.7;, score=0.656 total time= 1.3min
[CV 1/3] END colsample_bytree=1.0, learning_rate=0.05, max_depth=9, n_estimators=500, subsample=0.8;, score=0.663 total time= 1.7min
[CV 3/3] END colsample_bytree=0.6, learning_rate=0.05, max_depth=9, n_estimators=200, subsample=1.0;, score=0.650 total time=  35.7s
[CV 2/3] END colsample_bytree=0.9, learning_rate=0.1, max_depth=9, n_estimators=500, subsample=1.0;, score=0.383 total time= 1.8min
[CV 3/3] END colsample_bytree=0.6, learning_rate=0.05, max_depth=7, n_estimators=100, subsample=0.6;, score=0.629 total time=  13.2s
[CV 3/3] END colsample_bytree=0.7, learning_rate=0.01, max_depth=5, n_estimators=800, subsample=0.9;, score=0.588 total time= 1.0min
[CV 2/3] END colsample_bytree=0.8, learning_rate=0.01, max_depth=3, n_estimators=200, subsample=1.0;, score=0.245 total time=  13.2s
[CV 2/3] END colsample_bytree=1.0, learning_rate=0.1, max_depth=3, n_estimators=100, subsample=1.0;, score=0.352 total time=   8.9s
[CV 1/3] END colsample_bytree=0.6, learning_rate=0.1, max_depth=3, n_estimators=500, subsample=0.9;, score=0.662 total time=  26.3s
[CV 3/3] END colsample_bytree=0.6, learning_rate=0.1, max_depth=3, n_estimators=500, subsample=0.9;, score=0.499 total time=  20.9s
[CV 2/3] END colsample_bytree=0.6, learning_rate=0.01, max_depth=5, n_estimators=800, subsample=0.7;, score=0.452 total time= 1.3min
xgb 77.0% stations have KGE > 0
xgb 50.0% stations have KGE > 0.3
xgb 79.0% stations have R2 >= 0.3
xgb Median KGE   is 0.3   Ave KGE   is -0.33
xgb Median r     is 0.74   Ave r     is 0.68
xgb Median nRMSE is 26.24   Ave nRMSE is 3808.01

real	62m23.679s
user	817m10.426s
sys	2m50.947s
