
CommandNotFoundError: Your shell has not been properly configured to use 'conda deactivate'.
To initialize your shell, run

    $ conda init <SHELL_NAME>

Currently supported shells are:
  - bash
  - fish
  - tcsh
  - xonsh
  - zsh
  - powershell

See 'conda init --help' for more information and options.

IMPORTANT: You may need to close and restart your shell after running 'conda init'.



CommandNotFoundError: Your shell has not been properly configured to use 'conda deactivate'.
To initialize your shell, run

    $ conda init <SHELL_NAME>

Currently supported shells are:
  - bash
  - fish
  - tcsh
  - xonsh
  - zsh
  - powershell

See 'conda init --help' for more information and options.

IMPORTANT: You may need to close and restart your shell after running 'conda init'.


['xgb_flood.py', '../data/Qmax7_final_dataset_seasonal4_multi_MSWX_meteo_MSWEP_GLEAM.csv', 'cv']
(8679,)
(1179311, 175) 8449
 BDTICM elevation slope aridity sedimentary plutonic
 volcanic metamorphic clay sand silt Porosity_x
 logK_Ice_x ohdb_latitude ohdb_longitude year climate season_id
 basin_id p_7 tmax_7 tmin_7 swd_7 snowmelt_7
 snowfall_7 evap_7 smrz_7 ImperviousSurface forest crop
 grass water wetland res_darea_normalize Year_ave Main_Purpose_id
 form_factor LAI FAPAR
Fitting 3 folds for each of 100 candidates, totalling 300 fits
[CV 3/3] END colsample_bytree=1.0, learning_rate=0.05, max_depth=5, n_estimators=100, subsample=0.7;, score=0.714 total time=   9.8s
[CV 3/3] END colsample_bytree=0.8, learning_rate=0.05, max_depth=3, n_estimators=1000, subsample=1.0;, score=0.665 total time=  39.2s
[CV 2/3] END colsample_bytree=0.9, learning_rate=0.05, max_depth=7, n_estimators=300, subsample=0.7;, score=0.564 total time=  50.0s
[CV 1/3] END colsample_bytree=1.0, learning_rate=0.05, max_depth=5, n_estimators=100, subsample=0.7;, score=0.645 total time=  14.4s
[CV 1/3] END colsample_bytree=0.6, learning_rate=0.05, max_depth=5, n_estimators=300, subsample=0.8;, score=0.653 total time=  33.0s
[CV 1/3] END colsample_bytree=0.9, learning_rate=0.05, max_depth=7, n_estimators=300, subsample=0.7;, score=0.665 total time=  51.6s
[CV 2/3] END colsample_bytree=1.0, learning_rate=0.05, max_depth=5, n_estimators=100, subsample=0.7;, score=0.497 total time=  14.8s
[CV 2/3] END colsample_bytree=0.6, learning_rate=0.05, max_depth=5, n_estimators=300, subsample=0.8;, score=0.560 total time=  32.6s
[CV 3/3] END colsample_bytree=0.6, learning_rate=0.05, max_depth=5, n_estimators=300, subsample=0.8;, score=0.717 total time=  20.8s
[CV 3/3] END colsample_bytree=0.6, learning_rate=0.01, max_depth=7, n_estimators=300, subsample=0.6;, score=0.715 total time=  37.8s
[CV 3/3] END colsample_bytree=1.0, learning_rate=0.05, max_depth=9, n_estimators=200, subsample=1.0;, score=0.746 total time=  41.4s
[CV 2/3] END colsample_bytree=0.8, learning_rate=0.05, max_depth=3, n_estimators=1000, subsample=1.0;, score=0.546 total time=  51.3s
[CV 3/3] END colsample_bytree=0.9, learning_rate=0.05, max_depth=7, n_estimators=300, subsample=0.7;, score=0.730 total time=  35.5s
[CV 2/3] END colsample_bytree=0.6, learning_rate=0.1, max_depth=3, n_estimators=200, subsample=0.8;, score=0.538 total time=  12.5s
[CV 3/3] END colsample_bytree=0.6, learning_rate=0.1, max_depth=7, n_estimators=800, subsample=0.8;, score=0.717 total time= 1.5min
[CV 1/3] END colsample_bytree=0.8, learning_rate=0.05, max_depth=3, n_estimators=1000, subsample=1.0;, score=0.655 total time=  52.6s
[CV 1/3] END colsample_bytree=0.6, learning_rate=0.01, max_depth=7, n_estimators=300, subsample=0.6;, score=0.648 total time= 1.0min
[CV 1/3] END colsample_bytree=0.8, learning_rate=0.1, max_depth=5, n_estimators=300, subsample=1.0;, score=0.662 total time=  30.3s
[CV 3/3] END colsample_bytree=0.8, learning_rate=0.1, max_depth=5, n_estimators=300, subsample=1.0;, score=0.695 total time=  20.5s
[CV 2/3] END colsample_bytree=0.8, learning_rate=0.05, max_depth=7, n_estimators=200, subsample=1.0;, score=0.533 total time=  35.4s
[CV 3/3] END colsample_bytree=0.8, learning_rate=0.05, max_depth=7, n_estimators=200, subsample=1.0;, score=0.734 total time=  23.7s
[CV 3/3] END colsample_bytree=0.9, learning_rate=0.05, max_depth=3, n_estimators=1000, subsample=0.6;, score=0.659 total time=  41.2s
[CV 1/3] END colsample_bytree=0.7, learning_rate=0.05, max_depth=7, n_estimators=300, subsample=1.0;, score=0.673 total time=  48.7s
[CV 2/3] END colsample_bytree=0.8, learning_rate=0.1, max_depth=9, n_estimators=300, subsample=0.7;, score=0.492 total time= 1.4min
[CV 2/3] END colsample_bytree=0.8, learning_rate=0.05, max_depth=9, n_estimators=300, subsample=0.9;, score=0.543 total time= 1.4min
[CV 1/3] END colsample_bytree=0.6, learning_rate=0.1, max_depth=3, n_estimators=200, subsample=0.8;, score=0.653 total time=  12.7s
[CV 1/3] END colsample_bytree=0.6, learning_rate=0.1, max_depth=7, n_estimators=800, subsample=0.8;, score=0.668 total time= 2.2min
[CV 3/3] END colsample_bytree=0.8, learning_rate=0.05, max_depth=7, n_estimators=100, subsample=0.7;, score=0.728 total time=  14.6s
[CV 3/3] END colsample_bytree=0.7, learning_rate=0.05, max_depth=9, n_estimators=800, subsample=0.7;, score=0.753 total time= 2.7min
[CV 1/3] END colsample_bytree=1.0, learning_rate=0.05, max_depth=9, n_estimators=300, subsample=0.8;, score=0.680 total time= 1.5min
[CV 2/3] END colsample_bytree=0.7, learning_rate=0.05, max_depth=9, n_estimators=800, subsample=0.7;, score=0.533 total time= 3.8min
[CV 3/3] END colsample_bytree=0.8, learning_rate=0.05, max_depth=9, n_estimators=300, subsample=0.9;, score=0.750 total time= 1.0min
[CV 2/3] END colsample_bytree=0.6, learning_rate=0.01, max_depth=7, n_estimators=300, subsample=0.6;, score=0.498 total time= 1.0min
[CV 2/3] END colsample_bytree=0.8, learning_rate=0.1, max_depth=5, n_estimators=300, subsample=1.0;, score=0.529 total time=  29.5s
[CV 2/3] END colsample_bytree=1.0, learning_rate=0.05, max_depth=9, n_estimators=300, subsample=0.8;, score=0.539 total time= 1.5min
[CV 1/3] END colsample_bytree=0.7, learning_rate=0.05, max_depth=9, n_estimators=800, subsample=0.7;, score=0.694 total time= 3.9min
[CV 2/3] END colsample_bytree=1.0, learning_rate=0.05, max_depth=9, n_estimators=200, subsample=1.0;, score=0.518 total time=  59.3s
[CV 3/3] END colsample_bytree=1.0, learning_rate=0.05, max_depth=9, n_estimators=300, subsample=0.8;, score=0.739 total time= 1.0min
[CV 1/3] END colsample_bytree=0.8, learning_rate=0.05, max_depth=7, n_estimators=100, subsample=0.7;, score=0.654 total time=  22.5s
[CV 1/3] END colsample_bytree=0.9, learning_rate=0.05, max_depth=7, n_estimators=300, subsample=0.9;, score=0.662 total time=  53.6s
[CV 1/3] END colsample_bytree=0.8, learning_rate=0.1, max_depth=9, n_estimators=300, subsample=0.7;, score=0.678 total time= 1.5min
[CV 2/3] END colsample_bytree=0.8, learning_rate=0.01, max_depth=3, n_estimators=100, subsample=0.7;, score=0.165 total time=   8.4s
[CV 3/3] END colsample_bytree=0.7, learning_rate=0.05, max_depth=7, n_estimators=800, subsample=0.7;, score=0.720 total time= 1.6min
[CV 2/3] END colsample_bytree=0.9, learning_rate=0.05, max_depth=3, n_estimators=1000, subsample=0.6;, score=0.549 total time=  54.0s
[CV 2/3] END colsample_bytree=0.7, learning_rate=0.05, max_depth=7, n_estimators=300, subsample=1.0;, score=0.547 total time=  50.8s
[CV 1/3] END colsample_bytree=0.7, learning_rate=0.05, max_depth=5, n_estimators=500, subsample=1.0;, score=0.664 total time=  46.8s
[CV 3/3] END colsample_bytree=0.7, learning_rate=0.05, max_depth=5, n_estimators=500, subsample=1.0;, score=0.709 total time=  33.7s
[CV 1/3] END colsample_bytree=0.8, learning_rate=0.01, max_depth=3, n_estimators=100, subsample=0.7;, score=0.441 total time=   7.1s
[CV 2/3] END colsample_bytree=0.7, learning_rate=0.05, max_depth=7, n_estimators=800, subsample=0.7;, score=0.574 total time= 2.3min
[CV 3/3] END colsample_bytree=0.8, learning_rate=0.01, max_depth=3, n_estimators=100, subsample=0.7;, score=0.496 total time=   5.9s
[CV 1/3] END colsample_bytree=0.7, learning_rate=0.05, max_depth=5, n_estimators=1000, subsample=0.9;, score=0.670 total time= 1.6min
[CV 2/3] END colsample_bytree=0.7, learning_rate=0.05, max_depth=3, n_estimators=500, subsample=0.6;, score=0.549 total time=  30.6s
[CV 2/3] END colsample_bytree=0.7, learning_rate=0.1, max_depth=5, n_estimators=800, subsample=0.6;, score=0.565 total time= 1.4min
[CV 2/3] END colsample_bytree=1.0, learning_rate=0.05, max_depth=3, n_estimators=300, subsample=0.9;, score=0.523 total time=  19.8s
[CV 1/3] END colsample_bytree=1.0, learning_rate=0.05, max_depth=3, n_estimators=800, subsample=0.8;, score=0.651 total time=  44.2s
[CV 3/3] END colsample_bytree=0.9, learning_rate=0.05, max_depth=9, n_estimators=200, subsample=0.9;, score=0.746 total time=  40.8s
[CV 1/3] END colsample_bytree=0.7, learning_rate=0.05, max_depth=3, n_estimators=500, subsample=0.6;, score=0.651 total time=  31.3s
[CV 3/3] END colsample_bytree=0.7, learning_rate=0.1, max_depth=5, n_estimators=800, subsample=0.6;, score=0.667 total time=  58.5s
[CV 3/3] END colsample_bytree=0.7, learning_rate=0.05, max_depth=5, n_estimators=800, subsample=0.6;, score=0.702 total time=  55.4s
[CV 2/3] END colsample_bytree=1.0, learning_rate=0.1, max_depth=5, n_estimators=300, subsample=0.9;, score=0.564 total time=  31.7s
[CV 2/3] END colsample_bytree=0.9, learning_rate=0.05, max_depth=9, n_estimators=200, subsample=0.9;, score=0.529 total time=  57.2s
[CV 1/3] END colsample_bytree=1.0, learning_rate=0.05, max_depth=9, n_estimators=200, subsample=1.0;, score=0.672 total time= 1.0min
[CV 1/3] END colsample_bytree=0.8, learning_rate=0.05, max_depth=7, n_estimators=200, subsample=1.0;, score=0.664 total time=  35.1s
[CV 1/3] END colsample_bytree=0.9, learning_rate=0.05, max_depth=3, n_estimators=1000, subsample=0.6;, score=0.656 total time=  55.2s
[CV 3/3] END colsample_bytree=0.9, learning_rate=0.05, max_depth=7, n_estimators=300, subsample=0.9;, score=0.729 total time=  35.7s
[CV 3/3] END colsample_bytree=0.7, learning_rate=0.05, max_depth=7, n_estimators=300, subsample=1.0;, score=0.743 total time=  33.6s
[CV 2/3] END colsample_bytree=0.7, learning_rate=0.05, max_depth=5, n_estimators=500, subsample=1.0;, score=0.564 total time=  46.6s
[CV 2/3] END colsample_bytree=1.0, learning_rate=0.1, max_depth=5, n_estimators=200, subsample=1.0;, score=0.552 total time=  20.1s
[CV 1/3] END colsample_bytree=0.7, learning_rate=0.05, max_depth=7, n_estimators=800, subsample=0.7;, score=0.676 total time= 2.3min
[CV 1/3] END colsample_bytree=0.7, learning_rate=0.1, max_depth=9, n_estimators=1000, subsample=0.6;, score=0.696 total time= 4.7min
[CV 3/3] END colsample_bytree=0.7, learning_rate=0.05, max_depth=5, n_estimators=1000, subsample=0.9;, score=0.700 total time= 1.1min
[CV 3/3] END colsample_bytree=0.9, learning_rate=0.05, max_depth=5, n_estimators=800, subsample=0.9;, score=0.705 total time=  55.1s
[CV 2/3] END colsample_bytree=0.7, learning_rate=0.1, max_depth=9, n_estimators=1000, subsample=0.6;, score=0.541 total time= 4.7min
[CV 2/3] END colsample_bytree=0.9, learning_rate=0.05, max_depth=5, n_estimators=800, subsample=0.9;, score=0.561 total time= 1.3min
[CV 2/3] END colsample_bytree=0.7, learning_rate=0.05, max_depth=5, n_estimators=800, subsample=0.6;, score=0.563 total time= 1.3min
[CV 2/3] END colsample_bytree=1.0, learning_rate=0.05, max_depth=3, n_estimators=800, subsample=0.8;, score=0.547 total time=  44.0s
[CV 1/3] END colsample_bytree=0.7, learning_rate=0.01, max_depth=9, n_estimators=800, subsample=0.7;, score=0.684 total time= 4.0min
[CV 1/3] END colsample_bytree=0.8, learning_rate=0.05, max_depth=9, n_estimators=300, subsample=0.9;, score=0.683 total time= 1.5min
[CV 3/3] END colsample_bytree=0.6, learning_rate=0.1, max_depth=3, n_estimators=200, subsample=0.8;, score=0.703 total time=   9.4s
[CV 2/3] END colsample_bytree=0.6, learning_rate=0.1, max_depth=7, n_estimators=800, subsample=0.8;, score=0.516 total time= 2.1min
[CV 2/3] END colsample_bytree=0.8, learning_rate=0.05, max_depth=7, n_estimators=100, subsample=0.7;, score=0.509 total time=  22.9s
[CV 2/3] END colsample_bytree=0.9, learning_rate=0.05, max_depth=7, n_estimators=300, subsample=0.9;, score=0.537 total time=  53.1s
[CV 3/3] END colsample_bytree=0.8, learning_rate=0.1, max_depth=9, n_estimators=300, subsample=0.7;, score=0.729 total time= 1.0min
[CV 1/3] END colsample_bytree=1.0, learning_rate=0.1, max_depth=5, n_estimators=200, subsample=1.0;, score=0.654 total time=  21.0s
[CV 3/3] END colsample_bytree=1.0, learning_rate=0.1, max_depth=5, n_estimators=200, subsample=1.0;, score=0.715 total time=  14.4s
[CV 2/3] END colsample_bytree=0.7, learning_rate=0.05, max_depth=5, n_estimators=1000, subsample=0.9;, score=0.590 total time= 1.5min
[CV 3/3] END colsample_bytree=0.7, learning_rate=0.05, max_depth=3, n_estimators=500, subsample=0.6;, score=0.691 total time=  23.4s
[CV 1/3] END colsample_bytree=0.7, learning_rate=0.1, max_depth=5, n_estimators=800, subsample=0.6;, score=0.657 total time= 1.4min
[CV 1/3] END colsample_bytree=1.0, learning_rate=0.05, max_depth=3, n_estimators=300, subsample=0.9;, score=0.646 total time=  19.2s
[CV 3/3] END colsample_bytree=1.0, learning_rate=0.05, max_depth=3, n_estimators=300, subsample=0.9;, score=0.682 total time=  14.4s
[CV 1/3] END colsample_bytree=1.0, learning_rate=0.1, max_depth=5, n_estimators=300, subsample=0.9;, score=0.647 total time=  32.1s
[CV 3/3] END colsample_bytree=1.0, learning_rate=0.1, max_depth=5, n_estimators=300, subsample=0.9;, score=0.696 total time=  21.3s
[CV 2/3] END colsample_bytree=0.7, learning_rate=0.01, max_depth=9, n_estimators=800, subsample=0.7;, score=0.548 total time= 3.9min
[CV 2/3] END colsample_bytree=0.9, learning_rate=0.1, max_depth=3, n_estimators=800, subsample=1.0;, score=0.543 total time=  38.8s
[CV 2/3] END colsample_bytree=0.6, learning_rate=0.1, max_depth=5, n_estimators=500, subsample=1.0;, score=0.561 total time=  41.4s
[CV 2/3] END colsample_bytree=1.0, learning_rate=0.05, max_depth=3, n_estimators=100, subsample=0.7;, score=0.476 total time=   8.9s
[CV 2/3] END colsample_bytree=0.7, learning_rate=0.1, max_depth=3, n_estimators=500, subsample=1.0;, score=0.546 total time=  26.5s
[CV 3/3] END colsample_bytree=0.7, learning_rate=0.1, max_depth=3, n_estimators=500, subsample=1.0;, score=0.672 total time=  19.6s
[CV 3/3] END colsample_bytree=0.9, learning_rate=0.1, max_depth=9, n_estimators=500, subsample=0.8;, score=0.720 total time= 1.7min
[CV 1/3] END colsample_bytree=0.9, learning_rate=0.05, max_depth=5, n_estimators=800, subsample=0.9;, score=0.668 total time= 1.3min
[CV 1/3] END colsample_bytree=0.7, learning_rate=0.05, max_depth=5, n_estimators=800, subsample=0.6;, score=0.659 total time= 1.3min
[CV 3/3] END colsample_bytree=1.0, learning_rate=0.05, max_depth=3, n_estimators=800, subsample=0.8;, score=0.653 total time=  34.6s
[CV 1/3] END colsample_bytree=0.9, learning_rate=0.05, max_depth=9, n_estimators=200, subsample=0.9;, score=0.677 total time=  60.0s
[CV 1/3] END colsample_bytree=0.9, learning_rate=0.1, max_depth=3, n_estimators=800, subsample=1.0;, score=0.660 total time=  43.5s
[CV 3/3] END colsample_bytree=0.6, learning_rate=0.1, max_depth=5, n_estimators=500, subsample=1.0;, score=0.705 total time=  33.2s
[CV 1/3] END colsample_bytree=1.0, learning_rate=0.05, max_depth=3, n_estimators=100, subsample=0.7;, score=0.629 total time=   8.4s
[CV 3/3] END colsample_bytree=1.0, learning_rate=0.05, max_depth=7, n_estimators=300, subsample=0.9;, score=0.730 total time=  35.2s
[CV 2/3] END colsample_bytree=0.9, learning_rate=0.1, max_depth=9, n_estimators=500, subsample=0.8;, score=0.543 total time= 2.5min
[CV 3/3] END colsample_bytree=1.0, learning_rate=0.05, max_depth=3, n_estimators=100, subsample=0.7;, score=0.681 total time=   6.2s
[CV 1/3] END colsample_bytree=0.7, learning_rate=0.1, max_depth=3, n_estimators=500, subsample=1.0;, score=0.647 total time=  29.8s
[CV 1/3] END colsample_bytree=0.9, learning_rate=0.1, max_depth=9, n_estimators=500, subsample=0.8;, score=0.689 total time= 2.5min
[CV 1/3] END colsample_bytree=0.9, learning_rate=0.1, max_depth=5, n_estimators=200, subsample=0.6;, score=0.654 total time=  21.6s
[CV 1/3] END colsample_bytree=1.0, learning_rate=0.1, max_depth=7, n_estimators=100, subsample=0.6;, score=0.658 total time=  20.0s
[CV 3/3] END colsample_bytree=0.6, learning_rate=0.1, max_depth=9, n_estimators=800, subsample=0.8;, score=0.741 total time= 2.5min
[CV 2/3] END colsample_bytree=0.9, learning_rate=0.1, max_depth=5, n_estimators=200, subsample=0.6;, score=0.540 total time=  25.4s
[CV 1/3] END colsample_bytree=0.6, learning_rate=0.1, max_depth=9, n_estimators=800, subsample=0.8;, score=0.678 total time= 3.7min
[CV 3/3] END colsample_bytree=0.7, learning_rate=0.05, max_depth=7, n_estimators=300, subsample=0.7;, score=0.733 total time=  36.2s
[CV 3/3] END colsample_bytree=0.6, learning_rate=0.01, max_depth=7, n_estimators=200, subsample=0.6;, score=0.682 total time=  26.5s
[CV 3/3] END colsample_bytree=0.9, learning_rate=0.1, max_depth=3, n_estimators=1000, subsample=0.9;, score=0.618 total time=  37.6s
[CV 2/3] END colsample_bytree=0.9, learning_rate=0.01, max_depth=5, n_estimators=800, subsample=1.0;, score=0.526 total time= 1.5min
[CV 3/3] END colsample_bytree=1.0, learning_rate=0.05, max_depth=7, n_estimators=800, subsample=0.9;, score=0.707 total time= 1.6min
[CV 2/3] END colsample_bytree=1.0, learning_rate=0.05, max_depth=7, n_estimators=300, subsample=0.9;, score=0.533 total time=  51.4s
[CV 2/3] END colsample_bytree=0.7, learning_rate=0.1, max_depth=7, n_estimators=100, subsample=0.6;, score=0.531 total time=  19.8s
[CV 1/3] END colsample_bytree=1.0, learning_rate=0.01, max_depth=5, n_estimators=500, subsample=0.7;, score=0.643 total time= 1.0min
[CV 2/3] END colsample_bytree=1.0, learning_rate=0.1, max_depth=7, n_estimators=100, subsample=0.6;, score=0.523 total time=  18.9s
[CV 2/3] END colsample_bytree=0.7, learning_rate=0.05, max_depth=7, n_estimators=300, subsample=0.7;, score=0.568 total time=  50.7s
[CV 2/3] END colsample_bytree=0.9, learning_rate=0.1, max_depth=3, n_estimators=1000, subsample=0.9;, score=0.525 total time=  51.8s
[CV 1/3] END colsample_bytree=0.9, learning_rate=0.01, max_depth=5, n_estimators=800, subsample=1.0;, score=0.648 total time= 1.5min
[CV 2/3] END colsample_bytree=1.0, learning_rate=0.05, max_depth=7, n_estimators=800, subsample=0.9;, score=0.546 total time= 2.2min
[CV 1/3] END colsample_bytree=0.9, learning_rate=0.1, max_depth=5, n_estimators=100, subsample=0.9;, score=0.648 total time=  14.4s
[CV 3/3] END colsample_bytree=0.7, learning_rate=0.1, max_depth=3, n_estimators=300, subsample=0.6;, score=0.676 total time=  14.0s
[CV 3/3] END colsample_bytree=0.9, learning_rate=0.1, max_depth=5, n_estimators=800, subsample=0.6;, score=0.671 total time=  59.6s
[CV 1/3] END colsample_bytree=0.9, learning_rate=0.1, max_depth=3, n_estimators=500, subsample=0.7;, score=0.655 total time=  27.3s
[CV 3/3] END colsample_bytree=0.9, learning_rate=0.1, max_depth=3, n_estimators=500, subsample=1.0;, score=0.625 total time=  19.9s
[CV 1/3] END colsample_bytree=0.6, learning_rate=0.01, max_depth=3, n_estimators=1000, subsample=1.0;, score=0.645 total time=  59.1s
[CV 3/3] END colsample_bytree=0.6, learning_rate=0.05, max_depth=3, n_estimators=500, subsample=0.6;, score=0.706 total time=  22.5s
[CV 3/3] END colsample_bytree=1.0, learning_rate=0.05, max_depth=7, n_estimators=1000, subsample=1.0;, score=0.710 total time= 1.9min
[CV 3/3] END colsample_bytree=0.9, learning_rate=0.01, max_depth=5, n_estimators=800, subsample=1.0;, score=0.719 total time= 1.0min
[CV 2/3] END colsample_bytree=0.9, learning_rate=0.1, max_depth=5, n_estimators=100, subsample=0.9;, score=0.544 total time=  15.9s
[CV 1/3] END colsample_bytree=0.9, learning_rate=0.1, max_depth=5, n_estimators=800, subsample=0.6;, score=0.669 total time= 1.5min
[CV 2/3] END colsample_bytree=0.9, learning_rate=0.1, max_depth=3, n_estimators=500, subsample=0.7;, score=0.559 total time=  27.8s
[CV 1/3] END colsample_bytree=0.9, learning_rate=0.01, max_depth=5, n_estimators=300, subsample=0.7;, score=0.632 total time=  40.9s
[CV 2/3] END colsample_bytree=0.6, learning_rate=0.05, max_depth=3, n_estimators=500, subsample=0.6;, score=0.554 total time=  28.8s
[CV 1/3] END colsample_bytree=0.7, learning_rate=0.1, max_depth=7, n_estimators=800, subsample=0.6;, score=0.687 total time= 2.3min
[CV 1/3] END colsample_bytree=0.6, learning_rate=0.01, max_depth=7, n_estimators=200, subsample=0.6;, score=0.616 total time=  42.0s
[CV 1/3] END colsample_bytree=0.6, learning_rate=0.1, max_depth=7, n_estimators=800, subsample=1.0;, score=0.667 total time= 2.2min
[CV 3/3] END colsample_bytree=0.6, learning_rate=0.1, max_depth=3, n_estimators=300, subsample=0.7;, score=0.704 total time=  13.5s
[CV 3/3] END colsample_bytree=0.9, learning_rate=0.1, max_depth=5, n_estimators=100, subsample=0.9;, score=0.718 total time=   8.8s
[CV 2/3] END colsample_bytree=0.9, learning_rate=0.1, max_depth=5, n_estimators=800, subsample=0.6;, score=0.564 total time= 1.5min
[CV 3/3] END colsample_bytree=0.9, learning_rate=0.1, max_depth=3, n_estimators=500, subsample=0.7;, score=0.632 total time=  21.5s
[CV 3/3] END colsample_bytree=0.6, learning_rate=0.01, max_depth=3, n_estimators=1000, subsample=1.0;, score=0.698 total time=  42.1s
[CV 1/3] END colsample_bytree=0.6, learning_rate=0.05, max_depth=3, n_estimators=500, subsample=0.6;, score=0.653 total time=  29.4s
[CV 2/3] END colsample_bytree=1.0, learning_rate=0.05, max_depth=7, n_estimators=1000, subsample=1.0;, score=0.543 total time= 2.7min
[CV 3/3] END colsample_bytree=0.7, learning_rate=0.1, max_depth=7, n_estimators=500, subsample=0.9;, score=0.707 total time=  56.0s
[CV 2/3] END colsample_bytree=1.0, learning_rate=0.1, max_depth=3, n_estimators=1000, subsample=1.0;, score=0.547 total time=  51.9s
[CV 3/3] END colsample_bytree=0.7, learning_rate=0.1, max_depth=5, n_estimators=800, subsample=0.7;, score=0.649 total time=  55.4s
[CV 3/3] END colsample_bytree=0.7, learning_rate=0.1, max_depth=7, n_estimators=800, subsample=0.6;, score=0.701 total time= 1.6min
[CV 2/3] END colsample_bytree=1.0, learning_rate=0.01, max_depth=3, n_estimators=300, subsample=1.0;, score=0.428 total time=  21.2s
[CV 2/3] END colsample_bytree=0.9, learning_rate=0.01, max_depth=5, n_estimators=300, subsample=0.7;, score=0.468 total time=  44.2s
[CV 1/3] END colsample_bytree=0.7, learning_rate=0.1, max_depth=5, n_estimators=800, subsample=0.7;, score=0.660 total time= 1.3min
[CV 2/3] END colsample_bytree=1.0, learning_rate=0.05, max_depth=9, n_estimators=800, subsample=0.8;, score=0.552 total time= 4.1min
[CV 3/3] END colsample_bytree=0.7, learning_rate=0.01, max_depth=9, n_estimators=800, subsample=0.7;, score=0.755 total time= 2.7min
[CV 3/3] END colsample_bytree=0.7, learning_rate=0.1, max_depth=7, n_estimators=100, subsample=0.6;, score=0.733 total time=  13.7s
[CV 3/3] END colsample_bytree=1.0, learning_rate=0.01, max_depth=5, n_estimators=500, subsample=0.7;, score=0.714 total time=  43.2s
[CV 3/3] END colsample_bytree=0.9, learning_rate=0.1, max_depth=5, n_estimators=200, subsample=0.6;, score=0.719 total time=  15.6s
[CV 3/3] END colsample_bytree=1.0, learning_rate=0.1, max_depth=7, n_estimators=100, subsample=0.6;, score=0.718 total time=  13.0s
[CV 1/3] END colsample_bytree=0.7, learning_rate=0.05, max_depth=7, n_estimators=300, subsample=0.7;, score=0.665 total time=  51.7s
[CV 1/3] END colsample_bytree=0.9, learning_rate=0.1, max_depth=3, n_estimators=1000, subsample=0.9;, score=0.661 total time=  53.5s
[CV 3/3] END colsample_bytree=0.6, learning_rate=0.1, max_depth=7, n_estimators=800, subsample=1.0;, score=0.702 total time= 1.5min
[CV 1/3] END colsample_bytree=1.0, learning_rate=0.05, max_depth=7, n_estimators=800, subsample=0.9;, score=0.674 total time= 2.3min
[CV 2/3] END colsample_bytree=0.6, learning_rate=0.01, max_depth=3, n_estimators=1000, subsample=1.0;, score=0.533 total time=  59.0s
[CV 2/3] END colsample_bytree=0.7, learning_rate=0.1, max_depth=5, n_estimators=800, subsample=0.7;, score=0.541 total time= 1.3min
[CV 1/3] END colsample_bytree=1.0, learning_rate=0.05, max_depth=9, n_estimators=800, subsample=0.8;, score=0.690 total time= 4.1min
[CV 1/3] END colsample_bytree=1.0, learning_rate=0.01, max_depth=3, n_estimators=300, subsample=1.0;, score=0.606 total time=  21.2s
[CV 1/3] END colsample_bytree=0.9, learning_rate=0.05, max_depth=9, n_estimators=800, subsample=0.6;, score=0.694 total time= 4.0min
[CV 3/3] END colsample_bytree=1.0, learning_rate=0.01, max_depth=5, n_estimators=800, subsample=0.9;, score=0.720 total time= 1.1min
[CV 3/3] END colsample_bytree=0.9, learning_rate=0.05, max_depth=9, n_estimators=800, subsample=0.6;, score=0.737 total time= 2.9min
[CV 2/3] END colsample_bytree=0.6, learning_rate=0.01, max_depth=7, n_estimators=200, subsample=0.6;, score=0.437 total time=  42.7s
[CV 2/3] END colsample_bytree=0.6, learning_rate=0.1, max_depth=7, n_estimators=800, subsample=1.0;, score=0.553 total time= 2.1min
[CV 2/3] END colsample_bytree=0.6, learning_rate=0.1, max_depth=3, n_estimators=300, subsample=0.7;, score=0.551 total time=  17.1s
[CV 2/3] END colsample_bytree=0.7, learning_rate=0.1, max_depth=3, n_estimators=300, subsample=0.6;, score=0.544 total time=  18.2s
[CV 1/3] END colsample_bytree=0.7, learning_rate=0.1, max_depth=7, n_estimators=500, subsample=0.9;, score=0.679 total time= 1.4min
[CV 2/3] END colsample_bytree=0.9, learning_rate=0.1, max_depth=3, n_estimators=500, subsample=1.0;, score=0.540 total time=  26.4s
[CV 3/3] END colsample_bytree=0.9, learning_rate=0.01, max_depth=5, n_estimators=300, subsample=0.7;, score=0.692 total time=  28.3s
[CV 3/3] END colsample_bytree=1.0, learning_rate=0.1, max_depth=3, n_estimators=1000, subsample=1.0;, score=0.580 total time=  39.2s
[CV 2/3] END colsample_bytree=0.7, learning_rate=0.1, max_depth=7, n_estimators=800, subsample=0.6;, score=0.551 total time= 2.3min
[CV 3/3] END colsample_bytree=1.0, learning_rate=0.01, max_depth=3, n_estimators=300, subsample=1.0;, score=0.653 total time=  15.0s
[CV 2/3] END colsample_bytree=1.0, learning_rate=0.01, max_depth=5, n_estimators=800, subsample=0.9;, score=0.518 total time= 1.5min
[CV 2/3] END colsample_bytree=0.7, learning_rate=0.05, max_depth=7, n_estimators=500, subsample=0.6;, score=0.553 total time= 1.4min
[CV 2/3] END colsample_bytree=0.7, learning_rate=0.01, max_depth=3, n_estimators=800, subsample=0.8;, score=0.514 total time=  49.7s
[CV 2/3] END colsample_bytree=0.6, learning_rate=0.01, max_depth=9, n_estimators=500, subsample=1.0;, score=0.532 total time= 2.5min
[CV 2/3] END colsample_bytree=1.0, learning_rate=0.05, max_depth=5, n_estimators=200, subsample=0.6;, score=0.516 total time=  24.2s
[CV 1/3] END colsample_bytree=0.7, learning_rate=0.01, max_depth=3, n_estimators=800, subsample=0.8;, score=0.641 total time=  49.8s
[CV 1/3] END colsample_bytree=0.6, learning_rate=0.01, max_depth=9, n_estimators=500, subsample=1.0;, score=0.680 total time= 2.6min
[CV 1/3] END colsample_bytree=1.0, learning_rate=0.05, max_depth=5, n_estimators=200, subsample=0.6;, score=0.644 total time=  23.4s
[CV 3/3] END colsample_bytree=1.0, learning_rate=0.05, max_depth=5, n_estimators=200, subsample=0.6;, score=0.722 total time=  16.1s
[CV 2/3] END colsample_bytree=0.6, learning_rate=0.05, max_depth=5, n_estimators=800, subsample=0.9;, score=0.578 total time= 1.2min
[CV 2/3] END colsample_bytree=0.7, learning_rate=0.05, max_depth=9, n_estimators=100, subsample=0.6;, score=0.485 total time=  32.3s
[CV 2/3] END colsample_bytree=1.0, learning_rate=0.05, max_depth=5, n_estimators=300, subsample=1.0;, score=0.534 total time=  30.3s
[CV 1/3] END colsample_bytree=0.8, learning_rate=0.1, max_depth=7, n_estimators=200, subsample=0.8;, score=0.661 total time=  33.8s
[CV 2/3] END colsample_bytree=0.8, learning_rate=0.05, max_depth=3, n_estimators=800, subsample=1.0;, score=0.544 total time=  40.6s
[CV 2/3] END colsample_bytree=1.0, learning_rate=0.05, max_depth=9, n_estimators=300, subsample=0.6;, score=0.538 total time= 1.5min
[CV 1/3] END colsample_bytree=0.7, learning_rate=0.05, max_depth=9, n_estimators=100, subsample=0.6;, score=0.673 total time=  34.9s
[CV 3/3] END colsample_bytree=0.7, learning_rate=0.05, max_depth=5, n_estimators=1000, subsample=0.6;, score=0.695 total time= 1.1min
[CV 1/3] END colsample_bytree=0.8, learning_rate=0.05, max_depth=3, n_estimators=800, subsample=1.0;, score=0.653 total time=  40.6s
[CV 1/3] END colsample_bytree=1.0, learning_rate=0.05, max_depth=9, n_estimators=300, subsample=0.6;, score=0.683 total time= 1.6min
[CV 3/3] END colsample_bytree=0.6, learning_rate=0.01, max_depth=9, n_estimators=500, subsample=1.0;, score=0.752 total time= 1.6min
[CV 3/3] END colsample_bytree=0.8, learning_rate=0.1, max_depth=7, n_estimators=200, subsample=0.8;, score=0.734 total time=  23.1s
[CV 2/3] END colsample_bytree=0.6, learning_rate=0.05, max_depth=9, n_estimators=1000, subsample=1.0;, score=0.555 total time= 4.3min
[CV 3/3] END colsample_bytree=0.7, learning_rate=0.1, max_depth=9, n_estimators=1000, subsample=0.6;, score=0.708 total time= 3.3min
[CV 3/3] END colsample_bytree=0.9, learning_rate=0.1, max_depth=3, n_estimators=800, subsample=1.0;, score=0.591 total time=  32.6s
[CV 1/3] END colsample_bytree=0.6, learning_rate=0.1, max_depth=5, n_estimators=500, subsample=1.0;, score=0.648 total time=  47.1s
[CV 1/3] END colsample_bytree=1.0, learning_rate=0.05, max_depth=7, n_estimators=300, subsample=0.9;, score=0.662 total time=  52.7s
[CV 1/3] END colsample_bytree=0.7, learning_rate=0.1, max_depth=7, n_estimators=100, subsample=0.6;, score=0.664 total time=  20.7s
[CV 2/3] END colsample_bytree=1.0, learning_rate=0.01, max_depth=5, n_estimators=500, subsample=0.7;, score=0.494 total time= 1.1min
[CV 2/3] END colsample_bytree=0.6, learning_rate=0.1, max_depth=9, n_estimators=800, subsample=0.8;, score=0.542 total time= 3.6min
[CV 1/3] END colsample_bytree=0.6, learning_rate=0.1, max_depth=3, n_estimators=300, subsample=0.7;, score=0.651 total time=  17.7s
[CV 1/3] END colsample_bytree=0.7, learning_rate=0.1, max_depth=3, n_estimators=300, subsample=0.6;, score=0.655 total time=  18.6s
[CV 2/3] END colsample_bytree=0.7, learning_rate=0.1, max_depth=7, n_estimators=500, subsample=0.9;, score=0.553 total time= 1.4min
[CV 1/3] END colsample_bytree=0.9, learning_rate=0.1, max_depth=3, n_estimators=500, subsample=1.0;, score=0.656 total time=  27.5s
[CV 1/3] END colsample_bytree=1.0, learning_rate=0.1, max_depth=3, n_estimators=1000, subsample=1.0;, score=0.659 total time=  52.8s
[CV 1/3] END colsample_bytree=1.0, learning_rate=0.05, max_depth=7, n_estimators=1000, subsample=1.0;, score=0.676 total time= 2.8min
[CV 1/3] END colsample_bytree=1.0, learning_rate=0.01, max_depth=5, n_estimators=800, subsample=0.9;, score=0.647 total time= 1.5min
[CV 1/3] END colsample_bytree=0.7, learning_rate=0.05, max_depth=7, n_estimators=500, subsample=0.6;, score=0.675 total time= 1.4min
[CV 3/3] END colsample_bytree=0.7, learning_rate=0.01, max_depth=3, n_estimators=800, subsample=0.8;, score=0.691 total time=  36.7s
[CV 3/3] END colsample_bytree=0.6, learning_rate=0.05, max_depth=5, n_estimators=800, subsample=0.9;, score=0.721 total time=  52.7s
[CV 2/3] END colsample_bytree=0.7, learning_rate=0.05, max_depth=5, n_estimators=1000, subsample=0.6;, score=0.560 total time= 1.6min
[CV 1/3] END colsample_bytree=0.6, learning_rate=0.05, max_depth=9, n_estimators=1000, subsample=1.0;, score=0.691 total time= 4.3min
[CV 2/3] END colsample_bytree=0.8, learning_rate=0.01, max_depth=9, n_estimators=200, subsample=0.8;, score=0.439 total time= 1.0min
[CV 3/3] END colsample_bytree=1.0, learning_rate=0.05, max_depth=3, n_estimators=200, subsample=0.8;, score=0.685 total time=   9.9s
[CV 3/3] END colsample_bytree=1.0, learning_rate=0.1, max_depth=9, n_estimators=500, subsample=1.0;, score=0.714 total time= 1.6min
[CV 3/3] END colsample_bytree=1.0, learning_rate=0.05, max_depth=9, n_estimators=300, subsample=0.6;, score=0.744 total time= 1.1min
[CV 3/3] END colsample_bytree=0.8, learning_rate=0.05, max_depth=9, n_estimators=500, subsample=0.9;, score=0.746 total time= 1.6min
[CV 1/3] END colsample_bytree=0.6, learning_rate=0.01, max_depth=3, n_estimators=800, subsample=0.9;, score=0.639 total time=  44.7s
[CV 1/3] END colsample_bytree=1.0, learning_rate=0.1, max_depth=9, n_estimators=500, subsample=1.0;, score=0.676 total time= 2.1min
[CV 2/3] END colsample_bytree=0.6, learning_rate=0.05, max_depth=7, n_estimators=200, subsample=0.9;, score=0.537 total time=  29.4s
[CV 1/3] END colsample_bytree=0.7, learning_rate=0.01, max_depth=7, n_estimators=500, subsample=0.9;, score=0.662 total time= 1.5min
[CV 1/3] END colsample_bytree=0.6, learning_rate=0.05, max_depth=9, n_estimators=300, subsample=0.6;, score=0.683 total time= 1.3min
[CV 3/3] END colsample_bytree=0.6, learning_rate=0.1, max_depth=9, n_estimators=100, subsample=0.7;, score=0.759 total time=  18.6s
[CV 1/3] END colsample_bytree=0.6, learning_rate=0.05, max_depth=7, n_estimators=200, subsample=0.9;, score=0.665 total time=  32.1s
[CV 3/3] END colsample_bytree=0.7, learning_rate=0.01, max_depth=3, n_estimators=800, subsample=0.9;, score=0.691 total time=  33.6s
[CV 3/3] END colsample_bytree=1.0, learning_rate=0.1, max_depth=9, n_estimators=200, subsample=0.6;, score=0.737 total time=  41.4s
[CV 3/3] END colsample_bytree=0.7, learning_rate=0.05, max_depth=9, n_estimators=800, subsample=0.6;, score=0.754 total time= 2.4min
[CV 3/3] END colsample_bytree=0.8, learning_rate=0.01, max_depth=9, n_estimators=200, subsample=0.8;, score=0.705 total time=  40.7s
[CV 2/3] END colsample_bytree=0.6, learning_rate=0.01, max_depth=3, n_estimators=800, subsample=0.9;, score=0.524 total time=  43.9s
[CV 1/3] END colsample_bytree=0.7, learning_rate=0.05, max_depth=5, n_estimators=200, subsample=0.9;, score=0.651 total time=  21.4s
[CV 3/3] END colsample_bytree=0.7, learning_rate=0.05, max_depth=5, n_estimators=200, subsample=0.9;, score=0.721 total time=  14.9s
[CV 1/3] END colsample_bytree=0.7, learning_rate=0.01, max_depth=7, n_estimators=200, subsample=1.0;, score=0.620 total time=  35.4s
[CV 1/3] END colsample_bytree=0.7, learning_rate=0.1, max_depth=5, n_estimators=800, subsample=1.0;, score=0.667 total time= 1.0min
[CV 2/3] END colsample_bytree=0.7, learning_rate=0.01, max_depth=3, n_estimators=800, subsample=0.9;, score=0.512 total time=  44.3s
[CV 1/3] END colsample_bytree=0.7, learning_rate=0.05, max_depth=9, n_estimators=800, subsample=0.6;, score=0.696 total time= 3.4min
[CV 3/3] END colsample_bytree=1.0, learning_rate=0.05, max_depth=9, n_estimators=800, subsample=0.8;, score=0.723 total time= 2.9min
[CV 3/3] END colsample_bytree=0.7, learning_rate=0.05, max_depth=7, n_estimators=500, subsample=0.6;, score=0.737 total time=  55.1s
[CV 1/3] END colsample_bytree=0.6, learning_rate=0.05, max_depth=5, n_estimators=800, subsample=0.9;, score=0.666 total time= 1.2min
[CV 1/3] END colsample_bytree=0.7, learning_rate=0.05, max_depth=5, n_estimators=1000, subsample=0.6;, score=0.659 total time= 1.6min
[CV 3/3] END colsample_bytree=0.8, learning_rate=0.05, max_depth=3, n_estimators=800, subsample=1.0;, score=0.681 total time=  31.1s
[CV 3/3] END colsample_bytree=0.6, learning_rate=0.01, max_depth=9, n_estimators=800, subsample=0.7;, score=0.760 total time= 2.5min
[CV 2/3] END colsample_bytree=0.8, learning_rate=0.05, max_depth=9, n_estimators=500, subsample=0.9;, score=0.549 total time= 2.2min
[CV 3/3] END colsample_bytree=0.6, learning_rate=0.01, max_depth=3, n_estimators=800, subsample=0.9;, score=0.695 total time=  32.9s
[CV 3/3] END colsample_bytree=0.9, learning_rate=0.05, max_depth=5, n_estimators=1000, subsample=0.6;, score=0.699 total time= 1.1min
[CV 3/3] END colsample_bytree=0.7, learning_rate=0.01, max_depth=7, n_estimators=200, subsample=1.0;, score=0.682 total time=  24.2s
[CV 3/3] END colsample_bytree=0.7, learning_rate=0.1, max_depth=5, n_estimators=800, subsample=1.0;, score=0.651 total time=  45.4s
[CV 3/3] END colsample_bytree=1.0, learning_rate=0.1, max_depth=5, n_estimators=500, subsample=0.6;, score=0.689 total time=  33.1s
[CV 1/3] END colsample_bytree=1.0, learning_rate=0.1, max_depth=9, n_estimators=200, subsample=0.6;, score=0.676 total time=  58.8s
[CV 1/3] END colsample_bytree=0.6, learning_rate=0.05, max_depth=9, n_estimators=100, subsample=0.6;, score=0.672 total time=  30.1s
[CV 1/3] END colsample_bytree=0.8, learning_rate=0.05, max_depth=9, n_estimators=500, subsample=0.9;, score=0.687 total time= 2.3min
[CV 1/3] END colsample_bytree=0.8, learning_rate=0.01, max_depth=9, n_estimators=200, subsample=0.8;, score=0.637 total time=  59.8s
[CV 2/3] END colsample_bytree=1.0, learning_rate=0.05, max_depth=3, n_estimators=200, subsample=0.8;, score=0.514 total time=  13.5s
[CV 1/3] END colsample_bytree=0.9, learning_rate=0.05, max_depth=5, n_estimators=1000, subsample=0.6;, score=0.670 total time= 1.6min
[CV 2/3] END colsample_bytree=0.6, learning_rate=0.1, max_depth=9, n_estimators=100, subsample=0.7;, score=0.474 total time=  27.5s
[CV 1/3] END colsample_bytree=1.0, learning_rate=0.1, max_depth=5, n_estimators=500, subsample=0.6;, score=0.656 total time=  47.1s
[CV 3/3] END colsample_bytree=0.7, learning_rate=0.01, max_depth=7, n_estimators=500, subsample=0.9;, score=0.730 total time= 1.0min
[CV 2/3] END colsample_bytree=0.6, learning_rate=0.05, max_depth=9, n_estimators=100, subsample=0.6;, score=0.511 total time=  29.6s
[CV 2/3] END colsample_bytree=0.9, learning_rate=0.05, max_depth=9, n_estimators=800, subsample=0.6;, score=0.545 total time= 4.2min
[CV 3/3] END colsample_bytree=0.7, learning_rate=0.05, max_depth=9, n_estimators=100, subsample=0.6;, score=0.753 total time=  22.2s
[CV 1/3] END colsample_bytree=1.0, learning_rate=0.05, max_depth=5, n_estimators=300, subsample=1.0;, score=0.650 total time=  32.1s
[CV 3/3] END colsample_bytree=1.0, learning_rate=0.05, max_depth=5, n_estimators=300, subsample=1.0;, score=0.726 total time=  22.4s
[CV 2/3] END colsample_bytree=0.8, learning_rate=0.1, max_depth=7, n_estimators=200, subsample=0.8;, score=0.491 total time=  34.5s
[CV 3/3] END colsample_bytree=0.6, learning_rate=0.05, max_depth=9, n_estimators=1000, subsample=1.0;, score=0.754 total time= 3.1min
[CV 1/3] END colsample_bytree=0.7, learning_rate=0.05, max_depth=9, n_estimators=500, subsample=1.0;, score=0.692 total time= 2.1min
[CV 1/3] END colsample_bytree=1.0, learning_rate=0.05, max_depth=3, n_estimators=200, subsample=0.8;, score=0.642 total time=  13.6s
[CV 2/3] END colsample_bytree=1.0, learning_rate=0.1, max_depth=9, n_estimators=500, subsample=1.0;, score=0.532 total time= 2.2min
[CV 2/3] END colsample_bytree=1.0, learning_rate=0.1, max_depth=5, n_estimators=500, subsample=0.6;, score=0.559 total time=  47.4s
[CV 2/3] END colsample_bytree=1.0, learning_rate=0.1, max_depth=9, n_estimators=200, subsample=0.6;, score=0.533 total time= 1.0min
[CV 3/3] END colsample_bytree=0.6, learning_rate=0.05, max_depth=9, n_estimators=100, subsample=0.6;, score=0.750 total time=  19.6s
[CV 3/3] END colsample_bytree=0.6, learning_rate=0.05, max_depth=9, n_estimators=300, subsample=0.6;, score=0.758 total time=  55.5s
[CV 2/3] END colsample_bytree=0.6, learning_rate=0.01, max_depth=9, n_estimators=800, subsample=0.7;, score=0.555 total time= 3.7min
[CV 2/3] END colsample_bytree=0.7, learning_rate=0.05, max_depth=9, n_estimators=500, subsample=1.0;, score=0.518 total time= 2.0min
[CV 2/3] END colsample_bytree=0.7, learning_rate=0.05, max_depth=5, n_estimators=200, subsample=0.9;, score=0.535 total time=  21.7s
[CV 2/3] END colsample_bytree=0.7, learning_rate=0.01, max_depth=7, n_estimators=200, subsample=1.0;, score=0.448 total time=  40.1s
[CV 2/3] END colsample_bytree=0.7, learning_rate=0.1, max_depth=5, n_estimators=800, subsample=1.0;, score=0.544 total time= 1.1min
[CV 2/3] END colsample_bytree=0.7, learning_rate=0.01, max_depth=7, n_estimators=500, subsample=0.9;, score=0.536 total time= 1.6min
[CV 2/3] END colsample_bytree=0.6, learning_rate=0.05, max_depth=9, n_estimators=300, subsample=0.6;, score=0.544 total time= 1.2min
[CV 1/3] END colsample_bytree=0.6, learning_rate=0.01, max_depth=9, n_estimators=800, subsample=0.7;, score=0.684 total time= 3.8min
[CV 3/3] END colsample_bytree=0.7, learning_rate=0.05, max_depth=9, n_estimators=500, subsample=1.0;, score=0.749 total time= 1.5min
[CV 2/3] END colsample_bytree=0.9, learning_rate=0.05, max_depth=5, n_estimators=1000, subsample=0.6;, score=0.558 total time= 1.6min
[CV 1/3] END colsample_bytree=0.6, learning_rate=0.1, max_depth=9, n_estimators=100, subsample=0.7;, score=0.669 total time=  27.3s
[CV 3/3] END colsample_bytree=0.6, learning_rate=0.05, max_depth=7, n_estimators=200, subsample=0.9;, score=0.741 total time=  21.9s
[CV 1/3] END colsample_bytree=0.7, learning_rate=0.01, max_depth=3, n_estimators=800, subsample=0.9;, score=0.641 total time=  49.7s
[CV 2/3] END colsample_bytree=0.7, learning_rate=0.05, max_depth=9, n_estimators=800, subsample=0.6;, score=0.533 total time= 3.4min
           max_depth:         9
       learning_rate:      0.05
        n_estimators:      1000
           subsample:       1.0
    colsample_bytree:       0.6
xgb 86.0% stations have KGE > 0
xgb 67.0% stations have KGE > 0.3
xgb 88.0% stations have R2 >= 0.3
xgb Median KGE   is 0.47   Ave KGE   is -0.45
xgb Median r     is 0.79   Ave r     is 0.74
xgb Median nRMSE is 22.32   Ave nRMSE is 6659.87

real	61m46.882s
user	815m22.077s
sys	3m12.405s
