
CommandNotFoundError: Your shell has not been properly configured to use 'conda deactivate'.
To initialize your shell, run

    $ conda init <SHELL_NAME>

Currently supported shells are:
  - bash
  - fish
  - tcsh
  - xonsh
  - zsh
  - powershell

See 'conda init --help' for more information and options.

IMPORTANT: You may need to close and restart your shell after running 'conda init'.



CommandNotFoundError: Your shell has not been properly configured to use 'conda deactivate'.
To initialize your shell, run

    $ conda init <SHELL_NAME>

Currently supported shells are:
  - bash
  - fish
  - tcsh
  - xonsh
  - zsh
  - powershell

See 'conda init --help' for more information and options.

IMPORTANT: You may need to close and restart your shell after running 'conda init'.


['xgb_flood.py', '../data/Qmin7_final_dataset_seasonal4_multi_MSWX_meteo_MSWEP_GLEAM.csv', 'cv']
(8679,)
(1180813, 175) 8451
 BDTICM elevation slope aridity sedimentary plutonic
 volcanic metamorphic clay sand silt Porosity_x
 logK_Ice_x ohdb_latitude ohdb_longitude year climate season_id
 basin_id p_30 tmax_30 tmin_30 swd_30 snowmelt_30
 snowfall_30 evap_30 smrz_30 ImperviousSurface forest crop
 grass water wetland res_darea_normalize Year_ave Main_Purpose_id
 form_factor LAI FAPAR
Fitting 3 folds for each of 100 candidates, totalling 300 fits
[CV 3/3] END colsample_bytree=0.8, learning_rate=0.05, max_depth=5, n_estimators=1200, subsample=1.0;, score=0.506 total time= 2.2min
[CV 3/3] END colsample_bytree=0.7, learning_rate=0.05, max_depth=7, n_estimators=100, subsample=0.8;, score=0.615 total time=  23.7s
[CV 3/3] END colsample_bytree=0.8, learning_rate=0.01, max_depth=9, n_estimators=500, subsample=0.7;, score=0.654 total time= 2.9min
[CV 3/3] END colsample_bytree=0.8, learning_rate=0.01, max_depth=9, n_estimators=200, subsample=0.8;, score=0.610 total time= 1.0min
[CV 3/3] END colsample_bytree=0.8, learning_rate=0.01, max_depth=3, n_estimators=1000, subsample=0.7;, score=0.589 total time= 1.4min
[CV 2/3] END colsample_bytree=0.8, learning_rate=0.01, max_depth=9, n_estimators=500, subsample=0.7;, score=0.417 total time= 4.1min
[CV 2/3] END colsample_bytree=0.8, learning_rate=0.01, max_depth=3, n_estimators=1000, subsample=0.7;, score=0.422 total time= 2.1min
[CV 1/3] END colsample_bytree=0.7, learning_rate=0.05, max_depth=7, n_estimators=100, subsample=0.8;, score=0.653 total time=  34.4s
[CV 1/3] END colsample_bytree=0.7, learning_rate=0.01, max_depth=3, n_estimators=1000, subsample=0.6;, score=0.635 total time= 2.0min
[CV 1/3] END colsample_bytree=0.7, learning_rate=0.05, max_depth=7, n_estimators=1500, subsample=0.6;, score=0.682 total time= 7.5min
[CV 1/3] END colsample_bytree=0.8, learning_rate=0.01, max_depth=3, n_estimators=1000, subsample=0.7;, score=0.634 total time= 3.0min
[CV 2/3] END colsample_bytree=0.7, learning_rate=0.01, max_depth=3, n_estimators=1000, subsample=0.6;, score=0.441 total time= 3.0min
[CV 3/3] END colsample_bytree=0.7, learning_rate=0.1, max_depth=7, n_estimators=300, subsample=1.0;, score=0.591 total time= 1.5min
[CV 1/3] END colsample_bytree=0.7, learning_rate=0.01, max_depth=9, n_estimators=1000, subsample=0.6;, score=0.676 total time= 9.2min
[CV 1/3] END colsample_bytree=0.8, learning_rate=0.01, max_depth=9, n_estimators=200, subsample=0.8;, score=0.616 total time= 2.2min
[CV 1/3] END colsample_bytree=0.8, learning_rate=0.01, max_depth=9, n_estimators=500, subsample=0.7;, score=0.664 total time= 5.6min
[CV 2/3] END colsample_bytree=0.7, learning_rate=0.01, max_depth=9, n_estimators=1000, subsample=0.6;, score=0.452 total time= 9.1min
[CV 1/3] END colsample_bytree=0.8, learning_rate=0.05, max_depth=5, n_estimators=1200, subsample=1.0;, score=0.675 total time= 4.9min
[CV 3/3] END colsample_bytree=0.7, learning_rate=0.05, max_depth=7, n_estimators=1500, subsample=0.6;, score=0.568 total time= 7.0min
[CV 3/3] END colsample_bytree=0.7, learning_rate=0.01, max_depth=9, n_estimators=1000, subsample=0.6;, score=0.665 total time= 6.3min
[CV 1/3] END colsample_bytree=0.8, learning_rate=0.1, max_depth=5, n_estimators=500, subsample=0.9;, score=0.666 total time= 2.0min
[CV 3/3] END colsample_bytree=0.6, learning_rate=0.1, max_depth=9, n_estimators=1200, subsample=0.9;, score=0.599 total time= 5.9min
[CV 2/3] END colsample_bytree=0.8, learning_rate=0.05, max_depth=5, n_estimators=1200, subsample=1.0;, score=0.478 total time= 4.7min
[CV 2/3] END colsample_bytree=0.7, learning_rate=0.05, max_depth=7, n_estimators=1500, subsample=0.6;, score=0.458 total time= 9.7min
[CV 1/3] END colsample_bytree=1.0, learning_rate=0.01, max_depth=7, n_estimators=1500, subsample=1.0;, score=0.655 total time= 8.0min
[CV 2/3] END colsample_bytree=0.8, learning_rate=0.01, max_depth=9, n_estimators=200, subsample=0.8;, score=0.292 total time= 2.1min
[CV 2/3] END colsample_bytree=0.7, learning_rate=0.05, max_depth=7, n_estimators=100, subsample=0.8;, score=0.356 total time=  51.0s
[CV 3/3] END colsample_bytree=0.7, learning_rate=0.01, max_depth=3, n_estimators=1000, subsample=0.6;, score=0.590 total time= 2.4min
[CV 1/3] END colsample_bytree=0.7, learning_rate=0.1, max_depth=7, n_estimators=300, subsample=1.0;, score=0.666 total time= 2.0min
[CV 3/3] END colsample_bytree=1.0, learning_rate=0.01, max_depth=7, n_estimators=1200, subsample=0.9;, score=0.623 total time= 6.2min
[CV 1/3] END colsample_bytree=0.6, learning_rate=0.1, max_depth=9, n_estimators=1200, subsample=0.9;, score=0.671 total time= 9.1min
[CV 1/3] END colsample_bytree=1.0, learning_rate=0.01, max_depth=7, n_estimators=1200, subsample=0.9;, score=0.654 total time= 6.4min
[CV 2/3] END colsample_bytree=0.8, learning_rate=0.1, max_depth=5, n_estimators=500, subsample=0.9;, score=0.477 total time= 1.6min
[CV 2/3] END colsample_bytree=1.0, learning_rate=0.01, max_depth=7, n_estimators=1500, subsample=1.0;, score=0.459 total time= 9.9min
[CV 2/3] END colsample_bytree=0.7, learning_rate=0.1, max_depth=7, n_estimators=300, subsample=1.0;, score=0.370 total time= 1.3min
[CV 2/3] END colsample_bytree=1.0, learning_rate=0.01, max_depth=7, n_estimators=1200, subsample=0.9;, score=0.439 total time= 6.4min
[CV 3/3] END colsample_bytree=0.8, learning_rate=0.1, max_depth=5, n_estimators=500, subsample=0.9;, score=0.510 total time= 1.0min
[CV 2/3] END colsample_bytree=0.6, learning_rate=0.1, max_depth=9, n_estimators=1200, subsample=0.9;, score=0.454 total time=10.9min
[CV 1/3] END colsample_bytree=0.7, learning_rate=0.1, max_depth=9, n_estimators=500, subsample=0.9;, score=0.674 total time= 3.8min
[CV 1/3] END colsample_bytree=1.0, learning_rate=0.05, max_depth=5, n_estimators=1000, subsample=0.6;, score=0.669 total time= 3.9min
[CV 2/3] END colsample_bytree=0.7, learning_rate=0.05, max_depth=9, n_estimators=1000, subsample=0.7;, score=0.432 total time=10.4min
[CV 2/3] END colsample_bytree=0.8, learning_rate=0.01, max_depth=3, n_estimators=2000, subsample=0.9;, score=0.430 total time= 5.8min
[CV 3/3] END colsample_bytree=0.7, learning_rate=0.1, max_depth=3, n_estimators=2000, subsample=0.8;, score=0.191 total time= 4.6min
[CV 1/3] END colsample_bytree=0.6, learning_rate=0.1, max_depth=7, n_estimators=1000, subsample=0.9;, score=0.671 total time= 6.1min
[CV 1/3] END colsample_bytree=0.8, learning_rate=0.1, max_depth=9, n_estimators=100, subsample=0.9;, score=0.652 total time= 1.0min
[CV 1/3] END colsample_bytree=0.6, learning_rate=0.05, max_depth=5, n_estimators=200, subsample=0.9;, score=0.651 total time=  58.2s
[CV 1/3] END colsample_bytree=1.0, learning_rate=0.01, max_depth=5, n_estimators=100, subsample=1.0;, score=0.469 total time=  26.5s
[CV 2/3] END colsample_bytree=1.0, learning_rate=0.01, max_depth=5, n_estimators=100, subsample=1.0;, score=0.060 total time=  25.1s
[CV 2/3] END colsample_bytree=0.6, learning_rate=0.1, max_depth=3, n_estimators=200, subsample=0.6;, score=0.471 total time=  26.0s
[CV 2/3] END colsample_bytree=0.7, learning_rate=0.1, max_depth=9, n_estimators=800, subsample=0.6;, score=0.328 total time= 6.3min
[CV 3/3] END colsample_bytree=0.7, learning_rate=0.1, max_depth=9, n_estimators=500, subsample=0.9;, score=0.597 total time= 3.4min
[CV 3/3] END colsample_bytree=0.8, learning_rate=0.01, max_depth=3, n_estimators=2000, subsample=0.9;, score=0.575 total time= 4.2min
[CV 3/3] END colsample_bytree=1.0, learning_rate=0.1, max_depth=9, n_estimators=200, subsample=1.0;, score=0.620 total time= 2.3min
[CV 2/3] END colsample_bytree=0.7, learning_rate=0.05, max_depth=9, n_estimators=300, subsample=1.0;, score=0.401 total time= 2.9min
[CV 3/3] END colsample_bytree=1.0, learning_rate=0.05, max_depth=3, n_estimators=200, subsample=0.8;, score=0.584 total time=  29.6s
[CV 3/3] END colsample_bytree=0.6, learning_rate=0.1, max_depth=7, n_estimators=1000, subsample=0.9;, score=0.561 total time= 4.2min
[CV 3/3] END colsample_bytree=1.0, learning_rate=0.01, max_depth=5, n_estimators=100, subsample=1.0;, score=0.440 total time=  24.0s
[CV 3/3] END colsample_bytree=0.6, learning_rate=0.1, max_depth=3, n_estimators=200, subsample=0.6;, score=0.568 total time=  29.5s
[CV 3/3] END colsample_bytree=0.7, learning_rate=0.1, max_depth=9, n_estimators=800, subsample=0.6;, score=0.592 total time= 6.6min
[CV 3/3] END colsample_bytree=1.0, learning_rate=0.05, max_depth=5, n_estimators=1000, subsample=0.6;, score=0.502 total time= 3.4min
[CV 1/3] END colsample_bytree=1.0, learning_rate=0.1, max_depth=9, n_estimators=200, subsample=1.0;, score=0.659 total time= 2.2min
[CV 2/3] END colsample_bytree=0.7, learning_rate=0.1, max_depth=3, n_estimators=2000, subsample=0.8;, score=0.450 total time= 5.7min
[CV 2/3] END colsample_bytree=0.9, learning_rate=0.05, max_depth=5, n_estimators=100, subsample=0.8;, score=0.393 total time=  35.3s
[CV 2/3] END colsample_bytree=0.8, learning_rate=0.05, max_depth=3, n_estimators=300, subsample=0.6;, score=0.423 total time=  59.0s
[CV 1/3] END colsample_bytree=0.9, learning_rate=0.01, max_depth=5, n_estimators=2000, subsample=1.0;, score=0.663 total time= 8.2min
[CV 1/3] END colsample_bytree=0.9, learning_rate=0.1, max_depth=5, n_estimators=300, subsample=1.0;, score=0.657 total time= 1.5min
[CV 3/3] END colsample_bytree=0.7, learning_rate=0.05, max_depth=9, n_estimators=800, subsample=1.0;, score=0.641 total time= 5.5min
[CV 3/3] END colsample_bytree=0.7, learning_rate=0.05, max_depth=9, n_estimators=1000, subsample=0.7;, score=0.639 total time= 6.9min
[CV 1/3] END colsample_bytree=1.0, learning_rate=0.05, max_depth=3, n_estimators=200, subsample=0.8;, score=0.640 total time=  38.9s
[CV 2/3] END colsample_bytree=1.0, learning_rate=0.05, max_depth=3, n_estimators=200, subsample=0.8;, score=0.388 total time=  40.9s
[CV 2/3] END colsample_bytree=0.6, learning_rate=0.1, max_depth=7, n_estimators=1000, subsample=0.9;, score=0.500 total time= 6.3min
[CV 2/3] END colsample_bytree=1.0, learning_rate=0.1, max_depth=9, n_estimators=500, subsample=0.8;, score=0.408 total time= 5.3min
[CV 2/3] END colsample_bytree=0.7, learning_rate=0.05, max_depth=9, n_estimators=800, subsample=1.0;, score=0.419 total time= 6.9min
[CV 1/3] END colsample_bytree=0.7, learning_rate=0.05, max_depth=9, n_estimators=1000, subsample=0.7;, score=0.679 total time=10.7min
[CV 3/3] END colsample_bytree=0.8, learning_rate=0.1, max_depth=9, n_estimators=100, subsample=0.9;, score=0.645 total time=  45.8s
[CV 3/3] END colsample_bytree=0.9, learning_rate=0.01, max_depth=5, n_estimators=2000, subsample=1.0;, score=0.568 total time= 6.3min
[CV 3/3] END colsample_bytree=1.0, learning_rate=0.1, max_depth=9, n_estimators=500, subsample=0.8;, score=0.588 total time= 4.5min
[CV 3/3] END colsample_bytree=0.9, learning_rate=0.05, max_depth=9, n_estimators=800, subsample=0.7;, score=0.622 total time= 5.5min
[CV 1/3] END colsample_bytree=1.0, learning_rate=0.1, max_depth=7, n_estimators=200, subsample=1.0;, score=0.654 total time= 1.3min
[CV 2/3] END colsample_bytree=0.9, learning_rate=0.05, max_depth=9, n_estimators=800, subsample=0.7;, score=0.450 total time= 7.0min
[CV 2/3] END colsample_bytree=0.7, learning_rate=0.1, max_depth=9, n_estimators=500, subsample=0.9;, score=0.345 total time= 4.0min
[CV 2/3] END colsample_bytree=1.0, learning_rate=0.05, max_depth=5, n_estimators=1000, subsample=0.6;, score=0.461 total time= 4.2min
[CV 2/3] END colsample_bytree=1.0, learning_rate=0.1, max_depth=9, n_estimators=200, subsample=1.0;, score=0.445 total time= 2.3min
[CV 1/3] END colsample_bytree=0.7, learning_rate=0.05, max_depth=9, n_estimators=300, subsample=1.0;, score=0.671 total time= 3.2min
[CV 3/3] END colsample_bytree=0.7, learning_rate=0.05, max_depth=9, n_estimators=300, subsample=1.0;, score=0.653 total time= 2.4min
[CV 1/3] END colsample_bytree=0.8, learning_rate=0.05, max_depth=3, n_estimators=300, subsample=0.6;, score=0.648 total time=  57.1s
[CV 2/3] END colsample_bytree=0.8, learning_rate=0.1, max_depth=9, n_estimators=100, subsample=0.9;, score=0.373 total time=  58.4s
[CV 2/3] END colsample_bytree=0.6, learning_rate=0.05, max_depth=5, n_estimators=200, subsample=0.9;, score=0.433 total time=  52.8s
[CV 3/3] END colsample_bytree=0.6, learning_rate=0.05, max_depth=5, n_estimators=200, subsample=0.9;, score=0.607 total time=  44.1s
[CV 1/3] END colsample_bytree=0.6, learning_rate=0.1, max_depth=3, n_estimators=200, subsample=0.6;, score=0.651 total time=  34.9s
[CV 1/3] END colsample_bytree=0.7, learning_rate=0.1, max_depth=9, n_estimators=800, subsample=0.6;, score=0.678 total time= 8.2min
[CV 1/3] END colsample_bytree=0.9, learning_rate=0.05, max_depth=9, n_estimators=800, subsample=0.7;, score=0.667 total time= 7.2min
[CV 1/3] END colsample_bytree=1.0, learning_rate=0.1, max_depth=9, n_estimators=500, subsample=0.8;, score=0.664 total time= 5.5min
[CV 3/3] END colsample_bytree=0.9, learning_rate=0.1, max_depth=5, n_estimators=300, subsample=1.0;, score=0.521 total time= 1.3min
[CV 3/3] END colsample_bytree=1.0, learning_rate=0.1, max_depth=7, n_estimators=200, subsample=1.0;, score=0.606 total time=  58.5s
[CV 2/3] END colsample_bytree=1.0, learning_rate=0.05, max_depth=9, n_estimators=1200, subsample=0.8;, score=0.449 total time=10.3min
[CV 3/3] END colsample_bytree=1.0, learning_rate=0.01, max_depth=7, n_estimators=1500, subsample=1.0;, score=0.618 total time= 5.8min
[CV 1/3] END colsample_bytree=0.8, learning_rate=0.01, max_depth=3, n_estimators=2000, subsample=0.9;, score=0.648 total time= 5.4min
[CV 1/3] END colsample_bytree=0.7, learning_rate=0.1, max_depth=3, n_estimators=2000, subsample=0.8;, score=0.666 total time= 5.7min
[CV 1/3] END colsample_bytree=0.9, learning_rate=0.05, max_depth=5, n_estimators=100, subsample=0.8;, score=0.634 total time=  37.8s
[CV 3/3] END colsample_bytree=0.9, learning_rate=0.05, max_depth=5, n_estimators=100, subsample=0.8;, score=0.591 total time=  29.9s
[CV 3/3] END colsample_bytree=0.8, learning_rate=0.05, max_depth=3, n_estimators=300, subsample=0.6;, score=0.595 total time=  46.8s
[CV 2/3] END colsample_bytree=0.9, learning_rate=0.01, max_depth=5, n_estimators=2000, subsample=1.0;, score=0.472 total time= 8.4min
[CV 2/3] END colsample_bytree=0.9, learning_rate=0.1, max_depth=5, n_estimators=300, subsample=1.0;, score=0.450 total time= 1.6min
[CV 2/3] END colsample_bytree=1.0, learning_rate=0.1, max_depth=7, n_estimators=200, subsample=1.0;, score=0.452 total time= 1.3min
[CV 1/3] END colsample_bytree=1.0, learning_rate=0.05, max_depth=9, n_estimators=1200, subsample=0.8;, score=0.666 total time=10.6min
[CV 3/3] END colsample_bytree=0.9, learning_rate=0.05, max_depth=3, n_estimators=1200, subsample=0.8;, score=0.465 total time= 1.5min
[CV 3/3] END colsample_bytree=0.6, learning_rate=0.1, max_depth=9, n_estimators=300, subsample=1.0;, score=0.636 total time= 1.6min
[CV 3/3] END colsample_bytree=0.6, learning_rate=0.05, max_depth=9, n_estimators=1500, subsample=1.0;, score=0.623 total time= 7.2min
[CV 2/3] END colsample_bytree=0.9, learning_rate=0.05, max_depth=3, n_estimators=1200, subsample=0.8;, score=0.463 total time= 2.2min
[CV 1/3] END colsample_bytree=0.8, learning_rate=0.01, max_depth=3, n_estimators=100, subsample=0.6;, score=0.426 total time=  15.9s
[CV 2/3] END colsample_bytree=0.8, learning_rate=0.01, max_depth=3, n_estimators=100, subsample=0.6;, score=-0.002 total time=  15.4s
[CV 1/3] END colsample_bytree=0.6, learning_rate=0.05, max_depth=9, n_estimators=1500, subsample=1.0;, score=0.685 total time=10.1min
[CV 1/3] END colsample_bytree=0.9, learning_rate=0.1, max_depth=3, n_estimators=800, subsample=1.0;, score=0.657 total time= 2.4min
[CV 1/3] END colsample_bytree=1.0, learning_rate=0.05, max_depth=5, n_estimators=500, subsample=0.7;, score=0.659 total time= 2.6min
[CV 1/3] END colsample_bytree=0.6, learning_rate=0.05, max_depth=7, n_estimators=100, subsample=0.6;, score=0.657 total time=  47.3s
[CV 3/3] END colsample_bytree=0.6, learning_rate=0.05, max_depth=7, n_estimators=100, subsample=0.6;, score=0.629 total time=  41.3s
[CV 2/3] END colsample_bytree=0.6, learning_rate=0.1, max_depth=7, n_estimators=300, subsample=1.0;, score=0.466 total time= 2.0min
[CV 1/3] END colsample_bytree=0.7, learning_rate=0.05, max_depth=9, n_estimators=800, subsample=1.0;, score=0.677 total time= 6.5min
[CV 1/3] END colsample_bytree=0.9, learning_rate=0.05, max_depth=3, n_estimators=1200, subsample=0.8;, score=0.662 total time= 3.1min
[CV 3/3] END colsample_bytree=0.8, learning_rate=0.01, max_depth=3, n_estimators=100, subsample=0.6;, score=0.399 total time=  19.8s
[CV 2/3] END colsample_bytree=0.6, learning_rate=0.05, max_depth=9, n_estimators=1500, subsample=1.0;, score=0.493 total time=14.4min
[CV 2/3] END colsample_bytree=0.6, learning_rate=0.1, max_depth=9, n_estimators=300, subsample=1.0;, score=0.395 total time= 2.2min
[CV 2/3] END colsample_bytree=0.6, learning_rate=0.05, max_depth=9, n_estimators=200, subsample=1.0;, score=0.462 total time= 1.6min
[CV 3/3] END colsample_bytree=0.9, learning_rate=0.1, max_depth=3, n_estimators=800, subsample=1.0;, score=0.389 total time=  35.8s
[CV 1/3] END colsample_bytree=0.6, learning_rate=0.1, max_depth=5, n_estimators=1500, subsample=0.9;, score=0.661 total time= 3.7min
[CV 1/3] END colsample_bytree=0.6, learning_rate=0.1, max_depth=3, n_estimators=1200, subsample=0.9;, score=0.665 total time= 1.7min
[CV 1/3] END colsample_bytree=0.6, learning_rate=0.1, max_depth=7, n_estimators=300, subsample=1.0;, score=0.671 total time= 1.2min
[CV 3/3] END colsample_bytree=0.8, learning_rate=0.1, max_depth=7, n_estimators=1500, subsample=1.0;, score=0.488 total time= 5.4min
[CV 3/3] END colsample_bytree=0.6, learning_rate=0.05, max_depth=9, n_estimators=200, subsample=1.0;, score=0.650 total time= 1.1min
[CV 2/3] END colsample_bytree=0.6, learning_rate=0.1, max_depth=5, n_estimators=1500, subsample=0.9;, score=0.458 total time= 3.9min
[CV 2/3] END colsample_bytree=0.6, learning_rate=0.1, max_depth=3, n_estimators=1200, subsample=0.9;, score=0.500 total time= 1.7min
[CV 3/3] END colsample_bytree=0.6, learning_rate=0.1, max_depth=7, n_estimators=300, subsample=1.0;, score=0.595 total time=  37.5s
[CV 1/3] END colsample_bytree=0.8, learning_rate=0.1, max_depth=7, n_estimators=1500, subsample=1.0;, score=0.668 total time= 7.9min
[CV 1/3] END colsample_bytree=0.7, learning_rate=0.01, max_depth=3, n_estimators=100, subsample=1.0;, score=0.422 total time=  15.7s
[CV 2/3] END colsample_bytree=0.7, learning_rate=0.01, max_depth=3, n_estimators=100, subsample=1.0;, score=-0.006 total time=  15.2s
[CV 3/3] END colsample_bytree=0.7, learning_rate=0.01, max_depth=3, n_estimators=100, subsample=1.0;, score=0.396 total time=  11.4s
[CV 1/3] END colsample_bytree=0.7, learning_rate=0.01, max_depth=3, n_estimators=1200, subsample=0.8;, score=0.640 total time= 2.5min
[CV 3/3] END colsample_bytree=0.6, learning_rate=0.05, max_depth=7, n_estimators=800, subsample=0.7;, score=0.615 total time= 3.3min
[CV 2/3] END colsample_bytree=0.6, learning_rate=0.05, max_depth=7, n_estimators=800, subsample=0.7;, score=0.491 total time= 4.3min
[CV 2/3] END colsample_bytree=1.0, learning_rate=0.1, max_depth=9, n_estimators=500, subsample=0.9;, score=0.445 total time= 5.0min
[CV 2/3] END colsample_bytree=0.6, learning_rate=0.05, max_depth=7, n_estimators=100, subsample=0.6;, score=0.396 total time=  35.0s
[CV 2/3] END colsample_bytree=0.9, learning_rate=0.1, max_depth=5, n_estimators=1500, subsample=1.0;, score=0.455 total time= 4.2min
[CV 2/3] END colsample_bytree=0.7, learning_rate=0.01, max_depth=3, n_estimators=1200, subsample=0.8;, score=0.438 total time= 2.5min
[CV 3/3] END colsample_bytree=0.9, learning_rate=0.05, max_depth=3, n_estimators=200, subsample=0.6;, score=0.583 total time=  24.8s
[CV 3/3] END colsample_bytree=0.9, learning_rate=0.1, max_depth=9, n_estimators=1200, subsample=0.6;, score=0.570 total time= 9.3min
[CV 3/3] END colsample_bytree=1.0, learning_rate=0.05, max_depth=9, n_estimators=1200, subsample=0.8;, score=0.613 total time=10.5min
[CV 2/3] END colsample_bytree=1.0, learning_rate=0.05, max_depth=5, n_estimators=500, subsample=0.7;, score=0.459 total time= 2.6min
[CV 3/3] END colsample_bytree=0.9, learning_rate=0.1, max_depth=5, n_estimators=1500, subsample=1.0;, score=0.333 total time= 5.1min
[CV 1/3] END colsample_bytree=0.6, learning_rate=0.05, max_depth=7, n_estimators=800, subsample=0.7;, score=0.679 total time= 4.7min
[CV 1/3] END colsample_bytree=1.0, learning_rate=0.1, max_depth=9, n_estimators=500, subsample=0.9;, score=0.660 total time= 4.0min
[CV 3/3] END colsample_bytree=1.0, learning_rate=0.1, max_depth=9, n_estimators=500, subsample=0.9;, score=0.596 total time= 3.5min
[CV 1/3] END colsample_bytree=0.6, learning_rate=0.1, max_depth=9, n_estimators=300, subsample=1.0;, score=0.666 total time= 2.3min
[CV 1/3] END colsample_bytree=0.6, learning_rate=0.05, max_depth=9, n_estimators=200, subsample=1.0;, score=0.678 total time= 1.6min
[CV 2/3] END colsample_bytree=0.9, learning_rate=0.1, max_depth=3, n_estimators=800, subsample=1.0;, score=0.480 total time= 1.3min
[CV 3/3] END colsample_bytree=0.6, learning_rate=0.1, max_depth=5, n_estimators=1500, subsample=0.9;, score=0.429 total time= 2.4min
[CV 3/3] END colsample_bytree=1.0, learning_rate=0.05, max_depth=5, n_estimators=500, subsample=0.7;, score=0.566 total time= 1.0min
[CV 3/3] END colsample_bytree=0.6, learning_rate=0.1, max_depth=3, n_estimators=1200, subsample=0.9;, score=0.389 total time=  57.6s
[CV 1/3] END colsample_bytree=0.9, learning_rate=0.1, max_depth=5, n_estimators=1500, subsample=1.0;, score=0.662 total time= 4.3min
[CV 3/3] END colsample_bytree=0.7, learning_rate=0.01, max_depth=3, n_estimators=1200, subsample=0.8;, score=0.593 total time= 1.8min
[CV 1/3] END colsample_bytree=0.9, learning_rate=0.05, max_depth=3, n_estimators=200, subsample=0.6;, score=0.635 total time=  30.2s
[CV 2/3] END colsample_bytree=0.9, learning_rate=0.05, max_depth=3, n_estimators=200, subsample=0.6;, score=0.384 total time=  30.4s
[CV 2/3] END colsample_bytree=0.9, learning_rate=0.1, max_depth=9, n_estimators=1200, subsample=0.6;, score=0.433 total time=11.7min
[CV 1/3] END colsample_bytree=1.0, learning_rate=0.1, max_depth=3, n_estimators=1000, subsample=0.6;, score=0.661 total time= 2.1min
[CV 1/3] END colsample_bytree=0.7, learning_rate=0.01, max_depth=5, n_estimators=1000, subsample=0.7;, score=0.655 total time= 3.4min
[CV 3/3] END colsample_bytree=0.9, learning_rate=0.05, max_depth=7, n_estimators=1500, subsample=0.8;, score=0.578 total time= 6.1min
[CV 3/3] END colsample_bytree=1.0, learning_rate=0.1, max_depth=3, n_estimators=1000, subsample=0.6;, score=0.397 total time= 1.8min
[CV 3/3] END colsample_bytree=0.7, learning_rate=0.1, max_depth=5, n_estimators=2000, subsample=0.7;, score=0.302 total time= 6.1min
[CV 3/3] END colsample_bytree=1.0, learning_rate=0.1, max_depth=9, n_estimators=1000, subsample=1.0;, score=0.560 total time= 6.3min
[CV 1/3] END colsample_bytree=0.6, learning_rate=0.1, max_depth=7, n_estimators=800, subsample=0.7;, score=0.668 total time= 4.9min
[CV 3/3] END colsample_bytree=0.7, learning_rate=0.01, max_depth=5, n_estimators=1000, subsample=0.7;, score=0.596 total time= 3.6min
[CV 1/3] END colsample_bytree=0.7, learning_rate=0.1, max_depth=5, n_estimators=100, subsample=0.6;, score=0.650 total time=  28.7s
[CV 2/3] END colsample_bytree=0.7, learning_rate=0.1, max_depth=5, n_estimators=100, subsample=0.6;, score=0.416 total time=  27.6s
[CV 1/3] END colsample_bytree=0.6, learning_rate=0.05, max_depth=3, n_estimators=200, subsample=0.9;, score=0.639 total time=  32.0s
[CV 3/3] END colsample_bytree=0.6, learning_rate=0.05, max_depth=3, n_estimators=200, subsample=0.9;, score=0.596 total time=  23.9s
[CV 2/3] END colsample_bytree=1.0, learning_rate=0.1, max_depth=9, n_estimators=1000, subsample=1.0;, score=0.465 total time= 7.9min
[CV 3/3] END colsample_bytree=0.6, learning_rate=0.1, max_depth=7, n_estimators=800, subsample=0.7;, score=0.594 total time= 3.5min
[CV 2/3] END colsample_bytree=0.7, learning_rate=0.01, max_depth=5, n_estimators=1000, subsample=0.7;, score=0.461 total time= 4.6min
[CV 3/3] END colsample_bytree=0.7, learning_rate=0.1, max_depth=5, n_estimators=100, subsample=0.6;, score=0.566 total time=  19.3s
[CV 2/3] END colsample_bytree=0.6, learning_rate=0.05, max_depth=3, n_estimators=200, subsample=0.9;, score=0.402 total time=  32.5s
[CV 1/3] END colsample_bytree=1.0, learning_rate=0.1, max_depth=9, n_estimators=1000, subsample=1.0;, score=0.665 total time= 8.2min
[CV 2/3] END colsample_bytree=0.8, learning_rate=0.01, max_depth=7, n_estimators=100, subsample=0.9;, score=0.057 total time=  34.2s
[CV 1/3] END colsample_bytree=0.7, learning_rate=0.01, max_depth=7, n_estimators=500, subsample=1.0;, score=0.656 total time= 3.1min
[CV 3/3] END colsample_bytree=0.7, learning_rate=0.01, max_depth=5, n_estimators=1200, subsample=0.8;, score=0.590 total time= 3.3min
[CV 3/3] END colsample_bytree=1.0, learning_rate=0.1, max_depth=3, n_estimators=1500, subsample=1.0;, score=0.268 total time= 1.9min
[CV 3/3] END colsample_bytree=0.6, learning_rate=0.05, max_depth=3, n_estimators=500, subsample=0.7;, score=0.594 total time=  33.1s
[CV 1/3] END colsample_bytree=0.9, learning_rate=0.05, max_depth=5, n_estimators=100, subsample=0.6;, score=0.633 total time=  26.7s
[CV 3/3] END colsample_bytree=0.9, learning_rate=0.01, max_depth=9, n_estimators=100, subsample=0.7;, score=0.482 total time=  39.7s
[CV 1/3] END colsample_bytree=0.7, learning_rate=0.1, max_depth=5, n_estimators=1200, subsample=1.0;, score=0.667 total time= 3.6min
[CV 1/3] END colsample_bytree=0.8, learning_rate=0.01, max_depth=7, n_estimators=100, subsample=0.9;, score=0.488 total time=  37.7s
[CV 3/3] END colsample_bytree=0.8, learning_rate=0.01, max_depth=7, n_estimators=100, subsample=0.9;, score=0.467 total time=  28.6s
[CV 3/3] END colsample_bytree=0.7, learning_rate=0.01, max_depth=7, n_estimators=500, subsample=1.0;, score=0.623 total time= 2.4min
[CV 1/3] END colsample_bytree=0.7, learning_rate=0.01, max_depth=5, n_estimators=1200, subsample=0.8;, score=0.663 total time= 4.6min
[CV 2/3] END colsample_bytree=0.6, learning_rate=0.1, max_depth=7, n_estimators=100, subsample=0.6;, score=0.430 total time=  34.1s
[CV 2/3] END colsample_bytree=0.6, learning_rate=0.05, max_depth=3, n_estimators=500, subsample=0.7;, score=0.478 total time= 1.1min
[CV 1/3] END colsample_bytree=0.9, learning_rate=0.01, max_depth=9, n_estimators=100, subsample=0.7;, score=0.507 total time=  54.3s
[CV 3/3] END colsample_bytree=0.6, learning_rate=0.1, max_depth=9, n_estimators=1000, subsample=0.7;, score=0.601 total time= 5.6min
[CV 1/3] END colsample_bytree=0.8, learning_rate=0.05, max_depth=7, n_estimators=2000, subsample=0.7;, score=0.685 total time=11.4min
[CV 2/3] END colsample_bytree=0.7, learning_rate=0.1, max_depth=5, n_estimators=2000, subsample=0.7;, score=0.461 total time= 8.1min
[CV 2/3] END colsample_bytree=0.7, learning_rate=0.01, max_depth=7, n_estimators=800, subsample=0.7;, score=0.454 total time= 4.5min
[CV 3/3] END colsample_bytree=0.8, learning_rate=0.01, max_depth=9, n_estimators=200, subsample=0.7;, score=0.610 total time= 1.1min
[CV 2/3] END colsample_bytree=0.7, learning_rate=0.01, max_depth=7, n_estimators=500, subsample=1.0;, score=0.416 total time= 3.2min
[CV 2/3] END colsample_bytree=0.6, learning_rate=0.01, max_depth=3, n_estimators=1200, subsample=0.8;, score=0.455 total time= 2.7min
[CV 1/3] END colsample_bytree=1.0, learning_rate=0.1, max_depth=3, n_estimators=1500, subsample=1.0;, score=0.664 total time= 2.9min
[CV 2/3] END colsample_bytree=0.9, learning_rate=0.05, max_depth=5, n_estimators=100, subsample=0.6;, score=0.392 total time=  27.9s
[CV 1/3] END colsample_bytree=0.6, learning_rate=0.1, max_depth=9, n_estimators=1000, subsample=0.7;, score=0.671 total time= 7.9min
[CV 2/3] END colsample_bytree=0.8, learning_rate=0.1, max_depth=7, n_estimators=1500, subsample=1.0;, score=0.440 total time= 7.7min
[CV 2/3] END colsample_bytree=0.8, learning_rate=0.05, max_depth=7, n_estimators=2000, subsample=0.7;, score=0.457 total time=11.8min
[CV 2/3] END colsample_bytree=0.9, learning_rate=0.05, max_depth=7, n_estimators=1500, subsample=0.8;, score=0.485 total time= 7.9min
[CV 3/3] END colsample_bytree=0.7, learning_rate=0.01, max_depth=7, n_estimators=800, subsample=0.7;, score=0.631 total time= 4.3min
[CV 2/3] END colsample_bytree=0.8, learning_rate=0.01, max_depth=9, n_estimators=200, subsample=0.7;, score=0.298 total time= 2.0min
[CV 2/3] END colsample_bytree=0.9, learning_rate=0.01, max_depth=7, n_estimators=300, subsample=0.6;, score=0.352 total time= 2.3min
[CV 1/3] END colsample_bytree=0.6, learning_rate=0.01, max_depth=3, n_estimators=1200, subsample=0.8;, score=0.644 total time= 3.0min
[CV 2/3] END colsample_bytree=1.0, learning_rate=0.1, max_depth=3, n_estimators=1500, subsample=1.0;, score=0.429 total time= 3.4min
[CV 2/3] END colsample_bytree=0.6, learning_rate=0.1, max_depth=9, n_estimators=1000, subsample=0.7;, score=0.439 total time= 8.8min
[CV 1/3] END colsample_bytree=0.8, learning_rate=0.01, max_depth=9, n_estimators=200, subsample=0.7;, score=0.617 total time= 1.7min
[CV 1/3] END colsample_bytree=0.9, learning_rate=0.01, max_depth=7, n_estimators=300, subsample=0.6;, score=0.634 total time= 1.9min
[CV 3/3] END colsample_bytree=0.9, learning_rate=0.01, max_depth=7, n_estimators=300, subsample=0.6;, score=0.610 total time= 1.4min
[CV 1/3] END colsample_bytree=0.9, learning_rate=0.1, max_depth=5, n_estimators=800, subsample=0.6;, score=0.674 total time= 3.0min
[CV 1/3] END colsample_bytree=0.6, learning_rate=0.1, max_depth=7, n_estimators=100, subsample=0.6;, score=0.657 total time=  38.3s
[CV 1/3] END colsample_bytree=0.8, learning_rate=0.1, max_depth=7, n_estimators=800, subsample=1.0;, score=0.668 total time= 4.1min
[CV 3/3] END colsample_bytree=0.7, learning_rate=0.1, max_depth=5, n_estimators=1200, subsample=1.0;, score=0.414 total time= 2.4min
[CV 2/3] END colsample_bytree=0.6, learning_rate=0.01, max_depth=7, n_estimators=100, subsample=0.9;, score=0.028 total time=  36.7s
[CV 1/3] END colsample_bytree=1.0, learning_rate=0.01, max_depth=3, n_estimators=300, subsample=0.7;, score=0.588 total time=  52.3s
[CV 3/3] END colsample_bytree=1.0, learning_rate=0.01, max_depth=3, n_estimators=300, subsample=0.7;, score=0.548 total time=  36.8s
[CV 3/3] END colsample_bytree=1.0, learning_rate=0.1, max_depth=3, n_estimators=300, subsample=1.0;, score=0.545 total time=  27.8s
[CV 3/3] END colsample_bytree=1.0, learning_rate=0.01, max_depth=5, n_estimators=800, subsample=0.6;, score=0.596 total time= 2.1min
[CV 3/3] END colsample_bytree=0.8, learning_rate=0.05, max_depth=7, n_estimators=300, subsample=0.7;, score=0.623 total time= 1.3min
[CV 2/3] END colsample_bytree=0.9, learning_rate=0.05, max_depth=5, n_estimators=500, subsample=1.0;, score=0.484 total time= 1.8min
[CV 3/3] END colsample_bytree=0.7, learning_rate=0.1, max_depth=3, n_estimators=100, subsample=0.6;, score=0.574 total time=  13.8s
[CV 1/3] END colsample_bytree=1.0, learning_rate=0.1, max_depth=7, n_estimators=1200, subsample=0.9;, score=0.666 total time= 6.6min
[CV 1/3] END colsample_bytree=0.6, learning_rate=0.01, max_depth=7, n_estimators=100, subsample=0.9;, score=0.484 total time=  43.8s
[CV 3/3] END colsample_bytree=0.6, learning_rate=0.01, max_depth=7, n_estimators=100, subsample=0.9;, score=0.460 total time=  23.2s
[CV 2/3] END colsample_bytree=1.0, learning_rate=0.01, max_depth=3, n_estimators=300, subsample=0.7;, score=0.321 total time=  43.9s
[CV 1/3] END colsample_bytree=1.0, learning_rate=0.1, max_depth=3, n_estimators=300, subsample=1.0;, score=0.653 total time=  39.8s
[CV 1/3] END colsample_bytree=1.0, learning_rate=0.01, max_depth=5, n_estimators=800, subsample=0.6;, score=0.644 total time= 3.7min
[CV 3/3] END colsample_bytree=0.8, learning_rate=0.01, max_depth=3, n_estimators=1200, subsample=1.0;, score=0.592 total time= 1.9min
[CV 1/3] END colsample_bytree=0.7, learning_rate=0.1, max_depth=3, n_estimators=100, subsample=0.6;, score=0.621 total time=  16.0s
[CV 2/3] END colsample_bytree=1.0, learning_rate=0.1, max_depth=7, n_estimators=1200, subsample=0.9;, score=0.490 total time= 6.7min
[CV 1/3] END colsample_bytree=0.9, learning_rate=0.1, max_depth=9, n_estimators=1200, subsample=0.6;, score=0.675 total time=11.7min
[CV 2/3] END colsample_bytree=1.0, learning_rate=0.1, max_depth=3, n_estimators=1000, subsample=0.6;, score=0.456 total time= 1.7min
[CV 1/3] END colsample_bytree=0.7, learning_rate=0.1, max_depth=5, n_estimators=2000, subsample=0.7;, score=0.676 total time= 6.6min
[CV 1/3] END colsample_bytree=0.7, learning_rate=0.01, max_depth=7, n_estimators=800, subsample=0.7;, score=0.664 total time= 5.3min
[CV 3/3] END colsample_bytree=1.0, learning_rate=0.1, max_depth=7, n_estimators=1200, subsample=0.7;, score=0.510 total time= 6.2min
[CV 2/3] END colsample_bytree=0.9, learning_rate=0.1, max_depth=5, n_estimators=800, subsample=0.6;, score=0.479 total time= 3.3min
[CV 2/3] END colsample_bytree=0.8, learning_rate=0.1, max_depth=7, n_estimators=800, subsample=1.0;, score=0.426 total time= 4.7min
[CV 2/3] END colsample_bytree=1.0, learning_rate=0.05, max_depth=7, n_estimators=1000, subsample=0.7;, score=0.476 total time= 6.0min
[CV 1/3] END colsample_bytree=0.8, learning_rate=0.05, max_depth=7, n_estimators=300, subsample=0.7;, score=0.671 total time= 1.7min
[CV 3/3] END colsample_bytree=0.9, learning_rate=0.05, max_depth=5, n_estimators=500, subsample=1.0;, score=0.542 total time= 1.4min
[CV 3/3] END colsample_bytree=0.8, learning_rate=0.01, max_depth=9, n_estimators=2000, subsample=0.6;, score=0.660 total time=13.5min
[CV 2/3] END colsample_bytree=0.8, learning_rate=0.05, max_depth=7, n_estimators=300, subsample=0.7;, score=0.417 total time= 1.7min
[CV 2/3] END colsample_bytree=0.8, learning_rate=0.01, max_depth=9, n_estimators=2000, subsample=0.6;, score=0.451 total time=16.1min
[CV 1/3] END colsample_bytree=0.8, learning_rate=0.1, max_depth=3, n_estimators=800, subsample=0.8;, score=0.659 total time= 1.9min
[CV 2/3] END colsample_bytree=0.6, learning_rate=0.1, max_depth=9, n_estimators=100, subsample=0.6;, score=0.436 total time=  55.3s
[CV 1/3] END colsample_bytree=0.8, learning_rate=0.01, max_depth=9, n_estimators=2000, subsample=0.6;, score=0.679 total time=16.9min
[CV 3/3] END colsample_bytree=0.8, learning_rate=0.05, max_depth=7, n_estimators=2000, subsample=0.7;, score=0.551 total time= 6.8min
[CV 2/3] END colsample_bytree=0.6, learning_rate=0.1, max_depth=7, n_estimators=800, subsample=0.7;, score=0.439 total time= 4.8min
[CV 1/3] END colsample_bytree=0.9, learning_rate=0.05, max_depth=7, n_estimators=1500, subsample=0.8;, score=0.675 total time= 9.3min
[CV 2/3] END colsample_bytree=1.0, learning_rate=0.1, max_depth=7, n_estimators=1200, subsample=0.7;, score=0.450 total time= 7.0min
[CV 2/3] END colsample_bytree=0.7, learning_rate=0.01, max_depth=5, n_estimators=1200, subsample=0.8;, score=0.468 total time= 4.6min
[CV 3/3] END colsample_bytree=0.6, learning_rate=0.1, max_depth=7, n_estimators=100, subsample=0.6;, score=0.624 total time=  26.5s
[CV 1/3] END colsample_bytree=0.6, learning_rate=0.05, max_depth=3, n_estimators=500, subsample=0.7;, score=0.659 total time= 1.1min
[CV 3/3] END colsample_bytree=0.9, learning_rate=0.05, max_depth=5, n_estimators=100, subsample=0.6;, score=0.575 total time=  20.1s
[CV 2/3] END colsample_bytree=0.9, learning_rate=0.01, max_depth=9, n_estimators=100, subsample=0.7;, score=0.046 total time=  48.7s
[CV 2/3] END colsample_bytree=0.7, learning_rate=0.1, max_depth=5, n_estimators=1200, subsample=1.0;, score=0.447 total time= 3.5min
[CV 3/3] END colsample_bytree=1.0, learning_rate=0.05, max_depth=7, n_estimators=1000, subsample=0.7;, score=0.580 total time= 4.1min
[CV 2/3] END colsample_bytree=0.8, learning_rate=0.1, max_depth=3, n_estimators=800, subsample=0.8;, score=0.481 total time= 1.5min
[CV 1/3] END colsample_bytree=0.6, learning_rate=0.1, max_depth=9, n_estimators=100, subsample=0.6;, score=0.663 total time=  49.4s
[CV 1/3] END colsample_bytree=0.9, learning_rate=0.05, max_depth=5, n_estimators=500, subsample=1.0;, score=0.663 total time= 1.9min
[CV 2/3] END colsample_bytree=0.7, learning_rate=0.1, max_depth=3, n_estimators=100, subsample=0.6;, score=0.383 total time=  16.5s
[CV 3/3] END colsample_bytree=1.0, learning_rate=0.1, max_depth=7, n_estimators=1200, subsample=0.9;, score=0.473 total time= 4.9min
[CV 3/3] END colsample_bytree=1.0, learning_rate=0.05, max_depth=9, n_estimators=2000, subsample=0.9;, score=0.586 total time=10.8min
[CV 1/3] END colsample_bytree=1.0, learning_rate=0.1, max_depth=7, n_estimators=1200, subsample=0.7;, score=0.669 total time= 8.4min
[CV 3/3] END colsample_bytree=0.6, learning_rate=0.01, max_depth=3, n_estimators=1200, subsample=0.8;, score=0.597 total time= 1.8min
[CV 3/3] END colsample_bytree=0.9, learning_rate=0.1, max_depth=5, n_estimators=800, subsample=0.6;, score=0.496 total time= 2.5min
[CV 3/3] END colsample_bytree=0.8, learning_rate=0.1, max_depth=7, n_estimators=800, subsample=1.0;, score=0.555 total time= 3.9min
[CV 1/3] END colsample_bytree=1.0, learning_rate=0.05, max_depth=7, n_estimators=1000, subsample=0.7;, score=0.668 total time= 6.2min
[CV 3/3] END colsample_bytree=0.8, learning_rate=0.1, max_depth=3, n_estimators=800, subsample=0.8;, score=0.458 total time= 1.3min
[CV 3/3] END colsample_bytree=0.6, learning_rate=0.1, max_depth=9, n_estimators=100, subsample=0.6;, score=0.647 total time=  40.8s
[CV 2/3] END colsample_bytree=0.8, learning_rate=0.01, max_depth=3, n_estimators=1200, subsample=1.0;, score=0.423 total time= 2.7min
[CV 2/3] END colsample_bytree=1.0, learning_rate=0.05, max_depth=9, n_estimators=2000, subsample=0.9;, score=0.458 total time=15.3min
[CV 2/3] END colsample_bytree=1.0, learning_rate=0.1, max_depth=3, n_estimators=300, subsample=1.0;, score=0.412 total time=  38.1s
[CV 2/3] END colsample_bytree=1.0, learning_rate=0.01, max_depth=5, n_estimators=800, subsample=0.6;, score=0.419 total time= 3.4min
[CV 1/3] END colsample_bytree=0.8, learning_rate=0.01, max_depth=3, n_estimators=1200, subsample=1.0;, score=0.639 total time= 2.7min
[CV 1/3] END colsample_bytree=1.0, learning_rate=0.05, max_depth=9, n_estimators=2000, subsample=0.9;, score=0.670 total time=15.8min
[CV 1/3] END colsample_bytree=0.7, learning_rate=0.05, max_depth=9, n_estimators=100, subsample=0.7;, score=0.659 total time= 1.0min
[CV 3/3] END colsample_bytree=0.7, learning_rate=0.05, max_depth=9, n_estimators=100, subsample=0.7;, score=0.643 total time=  47.1s
[CV 2/3] END colsample_bytree=0.6, learning_rate=0.1, max_depth=7, n_estimators=200, subsample=0.8;, score=0.519 total time= 1.1min
[CV 1/3] END colsample_bytree=0.6, learning_rate=0.05, max_depth=3, n_estimators=2000, subsample=0.7;, score=0.669 total time= 3.3min
[CV 1/3] END colsample_bytree=0.7, learning_rate=0.01, max_depth=9, n_estimators=100, subsample=1.0;, score=0.505 total time=  49.9s
[CV 3/3] END colsample_bytree=0.7, learning_rate=0.01, max_depth=9, n_estimators=100, subsample=1.0;, score=0.488 total time=  37.3s
[CV 3/3] END colsample_bytree=0.6, learning_rate=0.01, max_depth=9, n_estimators=2000, subsample=0.6;, score=0.668 total time= 2.8min
[CV 2/3] END colsample_bytree=0.7, learning_rate=0.05, max_depth=9, n_estimators=100, subsample=0.7;, score=0.368 total time=  54.4s
[CV 1/3] END colsample_bytree=0.6, learning_rate=0.1, max_depth=7, n_estimators=200, subsample=0.8;, score=0.660 total time= 1.1min
[CV 3/3] END colsample_bytree=0.6, learning_rate=0.1, max_depth=7, n_estimators=200, subsample=0.8;, score=0.612 total time=  52.7s
[CV 2/3] END colsample_bytree=0.6, learning_rate=0.05, max_depth=3, n_estimators=2000, subsample=0.7;, score=0.484 total time= 3.6min
[CV 2/3] END colsample_bytree=0.7, learning_rate=0.01, max_depth=9, n_estimators=100, subsample=1.0;, score=0.071 total time=  55.0s
[CV 2/3] END colsample_bytree=0.6, learning_rate=0.01, max_depth=9, n_estimators=2000, subsample=0.6;, score=0.490 total time= 4.3min
[CV 3/3] END colsample_bytree=0.6, learning_rate=0.05, max_depth=3, n_estimators=2000, subsample=0.7;, score=0.452 total time= 1.9min
[CV 1/3] END colsample_bytree=0.6, learning_rate=0.01, max_depth=9, n_estimators=2000, subsample=0.6;, score=0.684 total time= 3.9min
           max_depth:         9
       learning_rate:      0.01
        n_estimators:      2000
           subsample:       0.6
    colsample_bytree:       0.6
xgb 78.0% stations have KGE > 0
xgb 54.0% stations have KGE > 0.3
xgb 81.0% stations have R2 >= 0.3
xgb Median KGE   is 0.33   Ave KGE   is -0.31
xgb Median r     is 0.76   Ave r     is 0.69
xgb Median nRMSE is 25.42   Ave nRMSE is 4017.86

real	165m2.221s
user	3434m41.474s
sys	9m34.022s
