
CommandNotFoundError: Your shell has not been properly configured to use 'conda deactivate'.
To initialize your shell, run

    $ conda init <SHELL_NAME>

Currently supported shells are:
  - bash
  - fish
  - tcsh
  - xonsh
  - zsh
  - powershell

See 'conda init --help' for more information and options.

IMPORTANT: You may need to close and restart your shell after running 'conda init'.



CommandNotFoundError: Your shell has not been properly configured to use 'conda deactivate'.
To initialize your shell, run

    $ conda init <SHELL_NAME>

Currently supported shells are:
  - bash
  - fish
  - tcsh
  - xonsh
  - zsh
  - powershell

See 'conda init --help' for more information and options.

IMPORTANT: You may need to close and restart your shell after running 'conda init'.


/data/ouce-drift/cenv1021/attribution_test/lulc_flood/plot_figures.py:93: SyntaxWarning: invalid escape sequence '\m'
  label = '$\mathregular{R^2}$'
/data/ouce-drift/cenv1021/attribution_test/lulc_flood/plot_figures.py:95: SyntaxWarning: invalid escape sequence '\c'
  _,ras = plot_map(ax, lons, lats, vals, 0, 1, 0.1, cmap, title, label, marker = "$\circ$", size = 1, fontSize = 9, norm = None, addHist = False)
/data/ouce-drift/cenv1021/attribution_test/lulc_flood/plot_figures.py:105: SyntaxWarning: invalid escape sequence '\c'
  _,ras = plot_map(ax, lons, lats, vals, 0, 100, 10, cmap, title, label, marker = "$\circ$", size = 1, fontSize = 9, norm = None, addHist = False)
/data/ouce-drift/cenv1021/attribution_test/lulc_flood/plot_figures.py:119: SyntaxWarning: invalid escape sequence '\m'
  'Observed Qmin7' + '($\mathregular{m^3/s}$)', 
/data/ouce-drift/cenv1021/attribution_test/lulc_flood/plot_figures.py:120: SyntaxWarning: invalid escape sequence '\m'
  'Predicted Qmin7' +  '($\mathregular{m^3/s}$)', 
/data/ouce-drift/cenv1021/attribution_test/lulc_flood/plot_figures.py:132: SyntaxWarning: invalid escape sequence '\m'
  'Observed Qmax7' + '($\mathregular{m^3/s}$)', 
/data/ouce-drift/cenv1021/attribution_test/lulc_flood/plot_figures.py:133: SyntaxWarning: invalid escape sequence '\m'
  'Predicted Qmax7' +  '($\mathregular{m^3/s}$)', 
/data/ouce-drift/cenv1021/attribution_test/lulc_flood/plot_figures.py:493: SyntaxWarning: invalid escape sequence '\D'
  ax.set_ylabel(f'{name} in $\Delta$%', fontsize = 10)
/data/ouce-drift/cenv1021/attribution_test/lulc_flood/plot_figures.py:566: SyntaxWarning: invalid escape sequence '\D'
  label = f'{name} in $\Delta$%'
/data/ouce-drift/cenv1021/attribution_test/lulc_flood/plot_figures.py:604: SyntaxWarning: invalid escape sequence '\D'
  axin.set_ylabel(f'{name} in $\Delta$%', fontsize = 8)
/data/ouce-drift/cenv1021/attribution_test/lulc_flood/plot_figures.py:628: SyntaxWarning: invalid escape sequence '\D'
  ax0.set_ylabel(f'{name} in $\Delta$%', fontsize = 10)
/data/ouce-drift/cenv1021/attribution_test/lulc_flood/plot_figures.py:647: SyntaxWarning: invalid escape sequence '\D'
  ax.set_xlabel('Catchment-based average $\Delta$'+name+' (%)', fontsize = 11)
/data/ouce-drift/cenv1021/attribution_test/lulc_flood/plot_figures.py:714: SyntaxWarning: invalid escape sequence '\D'
  label = '$\Delta$' + index
/data/ouce-drift/cenv1021/attribution_test/lulc_flood/plot_figures.py:721: SyntaxWarning: invalid escape sequence '\c'
  marker = "$\circ$", ec = "face", s = .3, 
/data/ouce-drift/cenv1021/attribution_test/lulc_flood/plot_figures.py:747: SyntaxWarning: invalid escape sequence '\D'
  ax3.set_ylabel('$\Delta$'+index, fontsize = 9)
/data/ouce-drift/cenv1021/attribution_test/lulc_flood/plot_figures.py:755: SyntaxWarning: invalid escape sequence '\D'
  ax4.set_ylabel('$\Delta$'+index, fontsize = 9)
Traceback (most recent call last):
  File "/data/ouce-drift/cenv1021/attribution_test/lulc_flood/plot_figures.py", line 4, in <module>
    from src.plot_utils import *
  File "/data/ouce-drift/cenv1021/attribution_test/lulc_flood/src/plot_utils.py", line 7, in <module>
    import scienceplots
ModuleNotFoundError: No module named 'scienceplots'

real	0m1.120s
user	0m0.980s
sys	0m0.853s
